[1.460s] Invoking command in '/home/seho/ros2_ws/src/camera_extrinsic_calibration': PYTHONPATH=/home/seho/ros2_ws/build/camera_extrinsic_calibration/prefix_override:/usr/lib/python3/dist-packages/colcon_core/task/python/colcon_distutils_commands:/home/seho/ros2_ws/install/camera_extrinsic_calibration/lib/python3.10/site-packages:${PYTHONPATH} /usr/bin/python3 -W ignore:setup.py install is deprecated setup.py egg_info --egg-base ../../build/camera_extrinsic_calibration build --build-base /home/seho/ros2_ws/build/camera_extrinsic_calibration/build install --record /home/seho/ros2_ws/build/camera_extrinsic_calibration/install.log --single-version-externally-managed install_data
[1.615s] running egg_info
[1.616s] creating ../../build/camera_extrinsic_calibration/camera_extrinsic_calibration.egg-info
[1.623s] writing ../../build/camera_extrinsic_calibration/camera_extrinsic_calibration.egg-info/PKG-INFO
[1.623s] writing dependency_links to ../../build/camera_extrinsic_calibration/camera_extrinsic_calibration.egg-info/dependency_links.txt
[1.623s] writing entry points to ../../build/camera_extrinsic_calibration/camera_extrinsic_calibration.egg-info/entry_points.txt
[1.624s] writing requirements to ../../build/camera_extrinsic_calibration/camera_extrinsic_calibration.egg-info/requires.txt
[1.624s] writing top-level names to ../../build/camera_extrinsic_calibration/camera_extrinsic_calibration.egg-info/top_level.txt
[1.624s] writing manifest file '../../build/camera_extrinsic_calibration/camera_extrinsic_calibration.egg-info/SOURCES.txt'
[1.641s] reading manifest file '../../build/camera_extrinsic_calibration/camera_extrinsic_calibration.egg-info/SOURCES.txt'
[1.641s] writing manifest file '../../build/camera_extrinsic_calibration/camera_extrinsic_calibration.egg-info/SOURCES.txt'
[1.642s] running build
[1.642s] running build_py
[1.642s] creating /home/seho/ros2_ws/build/camera_extrinsic_calibration/build
[1.642s] creating /home/seho/ros2_ws/build/camera_extrinsic_calibration/build/lib
[1.642s] creating /home/seho/ros2_ws/build/camera_extrinsic_calibration/build/lib/camera_extrinsic_calibration
[1.642s] copying camera_extrinsic_calibration/camera_extrinsic_calibration_node.py -> /home/seho/ros2_ws/build/camera_extrinsic_calibration/build/lib/camera_extrinsic_calibration
[1.642s] copying camera_extrinsic_calibration/__init__.py -> /home/seho/ros2_ws/build/camera_extrinsic_calibration/build/lib/camera_extrinsic_calibration
[1.642s] running install
[1.648s] running install_lib
[1.655s] creating /home/seho/ros2_ws/install/camera_extrinsic_calibration/lib/python3.10/site-packages/camera_extrinsic_calibration
[1.655s] copying /home/seho/ros2_ws/build/camera_extrinsic_calibration/build/lib/camera_extrinsic_calibration/camera_extrinsic_calibration_node.py -> /home/seho/ros2_ws/install/camera_extrinsic_calibration/lib/python3.10/site-packages/camera_extrinsic_calibration
[1.655s] copying /home/seho/ros2_ws/build/camera_extrinsic_calibration/build/lib/camera_extrinsic_calibration/__init__.py -> /home/seho/ros2_ws/install/camera_extrinsic_calibration/lib/python3.10/site-packages/camera_extrinsic_calibration
[1.655s] byte-compiling /home/seho/ros2_ws/install/camera_extrinsic_calibration/lib/python3.10/site-packages/camera_extrinsic_calibration/camera_extrinsic_calibration_node.py to camera_extrinsic_calibration_node.cpython-310.pyc
[1.655s] byte-compiling /home/seho/ros2_ws/install/camera_extrinsic_calibration/lib/python3.10/site-packages/camera_extrinsic_calibration/__init__.py to __init__.cpython-310.pyc
[1.655s] running install_data
[1.656s] creating /home/seho/ros2_ws/install/camera_extrinsic_calibration/share/ament_index
[1.656s] creating /home/seho/ros2_ws/install/camera_extrinsic_calibration/share/ament_index/resource_index
[1.656s] creating /home/seho/ros2_ws/install/camera_extrinsic_calibration/share/ament_index/resource_index/packages
[1.656s] copying resource/camera_extrinsic_calibration -> /home/seho/ros2_ws/install/camera_extrinsic_calibration/share/ament_index/resource_index/packages
[1.656s] copying package.xml -> /home/seho/ros2_ws/install/camera_extrinsic_calibration/share/camera_extrinsic_calibration
[1.656s] running install_egg_info
[1.665s] Copying ../../build/camera_extrinsic_calibration/camera_extrinsic_calibration.egg-info to /home/seho/ros2_ws/install/camera_extrinsic_calibration/lib/python3.10/site-packages/camera_extrinsic_calibration-0.0.0-py3.10.egg-info
[1.665s] running install_scripts
[1.738s] Installing camera_extrinsic_calibration script to /home/seho/ros2_ws/install/camera_extrinsic_calibration/lib/camera_extrinsic_calibration
[1.738s] writing list of installed files to '/home/seho/ros2_ws/build/camera_extrinsic_calibration/install.log'
[1.767s] Invoked command in '/home/seho/ros2_ws/src/camera_extrinsic_calibration' returned '0': PYTHONPATH=/home/seho/ros2_ws/build/camera_extrinsic_calibration/prefix_override:/usr/lib/python3/dist-packages/colcon_core/task/python/colcon_distutils_commands:/home/seho/ros2_ws/install/camera_extrinsic_calibration/lib/python3.10/site-packages:${PYTHONPATH} /usr/bin/python3 -W ignore:setup.py install is deprecated setup.py egg_info --egg-base ../../build/camera_extrinsic_calibration build --build-base /home/seho/ros2_ws/build/camera_extrinsic_calibration/build install --record /home/seho/ros2_ws/build/camera_extrinsic_calibration/install.log --single-version-externally-managed install_data
