[1.500s] Invoking command in '/home/seho/ros2_ws/src/sensor_data_recorder': PYTHONPATH=/home/seho/ros2_ws/build/sensor_data_recorder/prefix_override:/usr/lib/python3/dist-packages/colcon_core/task/python/colcon_distutils_commands:/home/seho/ros2_ws/install/sensor_data_recorder/lib/python3.10/site-packages:${PYTHONPATH} /usr/bin/python3 -W ignore:setup.py install is deprecated setup.py egg_info --egg-base ../../build/sensor_data_recorder build --build-base /home/seho/ros2_ws/build/sensor_data_recorder/build install --record /home/seho/ros2_ws/build/sensor_data_recorder/install.log --single-version-externally-managed
[1.625s] /home/seho/.local/lib/python3.10/site-packages/setuptools/_distutils/dist.py:261: UserWarning: Unknown distribution option: 'tests_require'
[1.625s]   warnings.warn(msg)
[1.642s] running egg_info
[1.650s] writing ../../build/sensor_data_recorder/sensor_data_recorder.egg-info/PKG-INFO
[1.651s] writing dependency_links to ../../build/sensor_data_recorder/sensor_data_recorder.egg-info/dependency_links.txt
[1.651s] writing entry points to ../../build/sensor_data_recorder/sensor_data_recorder.egg-info/entry_points.txt
[1.651s] writing requirements to ../../build/sensor_data_recorder/sensor_data_recorder.egg-info/requires.txt
[1.652s] writing top-level names to ../../build/sensor_data_recorder/sensor_data_recorder.egg-info/top_level.txt
[1.670s] reading manifest file '../../build/sensor_data_recorder/sensor_data_recorder.egg-info/SOURCES.txt'
[1.671s] writing manifest file '../../build/sensor_data_recorder/sensor_data_recorder.egg-info/SOURCES.txt'
[1.672s] running build
[1.672s] running build_py
[1.673s] copying sensor_data_recorder/__init__.py -> /home/seho/ros2_ws/build/sensor_data_recorder/build/lib/sensor_data_recorder
[1.673s] copying sensor_data_recorder/sensor_data_recorder.py -> /home/seho/ros2_ws/build/sensor_data_recorder/build/lib/sensor_data_recorder
[1.674s] running install
[1.677s] running install_lib
[1.686s] copying /home/seho/ros2_ws/build/sensor_data_recorder/build/lib/sensor_data_recorder/sensor_data_recorder.py -> /home/seho/ros2_ws/install/sensor_data_recorder/lib/python3.10/site-packages/sensor_data_recorder
[1.687s] byte-compiling /home/seho/ros2_ws/install/sensor_data_recorder/lib/python3.10/site-packages/sensor_data_recorder/sensor_data_recorder.py to sensor_data_recorder.cpython-310.pyc
[1.688s] running install_egg_info
[1.698s] removing '/home/seho/ros2_ws/install/sensor_data_recorder/lib/python3.10/site-packages/sensor_data_recorder-0.0.0-py3.10.egg-info' (and everything under it)
[1.698s] Copying ../../build/sensor_data_recorder/sensor_data_recorder.egg-info to /home/seho/ros2_ws/install/sensor_data_recorder/lib/python3.10/site-packages/sensor_data_recorder-0.0.0-py3.10.egg-info
[1.700s] running install_scripts
[1.778s] Installing sensor_data_recorder_node script to /home/seho/ros2_ws/install/sensor_data_recorder/lib/sensor_data_recorder
[1.778s] writing list of installed files to '/home/seho/ros2_ws/build/sensor_data_recorder/install.log'
[1.815s] Invoked command in '/home/seho/ros2_ws/src/sensor_data_recorder' returned '0': PYTHONPATH=/home/seho/ros2_ws/build/sensor_data_recorder/prefix_override:/usr/lib/python3/dist-packages/colcon_core/task/python/colcon_distutils_commands:/home/seho/ros2_ws/install/sensor_data_recorder/lib/python3.10/site-packages:${PYTHONPATH} /usr/bin/python3 -W ignore:setup.py install is deprecated setup.py egg_info --egg-base ../../build/sensor_data_recorder build --build-base /home/seho/ros2_ws/build/sensor_data_recorder/build install --record /home/seho/ros2_ws/build/sensor_data_recorder/install.log --single-version-externally-managed
