[0.169s] DEBUG:colcon:Command line arguments: ['/usr/bin/colcon', 'build']
[0.169s] DEBUG:colcon:Parsed command line arguments: Namespace(log_base=None, log_level=None, verb_name='build', build_base='build', install_base='install', merge_install=False, symlink_install=False, test_result_base=None, continue_on_error=False, executor='parallel', parallel_workers=8, event_handlers=None, ignore_user_meta=False, metas=['./colcon.meta'], base_paths=['.'], packages_ignore=None, packages_ignore_regex=None, paths=None, packages_up_to=None, packages_up_to_regex=None, packages_above=None, packages_above_and_dependencies=None, packages_above_depth=None, packages_select_by_dep=None, packages_skip_by_dep=None, packages_skip_up_to=None, packages_select_build_failed=False, packages_skip_build_finished=False, packages_select_test_failures=False, packages_skip_test_passed=False, packages_select=None, packages_skip=None, packages_select_regex=None, packages_skip_regex=None, packages_start=None, packages_end=None, allow_overriding=[], cmake_args=None, cmake_target=None, cmake_target_skip_unavailable=False, cmake_clean_cache=False, cmake_clean_first=False, cmake_force_configure=False, ament_cmake_args=None, catkin_cmake_args=None, catkin_skip_building_tests=False, verb_parser=<colcon_defaults.argument_parser.defaults.DefaultArgumentsDecorator object at 0xffff8c3f77f0>, verb_extension=<colcon_core.verb.build.BuildVerb object at 0xffff8c5ec580>, main=<bound method BuildVerb.main of <colcon_core.verb.build.BuildVerb object at 0xffff8c5ec580>>)
[0.214s] Level 1:colcon.colcon_core.package_discovery:discover_packages(colcon_meta) check parameters
[0.214s] Level 1:colcon.colcon_core.package_discovery:discover_packages(recursive) check parameters
[0.214s] Level 1:colcon.colcon_core.package_discovery:discover_packages(ignore) check parameters
[0.214s] Level 1:colcon.colcon_core.package_discovery:discover_packages(path) check parameters
[0.214s] Level 1:colcon.colcon_core.package_discovery:discover_packages(colcon_meta) discover
[0.214s] Level 1:colcon.colcon_core.package_discovery:discover_packages(recursive) discover
[0.214s] INFO:colcon.colcon_core.package_discovery:Crawling recursively for packages in '/home/seho/ros2_ws'
[0.214s] Level 1:colcon.colcon_core.package_identification:_identify(.) by extensions ['ignore', 'ignore_ament_install']
[0.214s] Level 1:colcon.colcon_core.package_identification:_identify(.) by extension 'ignore'
[0.214s] Level 1:colcon.colcon_core.package_identification:_identify(.) by extension 'ignore_ament_install'
[0.214s] Level 1:colcon.colcon_core.package_identification:_identify(.) by extensions ['colcon_pkg']
[0.214s] Level 1:colcon.colcon_core.package_identification:_identify(.) by extension 'colcon_pkg'
[0.215s] Level 1:colcon.colcon_core.package_identification:_identify(.) by extensions ['colcon_meta']
[0.215s] Level 1:colcon.colcon_core.package_identification:_identify(.) by extension 'colcon_meta'
[0.215s] Level 1:colcon.colcon_core.package_identification:_identify(.) by extensions ['ros']
[0.215s] Level 1:colcon.colcon_core.package_identification:_identify(.) by extension 'ros'
[0.223s] Level 1:colcon.colcon_core.package_identification:_identify(.) by extensions ['cmake', 'python']
[0.223s] Level 1:colcon.colcon_core.package_identification:_identify(.) by extension 'cmake'
[0.223s] Level 1:colcon.colcon_core.package_identification:_identify(.) by extension 'python'
[0.223s] Level 1:colcon.colcon_core.package_identification:_identify(.) by extensions ['python_setup_py']
[0.223s] Level 1:colcon.colcon_core.package_identification:_identify(.) by extension 'python_setup_py'
[0.223s] Level 1:colcon.colcon_core.package_identification:_identify(build) by extensions ['ignore', 'ignore_ament_install']
[0.223s] Level 1:colcon.colcon_core.package_identification:_identify(build) by extension 'ignore'
[0.223s] Level 1:colcon.colcon_core.package_identification:_identify(build) ignored
[0.223s] Level 1:colcon.colcon_core.package_identification:_identify(calibration_images) by extensions ['ignore', 'ignore_ament_install']
[0.223s] Level 1:colcon.colcon_core.package_identification:_identify(calibration_images) by extension 'ignore'
[0.223s] Level 1:colcon.colcon_core.package_identification:_identify(calibration_images) by extension 'ignore_ament_install'
[0.223s] Level 1:colcon.colcon_core.package_identification:_identify(calibration_images) by extensions ['colcon_pkg']
[0.223s] Level 1:colcon.colcon_core.package_identification:_identify(calibration_images) by extension 'colcon_pkg'
[0.223s] Level 1:colcon.colcon_core.package_identification:_identify(calibration_images) by extensions ['colcon_meta']
[0.223s] Level 1:colcon.colcon_core.package_identification:_identify(calibration_images) by extension 'colcon_meta'
[0.223s] Level 1:colcon.colcon_core.package_identification:_identify(calibration_images) by extensions ['ros']
[0.223s] Level 1:colcon.colcon_core.package_identification:_identify(calibration_images) by extension 'ros'
[0.223s] Level 1:colcon.colcon_core.package_identification:_identify(calibration_images) by extensions ['cmake', 'python']
[0.223s] Level 1:colcon.colcon_core.package_identification:_identify(calibration_images) by extension 'cmake'
[0.223s] Level 1:colcon.colcon_core.package_identification:_identify(calibration_images) by extension 'python'
[0.223s] Level 1:colcon.colcon_core.package_identification:_identify(calibration_images) by extensions ['python_setup_py']
[0.223s] Level 1:colcon.colcon_core.package_identification:_identify(calibration_images) by extension 'python_setup_py'
[0.223s] Level 1:colcon.colcon_core.package_identification:_identify(install) by extensions ['ignore', 'ignore_ament_install']
[0.223s] Level 1:colcon.colcon_core.package_identification:_identify(install) by extension 'ignore'
[0.223s] Level 1:colcon.colcon_core.package_identification:_identify(install) ignored
[0.223s] Level 1:colcon.colcon_core.package_identification:_identify(log) by extensions ['ignore', 'ignore_ament_install']
[0.223s] Level 1:colcon.colcon_core.package_identification:_identify(log) by extension 'ignore'
[0.223s] Level 1:colcon.colcon_core.package_identification:_identify(log) ignored
[0.224s] Level 1:colcon.colcon_core.package_identification:_identify(my_camera_pkg) by extensions ['ignore', 'ignore_ament_install']
[0.224s] Level 1:colcon.colcon_core.package_identification:_identify(my_camera_pkg) by extension 'ignore'
[0.224s] Level 1:colcon.colcon_core.package_identification:_identify(my_camera_pkg) by extension 'ignore_ament_install'
[0.224s] Level 1:colcon.colcon_core.package_identification:_identify(my_camera_pkg) by extensions ['colcon_pkg']
[0.224s] Level 1:colcon.colcon_core.package_identification:_identify(my_camera_pkg) by extension 'colcon_pkg'
[0.224s] Level 1:colcon.colcon_core.package_identification:_identify(my_camera_pkg) by extensions ['colcon_meta']
[0.224s] Level 1:colcon.colcon_core.package_identification:_identify(my_camera_pkg) by extension 'colcon_meta'
[0.224s] Level 1:colcon.colcon_core.package_identification:_identify(my_camera_pkg) by extensions ['ros']
[0.224s] Level 1:colcon.colcon_core.package_identification:_identify(my_camera_pkg) by extension 'ros'
[0.224s] Level 1:colcon.colcon_core.package_identification:_identify(my_camera_pkg) by extensions ['cmake', 'python']
[0.224s] Level 1:colcon.colcon_core.package_identification:_identify(my_camera_pkg) by extension 'cmake'
[0.224s] Level 1:colcon.colcon_core.package_identification:_identify(my_camera_pkg) by extension 'python'
[0.224s] Level 1:colcon.colcon_core.package_identification:_identify(my_camera_pkg) by extensions ['python_setup_py']
[0.224s] Level 1:colcon.colcon_core.package_identification:_identify(my_camera_pkg) by extension 'python_setup_py'
[0.224s] Level 1:colcon.colcon_core.package_identification:_identify(my_camera_pkg/models) by extensions ['ignore', 'ignore_ament_install']
[0.224s] Level 1:colcon.colcon_core.package_identification:_identify(my_camera_pkg/models) by extension 'ignore'
[0.224s] Level 1:colcon.colcon_core.package_identification:_identify(my_camera_pkg/models) by extension 'ignore_ament_install'
[0.224s] Level 1:colcon.colcon_core.package_identification:_identify(my_camera_pkg/models) by extensions ['colcon_pkg']
[0.224s] Level 1:colcon.colcon_core.package_identification:_identify(my_camera_pkg/models) by extension 'colcon_pkg'
[0.224s] Level 1:colcon.colcon_core.package_identification:_identify(my_camera_pkg/models) by extensions ['colcon_meta']
[0.224s] Level 1:colcon.colcon_core.package_identification:_identify(my_camera_pkg/models) by extension 'colcon_meta'
[0.224s] Level 1:colcon.colcon_core.package_identification:_identify(my_camera_pkg/models) by extensions ['ros']
[0.224s] Level 1:colcon.colcon_core.package_identification:_identify(my_camera_pkg/models) by extension 'ros'
[0.224s] Level 1:colcon.colcon_core.package_identification:_identify(my_camera_pkg/models) by extensions ['cmake', 'python']
[0.224s] Level 1:colcon.colcon_core.package_identification:_identify(my_camera_pkg/models) by extension 'cmake'
[0.224s] Level 1:colcon.colcon_core.package_identification:_identify(my_camera_pkg/models) by extension 'python'
[0.224s] Level 1:colcon.colcon_core.package_identification:_identify(my_camera_pkg/models) by extensions ['python_setup_py']
[0.224s] Level 1:colcon.colcon_core.package_identification:_identify(my_camera_pkg/models) by extension 'python_setup_py'
[0.225s] Level 1:colcon.colcon_core.package_identification:_identify(src) by extensions ['ignore', 'ignore_ament_install']
[0.225s] Level 1:colcon.colcon_core.package_identification:_identify(src) by extension 'ignore'
[0.225s] Level 1:colcon.colcon_core.package_identification:_identify(src) by extension 'ignore_ament_install'
[0.225s] Level 1:colcon.colcon_core.package_identification:_identify(src) by extensions ['colcon_pkg']
[0.225s] Level 1:colcon.colcon_core.package_identification:_identify(src) by extension 'colcon_pkg'
[0.225s] Level 1:colcon.colcon_core.package_identification:_identify(src) by extensions ['colcon_meta']
[0.225s] Level 1:colcon.colcon_core.package_identification:_identify(src) by extension 'colcon_meta'
[0.225s] Level 1:colcon.colcon_core.package_identification:_identify(src) by extensions ['ros']
[0.225s] Level 1:colcon.colcon_core.package_identification:_identify(src) by extension 'ros'
[0.225s] Level 1:colcon.colcon_core.package_identification:_identify(src) by extensions ['cmake', 'python']
[0.225s] Level 1:colcon.colcon_core.package_identification:_identify(src) by extension 'cmake'
[0.225s] Level 1:colcon.colcon_core.package_identification:_identify(src) by extension 'python'
[0.225s] Level 1:colcon.colcon_core.package_identification:_identify(src) by extensions ['python_setup_py']
[0.225s] Level 1:colcon.colcon_core.package_identification:_identify(src) by extension 'python_setup_py'
[0.225s] Level 1:colcon.colcon_core.package_identification:_identify(src/log) by extensions ['ignore', 'ignore_ament_install']
[0.225s] Level 1:colcon.colcon_core.package_identification:_identify(src/log) by extension 'ignore'
[0.225s] Level 1:colcon.colcon_core.package_identification:_identify(src/log) ignored
[0.225s] Level 1:colcon.colcon_core.package_identification:_identify(src/my_camera_pkg) by extensions ['ignore', 'ignore_ament_install']
[0.225s] Level 1:colcon.colcon_core.package_identification:_identify(src/my_camera_pkg) by extension 'ignore'
[0.225s] Level 1:colcon.colcon_core.package_identification:_identify(src/my_camera_pkg) by extension 'ignore_ament_install'
[0.225s] Level 1:colcon.colcon_core.package_identification:_identify(src/my_camera_pkg) by extensions ['colcon_pkg']
[0.225s] Level 1:colcon.colcon_core.package_identification:_identify(src/my_camera_pkg) by extension 'colcon_pkg'
[0.225s] Level 1:colcon.colcon_core.package_identification:_identify(src/my_camera_pkg) by extensions ['colcon_meta']
[0.225s] Level 1:colcon.colcon_core.package_identification:_identify(src/my_camera_pkg) by extension 'colcon_meta'
[0.225s] Level 1:colcon.colcon_core.package_identification:_identify(src/my_camera_pkg) by extensions ['ros']
[0.225s] Level 1:colcon.colcon_core.package_identification:_identify(src/my_camera_pkg) by extension 'ros'
[0.227s] DEBUG:colcon.colcon_core.package_identification:Package 'src/my_camera_pkg' with type 'ros.ament_python' and name 'my_camera_pkg'
[0.227s] Level 1:colcon.colcon_core.package_identification:_identify(src/my_launch_pkg) by extensions ['ignore', 'ignore_ament_install']
[0.227s] Level 1:colcon.colcon_core.package_identification:_identify(src/my_launch_pkg) by extension 'ignore'
[0.227s] Level 1:colcon.colcon_core.package_identification:_identify(src/my_launch_pkg) by extension 'ignore_ament_install'
[0.227s] Level 1:colcon.colcon_core.package_identification:_identify(src/my_launch_pkg) by extensions ['colcon_pkg']
[0.227s] Level 1:colcon.colcon_core.package_identification:_identify(src/my_launch_pkg) by extension 'colcon_pkg'
[0.227s] Level 1:colcon.colcon_core.package_identification:_identify(src/my_launch_pkg) by extensions ['colcon_meta']
[0.227s] Level 1:colcon.colcon_core.package_identification:_identify(src/my_launch_pkg) by extension 'colcon_meta'
[0.227s] Level 1:colcon.colcon_core.package_identification:_identify(src/my_launch_pkg) by extensions ['ros']
[0.227s] Level 1:colcon.colcon_core.package_identification:_identify(src/my_launch_pkg) by extension 'ros'
[0.227s] DEBUG:colcon.colcon_core.package_identification:Package 'src/my_launch_pkg' with type 'ros.ament_python' and name 'my_launch_pkg'
[0.228s] Level 1:colcon.colcon_core.package_identification:_identify(src/radar_package) by extensions ['ignore', 'ignore_ament_install']
[0.228s] Level 1:colcon.colcon_core.package_identification:_identify(src/radar_package) by extension 'ignore'
[0.228s] Level 1:colcon.colcon_core.package_identification:_identify(src/radar_package) by extension 'ignore_ament_install'
[0.228s] Level 1:colcon.colcon_core.package_identification:_identify(src/radar_package) by extensions ['colcon_pkg']
[0.228s] Level 1:colcon.colcon_core.package_identification:_identify(src/radar_package) by extension 'colcon_pkg'
[0.228s] Level 1:colcon.colcon_core.package_identification:_identify(src/radar_package) by extensions ['colcon_meta']
[0.228s] Level 1:colcon.colcon_core.package_identification:_identify(src/radar_package) by extension 'colcon_meta'
[0.228s] Level 1:colcon.colcon_core.package_identification:_identify(src/radar_package) by extensions ['ros']
[0.228s] Level 1:colcon.colcon_core.package_identification:_identify(src/radar_package) by extension 'ros'
[0.228s] DEBUG:colcon.colcon_core.package_identification:Package 'src/radar_package' with type 'ros.ament_python' and name 'radar_package'
[0.228s] Level 1:colcon.colcon_core.package_identification:_identify(src/sensor_fusion_pkg) by extensions ['ignore', 'ignore_ament_install']
[0.228s] Level 1:colcon.colcon_core.package_identification:_identify(src/sensor_fusion_pkg) by extension 'ignore'
[0.228s] Level 1:colcon.colcon_core.package_identification:_identify(src/sensor_fusion_pkg) by extension 'ignore_ament_install'
[0.229s] Level 1:colcon.colcon_core.package_identification:_identify(src/sensor_fusion_pkg) by extensions ['colcon_pkg']
[0.229s] Level 1:colcon.colcon_core.package_identification:_identify(src/sensor_fusion_pkg) by extension 'colcon_pkg'
[0.229s] Level 1:colcon.colcon_core.package_identification:_identify(src/sensor_fusion_pkg) by extensions ['colcon_meta']
[0.229s] Level 1:colcon.colcon_core.package_identification:_identify(src/sensor_fusion_pkg) by extension 'colcon_meta'
[0.229s] Level 1:colcon.colcon_core.package_identification:_identify(src/sensor_fusion_pkg) by extensions ['ros']
[0.229s] Level 1:colcon.colcon_core.package_identification:_identify(src/sensor_fusion_pkg) by extension 'ros'
[0.229s] DEBUG:colcon.colcon_core.package_identification:Package 'src/sensor_fusion_pkg' with type 'ros.ament_python' and name 'sensor_fusion_pkg'
[0.229s] Level 1:colcon.colcon_core.package_identification:_identify(trash) by extensions ['ignore', 'ignore_ament_install']
[0.229s] Level 1:colcon.colcon_core.package_identification:_identify(trash) by extension 'ignore'
[0.229s] Level 1:colcon.colcon_core.package_identification:_identify(trash) by extension 'ignore_ament_install'
[0.230s] Level 1:colcon.colcon_core.package_identification:_identify(trash) by extensions ['colcon_pkg']
[0.230s] Level 1:colcon.colcon_core.package_identification:_identify(trash) by extension 'colcon_pkg'
[0.230s] Level 1:colcon.colcon_core.package_identification:_identify(trash) by extensions ['colcon_meta']
[0.230s] Level 1:colcon.colcon_core.package_identification:_identify(trash) by extension 'colcon_meta'
[0.230s] Level 1:colcon.colcon_core.package_identification:_identify(trash) by extensions ['ros']
[0.230s] Level 1:colcon.colcon_core.package_identification:_identify(trash) by extension 'ros'
[0.230s] Level 1:colcon.colcon_core.package_identification:_identify(trash) by extensions ['cmake', 'python']
[0.230s] Level 1:colcon.colcon_core.package_identification:_identify(trash) by extension 'cmake'
[0.230s] Level 1:colcon.colcon_core.package_identification:_identify(trash) by extension 'python'
[0.230s] Level 1:colcon.colcon_core.package_identification:_identify(trash) by extensions ['python_setup_py']
[0.230s] Level 1:colcon.colcon_core.package_identification:_identify(trash) by extension 'python_setup_py'
[0.230s] Level 1:colcon.colcon_core.package_discovery:discover_packages(recursive) using defaults
[0.230s] Level 1:colcon.colcon_core.package_discovery:discover_packages(ignore) discover
[0.230s] Level 1:colcon.colcon_core.package_discovery:discover_packages(ignore) using defaults
[0.230s] Level 1:colcon.colcon_core.package_discovery:discover_packages(path) discover
[0.230s] Level 1:colcon.colcon_core.package_discovery:discover_packages(path) using defaults
[0.245s] Level 1:colcon.colcon_core.package_discovery:discover_packages(prefix_path) check parameters
[0.245s] Level 1:colcon.colcon_core.package_discovery:discover_packages(prefix_path) discover
[0.248s] DEBUG:colcon.colcon_installed_package_information.package_discovery:Found 20 installed packages in /home/seho/ros2_foxy/install
[0.249s] DEBUG:colcon.colcon_installed_package_information.package_discovery:Found 307 installed packages in /opt/ros/iron
[0.250s] Level 1:colcon.colcon_core.package_discovery:discover_packages(prefix_path) using defaults
[0.285s] Level 5:colcon.colcon_core.verb:set package 'my_camera_pkg' build argument 'cmake_args' from command line to 'None'
[0.285s] Level 5:colcon.colcon_core.verb:set package 'my_camera_pkg' build argument 'cmake_target' from command line to 'None'
[0.285s] Level 5:colcon.colcon_core.verb:set package 'my_camera_pkg' build argument 'cmake_target_skip_unavailable' from command line to 'False'
[0.285s] Level 5:colcon.colcon_core.verb:set package 'my_camera_pkg' build argument 'cmake_clean_cache' from command line to 'False'
[0.285s] Level 5:colcon.colcon_core.verb:set package 'my_camera_pkg' build argument 'cmake_clean_first' from command line to 'False'
[0.285s] Level 5:colcon.colcon_core.verb:set package 'my_camera_pkg' build argument 'cmake_force_configure' from command line to 'False'
[0.285s] Level 5:colcon.colcon_core.verb:set package 'my_camera_pkg' build argument 'ament_cmake_args' from command line to 'None'
[0.285s] Level 5:colcon.colcon_core.verb:set package 'my_camera_pkg' build argument 'catkin_cmake_args' from command line to 'None'
[0.285s] Level 5:colcon.colcon_core.verb:set package 'my_camera_pkg' build argument 'catkin_skip_building_tests' from command line to 'False'
[0.285s] DEBUG:colcon.colcon_core.verb:Building package 'my_camera_pkg' with the following arguments: {'ament_cmake_args': None, 'build_base': '/home/seho/ros2_ws/build/my_camera_pkg', 'catkin_cmake_args': None, 'catkin_skip_building_tests': False, 'cmake_args': None, 'cmake_clean_cache': False, 'cmake_clean_first': False, 'cmake_force_configure': False, 'cmake_target': None, 'cmake_target_skip_unavailable': False, 'install_base': '/home/seho/ros2_ws/install/my_camera_pkg', 'merge_install': False, 'path': '/home/seho/ros2_ws/src/my_camera_pkg', 'symlink_install': False, 'test_result_base': None}
[0.285s] Level 5:colcon.colcon_core.verb:set package 'my_launch_pkg' build argument 'cmake_args' from command line to 'None'
[0.285s] Level 5:colcon.colcon_core.verb:set package 'my_launch_pkg' build argument 'cmake_target' from command line to 'None'
[0.285s] Level 5:colcon.colcon_core.verb:set package 'my_launch_pkg' build argument 'cmake_target_skip_unavailable' from command line to 'False'
[0.285s] Level 5:colcon.colcon_core.verb:set package 'my_launch_pkg' build argument 'cmake_clean_cache' from command line to 'False'
[0.285s] Level 5:colcon.colcon_core.verb:set package 'my_launch_pkg' build argument 'cmake_clean_first' from command line to 'False'
[0.285s] Level 5:colcon.colcon_core.verb:set package 'my_launch_pkg' build argument 'cmake_force_configure' from command line to 'False'
[0.285s] Level 5:colcon.colcon_core.verb:set package 'my_launch_pkg' build argument 'ament_cmake_args' from command line to 'None'
[0.285s] Level 5:colcon.colcon_core.verb:set package 'my_launch_pkg' build argument 'catkin_cmake_args' from command line to 'None'
[0.285s] Level 5:colcon.colcon_core.verb:set package 'my_launch_pkg' build argument 'catkin_skip_building_tests' from command line to 'False'
[0.285s] DEBUG:colcon.colcon_core.verb:Building package 'my_launch_pkg' with the following arguments: {'ament_cmake_args': None, 'build_base': '/home/seho/ros2_ws/build/my_launch_pkg', 'catkin_cmake_args': None, 'catkin_skip_building_tests': False, 'cmake_args': None, 'cmake_clean_cache': False, 'cmake_clean_first': False, 'cmake_force_configure': False, 'cmake_target': None, 'cmake_target_skip_unavailable': False, 'install_base': '/home/seho/ros2_ws/install/my_launch_pkg', 'merge_install': False, 'path': '/home/seho/ros2_ws/src/my_launch_pkg', 'symlink_install': False, 'test_result_base': None}
[0.285s] Level 5:colcon.colcon_core.verb:set package 'radar_package' build argument 'cmake_args' from command line to 'None'
[0.285s] Level 5:colcon.colcon_core.verb:set package 'radar_package' build argument 'cmake_target' from command line to 'None'
[0.285s] Level 5:colcon.colcon_core.verb:set package 'radar_package' build argument 'cmake_target_skip_unavailable' from command line to 'False'
[0.285s] Level 5:colcon.colcon_core.verb:set package 'radar_package' build argument 'cmake_clean_cache' from command line to 'False'
[0.285s] Level 5:colcon.colcon_core.verb:set package 'radar_package' build argument 'cmake_clean_first' from command line to 'False'
[0.285s] Level 5:colcon.colcon_core.verb:set package 'radar_package' build argument 'cmake_force_configure' from command line to 'False'
[0.285s] Level 5:colcon.colcon_core.verb:set package 'radar_package' build argument 'ament_cmake_args' from command line to 'None'
[0.285s] Level 5:colcon.colcon_core.verb:set package 'radar_package' build argument 'catkin_cmake_args' from command line to 'None'
[0.285s] Level 5:colcon.colcon_core.verb:set package 'radar_package' build argument 'catkin_skip_building_tests' from command line to 'False'
[0.285s] DEBUG:colcon.colcon_core.verb:Building package 'radar_package' with the following arguments: {'ament_cmake_args': None, 'build_base': '/home/seho/ros2_ws/build/radar_package', 'catkin_cmake_args': None, 'catkin_skip_building_tests': False, 'cmake_args': None, 'cmake_clean_cache': False, 'cmake_clean_first': False, 'cmake_force_configure': False, 'cmake_target': None, 'cmake_target_skip_unavailable': False, 'install_base': '/home/seho/ros2_ws/install/radar_package', 'merge_install': False, 'path': '/home/seho/ros2_ws/src/radar_package', 'symlink_install': False, 'test_result_base': None}
[0.285s] Level 5:colcon.colcon_core.verb:set package 'sensor_fusion_pkg' build argument 'cmake_args' from command line to 'None'
[0.285s] Level 5:colcon.colcon_core.verb:set package 'sensor_fusion_pkg' build argument 'cmake_target' from command line to 'None'
[0.285s] Level 5:colcon.colcon_core.verb:set package 'sensor_fusion_pkg' build argument 'cmake_target_skip_unavailable' from command line to 'False'
[0.285s] Level 5:colcon.colcon_core.verb:set package 'sensor_fusion_pkg' build argument 'cmake_clean_cache' from command line to 'False'
[0.286s] Level 5:colcon.colcon_core.verb:set package 'sensor_fusion_pkg' build argument 'cmake_clean_first' from command line to 'False'
[0.286s] Level 5:colcon.colcon_core.verb:set package 'sensor_fusion_pkg' build argument 'cmake_force_configure' from command line to 'False'
[0.286s] Level 5:colcon.colcon_core.verb:set package 'sensor_fusion_pkg' build argument 'ament_cmake_args' from command line to 'None'
[0.286s] Level 5:colcon.colcon_core.verb:set package 'sensor_fusion_pkg' build argument 'catkin_cmake_args' from command line to 'None'
[0.286s] Level 5:colcon.colcon_core.verb:set package 'sensor_fusion_pkg' build argument 'catkin_skip_building_tests' from command line to 'False'
[0.286s] DEBUG:colcon.colcon_core.verb:Building package 'sensor_fusion_pkg' with the following arguments: {'ament_cmake_args': None, 'build_base': '/home/seho/ros2_ws/build/sensor_fusion_pkg', 'catkin_cmake_args': None, 'catkin_skip_building_tests': False, 'cmake_args': None, 'cmake_clean_cache': False, 'cmake_clean_first': False, 'cmake_force_configure': False, 'cmake_target': None, 'cmake_target_skip_unavailable': False, 'install_base': '/home/seho/ros2_ws/install/sensor_fusion_pkg', 'merge_install': False, 'path': '/home/seho/ros2_ws/src/sensor_fusion_pkg', 'symlink_install': False, 'test_result_base': None}
[0.286s] INFO:colcon.colcon_core.executor:Executing jobs using 'parallel' executor
[0.286s] DEBUG:colcon.colcon_parallel_executor.executor.parallel:run_until_complete
[0.286s] INFO:colcon.colcon_ros.task.ament_python.build:Building ROS package in '/home/seho/ros2_ws/src/my_camera_pkg' with build type 'ament_python'
[0.286s] Level 1:colcon.colcon_core.shell:create_environment_hook('my_camera_pkg', 'ament_prefix_path')
[0.290s] INFO:colcon.colcon_core.plugin_system:Skipping extension 'colcon_core.shell.bat': Not used on non-Windows systems
[0.290s] INFO:colcon.colcon_core.shell:Creating environment hook '/home/seho/ros2_ws/install/my_camera_pkg/share/my_camera_pkg/hook/ament_prefix_path.ps1'
[0.292s] INFO:colcon.colcon_core.shell:Creating environment descriptor '/home/seho/ros2_ws/install/my_camera_pkg/share/my_camera_pkg/hook/ament_prefix_path.dsv'
[0.292s] INFO:colcon.colcon_core.shell:Creating environment hook '/home/seho/ros2_ws/install/my_camera_pkg/share/my_camera_pkg/hook/ament_prefix_path.sh'
[0.293s] INFO:colcon.colcon_core.shell:Skip shell extension 'powershell' for command environment: Not usable outside of PowerShell
[0.293s] DEBUG:colcon.colcon_core.shell:Skip shell extension 'dsv' for command environment
[0.295s] INFO:colcon.colcon_ros.task.ament_python.build:Building ROS package in '/home/seho/ros2_ws/src/my_launch_pkg' with build type 'ament_python'
[0.296s] Level 1:colcon.colcon_core.shell:create_environment_hook('my_launch_pkg', 'ament_prefix_path')
[0.296s] INFO:colcon.colcon_core.shell:Creating environment hook '/home/seho/ros2_ws/install/my_launch_pkg/share/my_launch_pkg/hook/ament_prefix_path.ps1'
[0.297s] INFO:colcon.colcon_core.shell:Creating environment descriptor '/home/seho/ros2_ws/install/my_launch_pkg/share/my_launch_pkg/hook/ament_prefix_path.dsv'
[0.297s] INFO:colcon.colcon_core.shell:Creating environment hook '/home/seho/ros2_ws/install/my_launch_pkg/share/my_launch_pkg/hook/ament_prefix_path.sh'
[0.297s] INFO:colcon.colcon_core.shell:Skip shell extension 'powershell' for command environment: Not usable outside of PowerShell
[0.297s] DEBUG:colcon.colcon_core.shell:Skip shell extension 'dsv' for command environment
[0.300s] INFO:colcon.colcon_ros.task.ament_python.build:Building ROS package in '/home/seho/ros2_ws/src/radar_package' with build type 'ament_python'
[0.300s] Level 1:colcon.colcon_core.shell:create_environment_hook('radar_package', 'ament_prefix_path')
[0.300s] INFO:colcon.colcon_core.shell:Creating environment hook '/home/seho/ros2_ws/install/radar_package/share/radar_package/hook/ament_prefix_path.ps1'
[0.302s] INFO:colcon.colcon_core.shell:Creating environment descriptor '/home/seho/ros2_ws/install/radar_package/share/radar_package/hook/ament_prefix_path.dsv'
[0.302s] INFO:colcon.colcon_core.shell:Creating environment hook '/home/seho/ros2_ws/install/radar_package/share/radar_package/hook/ament_prefix_path.sh'
[0.303s] INFO:colcon.colcon_core.shell:Skip shell extension 'powershell' for command environment: Not usable outside of PowerShell
[0.303s] DEBUG:colcon.colcon_core.shell:Skip shell extension 'dsv' for command environment
[0.305s] INFO:colcon.colcon_ros.task.ament_python.build:Building ROS package in '/home/seho/ros2_ws/src/sensor_fusion_pkg' with build type 'ament_python'
[0.305s] Level 1:colcon.colcon_core.shell:create_environment_hook('sensor_fusion_pkg', 'ament_prefix_path')
[0.305s] INFO:colcon.colcon_core.shell:Creating environment hook '/home/seho/ros2_ws/install/sensor_fusion_pkg/share/sensor_fusion_pkg/hook/ament_prefix_path.ps1'
[0.307s] INFO:colcon.colcon_core.shell:Creating environment descriptor '/home/seho/ros2_ws/install/sensor_fusion_pkg/share/sensor_fusion_pkg/hook/ament_prefix_path.dsv'
[0.307s] INFO:colcon.colcon_core.shell:Creating environment hook '/home/seho/ros2_ws/install/sensor_fusion_pkg/share/sensor_fusion_pkg/hook/ament_prefix_path.sh'
[0.307s] INFO:colcon.colcon_core.shell:Skip shell extension 'powershell' for command environment: Not usable outside of PowerShell
[0.307s] DEBUG:colcon.colcon_core.shell:Skip shell extension 'dsv' for command environment
[0.429s] INFO:colcon.colcon_core.task.python.build:Building Python package in '/home/seho/ros2_ws/src/my_camera_pkg'
[0.429s] INFO:colcon.colcon_core.shell:Skip shell extension 'powershell' for command environment: Not usable outside of PowerShell
[0.429s] DEBUG:colcon.colcon_core.shell:Skip shell extension 'dsv' for command environment
[0.546s] INFO:colcon.colcon_core.task.python.build:Building Python package in '/home/seho/ros2_ws/src/my_launch_pkg'
[0.547s] INFO:colcon.colcon_core.shell:Skip shell extension 'powershell' for command environment: Not usable outside of PowerShell
[0.547s] DEBUG:colcon.colcon_core.shell:Skip shell extension 'dsv' for command environment
[0.664s] INFO:colcon.colcon_core.task.python.build:Building Python package in '/home/seho/ros2_ws/src/radar_package'
[0.664s] INFO:colcon.colcon_core.shell:Skip shell extension 'powershell' for command environment: Not usable outside of PowerShell
[0.664s] DEBUG:colcon.colcon_core.shell:Skip shell extension 'dsv' for command environment
[0.781s] INFO:colcon.colcon_core.task.python.build:Building Python package in '/home/seho/ros2_ws/src/sensor_fusion_pkg'
[0.781s] INFO:colcon.colcon_core.shell:Skip shell extension 'powershell' for command environment: Not usable outside of PowerShell
[0.781s] DEBUG:colcon.colcon_core.shell:Skip shell extension 'dsv' for command environment
[1.213s] DEBUG:colcon.colcon_core.event_handler.log_command:Invoking command in '/home/seho/ros2_ws/src/my_camera_pkg': PYTHONPATH=/home/seho/ros2_ws/build/my_camera_pkg/prefix_override:/usr/lib/python3/dist-packages/colcon_core/task/python/colcon_distutils_commands:/home/seho/ros2_ws/install/my_camera_pkg/lib/python3.10/site-packages:${PYTHONPATH} /usr/bin/python3 -W ignore:setup.py install is deprecated setup.py egg_info --egg-base ../../build/my_camera_pkg build --build-base /home/seho/ros2_ws/build/my_camera_pkg/build install --record /home/seho/ros2_ws/build/my_camera_pkg/install.log --single-version-externally-managed install_data
[1.216s] DEBUG:colcon.colcon_core.event_handler.log_command:Invoking command in '/home/seho/ros2_ws/src/my_launch_pkg': PYTHONPATH=/home/seho/ros2_ws/build/my_launch_pkg/prefix_override:/usr/lib/python3/dist-packages/colcon_core/task/python/colcon_distutils_commands:/home/seho/ros2_ws/install/my_launch_pkg/lib/python3.10/site-packages:${PYTHONPATH} /usr/bin/python3 -W ignore:setup.py install is deprecated setup.py egg_info --egg-base ../../build/my_launch_pkg build --build-base /home/seho/ros2_ws/build/my_launch_pkg/build install --record /home/seho/ros2_ws/build/my_launch_pkg/install.log --single-version-externally-managed install_data
[1.219s] DEBUG:colcon.colcon_core.event_handler.log_command:Invoking command in '/home/seho/ros2_ws/src/sensor_fusion_pkg': PYTHONPATH=/home/seho/ros2_ws/build/sensor_fusion_pkg/prefix_override:/usr/lib/python3/dist-packages/colcon_core/task/python/colcon_distutils_commands:/home/seho/ros2_ws/install/sensor_fusion_pkg/lib/python3.10/site-packages:${PYTHONPATH} /usr/bin/python3 -W ignore:setup.py install is deprecated setup.py egg_info --egg-base ../../build/sensor_fusion_pkg build --build-base /home/seho/ros2_ws/build/sensor_fusion_pkg/build install --record /home/seho/ros2_ws/build/sensor_fusion_pkg/install.log --single-version-externally-managed install_data
[1.221s] DEBUG:colcon.colcon_core.event_handler.log_command:Invoking command in '/home/seho/ros2_ws/src/radar_package': PYTHONPATH=/home/seho/ros2_ws/build/radar_package/prefix_override:/usr/lib/python3/dist-packages/colcon_core/task/python/colcon_distutils_commands:/home/seho/ros2_ws/install/radar_package/lib/python3.10/site-packages:${PYTHONPATH} /usr/bin/python3 -W ignore:setup.py install is deprecated setup.py egg_info --egg-base ../../build/radar_package build --build-base /home/seho/ros2_ws/build/radar_package/build install --record /home/seho/ros2_ws/build/radar_package/install.log --single-version-externally-managed install_data
[1.513s] DEBUG:colcon.colcon_core.event_handler.log_command:Invoked command in '/home/seho/ros2_ws/src/sensor_fusion_pkg' returned '0': PYTHONPATH=/home/seho/ros2_ws/build/sensor_fusion_pkg/prefix_override:/usr/lib/python3/dist-packages/colcon_core/task/python/colcon_distutils_commands:/home/seho/ros2_ws/install/sensor_fusion_pkg/lib/python3.10/site-packages:${PYTHONPATH} /usr/bin/python3 -W ignore:setup.py install is deprecated setup.py egg_info --egg-base ../../build/sensor_fusion_pkg build --build-base /home/seho/ros2_ws/build/sensor_fusion_pkg/build install --record /home/seho/ros2_ws/build/sensor_fusion_pkg/install.log --single-version-externally-managed install_data
[1.517s] Level 1:colcon.colcon_core.environment:checking '/home/seho/ros2_ws/install/sensor_fusion_pkg' for CMake module files
[1.518s] Level 1:colcon.colcon_core.environment:checking '/home/seho/ros2_ws/install/sensor_fusion_pkg' for CMake config files
[1.519s] Level 1:colcon.colcon_core.environment:checking '/home/seho/ros2_ws/install/sensor_fusion_pkg/lib'
[1.519s] Level 1:colcon.colcon_core.environment:checking '/home/seho/ros2_ws/install/sensor_fusion_pkg/bin'
[1.519s] Level 1:colcon.colcon_core.environment:checking '/home/seho/ros2_ws/install/sensor_fusion_pkg/lib/pkgconfig/sensor_fusion_pkg.pc'
[1.519s] Level 1:colcon.colcon_core.environment:checking '/home/seho/ros2_ws/install/sensor_fusion_pkg/lib/python3.10/site-packages'
[1.519s] Level 1:colcon.colcon_core.shell:create_environment_hook('sensor_fusion_pkg', 'pythonpath')
[1.519s] INFO:colcon.colcon_core.shell:Creating environment hook '/home/seho/ros2_ws/install/sensor_fusion_pkg/share/sensor_fusion_pkg/hook/pythonpath.ps1'
[1.519s] INFO:colcon.colcon_core.shell:Creating environment descriptor '/home/seho/ros2_ws/install/sensor_fusion_pkg/share/sensor_fusion_pkg/hook/pythonpath.dsv'
[1.519s] INFO:colcon.colcon_core.shell:Creating environment hook '/home/seho/ros2_ws/install/sensor_fusion_pkg/share/sensor_fusion_pkg/hook/pythonpath.sh'
[1.520s] Level 1:colcon.colcon_core.environment:checking '/home/seho/ros2_ws/install/sensor_fusion_pkg/bin'
[1.520s] Level 1:colcon.colcon_core.environment:create_environment_scripts_only(sensor_fusion_pkg)
[1.520s] INFO:colcon.colcon_core.shell:Creating package script '/home/seho/ros2_ws/install/sensor_fusion_pkg/share/sensor_fusion_pkg/package.ps1'
[1.521s] INFO:colcon.colcon_core.shell:Creating package descriptor '/home/seho/ros2_ws/install/sensor_fusion_pkg/share/sensor_fusion_pkg/package.dsv'
[1.521s] INFO:colcon.colcon_core.shell:Creating package script '/home/seho/ros2_ws/install/sensor_fusion_pkg/share/sensor_fusion_pkg/package.sh'
[1.522s] INFO:colcon.colcon_core.shell:Creating package script '/home/seho/ros2_ws/install/sensor_fusion_pkg/share/sensor_fusion_pkg/package.bash'
[1.523s] INFO:colcon.colcon_core.shell:Creating package script '/home/seho/ros2_ws/install/sensor_fusion_pkg/share/sensor_fusion_pkg/package.zsh'
[1.523s] Level 1:colcon.colcon_core.environment:create_file_with_runtime_dependencies(/home/seho/ros2_ws/install/sensor_fusion_pkg/share/colcon-core/packages/sensor_fusion_pkg)
[1.525s] Level 1:colcon.colcon_core.environment:checking '/home/seho/ros2_ws/install/my_launch_pkg' for CMake module files
[1.525s] DEBUG:colcon.colcon_core.event_handler.log_command:Invoked command in '/home/seho/ros2_ws/src/my_launch_pkg' returned '0': PYTHONPATH=/home/seho/ros2_ws/build/my_launch_pkg/prefix_override:/usr/lib/python3/dist-packages/colcon_core/task/python/colcon_distutils_commands:/home/seho/ros2_ws/install/my_launch_pkg/lib/python3.10/site-packages:${PYTHONPATH} /usr/bin/python3 -W ignore:setup.py install is deprecated setup.py egg_info --egg-base ../../build/my_launch_pkg build --build-base /home/seho/ros2_ws/build/my_launch_pkg/build install --record /home/seho/ros2_ws/build/my_launch_pkg/install.log --single-version-externally-managed install_data
[1.525s] Level 1:colcon.colcon_core.environment:checking '/home/seho/ros2_ws/install/my_launch_pkg' for CMake config files
[1.527s] Level 1:colcon.colcon_core.environment:checking '/home/seho/ros2_ws/install/my_launch_pkg/lib'
[1.527s] Level 1:colcon.colcon_core.environment:checking '/home/seho/ros2_ws/install/my_launch_pkg/bin'
[1.527s] Level 1:colcon.colcon_core.environment:checking '/home/seho/ros2_ws/install/my_launch_pkg/lib/pkgconfig/my_launch_pkg.pc'
[1.527s] Level 1:colcon.colcon_core.environment:checking '/home/seho/ros2_ws/install/my_launch_pkg/lib/python3.10/site-packages'
[1.527s] Level 1:colcon.colcon_core.shell:create_environment_hook('my_launch_pkg', 'pythonpath')
[1.527s] INFO:colcon.colcon_core.shell:Creating environment hook '/home/seho/ros2_ws/install/my_launch_pkg/share/my_launch_pkg/hook/pythonpath.ps1'
[1.527s] INFO:colcon.colcon_core.shell:Creating environment descriptor '/home/seho/ros2_ws/install/my_launch_pkg/share/my_launch_pkg/hook/pythonpath.dsv'
[1.527s] INFO:colcon.colcon_core.shell:Creating environment hook '/home/seho/ros2_ws/install/my_launch_pkg/share/my_launch_pkg/hook/pythonpath.sh'
[1.528s] Level 1:colcon.colcon_core.environment:checking '/home/seho/ros2_ws/install/my_launch_pkg/bin'
[1.528s] Level 1:colcon.colcon_core.environment:create_environment_scripts_only(my_launch_pkg)
[1.528s] INFO:colcon.colcon_core.shell:Creating package script '/home/seho/ros2_ws/install/my_launch_pkg/share/my_launch_pkg/package.ps1'
[1.528s] INFO:colcon.colcon_core.shell:Creating package descriptor '/home/seho/ros2_ws/install/my_launch_pkg/share/my_launch_pkg/package.dsv'
[1.528s] INFO:colcon.colcon_core.shell:Creating package script '/home/seho/ros2_ws/install/my_launch_pkg/share/my_launch_pkg/package.sh'
[1.529s] INFO:colcon.colcon_core.shell:Creating package script '/home/seho/ros2_ws/install/my_launch_pkg/share/my_launch_pkg/package.bash'
[1.529s] INFO:colcon.colcon_core.shell:Creating package script '/home/seho/ros2_ws/install/my_launch_pkg/share/my_launch_pkg/package.zsh'
[1.529s] Level 1:colcon.colcon_core.environment:create_file_with_runtime_dependencies(/home/seho/ros2_ws/install/my_launch_pkg/share/colcon-core/packages/my_launch_pkg)
[1.529s] Level 1:colcon.colcon_core.environment:checking '/home/seho/ros2_ws/install/my_camera_pkg' for CMake module files
[1.530s] DEBUG:colcon.colcon_core.event_handler.log_command:Invoked command in '/home/seho/ros2_ws/src/my_camera_pkg' returned '0': PYTHONPATH=/home/seho/ros2_ws/build/my_camera_pkg/prefix_override:/usr/lib/python3/dist-packages/colcon_core/task/python/colcon_distutils_commands:/home/seho/ros2_ws/install/my_camera_pkg/lib/python3.10/site-packages:${PYTHONPATH} /usr/bin/python3 -W ignore:setup.py install is deprecated setup.py egg_info --egg-base ../../build/my_camera_pkg build --build-base /home/seho/ros2_ws/build/my_camera_pkg/build install --record /home/seho/ros2_ws/build/my_camera_pkg/install.log --single-version-externally-managed install_data
[1.530s] Level 1:colcon.colcon_core.environment:checking '/home/seho/ros2_ws/install/my_camera_pkg' for CMake config files
[1.530s] Level 1:colcon.colcon_core.environment:checking '/home/seho/ros2_ws/install/my_camera_pkg/lib'
[1.530s] Level 1:colcon.colcon_core.environment:checking '/home/seho/ros2_ws/install/my_camera_pkg/bin'
[1.530s] Level 1:colcon.colcon_core.environment:checking '/home/seho/ros2_ws/install/my_camera_pkg/lib/pkgconfig/my_camera_pkg.pc'
[1.530s] Level 1:colcon.colcon_core.environment:checking '/home/seho/ros2_ws/install/my_camera_pkg/lib/python3.10/site-packages'
[1.530s] Level 1:colcon.colcon_core.shell:create_environment_hook('my_camera_pkg', 'pythonpath')
[1.531s] INFO:colcon.colcon_core.shell:Creating environment hook '/home/seho/ros2_ws/install/my_camera_pkg/share/my_camera_pkg/hook/pythonpath.ps1'
[1.531s] INFO:colcon.colcon_core.shell:Creating environment descriptor '/home/seho/ros2_ws/install/my_camera_pkg/share/my_camera_pkg/hook/pythonpath.dsv'
[1.531s] INFO:colcon.colcon_core.shell:Creating environment hook '/home/seho/ros2_ws/install/my_camera_pkg/share/my_camera_pkg/hook/pythonpath.sh'
[1.531s] Level 1:colcon.colcon_core.environment:checking '/home/seho/ros2_ws/install/my_camera_pkg/bin'
[1.531s] Level 1:colcon.colcon_core.environment:create_environment_scripts_only(my_camera_pkg)
[1.531s] INFO:colcon.colcon_core.shell:Creating package script '/home/seho/ros2_ws/install/my_camera_pkg/share/my_camera_pkg/package.ps1'
[1.532s] INFO:colcon.colcon_core.shell:Creating package descriptor '/home/seho/ros2_ws/install/my_camera_pkg/share/my_camera_pkg/package.dsv'
[1.532s] INFO:colcon.colcon_core.shell:Creating package script '/home/seho/ros2_ws/install/my_camera_pkg/share/my_camera_pkg/package.sh'
[1.532s] INFO:colcon.colcon_core.shell:Creating package script '/home/seho/ros2_ws/install/my_camera_pkg/share/my_camera_pkg/package.bash'
[1.532s] INFO:colcon.colcon_core.shell:Creating package script '/home/seho/ros2_ws/install/my_camera_pkg/share/my_camera_pkg/package.zsh'
[1.532s] Level 1:colcon.colcon_core.environment:create_file_with_runtime_dependencies(/home/seho/ros2_ws/install/my_camera_pkg/share/colcon-core/packages/my_camera_pkg)
[1.533s] Level 1:colcon.colcon_core.environment:checking '/home/seho/ros2_ws/install/radar_package' for CMake module files
[1.534s] DEBUG:colcon.colcon_core.event_handler.log_command:Invoked command in '/home/seho/ros2_ws/src/radar_package' returned '0': PYTHONPATH=/home/seho/ros2_ws/build/radar_package/prefix_override:/usr/lib/python3/dist-packages/colcon_core/task/python/colcon_distutils_commands:/home/seho/ros2_ws/install/radar_package/lib/python3.10/site-packages:${PYTHONPATH} /usr/bin/python3 -W ignore:setup.py install is deprecated setup.py egg_info --egg-base ../../build/radar_package build --build-base /home/seho/ros2_ws/build/radar_package/build install --record /home/seho/ros2_ws/build/radar_package/install.log --single-version-externally-managed install_data
[1.534s] Level 1:colcon.colcon_core.environment:checking '/home/seho/ros2_ws/install/radar_package' for CMake config files
[1.536s] Level 1:colcon.colcon_core.environment:checking '/home/seho/ros2_ws/install/radar_package/lib'
[1.536s] Level 1:colcon.colcon_core.environment:checking '/home/seho/ros2_ws/install/radar_package/bin'
[1.536s] Level 1:colcon.colcon_core.environment:checking '/home/seho/ros2_ws/install/radar_package/lib/pkgconfig/radar_package.pc'
[1.536s] Level 1:colcon.colcon_core.environment:checking '/home/seho/ros2_ws/install/radar_package/lib/python3.10/site-packages'
[1.536s] Level 1:colcon.colcon_core.shell:create_environment_hook('radar_package', 'pythonpath')
[1.536s] INFO:colcon.colcon_core.shell:Creating environment hook '/home/seho/ros2_ws/install/radar_package/share/radar_package/hook/pythonpath.ps1'
[1.537s] INFO:colcon.colcon_core.shell:Creating environment descriptor '/home/seho/ros2_ws/install/radar_package/share/radar_package/hook/pythonpath.dsv'
[1.537s] INFO:colcon.colcon_core.shell:Creating environment hook '/home/seho/ros2_ws/install/radar_package/share/radar_package/hook/pythonpath.sh'
[1.537s] Level 1:colcon.colcon_core.environment:checking '/home/seho/ros2_ws/install/radar_package/bin'
[1.537s] Level 1:colcon.colcon_core.environment:create_environment_scripts_only(radar_package)
[1.537s] INFO:colcon.colcon_core.shell:Creating package script '/home/seho/ros2_ws/install/radar_package/share/radar_package/package.ps1'
[1.537s] INFO:colcon.colcon_core.shell:Creating package descriptor '/home/seho/ros2_ws/install/radar_package/share/radar_package/package.dsv'
[1.537s] INFO:colcon.colcon_core.shell:Creating package script '/home/seho/ros2_ws/install/radar_package/share/radar_package/package.sh'
[1.538s] INFO:colcon.colcon_core.shell:Creating package script '/home/seho/ros2_ws/install/radar_package/share/radar_package/package.bash'
[1.538s] INFO:colcon.colcon_core.shell:Creating package script '/home/seho/ros2_ws/install/radar_package/share/radar_package/package.zsh'
[1.538s] Level 1:colcon.colcon_core.environment:create_file_with_runtime_dependencies(/home/seho/ros2_ws/install/radar_package/share/colcon-core/packages/radar_package)
[1.538s] DEBUG:colcon.colcon_parallel_executor.executor.parallel:closing loop
[1.538s] DEBUG:colcon.colcon_parallel_executor.executor.parallel:loop closed
[1.538s] DEBUG:colcon.colcon_parallel_executor.executor.parallel:run_until_complete finished with '0'
[1.538s] DEBUG:colcon.colcon_core.event_reactor:joining thread
[1.545s] INFO:colcon.colcon_core.plugin_system:Skipping extension 'colcon_notification.desktop_notification.terminal_notifier': Not used on non-Darwin systems
[1.545s] INFO:colcon.colcon_core.plugin_system:Skipping extension 'colcon_notification.desktop_notification.win32': Not used on non-Windows systems
[1.545s] INFO:colcon.colcon_notification.desktop_notification:Sending desktop notification using 'notify2'
[1.556s] DEBUG:colcon.colcon_core.event_reactor:joined thread
[1.556s] INFO:colcon.colcon_core.shell:Creating prefix script '/home/seho/ros2_ws/install/local_setup.ps1'
[1.557s] INFO:colcon.colcon_core.shell:Creating prefix util module '/home/seho/ros2_ws/install/_local_setup_util_ps1.py'
[1.558s] INFO:colcon.colcon_core.shell:Creating prefix chain script '/home/seho/ros2_ws/install/setup.ps1'
[1.559s] INFO:colcon.colcon_core.shell:Creating prefix script '/home/seho/ros2_ws/install/local_setup.sh'
[1.561s] INFO:colcon.colcon_core.shell:Creating prefix util module '/home/seho/ros2_ws/install/_local_setup_util_sh.py'
[1.561s] INFO:colcon.colcon_core.shell:Creating prefix chain script '/home/seho/ros2_ws/install/setup.sh'
[1.562s] INFO:colcon.colcon_core.shell:Creating prefix script '/home/seho/ros2_ws/install/local_setup.bash'
[1.562s] INFO:colcon.colcon_core.shell:Creating prefix chain script '/home/seho/ros2_ws/install/setup.bash'
[1.563s] INFO:colcon.colcon_core.shell:Creating prefix script '/home/seho/ros2_ws/install/local_setup.zsh'
[1.564s] INFO:colcon.colcon_core.shell:Creating prefix chain script '/home/seho/ros2_ws/install/setup.zsh'
