[0.364s] Invoking command in '/home/seho/ros2_ws/src/ros_flask_gps': PYTHONPATH=/home/seho/ros2_ws/build/ros_flask_gps/prefix_override:/usr/lib/python3/dist-packages/colcon_core/task/python/colcon_distutils_commands:/home/seho/ros2_ws/install/ros_flask_gps/lib/python3.10/site-packages:${PYTHONPATH} /usr/bin/python3 -W ignore:setup.py install is deprecated setup.py egg_info --egg-base ../../build/ros_flask_gps build --build-base /home/seho/ros2_ws/build/ros_flask_gps/build install --record /home/seho/ros2_ws/build/ros_flask_gps/install.log --single-version-externally-managed install_data
[0.488s] running egg_info
[0.495s] writing ../../build/ros_flask_gps/ros_flask_gps.egg-info/PKG-INFO
[0.496s] writing dependency_links to ../../build/ros_flask_gps/ros_flask_gps.egg-info/dependency_links.txt
[0.496s] writing entry points to ../../build/ros_flask_gps/ros_flask_gps.egg-info/entry_points.txt
[0.496s] writing requirements to ../../build/ros_flask_gps/ros_flask_gps.egg-info/requires.txt
[0.496s] writing top-level names to ../../build/ros_flask_gps/ros_flask_gps.egg-info/top_level.txt
[0.512s] reading manifest file '../../build/ros_flask_gps/ros_flask_gps.egg-info/SOURCES.txt'
[0.513s] writing manifest file '../../build/ros_flask_gps/ros_flask_gps.egg-info/SOURCES.txt'
[0.513s] running build
[0.513s] running build_py
[0.513s] copying ros_flask_gps/__init__.py -> /home/seho/ros2_ws/build/ros_flask_gps/build/lib/ros_flask_gps
[0.514s] copying ros_flask_gps/ros_gps_publisher.py -> /home/seho/ros2_ws/build/ros_flask_gps/build/lib/ros_flask_gps
[0.514s] running install
[0.516s] running install_lib
[0.524s] running install_data
[0.524s] copying resource/ros_flask_gps -> /home/seho/ros2_ws/install/ros_flask_gps/share/ament_index/resource_index/packages
[0.524s] copying package.xml -> /home/seho/ros2_ws/install/ros_flask_gps/share/ros_flask_gps
[0.524s] running install_egg_info
[0.532s] removing '/home/seho/ros2_ws/install/ros_flask_gps/lib/python3.10/site-packages/ros_flask_gps-0.0.0-py3.10.egg-info' (and everything under it)
[0.532s] Copying ../../build/ros_flask_gps/ros_flask_gps.egg-info to /home/seho/ros2_ws/install/ros_flask_gps/lib/python3.10/site-packages/ros_flask_gps-0.0.0-py3.10.egg-info
[0.533s] running install_scripts
[0.598s] Installing ros_gps_publisher script to /home/seho/ros2_ws/install/ros_flask_gps/bin
[0.599s] writing list of installed files to '/home/seho/ros2_ws/build/ros_flask_gps/install.log'
[0.612s] Invoked command in '/home/seho/ros2_ws/src/ros_flask_gps' returned '0': PYTHONPATH=/home/seho/ros2_ws/build/ros_flask_gps/prefix_override:/usr/lib/python3/dist-packages/colcon_core/task/python/colcon_distutils_commands:/home/seho/ros2_ws/install/ros_flask_gps/lib/python3.10/site-packages:${PYTHONPATH} /usr/bin/python3 -W ignore:setup.py install is deprecated setup.py egg_info --egg-base ../../build/ros_flask_gps build --build-base /home/seho/ros2_ws/build/ros_flask_gps/build install --record /home/seho/ros2_ws/build/ros_flask_gps/install.log --single-version-externally-managed install_data
