[0.059s] DEBUG:colcon:Command line arguments: ['/usr/bin/colcon', 'build']
[0.059s] DEBUG:colcon:Parsed command line arguments: Namespace(log_base=None, log_level=None, verb_name='build', build_base='build', install_base='install', merge_install=False, symlink_install=False, test_result_base=None, continue_on_error=False, executor='parallel', parallel_workers=8, event_handlers=None, ignore_user_meta=False, metas=['./colcon.meta'], base_paths=['.'], packages_ignore=None, packages_ignore_regex=None, paths=None, packages_up_to=None, packages_up_to_regex=None, packages_above=None, packages_above_and_dependencies=None, packages_above_depth=None, packages_select_by_dep=None, packages_skip_by_dep=None, packages_skip_up_to=None, packages_select_build_failed=False, packages_skip_build_finished=False, packages_select_test_failures=False, packages_skip_test_passed=False, packages_select=None, packages_skip=None, packages_select_regex=None, packages_skip_regex=None, packages_start=None, packages_end=None, allow_overriding=[], cmake_args=None, cmake_target=None, cmake_target_skip_unavailable=False, cmake_clean_cache=False, cmake_clean_first=False, cmake_force_configure=False, ament_cmake_args=None, catkin_cmake_args=None, catkin_skip_building_tests=False, verb_parser=<colcon_defaults.argument_parser.defaults.DefaultArgumentsDecorator object at 0xffffaa9146d0>, verb_extension=<colcon_core.verb.build.BuildVerb object at 0xffffaab45d20>, main=<bound method BuildVerb.main of <colcon_core.verb.build.BuildVerb object at 0xffffaab45d20>>)
[0.081s] Level 1:colcon.colcon_core.package_discovery:discover_packages(colcon_meta) check parameters
[0.081s] Level 1:colcon.colcon_core.package_discovery:discover_packages(recursive) check parameters
[0.081s] Level 1:colcon.colcon_core.package_discovery:discover_packages(ignore) check parameters
[0.081s] Level 1:colcon.colcon_core.package_discovery:discover_packages(path) check parameters
[0.081s] Level 1:colcon.colcon_core.package_discovery:discover_packages(colcon_meta) discover
[0.081s] Level 1:colcon.colcon_core.package_discovery:discover_packages(recursive) discover
[0.081s] INFO:colcon.colcon_core.package_discovery:Crawling recursively for packages in '/home/seho/ros2_ws'
[0.081s] Level 1:colcon.colcon_core.package_identification:_identify(.) by extensions ['ignore', 'ignore_ament_install']
[0.081s] Level 1:colcon.colcon_core.package_identification:_identify(.) by extension 'ignore'
[0.081s] Level 1:colcon.colcon_core.package_identification:_identify(.) by extension 'ignore_ament_install'
[0.081s] Level 1:colcon.colcon_core.package_identification:_identify(.) by extensions ['colcon_pkg']
[0.081s] Level 1:colcon.colcon_core.package_identification:_identify(.) by extension 'colcon_pkg'
[0.081s] Level 1:colcon.colcon_core.package_identification:_identify(.) by extensions ['colcon_meta']
[0.081s] Level 1:colcon.colcon_core.package_identification:_identify(.) by extension 'colcon_meta'
[0.081s] Level 1:colcon.colcon_core.package_identification:_identify(.) by extensions ['ros']
[0.081s] Level 1:colcon.colcon_core.package_identification:_identify(.) by extension 'ros'
[0.089s] Level 1:colcon.colcon_core.package_identification:_identify(.) by extensions ['cmake', 'python']
[0.089s] Level 1:colcon.colcon_core.package_identification:_identify(.) by extension 'cmake'
[0.089s] Level 1:colcon.colcon_core.package_identification:_identify(.) by extension 'python'
[0.089s] Level 1:colcon.colcon_core.package_identification:_identify(.) by extensions ['python_setup_py']
[0.089s] Level 1:colcon.colcon_core.package_identification:_identify(.) by extension 'python_setup_py'
[0.089s] Level 1:colcon.colcon_core.package_identification:_identify(build) by extensions ['ignore', 'ignore_ament_install']
[0.090s] Level 1:colcon.colcon_core.package_identification:_identify(build) by extension 'ignore'
[0.090s] Level 1:colcon.colcon_core.package_identification:_identify(build) ignored
[0.090s] Level 1:colcon.colcon_core.package_identification:_identify(calibration_images) by extensions ['ignore', 'ignore_ament_install']
[0.090s] Level 1:colcon.colcon_core.package_identification:_identify(calibration_images) by extension 'ignore'
[0.090s] Level 1:colcon.colcon_core.package_identification:_identify(calibration_images) by extension 'ignore_ament_install'
[0.090s] Level 1:colcon.colcon_core.package_identification:_identify(calibration_images) by extensions ['colcon_pkg']
[0.090s] Level 1:colcon.colcon_core.package_identification:_identify(calibration_images) by extension 'colcon_pkg'
[0.090s] Level 1:colcon.colcon_core.package_identification:_identify(calibration_images) by extensions ['colcon_meta']
[0.090s] Level 1:colcon.colcon_core.package_identification:_identify(calibration_images) by extension 'colcon_meta'
[0.090s] Level 1:colcon.colcon_core.package_identification:_identify(calibration_images) by extensions ['ros']
[0.090s] Level 1:colcon.colcon_core.package_identification:_identify(calibration_images) by extension 'ros'
[0.090s] Level 1:colcon.colcon_core.package_identification:_identify(calibration_images) by extensions ['cmake', 'python']
[0.090s] Level 1:colcon.colcon_core.package_identification:_identify(calibration_images) by extension 'cmake'
[0.090s] Level 1:colcon.colcon_core.package_identification:_identify(calibration_images) by extension 'python'
[0.090s] Level 1:colcon.colcon_core.package_identification:_identify(calibration_images) by extensions ['python_setup_py']
[0.090s] Level 1:colcon.colcon_core.package_identification:_identify(calibration_images) by extension 'python_setup_py'
[0.090s] Level 1:colcon.colcon_core.package_identification:_identify(install) by extensions ['ignore', 'ignore_ament_install']
[0.090s] Level 1:colcon.colcon_core.package_identification:_identify(install) by extension 'ignore'
[0.090s] Level 1:colcon.colcon_core.package_identification:_identify(install) ignored
[0.090s] Level 1:colcon.colcon_core.package_identification:_identify(launch) by extensions ['ignore', 'ignore_ament_install']
[0.090s] Level 1:colcon.colcon_core.package_identification:_identify(launch) by extension 'ignore'
[0.090s] Level 1:colcon.colcon_core.package_identification:_identify(launch) by extension 'ignore_ament_install'
[0.090s] Level 1:colcon.colcon_core.package_identification:_identify(launch) by extensions ['colcon_pkg']
[0.090s] Level 1:colcon.colcon_core.package_identification:_identify(launch) by extension 'colcon_pkg'
[0.090s] Level 1:colcon.colcon_core.package_identification:_identify(launch) by extensions ['colcon_meta']
[0.090s] Level 1:colcon.colcon_core.package_identification:_identify(launch) by extension 'colcon_meta'
[0.090s] Level 1:colcon.colcon_core.package_identification:_identify(launch) by extensions ['ros']
[0.090s] Level 1:colcon.colcon_core.package_identification:_identify(launch) by extension 'ros'
[0.090s] Level 1:colcon.colcon_core.package_identification:_identify(launch) by extensions ['cmake', 'python']
[0.090s] Level 1:colcon.colcon_core.package_identification:_identify(launch) by extension 'cmake'
[0.090s] Level 1:colcon.colcon_core.package_identification:_identify(launch) by extension 'python'
[0.090s] Level 1:colcon.colcon_core.package_identification:_identify(launch) by extensions ['python_setup_py']
[0.090s] Level 1:colcon.colcon_core.package_identification:_identify(launch) by extension 'python_setup_py'
[0.090s] Level 1:colcon.colcon_core.package_identification:_identify(log) by extensions ['ignore', 'ignore_ament_install']
[0.090s] Level 1:colcon.colcon_core.package_identification:_identify(log) by extension 'ignore'
[0.090s] Level 1:colcon.colcon_core.package_identification:_identify(log) ignored
[0.090s] Level 1:colcon.colcon_core.package_identification:_identify(master) by extensions ['ignore', 'ignore_ament_install']
[0.090s] Level 1:colcon.colcon_core.package_identification:_identify(master) by extension 'ignore'
[0.090s] Level 1:colcon.colcon_core.package_identification:_identify(master) by extension 'ignore_ament_install'
[0.091s] Level 1:colcon.colcon_core.package_identification:_identify(master) by extensions ['colcon_pkg']
[0.091s] Level 1:colcon.colcon_core.package_identification:_identify(master) by extension 'colcon_pkg'
[0.091s] Level 1:colcon.colcon_core.package_identification:_identify(master) by extensions ['colcon_meta']
[0.091s] Level 1:colcon.colcon_core.package_identification:_identify(master) by extension 'colcon_meta'
[0.091s] Level 1:colcon.colcon_core.package_identification:_identify(master) by extensions ['ros']
[0.091s] Level 1:colcon.colcon_core.package_identification:_identify(master) by extension 'ros'
[0.091s] Level 1:colcon.colcon_core.package_identification:_identify(master) by extensions ['cmake', 'python']
[0.091s] Level 1:colcon.colcon_core.package_identification:_identify(master) by extension 'cmake'
[0.091s] Level 1:colcon.colcon_core.package_identification:_identify(master) by extension 'python'
[0.091s] Level 1:colcon.colcon_core.package_identification:_identify(master) by extensions ['python_setup_py']
[0.091s] Level 1:colcon.colcon_core.package_identification:_identify(master) by extension 'python_setup_py'
[0.091s] Level 1:colcon.colcon_core.package_identification:_identify(master/210824) by extensions ['ignore', 'ignore_ament_install']
[0.091s] Level 1:colcon.colcon_core.package_identification:_identify(master/210824) by extension 'ignore'
[0.091s] Level 1:colcon.colcon_core.package_identification:_identify(master/210824) by extension 'ignore_ament_install'
[0.091s] Level 1:colcon.colcon_core.package_identification:_identify(master/210824) by extensions ['colcon_pkg']
[0.091s] Level 1:colcon.colcon_core.package_identification:_identify(master/210824) by extension 'colcon_pkg'
[0.091s] Level 1:colcon.colcon_core.package_identification:_identify(master/210824) by extensions ['colcon_meta']
[0.091s] Level 1:colcon.colcon_core.package_identification:_identify(master/210824) by extension 'colcon_meta'
[0.091s] Level 1:colcon.colcon_core.package_identification:_identify(master/210824) by extensions ['ros']
[0.091s] Level 1:colcon.colcon_core.package_identification:_identify(master/210824) by extension 'ros'
[0.091s] Level 1:colcon.colcon_core.package_identification:_identify(master/210824) by extensions ['cmake', 'python']
[0.091s] Level 1:colcon.colcon_core.package_identification:_identify(master/210824) by extension 'cmake'
[0.091s] Level 1:colcon.colcon_core.package_identification:_identify(master/210824) by extension 'python'
[0.091s] Level 1:colcon.colcon_core.package_identification:_identify(master/210824) by extensions ['python_setup_py']
[0.091s] Level 1:colcon.colcon_core.package_identification:_identify(master/210824) by extension 'python_setup_py'
[0.091s] Level 1:colcon.colcon_core.package_identification:_identify(master/220824) by extensions ['ignore', 'ignore_ament_install']
[0.091s] Level 1:colcon.colcon_core.package_identification:_identify(master/220824) by extension 'ignore'
[0.091s] Level 1:colcon.colcon_core.package_identification:_identify(master/220824) by extension 'ignore_ament_install'
[0.091s] Level 1:colcon.colcon_core.package_identification:_identify(master/220824) by extensions ['colcon_pkg']
[0.091s] Level 1:colcon.colcon_core.package_identification:_identify(master/220824) by extension 'colcon_pkg'
[0.091s] Level 1:colcon.colcon_core.package_identification:_identify(master/220824) by extensions ['colcon_meta']
[0.091s] Level 1:colcon.colcon_core.package_identification:_identify(master/220824) by extension 'colcon_meta'
[0.091s] Level 1:colcon.colcon_core.package_identification:_identify(master/220824) by extensions ['ros']
[0.091s] Level 1:colcon.colcon_core.package_identification:_identify(master/220824) by extension 'ros'
[0.091s] Level 1:colcon.colcon_core.package_identification:_identify(master/220824) by extensions ['cmake', 'python']
[0.091s] Level 1:colcon.colcon_core.package_identification:_identify(master/220824) by extension 'cmake'
[0.091s] Level 1:colcon.colcon_core.package_identification:_identify(master/220824) by extension 'python'
[0.091s] Level 1:colcon.colcon_core.package_identification:_identify(master/220824) by extensions ['python_setup_py']
[0.091s] Level 1:colcon.colcon_core.package_identification:_identify(master/220824) by extension 'python_setup_py'
[0.091s] Level 1:colcon.colcon_core.package_identification:_identify(master/240824) by extensions ['ignore', 'ignore_ament_install']
[0.091s] Level 1:colcon.colcon_core.package_identification:_identify(master/240824) by extension 'ignore'
[0.091s] Level 1:colcon.colcon_core.package_identification:_identify(master/240824) by extension 'ignore_ament_install'
[0.091s] Level 1:colcon.colcon_core.package_identification:_identify(master/240824) by extensions ['colcon_pkg']
[0.091s] Level 1:colcon.colcon_core.package_identification:_identify(master/240824) by extension 'colcon_pkg'
[0.091s] Level 1:colcon.colcon_core.package_identification:_identify(master/240824) by extensions ['colcon_meta']
[0.091s] Level 1:colcon.colcon_core.package_identification:_identify(master/240824) by extension 'colcon_meta'
[0.091s] Level 1:colcon.colcon_core.package_identification:_identify(master/240824) by extensions ['ros']
[0.091s] Level 1:colcon.colcon_core.package_identification:_identify(master/240824) by extension 'ros'
[0.091s] Level 1:colcon.colcon_core.package_identification:_identify(master/240824) by extensions ['cmake', 'python']
[0.091s] Level 1:colcon.colcon_core.package_identification:_identify(master/240824) by extension 'cmake'
[0.091s] Level 1:colcon.colcon_core.package_identification:_identify(master/240824) by extension 'python'
[0.091s] Level 1:colcon.colcon_core.package_identification:_identify(master/240824) by extensions ['python_setup_py']
[0.092s] Level 1:colcon.colcon_core.package_identification:_identify(master/240824) by extension 'python_setup_py'
[0.092s] Level 1:colcon.colcon_core.package_identification:_identify(master/260824) by extensions ['ignore', 'ignore_ament_install']
[0.092s] Level 1:colcon.colcon_core.package_identification:_identify(master/260824) by extension 'ignore'
[0.092s] Level 1:colcon.colcon_core.package_identification:_identify(master/260824) by extension 'ignore_ament_install'
[0.092s] Level 1:colcon.colcon_core.package_identification:_identify(master/260824) by extensions ['colcon_pkg']
[0.092s] Level 1:colcon.colcon_core.package_identification:_identify(master/260824) by extension 'colcon_pkg'
[0.092s] Level 1:colcon.colcon_core.package_identification:_identify(master/260824) by extensions ['colcon_meta']
[0.092s] Level 1:colcon.colcon_core.package_identification:_identify(master/260824) by extension 'colcon_meta'
[0.092s] Level 1:colcon.colcon_core.package_identification:_identify(master/260824) by extensions ['ros']
[0.092s] Level 1:colcon.colcon_core.package_identification:_identify(master/260824) by extension 'ros'
[0.092s] Level 1:colcon.colcon_core.package_identification:_identify(master/260824) by extensions ['cmake', 'python']
[0.092s] Level 1:colcon.colcon_core.package_identification:_identify(master/260824) by extension 'cmake'
[0.092s] Level 1:colcon.colcon_core.package_identification:_identify(master/260824) by extension 'python'
[0.092s] Level 1:colcon.colcon_core.package_identification:_identify(master/260824) by extensions ['python_setup_py']
[0.092s] Level 1:colcon.colcon_core.package_identification:_identify(master/260824) by extension 'python_setup_py'
[0.092s] Level 1:colcon.colcon_core.package_identification:_identify(master/270824) by extensions ['ignore', 'ignore_ament_install']
[0.092s] Level 1:colcon.colcon_core.package_identification:_identify(master/270824) by extension 'ignore'
[0.092s] Level 1:colcon.colcon_core.package_identification:_identify(master/270824) by extension 'ignore_ament_install'
[0.092s] Level 1:colcon.colcon_core.package_identification:_identify(master/270824) by extensions ['colcon_pkg']
[0.092s] Level 1:colcon.colcon_core.package_identification:_identify(master/270824) by extension 'colcon_pkg'
[0.092s] Level 1:colcon.colcon_core.package_identification:_identify(master/270824) by extensions ['colcon_meta']
[0.092s] Level 1:colcon.colcon_core.package_identification:_identify(master/270824) by extension 'colcon_meta'
[0.092s] Level 1:colcon.colcon_core.package_identification:_identify(master/270824) by extensions ['ros']
[0.092s] Level 1:colcon.colcon_core.package_identification:_identify(master/270824) by extension 'ros'
[0.092s] Level 1:colcon.colcon_core.package_identification:_identify(master/270824) by extensions ['cmake', 'python']
[0.092s] Level 1:colcon.colcon_core.package_identification:_identify(master/270824) by extension 'cmake'
[0.092s] Level 1:colcon.colcon_core.package_identification:_identify(master/270824) by extension 'python'
[0.092s] Level 1:colcon.colcon_core.package_identification:_identify(master/270824) by extensions ['python_setup_py']
[0.092s] Level 1:colcon.colcon_core.package_identification:_identify(master/270824) by extension 'python_setup_py'
[0.092s] Level 1:colcon.colcon_core.package_identification:_identify(my_camera_pkg) by extensions ['ignore', 'ignore_ament_install']
[0.092s] Level 1:colcon.colcon_core.package_identification:_identify(my_camera_pkg) by extension 'ignore'
[0.092s] Level 1:colcon.colcon_core.package_identification:_identify(my_camera_pkg) by extension 'ignore_ament_install'
[0.092s] Level 1:colcon.colcon_core.package_identification:_identify(my_camera_pkg) by extensions ['colcon_pkg']
[0.092s] Level 1:colcon.colcon_core.package_identification:_identify(my_camera_pkg) by extension 'colcon_pkg'
[0.092s] Level 1:colcon.colcon_core.package_identification:_identify(my_camera_pkg) by extensions ['colcon_meta']
[0.092s] Level 1:colcon.colcon_core.package_identification:_identify(my_camera_pkg) by extension 'colcon_meta'
[0.092s] Level 1:colcon.colcon_core.package_identification:_identify(my_camera_pkg) by extensions ['ros']
[0.092s] Level 1:colcon.colcon_core.package_identification:_identify(my_camera_pkg) by extension 'ros'
[0.092s] Level 1:colcon.colcon_core.package_identification:_identify(my_camera_pkg) by extensions ['cmake', 'python']
[0.092s] Level 1:colcon.colcon_core.package_identification:_identify(my_camera_pkg) by extension 'cmake'
[0.092s] Level 1:colcon.colcon_core.package_identification:_identify(my_camera_pkg) by extension 'python'
[0.092s] Level 1:colcon.colcon_core.package_identification:_identify(my_camera_pkg) by extensions ['python_setup_py']
[0.092s] Level 1:colcon.colcon_core.package_identification:_identify(my_camera_pkg) by extension 'python_setup_py'
[0.092s] Level 1:colcon.colcon_core.package_identification:_identify(my_camera_pkg/models) by extensions ['ignore', 'ignore_ament_install']
[0.092s] Level 1:colcon.colcon_core.package_identification:_identify(my_camera_pkg/models) by extension 'ignore'
[0.092s] Level 1:colcon.colcon_core.package_identification:_identify(my_camera_pkg/models) by extension 'ignore_ament_install'
[0.092s] Level 1:colcon.colcon_core.package_identification:_identify(my_camera_pkg/models) by extensions ['colcon_pkg']
[0.092s] Level 1:colcon.colcon_core.package_identification:_identify(my_camera_pkg/models) by extension 'colcon_pkg'
[0.092s] Level 1:colcon.colcon_core.package_identification:_identify(my_camera_pkg/models) by extensions ['colcon_meta']
[0.092s] Level 1:colcon.colcon_core.package_identification:_identify(my_camera_pkg/models) by extension 'colcon_meta'
[0.092s] Level 1:colcon.colcon_core.package_identification:_identify(my_camera_pkg/models) by extensions ['ros']
[0.092s] Level 1:colcon.colcon_core.package_identification:_identify(my_camera_pkg/models) by extension 'ros'
[0.092s] Level 1:colcon.colcon_core.package_identification:_identify(my_camera_pkg/models) by extensions ['cmake', 'python']
[0.093s] Level 1:colcon.colcon_core.package_identification:_identify(my_camera_pkg/models) by extension 'cmake'
[0.093s] Level 1:colcon.colcon_core.package_identification:_identify(my_camera_pkg/models) by extension 'python'
[0.093s] Level 1:colcon.colcon_core.package_identification:_identify(my_camera_pkg/models) by extensions ['python_setup_py']
[0.093s] Level 1:colcon.colcon_core.package_identification:_identify(my_camera_pkg/models) by extension 'python_setup_py'
[0.093s] Level 1:colcon.colcon_core.package_identification:_identify(src) by extensions ['ignore', 'ignore_ament_install']
[0.093s] Level 1:colcon.colcon_core.package_identification:_identify(src) by extension 'ignore'
[0.093s] Level 1:colcon.colcon_core.package_identification:_identify(src) by extension 'ignore_ament_install'
[0.093s] Level 1:colcon.colcon_core.package_identification:_identify(src) by extensions ['colcon_pkg']
[0.093s] Level 1:colcon.colcon_core.package_identification:_identify(src) by extension 'colcon_pkg'
[0.093s] Level 1:colcon.colcon_core.package_identification:_identify(src) by extensions ['colcon_meta']
[0.093s] Level 1:colcon.colcon_core.package_identification:_identify(src) by extension 'colcon_meta'
[0.093s] Level 1:colcon.colcon_core.package_identification:_identify(src) by extensions ['ros']
[0.093s] Level 1:colcon.colcon_core.package_identification:_identify(src) by extension 'ros'
[0.093s] Level 1:colcon.colcon_core.package_identification:_identify(src) by extensions ['cmake', 'python']
[0.093s] Level 1:colcon.colcon_core.package_identification:_identify(src) by extension 'cmake'
[0.093s] Level 1:colcon.colcon_core.package_identification:_identify(src) by extension 'python'
[0.093s] Level 1:colcon.colcon_core.package_identification:_identify(src) by extensions ['python_setup_py']
[0.093s] Level 1:colcon.colcon_core.package_identification:_identify(src) by extension 'python_setup_py'
[0.093s] Level 1:colcon.colcon_core.package_identification:_identify(src/camera_extrinsic_calibration) by extensions ['ignore', 'ignore_ament_install']
[0.093s] Level 1:colcon.colcon_core.package_identification:_identify(src/camera_extrinsic_calibration) by extension 'ignore'
[0.093s] Level 1:colcon.colcon_core.package_identification:_identify(src/camera_extrinsic_calibration) by extension 'ignore_ament_install'
[0.093s] Level 1:colcon.colcon_core.package_identification:_identify(src/camera_extrinsic_calibration) by extensions ['colcon_pkg']
[0.093s] Level 1:colcon.colcon_core.package_identification:_identify(src/camera_extrinsic_calibration) by extension 'colcon_pkg'
[0.093s] Level 1:colcon.colcon_core.package_identification:_identify(src/camera_extrinsic_calibration) by extensions ['colcon_meta']
[0.093s] Level 1:colcon.colcon_core.package_identification:_identify(src/camera_extrinsic_calibration) by extension 'colcon_meta'
[0.093s] Level 1:colcon.colcon_core.package_identification:_identify(src/camera_extrinsic_calibration) by extensions ['ros']
[0.093s] Level 1:colcon.colcon_core.package_identification:_identify(src/camera_extrinsic_calibration) by extension 'ros'
[0.094s] DEBUG:colcon.colcon_core.package_identification:Package 'src/camera_extrinsic_calibration' with type 'ros.ament_python' and name 'camera_extrinsic_calibration'
[0.094s] Level 1:colcon.colcon_core.package_identification:_identify(src/log) by extensions ['ignore', 'ignore_ament_install']
[0.094s] Level 1:colcon.colcon_core.package_identification:_identify(src/log) by extension 'ignore'
[0.094s] Level 1:colcon.colcon_core.package_identification:_identify(src/log) ignored
[0.094s] Level 1:colcon.colcon_core.package_identification:_identify(src/my_camera_pkg) by extensions ['ignore', 'ignore_ament_install']
[0.094s] Level 1:colcon.colcon_core.package_identification:_identify(src/my_camera_pkg) by extension 'ignore'
[0.094s] Level 1:colcon.colcon_core.package_identification:_identify(src/my_camera_pkg) by extension 'ignore_ament_install'
[0.094s] Level 1:colcon.colcon_core.package_identification:_identify(src/my_camera_pkg) by extensions ['colcon_pkg']
[0.094s] Level 1:colcon.colcon_core.package_identification:_identify(src/my_camera_pkg) by extension 'colcon_pkg'
[0.094s] Level 1:colcon.colcon_core.package_identification:_identify(src/my_camera_pkg) by extensions ['colcon_meta']
[0.094s] Level 1:colcon.colcon_core.package_identification:_identify(src/my_camera_pkg) by extension 'colcon_meta'
[0.094s] Level 1:colcon.colcon_core.package_identification:_identify(src/my_camera_pkg) by extensions ['ros']
[0.094s] Level 1:colcon.colcon_core.package_identification:_identify(src/my_camera_pkg) by extension 'ros'
[0.095s] DEBUG:colcon.colcon_core.package_identification:Package 'src/my_camera_pkg' with type 'ros.ament_python' and name 'my_camera_pkg'
[0.095s] Level 1:colcon.colcon_core.package_identification:_identify(src/my_launch_pkg) by extensions ['ignore', 'ignore_ament_install']
[0.095s] Level 1:colcon.colcon_core.package_identification:_identify(src/my_launch_pkg) by extension 'ignore'
[0.095s] Level 1:colcon.colcon_core.package_identification:_identify(src/my_launch_pkg) by extension 'ignore_ament_install'
[0.095s] Level 1:colcon.colcon_core.package_identification:_identify(src/my_launch_pkg) by extensions ['colcon_pkg']
[0.095s] Level 1:colcon.colcon_core.package_identification:_identify(src/my_launch_pkg) by extension 'colcon_pkg'
[0.095s] Level 1:colcon.colcon_core.package_identification:_identify(src/my_launch_pkg) by extensions ['colcon_meta']
[0.095s] Level 1:colcon.colcon_core.package_identification:_identify(src/my_launch_pkg) by extension 'colcon_meta'
[0.095s] Level 1:colcon.colcon_core.package_identification:_identify(src/my_launch_pkg) by extensions ['ros']
[0.095s] Level 1:colcon.colcon_core.package_identification:_identify(src/my_launch_pkg) by extension 'ros'
[0.095s] DEBUG:colcon.colcon_core.package_identification:Package 'src/my_launch_pkg' with type 'ros.ament_python' and name 'my_launch_pkg'
[0.095s] Level 1:colcon.colcon_core.package_identification:_identify(src/radar_package) by extensions ['ignore', 'ignore_ament_install']
[0.095s] Level 1:colcon.colcon_core.package_identification:_identify(src/radar_package) by extension 'ignore'
[0.095s] Level 1:colcon.colcon_core.package_identification:_identify(src/radar_package) by extension 'ignore_ament_install'
[0.095s] Level 1:colcon.colcon_core.package_identification:_identify(src/radar_package) by extensions ['colcon_pkg']
[0.095s] Level 1:colcon.colcon_core.package_identification:_identify(src/radar_package) by extension 'colcon_pkg'
[0.095s] Level 1:colcon.colcon_core.package_identification:_identify(src/radar_package) by extensions ['colcon_meta']
[0.095s] Level 1:colcon.colcon_core.package_identification:_identify(src/radar_package) by extension 'colcon_meta'
[0.095s] Level 1:colcon.colcon_core.package_identification:_identify(src/radar_package) by extensions ['ros']
[0.095s] Level 1:colcon.colcon_core.package_identification:_identify(src/radar_package) by extension 'ros'
[0.096s] DEBUG:colcon.colcon_core.package_identification:Package 'src/radar_package' with type 'ros.ament_python' and name 'radar_package'
[0.096s] Level 1:colcon.colcon_core.package_identification:_identify(src/radar_visualization_node) by extensions ['ignore', 'ignore_ament_install']
[0.096s] Level 1:colcon.colcon_core.package_identification:_identify(src/radar_visualization_node) by extension 'ignore'
[0.096s] Level 1:colcon.colcon_core.package_identification:_identify(src/radar_visualization_node) by extension 'ignore_ament_install'
[0.096s] Level 1:colcon.colcon_core.package_identification:_identify(src/radar_visualization_node) by extensions ['colcon_pkg']
[0.096s] Level 1:colcon.colcon_core.package_identification:_identify(src/radar_visualization_node) by extension 'colcon_pkg'
[0.096s] Level 1:colcon.colcon_core.package_identification:_identify(src/radar_visualization_node) by extensions ['colcon_meta']
[0.096s] Level 1:colcon.colcon_core.package_identification:_identify(src/radar_visualization_node) by extension 'colcon_meta'
[0.096s] Level 1:colcon.colcon_core.package_identification:_identify(src/radar_visualization_node) by extensions ['ros']
[0.096s] Level 1:colcon.colcon_core.package_identification:_identify(src/radar_visualization_node) by extension 'ros'
[0.096s] DEBUG:colcon.colcon_core.package_identification:Package 'src/radar_visualization_node' with type 'ros.ament_python' and name 'radar_visualization_node'
[0.096s] Level 1:colcon.colcon_core.package_identification:_identify(src/sensor_calibration) by extensions ['ignore', 'ignore_ament_install']
[0.096s] Level 1:colcon.colcon_core.package_identification:_identify(src/sensor_calibration) by extension 'ignore'
[0.096s] Level 1:colcon.colcon_core.package_identification:_identify(src/sensor_calibration) by extension 'ignore_ament_install'
[0.096s] Level 1:colcon.colcon_core.package_identification:_identify(src/sensor_calibration) by extensions ['colcon_pkg']
[0.096s] Level 1:colcon.colcon_core.package_identification:_identify(src/sensor_calibration) by extension 'colcon_pkg'
[0.096s] Level 1:colcon.colcon_core.package_identification:_identify(src/sensor_calibration) by extensions ['colcon_meta']
[0.096s] Level 1:colcon.colcon_core.package_identification:_identify(src/sensor_calibration) by extension 'colcon_meta'
[0.096s] Level 1:colcon.colcon_core.package_identification:_identify(src/sensor_calibration) by extensions ['ros']
[0.096s] Level 1:colcon.colcon_core.package_identification:_identify(src/sensor_calibration) by extension 'ros'
[0.097s] DEBUG:colcon.colcon_core.package_identification:Package 'src/sensor_calibration' with type 'ros.ament_python' and name 'sensor_calibration'
[0.097s] Level 1:colcon.colcon_core.package_identification:_identify(src/sensor_fusion_pkg) by extensions ['ignore', 'ignore_ament_install']
[0.097s] Level 1:colcon.colcon_core.package_identification:_identify(src/sensor_fusion_pkg) by extension 'ignore'
[0.097s] Level 1:colcon.colcon_core.package_identification:_identify(src/sensor_fusion_pkg) by extension 'ignore_ament_install'
[0.097s] Level 1:colcon.colcon_core.package_identification:_identify(src/sensor_fusion_pkg) by extensions ['colcon_pkg']
[0.097s] Level 1:colcon.colcon_core.package_identification:_identify(src/sensor_fusion_pkg) by extension 'colcon_pkg'
[0.097s] Level 1:colcon.colcon_core.package_identification:_identify(src/sensor_fusion_pkg) by extensions ['colcon_meta']
[0.097s] Level 1:colcon.colcon_core.package_identification:_identify(src/sensor_fusion_pkg) by extension 'colcon_meta'
[0.097s] Level 1:colcon.colcon_core.package_identification:_identify(src/sensor_fusion_pkg) by extensions ['ros']
[0.097s] Level 1:colcon.colcon_core.package_identification:_identify(src/sensor_fusion_pkg) by extension 'ros'
[0.097s] DEBUG:colcon.colcon_core.package_identification:Package 'src/sensor_fusion_pkg' with type 'ros.ament_python' and name 'sensor_fusion_pkg'
[0.097s] Level 1:colcon.colcon_core.package_identification:_identify(trash) by extensions ['ignore', 'ignore_ament_install']
[0.097s] Level 1:colcon.colcon_core.package_identification:_identify(trash) by extension 'ignore'
[0.097s] Level 1:colcon.colcon_core.package_identification:_identify(trash) by extension 'ignore_ament_install'
[0.097s] Level 1:colcon.colcon_core.package_identification:_identify(trash) by extensions ['colcon_pkg']
[0.097s] Level 1:colcon.colcon_core.package_identification:_identify(trash) by extension 'colcon_pkg'
[0.097s] Level 1:colcon.colcon_core.package_identification:_identify(trash) by extensions ['colcon_meta']
[0.097s] Level 1:colcon.colcon_core.package_identification:_identify(trash) by extension 'colcon_meta'
[0.097s] Level 1:colcon.colcon_core.package_identification:_identify(trash) by extensions ['ros']
[0.097s] Level 1:colcon.colcon_core.package_identification:_identify(trash) by extension 'ros'
[0.097s] Level 1:colcon.colcon_core.package_identification:_identify(trash) by extensions ['cmake', 'python']
[0.097s] Level 1:colcon.colcon_core.package_identification:_identify(trash) by extension 'cmake'
[0.097s] Level 1:colcon.colcon_core.package_identification:_identify(trash) by extension 'python'
[0.097s] Level 1:colcon.colcon_core.package_identification:_identify(trash) by extensions ['python_setup_py']
[0.097s] Level 1:colcon.colcon_core.package_identification:_identify(trash) by extension 'python_setup_py'
[0.097s] Level 1:colcon.colcon_core.package_discovery:discover_packages(recursive) using defaults
[0.097s] Level 1:colcon.colcon_core.package_discovery:discover_packages(ignore) discover
[0.097s] Level 1:colcon.colcon_core.package_discovery:discover_packages(ignore) using defaults
[0.097s] Level 1:colcon.colcon_core.package_discovery:discover_packages(path) discover
[0.098s] Level 1:colcon.colcon_core.package_discovery:discover_packages(path) using defaults
[0.109s] Level 1:colcon.colcon_core.package_discovery:discover_packages(prefix_path) check parameters
[0.109s] Level 1:colcon.colcon_core.package_discovery:discover_packages(prefix_path) discover
[0.111s] DEBUG:colcon.colcon_installed_package_information.package_discovery:Found 7 installed packages in /home/seho/ros2_ws/install
[0.111s] DEBUG:colcon.colcon_installed_package_information.package_discovery:Found 20 installed packages in /home/seho/ros2_foxy/install
[0.112s] DEBUG:colcon.colcon_installed_package_information.package_discovery:Found 307 installed packages in /opt/ros/iron
[0.113s] Level 1:colcon.colcon_core.package_discovery:discover_packages(prefix_path) using defaults
[0.138s] Level 5:colcon.colcon_core.verb:set package 'camera_extrinsic_calibration' build argument 'cmake_args' from command line to 'None'
[0.138s] Level 5:colcon.colcon_core.verb:set package 'camera_extrinsic_calibration' build argument 'cmake_target' from command line to 'None'
[0.138s] Level 5:colcon.colcon_core.verb:set package 'camera_extrinsic_calibration' build argument 'cmake_target_skip_unavailable' from command line to 'False'
[0.138s] Level 5:colcon.colcon_core.verb:set package 'camera_extrinsic_calibration' build argument 'cmake_clean_cache' from command line to 'False'
[0.138s] Level 5:colcon.colcon_core.verb:set package 'camera_extrinsic_calibration' build argument 'cmake_clean_first' from command line to 'False'
[0.138s] Level 5:colcon.colcon_core.verb:set package 'camera_extrinsic_calibration' build argument 'cmake_force_configure' from command line to 'False'
[0.138s] Level 5:colcon.colcon_core.verb:set package 'camera_extrinsic_calibration' build argument 'ament_cmake_args' from command line to 'None'
[0.138s] Level 5:colcon.colcon_core.verb:set package 'camera_extrinsic_calibration' build argument 'catkin_cmake_args' from command line to 'None'
[0.138s] Level 5:colcon.colcon_core.verb:set package 'camera_extrinsic_calibration' build argument 'catkin_skip_building_tests' from command line to 'False'
[0.138s] DEBUG:colcon.colcon_core.verb:Building package 'camera_extrinsic_calibration' with the following arguments: {'ament_cmake_args': None, 'build_base': '/home/seho/ros2_ws/build/camera_extrinsic_calibration', 'catkin_cmake_args': None, 'catkin_skip_building_tests': False, 'cmake_args': None, 'cmake_clean_cache': False, 'cmake_clean_first': False, 'cmake_force_configure': False, 'cmake_target': None, 'cmake_target_skip_unavailable': False, 'install_base': '/home/seho/ros2_ws/install/camera_extrinsic_calibration', 'merge_install': False, 'path': '/home/seho/ros2_ws/src/camera_extrinsic_calibration', 'symlink_install': False, 'test_result_base': None}
[0.138s] Level 5:colcon.colcon_core.verb:set package 'my_camera_pkg' build argument 'cmake_args' from command line to 'None'
[0.138s] Level 5:colcon.colcon_core.verb:set package 'my_camera_pkg' build argument 'cmake_target' from command line to 'None'
[0.138s] Level 5:colcon.colcon_core.verb:set package 'my_camera_pkg' build argument 'cmake_target_skip_unavailable' from command line to 'False'
[0.138s] Level 5:colcon.colcon_core.verb:set package 'my_camera_pkg' build argument 'cmake_clean_cache' from command line to 'False'
[0.138s] Level 5:colcon.colcon_core.verb:set package 'my_camera_pkg' build argument 'cmake_clean_first' from command line to 'False'
[0.138s] Level 5:colcon.colcon_core.verb:set package 'my_camera_pkg' build argument 'cmake_force_configure' from command line to 'False'
[0.138s] Level 5:colcon.colcon_core.verb:set package 'my_camera_pkg' build argument 'ament_cmake_args' from command line to 'None'
[0.138s] Level 5:colcon.colcon_core.verb:set package 'my_camera_pkg' build argument 'catkin_cmake_args' from command line to 'None'
[0.138s] Level 5:colcon.colcon_core.verb:set package 'my_camera_pkg' build argument 'catkin_skip_building_tests' from command line to 'False'
[0.138s] DEBUG:colcon.colcon_core.verb:Building package 'my_camera_pkg' with the following arguments: {'ament_cmake_args': None, 'build_base': '/home/seho/ros2_ws/build/my_camera_pkg', 'catkin_cmake_args': None, 'catkin_skip_building_tests': False, 'cmake_args': None, 'cmake_clean_cache': False, 'cmake_clean_first': False, 'cmake_force_configure': False, 'cmake_target': None, 'cmake_target_skip_unavailable': False, 'install_base': '/home/seho/ros2_ws/install/my_camera_pkg', 'merge_install': False, 'path': '/home/seho/ros2_ws/src/my_camera_pkg', 'symlink_install': False, 'test_result_base': None}
[0.138s] Level 5:colcon.colcon_core.verb:set package 'my_launch_pkg' build argument 'cmake_args' from command line to 'None'
[0.138s] Level 5:colcon.colcon_core.verb:set package 'my_launch_pkg' build argument 'cmake_target' from command line to 'None'
[0.138s] Level 5:colcon.colcon_core.verb:set package 'my_launch_pkg' build argument 'cmake_target_skip_unavailable' from command line to 'False'
[0.138s] Level 5:colcon.colcon_core.verb:set package 'my_launch_pkg' build argument 'cmake_clean_cache' from command line to 'False'
[0.138s] Level 5:colcon.colcon_core.verb:set package 'my_launch_pkg' build argument 'cmake_clean_first' from command line to 'False'
[0.138s] Level 5:colcon.colcon_core.verb:set package 'my_launch_pkg' build argument 'cmake_force_configure' from command line to 'False'
[0.138s] Level 5:colcon.colcon_core.verb:set package 'my_launch_pkg' build argument 'ament_cmake_args' from command line to 'None'
[0.138s] Level 5:colcon.colcon_core.verb:set package 'my_launch_pkg' build argument 'catkin_cmake_args' from command line to 'None'
[0.138s] Level 5:colcon.colcon_core.verb:set package 'my_launch_pkg' build argument 'catkin_skip_building_tests' from command line to 'False'
[0.138s] DEBUG:colcon.colcon_core.verb:Building package 'my_launch_pkg' with the following arguments: {'ament_cmake_args': None, 'build_base': '/home/seho/ros2_ws/build/my_launch_pkg', 'catkin_cmake_args': None, 'catkin_skip_building_tests': False, 'cmake_args': None, 'cmake_clean_cache': False, 'cmake_clean_first': False, 'cmake_force_configure': False, 'cmake_target': None, 'cmake_target_skip_unavailable': False, 'install_base': '/home/seho/ros2_ws/install/my_launch_pkg', 'merge_install': False, 'path': '/home/seho/ros2_ws/src/my_launch_pkg', 'symlink_install': False, 'test_result_base': None}
[0.138s] Level 5:colcon.colcon_core.verb:set package 'radar_package' build argument 'cmake_args' from command line to 'None'
[0.138s] Level 5:colcon.colcon_core.verb:set package 'radar_package' build argument 'cmake_target' from command line to 'None'
[0.138s] Level 5:colcon.colcon_core.verb:set package 'radar_package' build argument 'cmake_target_skip_unavailable' from command line to 'False'
[0.138s] Level 5:colcon.colcon_core.verb:set package 'radar_package' build argument 'cmake_clean_cache' from command line to 'False'
[0.138s] Level 5:colcon.colcon_core.verb:set package 'radar_package' build argument 'cmake_clean_first' from command line to 'False'
[0.138s] Level 5:colcon.colcon_core.verb:set package 'radar_package' build argument 'cmake_force_configure' from command line to 'False'
[0.138s] Level 5:colcon.colcon_core.verb:set package 'radar_package' build argument 'ament_cmake_args' from command line to 'None'
[0.138s] Level 5:colcon.colcon_core.verb:set package 'radar_package' build argument 'catkin_cmake_args' from command line to 'None'
[0.138s] Level 5:colcon.colcon_core.verb:set package 'radar_package' build argument 'catkin_skip_building_tests' from command line to 'False'
[0.138s] DEBUG:colcon.colcon_core.verb:Building package 'radar_package' with the following arguments: {'ament_cmake_args': None, 'build_base': '/home/seho/ros2_ws/build/radar_package', 'catkin_cmake_args': None, 'catkin_skip_building_tests': False, 'cmake_args': None, 'cmake_clean_cache': False, 'cmake_clean_first': False, 'cmake_force_configure': False, 'cmake_target': None, 'cmake_target_skip_unavailable': False, 'install_base': '/home/seho/ros2_ws/install/radar_package', 'merge_install': False, 'path': '/home/seho/ros2_ws/src/radar_package', 'symlink_install': False, 'test_result_base': None}
[0.139s] Level 5:colcon.colcon_core.verb:set package 'radar_visualization_node' build argument 'cmake_args' from command line to 'None'
[0.139s] Level 5:colcon.colcon_core.verb:set package 'radar_visualization_node' build argument 'cmake_target' from command line to 'None'
[0.139s] Level 5:colcon.colcon_core.verb:set package 'radar_visualization_node' build argument 'cmake_target_skip_unavailable' from command line to 'False'
[0.139s] Level 5:colcon.colcon_core.verb:set package 'radar_visualization_node' build argument 'cmake_clean_cache' from command line to 'False'
[0.139s] Level 5:colcon.colcon_core.verb:set package 'radar_visualization_node' build argument 'cmake_clean_first' from command line to 'False'
[0.139s] Level 5:colcon.colcon_core.verb:set package 'radar_visualization_node' build argument 'cmake_force_configure' from command line to 'False'
[0.139s] Level 5:colcon.colcon_core.verb:set package 'radar_visualization_node' build argument 'ament_cmake_args' from command line to 'None'
[0.139s] Level 5:colcon.colcon_core.verb:set package 'radar_visualization_node' build argument 'catkin_cmake_args' from command line to 'None'
[0.139s] Level 5:colcon.colcon_core.verb:set package 'radar_visualization_node' build argument 'catkin_skip_building_tests' from command line to 'False'
[0.139s] DEBUG:colcon.colcon_core.verb:Building package 'radar_visualization_node' with the following arguments: {'ament_cmake_args': None, 'build_base': '/home/seho/ros2_ws/build/radar_visualization_node', 'catkin_cmake_args': None, 'catkin_skip_building_tests': False, 'cmake_args': None, 'cmake_clean_cache': False, 'cmake_clean_first': False, 'cmake_force_configure': False, 'cmake_target': None, 'cmake_target_skip_unavailable': False, 'install_base': '/home/seho/ros2_ws/install/radar_visualization_node', 'merge_install': False, 'path': '/home/seho/ros2_ws/src/radar_visualization_node', 'symlink_install': False, 'test_result_base': None}
[0.139s] Level 5:colcon.colcon_core.verb:set package 'sensor_calibration' build argument 'cmake_args' from command line to 'None'
[0.139s] Level 5:colcon.colcon_core.verb:set package 'sensor_calibration' build argument 'cmake_target' from command line to 'None'
[0.139s] Level 5:colcon.colcon_core.verb:set package 'sensor_calibration' build argument 'cmake_target_skip_unavailable' from command line to 'False'
[0.139s] Level 5:colcon.colcon_core.verb:set package 'sensor_calibration' build argument 'cmake_clean_cache' from command line to 'False'
[0.139s] Level 5:colcon.colcon_core.verb:set package 'sensor_calibration' build argument 'cmake_clean_first' from command line to 'False'
[0.139s] Level 5:colcon.colcon_core.verb:set package 'sensor_calibration' build argument 'cmake_force_configure' from command line to 'False'
[0.139s] Level 5:colcon.colcon_core.verb:set package 'sensor_calibration' build argument 'ament_cmake_args' from command line to 'None'
[0.139s] Level 5:colcon.colcon_core.verb:set package 'sensor_calibration' build argument 'catkin_cmake_args' from command line to 'None'
[0.139s] Level 5:colcon.colcon_core.verb:set package 'sensor_calibration' build argument 'catkin_skip_building_tests' from command line to 'False'
[0.139s] DEBUG:colcon.colcon_core.verb:Building package 'sensor_calibration' with the following arguments: {'ament_cmake_args': None, 'build_base': '/home/seho/ros2_ws/build/sensor_calibration', 'catkin_cmake_args': None, 'catkin_skip_building_tests': False, 'cmake_args': None, 'cmake_clean_cache': False, 'cmake_clean_first': False, 'cmake_force_configure': False, 'cmake_target': None, 'cmake_target_skip_unavailable': False, 'install_base': '/home/seho/ros2_ws/install/sensor_calibration', 'merge_install': False, 'path': '/home/seho/ros2_ws/src/sensor_calibration', 'symlink_install': False, 'test_result_base': None}
[0.139s] Level 5:colcon.colcon_core.verb:set package 'sensor_fusion_pkg' build argument 'cmake_args' from command line to 'None'
[0.139s] Level 5:colcon.colcon_core.verb:set package 'sensor_fusion_pkg' build argument 'cmake_target' from command line to 'None'
[0.139s] Level 5:colcon.colcon_core.verb:set package 'sensor_fusion_pkg' build argument 'cmake_target_skip_unavailable' from command line to 'False'
[0.139s] Level 5:colcon.colcon_core.verb:set package 'sensor_fusion_pkg' build argument 'cmake_clean_cache' from command line to 'False'
[0.139s] Level 5:colcon.colcon_core.verb:set package 'sensor_fusion_pkg' build argument 'cmake_clean_first' from command line to 'False'
[0.139s] Level 5:colcon.colcon_core.verb:set package 'sensor_fusion_pkg' build argument 'cmake_force_configure' from command line to 'False'
[0.139s] Level 5:colcon.colcon_core.verb:set package 'sensor_fusion_pkg' build argument 'ament_cmake_args' from command line to 'None'
[0.139s] Level 5:colcon.colcon_core.verb:set package 'sensor_fusion_pkg' build argument 'catkin_cmake_args' from command line to 'None'
[0.139s] Level 5:colcon.colcon_core.verb:set package 'sensor_fusion_pkg' build argument 'catkin_skip_building_tests' from command line to 'False'
[0.139s] DEBUG:colcon.colcon_core.verb:Building package 'sensor_fusion_pkg' with the following arguments: {'ament_cmake_args': None, 'build_base': '/home/seho/ros2_ws/build/sensor_fusion_pkg', 'catkin_cmake_args': None, 'catkin_skip_building_tests': False, 'cmake_args': None, 'cmake_clean_cache': False, 'cmake_clean_first': False, 'cmake_force_configure': False, 'cmake_target': None, 'cmake_target_skip_unavailable': False, 'install_base': '/home/seho/ros2_ws/install/sensor_fusion_pkg', 'merge_install': False, 'path': '/home/seho/ros2_ws/src/sensor_fusion_pkg', 'symlink_install': False, 'test_result_base': None}
[0.139s] INFO:colcon.colcon_core.executor:Executing jobs using 'parallel' executor
[0.140s] DEBUG:colcon.colcon_parallel_executor.executor.parallel:run_until_complete
[0.140s] INFO:colcon.colcon_ros.task.ament_python.build:Building ROS package in '/home/seho/ros2_ws/src/camera_extrinsic_calibration' with build type 'ament_python'
[0.140s] Level 1:colcon.colcon_core.shell:create_environment_hook('camera_extrinsic_calibration', 'ament_prefix_path')
[0.141s] INFO:colcon.colcon_core.plugin_system:Skipping extension 'colcon_core.shell.bat': Not used on non-Windows systems
[0.141s] INFO:colcon.colcon_core.shell:Creating environment hook '/home/seho/ros2_ws/install/camera_extrinsic_calibration/share/camera_extrinsic_calibration/hook/ament_prefix_path.ps1'
[0.142s] INFO:colcon.colcon_core.shell:Creating environment descriptor '/home/seho/ros2_ws/install/camera_extrinsic_calibration/share/camera_extrinsic_calibration/hook/ament_prefix_path.dsv'
[0.142s] INFO:colcon.colcon_core.shell:Creating environment hook '/home/seho/ros2_ws/install/camera_extrinsic_calibration/share/camera_extrinsic_calibration/hook/ament_prefix_path.sh'
[0.143s] INFO:colcon.colcon_core.shell:Skip shell extension 'powershell' for command environment: Not usable outside of PowerShell
[0.143s] DEBUG:colcon.colcon_core.shell:Skip shell extension 'dsv' for command environment
[0.145s] INFO:colcon.colcon_ros.task.ament_python.build:Building ROS package in '/home/seho/ros2_ws/src/my_camera_pkg' with build type 'ament_python'
[0.145s] Level 1:colcon.colcon_core.shell:create_environment_hook('my_camera_pkg', 'ament_prefix_path')
[0.145s] INFO:colcon.colcon_core.shell:Creating environment hook '/home/seho/ros2_ws/install/my_camera_pkg/share/my_camera_pkg/hook/ament_prefix_path.ps1'
[0.146s] INFO:colcon.colcon_core.shell:Creating environment descriptor '/home/seho/ros2_ws/install/my_camera_pkg/share/my_camera_pkg/hook/ament_prefix_path.dsv'
[0.146s] INFO:colcon.colcon_core.shell:Creating environment hook '/home/seho/ros2_ws/install/my_camera_pkg/share/my_camera_pkg/hook/ament_prefix_path.sh'
[0.147s] INFO:colcon.colcon_core.shell:Skip shell extension 'powershell' for command environment: Not usable outside of PowerShell
[0.147s] DEBUG:colcon.colcon_core.shell:Skip shell extension 'dsv' for command environment
[0.149s] INFO:colcon.colcon_ros.task.ament_python.build:Building ROS package in '/home/seho/ros2_ws/src/my_launch_pkg' with build type 'ament_python'
[0.149s] Level 1:colcon.colcon_core.shell:create_environment_hook('my_launch_pkg', 'ament_prefix_path')
[0.150s] INFO:colcon.colcon_core.shell:Creating environment hook '/home/seho/ros2_ws/install/my_launch_pkg/share/my_launch_pkg/hook/ament_prefix_path.ps1'
[0.150s] INFO:colcon.colcon_core.shell:Creating environment descriptor '/home/seho/ros2_ws/install/my_launch_pkg/share/my_launch_pkg/hook/ament_prefix_path.dsv'
[0.150s] INFO:colcon.colcon_core.shell:Creating environment hook '/home/seho/ros2_ws/install/my_launch_pkg/share/my_launch_pkg/hook/ament_prefix_path.sh'
[0.151s] INFO:colcon.colcon_core.shell:Skip shell extension 'powershell' for command environment: Not usable outside of PowerShell
[0.151s] DEBUG:colcon.colcon_core.shell:Skip shell extension 'dsv' for command environment
[0.156s] INFO:colcon.colcon_ros.task.ament_python.build:Building ROS package in '/home/seho/ros2_ws/src/radar_package' with build type 'ament_python'
[0.156s] Level 1:colcon.colcon_core.shell:create_environment_hook('radar_package', 'ament_prefix_path')
[0.156s] INFO:colcon.colcon_core.shell:Creating environment hook '/home/seho/ros2_ws/install/radar_package/share/radar_package/hook/ament_prefix_path.ps1'
[0.157s] INFO:colcon.colcon_core.shell:Creating environment descriptor '/home/seho/ros2_ws/install/radar_package/share/radar_package/hook/ament_prefix_path.dsv'
[0.157s] INFO:colcon.colcon_core.shell:Creating environment hook '/home/seho/ros2_ws/install/radar_package/share/radar_package/hook/ament_prefix_path.sh'
[0.159s] INFO:colcon.colcon_core.shell:Skip shell extension 'powershell' for command environment: Not usable outside of PowerShell
[0.159s] DEBUG:colcon.colcon_core.shell:Skip shell extension 'dsv' for command environment
[0.161s] INFO:colcon.colcon_ros.task.ament_python.build:Building ROS package in '/home/seho/ros2_ws/src/radar_visualization_node' with build type 'ament_python'
[0.161s] Level 1:colcon.colcon_core.shell:create_environment_hook('radar_visualization_node', 'ament_prefix_path')
[0.161s] INFO:colcon.colcon_core.shell:Creating environment hook '/home/seho/ros2_ws/install/radar_visualization_node/share/radar_visualization_node/hook/ament_prefix_path.ps1'
[0.162s] INFO:colcon.colcon_core.shell:Creating environment descriptor '/home/seho/ros2_ws/install/radar_visualization_node/share/radar_visualization_node/hook/ament_prefix_path.dsv'
[0.162s] INFO:colcon.colcon_core.shell:Creating environment hook '/home/seho/ros2_ws/install/radar_visualization_node/share/radar_visualization_node/hook/ament_prefix_path.sh'
[0.162s] INFO:colcon.colcon_core.shell:Skip shell extension 'powershell' for command environment: Not usable outside of PowerShell
[0.163s] DEBUG:colcon.colcon_core.shell:Skip shell extension 'dsv' for command environment
[0.165s] INFO:colcon.colcon_ros.task.ament_python.build:Building ROS package in '/home/seho/ros2_ws/src/sensor_calibration' with build type 'ament_python'
[0.165s] Level 1:colcon.colcon_core.shell:create_environment_hook('sensor_calibration', 'ament_prefix_path')
[0.166s] INFO:colcon.colcon_core.shell:Creating environment hook '/home/seho/ros2_ws/install/sensor_calibration/share/sensor_calibration/hook/ament_prefix_path.ps1'
[0.166s] INFO:colcon.colcon_core.shell:Creating environment descriptor '/home/seho/ros2_ws/install/sensor_calibration/share/sensor_calibration/hook/ament_prefix_path.dsv'
[0.166s] INFO:colcon.colcon_core.shell:Creating environment hook '/home/seho/ros2_ws/install/sensor_calibration/share/sensor_calibration/hook/ament_prefix_path.sh'
[0.167s] INFO:colcon.colcon_core.shell:Skip shell extension 'powershell' for command environment: Not usable outside of PowerShell
[0.167s] DEBUG:colcon.colcon_core.shell:Skip shell extension 'dsv' for command environment
[0.169s] INFO:colcon.colcon_ros.task.ament_python.build:Building ROS package in '/home/seho/ros2_ws/src/sensor_fusion_pkg' with build type 'ament_python'
[0.170s] Level 1:colcon.colcon_core.shell:create_environment_hook('sensor_fusion_pkg', 'ament_prefix_path')
[0.170s] INFO:colcon.colcon_core.shell:Creating environment hook '/home/seho/ros2_ws/install/sensor_fusion_pkg/share/sensor_fusion_pkg/hook/ament_prefix_path.ps1'
[0.170s] INFO:colcon.colcon_core.shell:Creating environment descriptor '/home/seho/ros2_ws/install/sensor_fusion_pkg/share/sensor_fusion_pkg/hook/ament_prefix_path.dsv'
[0.170s] INFO:colcon.colcon_core.shell:Creating environment hook '/home/seho/ros2_ws/install/sensor_fusion_pkg/share/sensor_fusion_pkg/hook/ament_prefix_path.sh'
[0.170s] INFO:colcon.colcon_core.shell:Skip shell extension 'powershell' for command environment: Not usable outside of PowerShell
[0.171s] DEBUG:colcon.colcon_core.shell:Skip shell extension 'dsv' for command environment
[0.303s] INFO:colcon.colcon_core.task.python.build:Building Python package in '/home/seho/ros2_ws/src/camera_extrinsic_calibration'
[0.304s] INFO:colcon.colcon_core.shell:Skip shell extension 'powershell' for command environment: Not usable outside of PowerShell
[0.304s] DEBUG:colcon.colcon_core.shell:Skip shell extension 'dsv' for command environment
[0.440s] INFO:colcon.colcon_core.task.python.build:Building Python package in '/home/seho/ros2_ws/src/my_camera_pkg'
[0.440s] INFO:colcon.colcon_core.shell:Skip shell extension 'powershell' for command environment: Not usable outside of PowerShell
[0.440s] DEBUG:colcon.colcon_core.shell:Skip shell extension 'dsv' for command environment
[0.568s] INFO:colcon.colcon_core.task.python.build:Building Python package in '/home/seho/ros2_ws/src/my_launch_pkg'
[0.568s] INFO:colcon.colcon_core.shell:Skip shell extension 'powershell' for command environment: Not usable outside of PowerShell
[0.568s] DEBUG:colcon.colcon_core.shell:Skip shell extension 'dsv' for command environment
[0.702s] INFO:colcon.colcon_core.task.python.build:Building Python package in '/home/seho/ros2_ws/src/radar_package'
[0.703s] INFO:colcon.colcon_core.shell:Skip shell extension 'powershell' for command environment: Not usable outside of PowerShell
[0.703s] DEBUG:colcon.colcon_core.shell:Skip shell extension 'dsv' for command environment
[0.832s] INFO:colcon.colcon_core.task.python.build:Building Python package in '/home/seho/ros2_ws/src/radar_visualization_node'
[0.833s] INFO:colcon.colcon_core.shell:Skip shell extension 'powershell' for command environment: Not usable outside of PowerShell
[0.833s] DEBUG:colcon.colcon_core.shell:Skip shell extension 'dsv' for command environment
[0.958s] INFO:colcon.colcon_core.task.python.build:Building Python package in '/home/seho/ros2_ws/src/sensor_calibration'
[0.958s] INFO:colcon.colcon_core.shell:Skip shell extension 'powershell' for command environment: Not usable outside of PowerShell
[0.958s] DEBUG:colcon.colcon_core.shell:Skip shell extension 'dsv' for command environment
[1.088s] INFO:colcon.colcon_core.task.python.build:Building Python package in '/home/seho/ros2_ws/src/sensor_fusion_pkg'
[1.088s] INFO:colcon.colcon_core.shell:Skip shell extension 'powershell' for command environment: Not usable outside of PowerShell
[1.089s] DEBUG:colcon.colcon_core.shell:Skip shell extension 'dsv' for command environment
[1.454s] DEBUG:colcon.colcon_core.event_handler.log_command:Invoking command in '/home/seho/ros2_ws/src/radar_package': PYTHONPATH=/home/seho/ros2_ws/build/radar_package/prefix_override:/usr/lib/python3/dist-packages/colcon_core/task/python/colcon_distutils_commands:/home/seho/ros2_ws/install/radar_package/lib/python3.10/site-packages:${PYTHONPATH} /usr/bin/python3 -W ignore:setup.py install is deprecated setup.py egg_info --egg-base ../../build/radar_package build --build-base /home/seho/ros2_ws/build/radar_package/build install --record /home/seho/ros2_ws/build/radar_package/install.log --single-version-externally-managed install_data
[1.456s] DEBUG:colcon.colcon_core.event_handler.log_command:Invoking command in '/home/seho/ros2_ws/src/sensor_calibration': PYTHONPATH=/home/seho/ros2_ws/build/sensor_calibration/prefix_override:/usr/lib/python3/dist-packages/colcon_core/task/python/colcon_distutils_commands:/home/seho/ros2_ws/install/sensor_calibration/lib/python3.10/site-packages:${PYTHONPATH} /usr/bin/python3 -W ignore:setup.py install is deprecated setup.py egg_info --egg-base ../../build/sensor_calibration build --build-base /home/seho/ros2_ws/build/sensor_calibration/build install --record /home/seho/ros2_ws/build/sensor_calibration/install.log --single-version-externally-managed install_data
[1.459s] DEBUG:colcon.colcon_core.event_handler.log_command:Invoking command in '/home/seho/ros2_ws/src/my_launch_pkg': PYTHONPATH=/home/seho/ros2_ws/build/my_launch_pkg/prefix_override:/usr/lib/python3/dist-packages/colcon_core/task/python/colcon_distutils_commands:/home/seho/ros2_ws/install/my_launch_pkg/lib/python3.10/site-packages:${PYTHONPATH} /usr/bin/python3 -W ignore:setup.py install is deprecated setup.py egg_info --egg-base ../../build/my_launch_pkg build --build-base /home/seho/ros2_ws/build/my_launch_pkg/build install --record /home/seho/ros2_ws/build/my_launch_pkg/install.log --single-version-externally-managed install_data
[1.462s] DEBUG:colcon.colcon_core.event_handler.log_command:Invoking command in '/home/seho/ros2_ws/src/sensor_fusion_pkg': PYTHONPATH=/home/seho/ros2_ws/build/sensor_fusion_pkg/prefix_override:/usr/lib/python3/dist-packages/colcon_core/task/python/colcon_distutils_commands:/home/seho/ros2_ws/install/sensor_fusion_pkg/lib/python3.10/site-packages:${PYTHONPATH} /usr/bin/python3 -W ignore:setup.py install is deprecated setup.py egg_info --egg-base ../../build/sensor_fusion_pkg build --build-base /home/seho/ros2_ws/build/sensor_fusion_pkg/build install --record /home/seho/ros2_ws/build/sensor_fusion_pkg/install.log --single-version-externally-managed install_data
[1.464s] DEBUG:colcon.colcon_core.event_handler.log_command:Invoking command in '/home/seho/ros2_ws/src/my_camera_pkg': PYTHONPATH=/home/seho/ros2_ws/build/my_camera_pkg/prefix_override:/usr/lib/python3/dist-packages/colcon_core/task/python/colcon_distutils_commands:/home/seho/ros2_ws/install/my_camera_pkg/lib/python3.10/site-packages:${PYTHONPATH} /usr/bin/python3 -W ignore:setup.py install is deprecated setup.py egg_info --egg-base ../../build/my_camera_pkg build --build-base /home/seho/ros2_ws/build/my_camera_pkg/build install --record /home/seho/ros2_ws/build/my_camera_pkg/install.log --single-version-externally-managed install_data
[1.466s] DEBUG:colcon.colcon_core.event_handler.log_command:Invoking command in '/home/seho/ros2_ws/src/camera_extrinsic_calibration': PYTHONPATH=/home/seho/ros2_ws/build/camera_extrinsic_calibration/prefix_override:/usr/lib/python3/dist-packages/colcon_core/task/python/colcon_distutils_commands:/home/seho/ros2_ws/install/camera_extrinsic_calibration/lib/python3.10/site-packages:${PYTHONPATH} /usr/bin/python3 -W ignore:setup.py install is deprecated setup.py egg_info --egg-base ../../build/camera_extrinsic_calibration build --build-base /home/seho/ros2_ws/build/camera_extrinsic_calibration/build install --record /home/seho/ros2_ws/build/camera_extrinsic_calibration/install.log --single-version-externally-managed install_data
[1.468s] DEBUG:colcon.colcon_core.event_handler.log_command:Invoking command in '/home/seho/ros2_ws/src/radar_visualization_node': PYTHONPATH=/home/seho/ros2_ws/build/radar_visualization_node/prefix_override:/usr/lib/python3/dist-packages/colcon_core/task/python/colcon_distutils_commands:/home/seho/ros2_ws/install/radar_visualization_node/lib/python3.10/site-packages:${PYTHONPATH} /usr/bin/python3 -W ignore:setup.py install is deprecated setup.py egg_info --egg-base ../../build/radar_visualization_node build --build-base /home/seho/ros2_ws/build/radar_visualization_node/build install --record /home/seho/ros2_ws/build/radar_visualization_node/install.log --single-version-externally-managed install_data
[1.773s] DEBUG:colcon.colcon_core.event_handler.log_command:Invoked command in '/home/seho/ros2_ws/src/my_launch_pkg' returned '0': PYTHONPATH=/home/seho/ros2_ws/build/my_launch_pkg/prefix_override:/usr/lib/python3/dist-packages/colcon_core/task/python/colcon_distutils_commands:/home/seho/ros2_ws/install/my_launch_pkg/lib/python3.10/site-packages:${PYTHONPATH} /usr/bin/python3 -W ignore:setup.py install is deprecated setup.py egg_info --egg-base ../../build/my_launch_pkg build --build-base /home/seho/ros2_ws/build/my_launch_pkg/build install --record /home/seho/ros2_ws/build/my_launch_pkg/install.log --single-version-externally-managed install_data
[1.775s] Level 1:colcon.colcon_core.environment:checking '/home/seho/ros2_ws/install/my_launch_pkg' for CMake module files
[1.776s] Level 1:colcon.colcon_core.environment:checking '/home/seho/ros2_ws/install/my_launch_pkg' for CMake config files
[1.776s] Level 1:colcon.colcon_core.environment:checking '/home/seho/ros2_ws/install/my_launch_pkg/lib'
[1.776s] Level 1:colcon.colcon_core.environment:checking '/home/seho/ros2_ws/install/my_launch_pkg/bin'
[1.776s] Level 1:colcon.colcon_core.environment:checking '/home/seho/ros2_ws/install/my_launch_pkg/lib/pkgconfig/my_launch_pkg.pc'
[1.776s] Level 1:colcon.colcon_core.environment:checking '/home/seho/ros2_ws/install/my_launch_pkg/lib/python3.10/site-packages'
[1.776s] Level 1:colcon.colcon_core.shell:create_environment_hook('my_launch_pkg', 'pythonpath')
[1.776s] INFO:colcon.colcon_core.shell:Creating environment hook '/home/seho/ros2_ws/install/my_launch_pkg/share/my_launch_pkg/hook/pythonpath.ps1'
[1.777s] INFO:colcon.colcon_core.shell:Creating environment descriptor '/home/seho/ros2_ws/install/my_launch_pkg/share/my_launch_pkg/hook/pythonpath.dsv'
[1.777s] INFO:colcon.colcon_core.shell:Creating environment hook '/home/seho/ros2_ws/install/my_launch_pkg/share/my_launch_pkg/hook/pythonpath.sh'
[1.778s] Level 1:colcon.colcon_core.environment:checking '/home/seho/ros2_ws/install/my_launch_pkg/bin'
[1.778s] Level 1:colcon.colcon_core.environment:create_environment_scripts_only(my_launch_pkg)
[1.778s] INFO:colcon.colcon_core.shell:Creating package script '/home/seho/ros2_ws/install/my_launch_pkg/share/my_launch_pkg/package.ps1'
[1.779s] INFO:colcon.colcon_core.shell:Creating package descriptor '/home/seho/ros2_ws/install/my_launch_pkg/share/my_launch_pkg/package.dsv'
[1.779s] INFO:colcon.colcon_core.shell:Creating package script '/home/seho/ros2_ws/install/my_launch_pkg/share/my_launch_pkg/package.sh'
[1.780s] INFO:colcon.colcon_core.shell:Creating package script '/home/seho/ros2_ws/install/my_launch_pkg/share/my_launch_pkg/package.bash'
[1.780s] INFO:colcon.colcon_core.shell:Creating package script '/home/seho/ros2_ws/install/my_launch_pkg/share/my_launch_pkg/package.zsh'
[1.781s] Level 1:colcon.colcon_core.environment:create_file_with_runtime_dependencies(/home/seho/ros2_ws/install/my_launch_pkg/share/colcon-core/packages/my_launch_pkg)
[1.784s] Level 1:colcon.colcon_core.environment:checking '/home/seho/ros2_ws/install/radar_package' for CMake module files
[1.784s] DEBUG:colcon.colcon_core.event_handler.log_command:Invoked command in '/home/seho/ros2_ws/src/radar_package' returned '0': PYTHONPATH=/home/seho/ros2_ws/build/radar_package/prefix_override:/usr/lib/python3/dist-packages/colcon_core/task/python/colcon_distutils_commands:/home/seho/ros2_ws/install/radar_package/lib/python3.10/site-packages:${PYTHONPATH} /usr/bin/python3 -W ignore:setup.py install is deprecated setup.py egg_info --egg-base ../../build/radar_package build --build-base /home/seho/ros2_ws/build/radar_package/build install --record /home/seho/ros2_ws/build/radar_package/install.log --single-version-externally-managed install_data
[1.785s] Level 1:colcon.colcon_core.environment:checking '/home/seho/ros2_ws/install/radar_package' for CMake config files
[1.785s] Level 1:colcon.colcon_core.environment:checking '/home/seho/ros2_ws/install/radar_package/lib'
[1.785s] Level 1:colcon.colcon_core.environment:checking '/home/seho/ros2_ws/install/radar_package/bin'
[1.785s] Level 1:colcon.colcon_core.environment:checking '/home/seho/ros2_ws/install/radar_package/lib/pkgconfig/radar_package.pc'
[1.785s] Level 1:colcon.colcon_core.environment:checking '/home/seho/ros2_ws/install/radar_package/lib/python3.10/site-packages'
[1.785s] Level 1:colcon.colcon_core.shell:create_environment_hook('radar_package', 'pythonpath')
[1.785s] INFO:colcon.colcon_core.shell:Creating environment hook '/home/seho/ros2_ws/install/radar_package/share/radar_package/hook/pythonpath.ps1'
[1.785s] INFO:colcon.colcon_core.shell:Creating environment descriptor '/home/seho/ros2_ws/install/radar_package/share/radar_package/hook/pythonpath.dsv'
[1.785s] INFO:colcon.colcon_core.shell:Creating environment hook '/home/seho/ros2_ws/install/radar_package/share/radar_package/hook/pythonpath.sh'
[1.786s] Level 1:colcon.colcon_core.environment:checking '/home/seho/ros2_ws/install/radar_package/bin'
[1.786s] Level 1:colcon.colcon_core.environment:create_environment_scripts_only(radar_package)
[1.786s] INFO:colcon.colcon_core.shell:Creating package script '/home/seho/ros2_ws/install/radar_package/share/radar_package/package.ps1'
[1.786s] INFO:colcon.colcon_core.shell:Creating package descriptor '/home/seho/ros2_ws/install/radar_package/share/radar_package/package.dsv'
[1.786s] INFO:colcon.colcon_core.shell:Creating package script '/home/seho/ros2_ws/install/radar_package/share/radar_package/package.sh'
[1.786s] INFO:colcon.colcon_core.shell:Creating package script '/home/seho/ros2_ws/install/radar_package/share/radar_package/package.bash'
[1.786s] INFO:colcon.colcon_core.shell:Creating package script '/home/seho/ros2_ws/install/radar_package/share/radar_package/package.zsh'
[1.787s] Level 1:colcon.colcon_core.environment:create_file_with_runtime_dependencies(/home/seho/ros2_ws/install/radar_package/share/colcon-core/packages/radar_package)
[1.787s] Level 1:colcon.colcon_core.environment:checking '/home/seho/ros2_ws/install/sensor_fusion_pkg' for CMake module files
[1.787s] Level 1:colcon.colcon_core.environment:checking '/home/seho/ros2_ws/install/sensor_fusion_pkg' for CMake config files
[1.788s] Level 1:colcon.colcon_core.environment:checking '/home/seho/ros2_ws/install/sensor_fusion_pkg/lib'
[1.788s] Level 1:colcon.colcon_core.environment:checking '/home/seho/ros2_ws/install/sensor_fusion_pkg/bin'
[1.788s] Level 1:colcon.colcon_core.environment:checking '/home/seho/ros2_ws/install/sensor_fusion_pkg/lib/pkgconfig/sensor_fusion_pkg.pc'
[1.788s] Level 1:colcon.colcon_core.environment:checking '/home/seho/ros2_ws/install/sensor_fusion_pkg/lib/python3.10/site-packages'
[1.788s] Level 1:colcon.colcon_core.shell:create_environment_hook('sensor_fusion_pkg', 'pythonpath')
[1.788s] INFO:colcon.colcon_core.shell:Creating environment hook '/home/seho/ros2_ws/install/sensor_fusion_pkg/share/sensor_fusion_pkg/hook/pythonpath.ps1'
[1.789s] DEBUG:colcon.colcon_core.event_handler.log_command:Invoked command in '/home/seho/ros2_ws/src/sensor_fusion_pkg' returned '0': PYTHONPATH=/home/seho/ros2_ws/build/sensor_fusion_pkg/prefix_override:/usr/lib/python3/dist-packages/colcon_core/task/python/colcon_distutils_commands:/home/seho/ros2_ws/install/sensor_fusion_pkg/lib/python3.10/site-packages:${PYTHONPATH} /usr/bin/python3 -W ignore:setup.py install is deprecated setup.py egg_info --egg-base ../../build/sensor_fusion_pkg build --build-base /home/seho/ros2_ws/build/sensor_fusion_pkg/build install --record /home/seho/ros2_ws/build/sensor_fusion_pkg/install.log --single-version-externally-managed install_data
[1.789s] INFO:colcon.colcon_core.shell:Creating environment descriptor '/home/seho/ros2_ws/install/sensor_fusion_pkg/share/sensor_fusion_pkg/hook/pythonpath.dsv'
[1.789s] INFO:colcon.colcon_core.shell:Creating environment hook '/home/seho/ros2_ws/install/sensor_fusion_pkg/share/sensor_fusion_pkg/hook/pythonpath.sh'
[1.790s] Level 1:colcon.colcon_core.environment:checking '/home/seho/ros2_ws/install/sensor_fusion_pkg/bin'
[1.790s] Level 1:colcon.colcon_core.environment:create_environment_scripts_only(sensor_fusion_pkg)
[1.790s] INFO:colcon.colcon_core.shell:Creating package script '/home/seho/ros2_ws/install/sensor_fusion_pkg/share/sensor_fusion_pkg/package.ps1'
[1.790s] INFO:colcon.colcon_core.shell:Creating package descriptor '/home/seho/ros2_ws/install/sensor_fusion_pkg/share/sensor_fusion_pkg/package.dsv'
[1.790s] INFO:colcon.colcon_core.shell:Creating package script '/home/seho/ros2_ws/install/sensor_fusion_pkg/share/sensor_fusion_pkg/package.sh'
[1.790s] INFO:colcon.colcon_core.shell:Creating package script '/home/seho/ros2_ws/install/sensor_fusion_pkg/share/sensor_fusion_pkg/package.bash'
[1.791s] INFO:colcon.colcon_core.shell:Creating package script '/home/seho/ros2_ws/install/sensor_fusion_pkg/share/sensor_fusion_pkg/package.zsh'
[1.791s] Level 1:colcon.colcon_core.environment:create_file_with_runtime_dependencies(/home/seho/ros2_ws/install/sensor_fusion_pkg/share/colcon-core/packages/sensor_fusion_pkg)
[1.791s] Level 1:colcon.colcon_core.environment:checking '/home/seho/ros2_ws/install/camera_extrinsic_calibration' for CMake module files
[1.792s] DEBUG:colcon.colcon_core.event_handler.log_command:Invoked command in '/home/seho/ros2_ws/src/camera_extrinsic_calibration' returned '0': PYTHONPATH=/home/seho/ros2_ws/build/camera_extrinsic_calibration/prefix_override:/usr/lib/python3/dist-packages/colcon_core/task/python/colcon_distutils_commands:/home/seho/ros2_ws/install/camera_extrinsic_calibration/lib/python3.10/site-packages:${PYTHONPATH} /usr/bin/python3 -W ignore:setup.py install is deprecated setup.py egg_info --egg-base ../../build/camera_extrinsic_calibration build --build-base /home/seho/ros2_ws/build/camera_extrinsic_calibration/build install --record /home/seho/ros2_ws/build/camera_extrinsic_calibration/install.log --single-version-externally-managed install_data
[1.792s] Level 1:colcon.colcon_core.environment:checking '/home/seho/ros2_ws/install/camera_extrinsic_calibration' for CMake config files
[1.793s] Level 1:colcon.colcon_core.environment:checking '/home/seho/ros2_ws/install/camera_extrinsic_calibration/lib'
[1.793s] Level 1:colcon.colcon_core.environment:checking '/home/seho/ros2_ws/install/camera_extrinsic_calibration/bin'
[1.793s] Level 1:colcon.colcon_core.environment:checking '/home/seho/ros2_ws/install/camera_extrinsic_calibration/lib/pkgconfig/camera_extrinsic_calibration.pc'
[1.793s] Level 1:colcon.colcon_core.environment:checking '/home/seho/ros2_ws/install/camera_extrinsic_calibration/lib/python3.10/site-packages'
[1.793s] Level 1:colcon.colcon_core.shell:create_environment_hook('camera_extrinsic_calibration', 'pythonpath')
[1.793s] INFO:colcon.colcon_core.shell:Creating environment hook '/home/seho/ros2_ws/install/camera_extrinsic_calibration/share/camera_extrinsic_calibration/hook/pythonpath.ps1'
[1.793s] INFO:colcon.colcon_core.shell:Creating environment descriptor '/home/seho/ros2_ws/install/camera_extrinsic_calibration/share/camera_extrinsic_calibration/hook/pythonpath.dsv'
[1.793s] INFO:colcon.colcon_core.shell:Creating environment hook '/home/seho/ros2_ws/install/camera_extrinsic_calibration/share/camera_extrinsic_calibration/hook/pythonpath.sh'
[1.793s] Level 1:colcon.colcon_core.environment:checking '/home/seho/ros2_ws/install/camera_extrinsic_calibration/bin'
[1.794s] Level 1:colcon.colcon_core.environment:create_environment_scripts_only(camera_extrinsic_calibration)
[1.794s] INFO:colcon.colcon_core.shell:Creating package script '/home/seho/ros2_ws/install/camera_extrinsic_calibration/share/camera_extrinsic_calibration/package.ps1'
[1.794s] INFO:colcon.colcon_core.shell:Creating package descriptor '/home/seho/ros2_ws/install/camera_extrinsic_calibration/share/camera_extrinsic_calibration/package.dsv'
[1.794s] INFO:colcon.colcon_core.shell:Creating package script '/home/seho/ros2_ws/install/camera_extrinsic_calibration/share/camera_extrinsic_calibration/package.sh'
[1.794s] INFO:colcon.colcon_core.shell:Creating package script '/home/seho/ros2_ws/install/camera_extrinsic_calibration/share/camera_extrinsic_calibration/package.bash'
[1.795s] INFO:colcon.colcon_core.shell:Creating package script '/home/seho/ros2_ws/install/camera_extrinsic_calibration/share/camera_extrinsic_calibration/package.zsh'
[1.795s] Level 1:colcon.colcon_core.environment:create_file_with_runtime_dependencies(/home/seho/ros2_ws/install/camera_extrinsic_calibration/share/colcon-core/packages/camera_extrinsic_calibration)
[1.795s] Level 1:colcon.colcon_core.environment:checking '/home/seho/ros2_ws/install/my_camera_pkg' for CMake module files
[1.796s] Level 1:colcon.colcon_core.environment:checking '/home/seho/ros2_ws/install/my_camera_pkg' for CMake config files
[1.796s] DEBUG:colcon.colcon_core.event_handler.log_command:Invoked command in '/home/seho/ros2_ws/src/my_camera_pkg' returned '0': PYTHONPATH=/home/seho/ros2_ws/build/my_camera_pkg/prefix_override:/usr/lib/python3/dist-packages/colcon_core/task/python/colcon_distutils_commands:/home/seho/ros2_ws/install/my_camera_pkg/lib/python3.10/site-packages:${PYTHONPATH} /usr/bin/python3 -W ignore:setup.py install is deprecated setup.py egg_info --egg-base ../../build/my_camera_pkg build --build-base /home/seho/ros2_ws/build/my_camera_pkg/build install --record /home/seho/ros2_ws/build/my_camera_pkg/install.log --single-version-externally-managed install_data
[1.796s] Level 1:colcon.colcon_core.environment:checking '/home/seho/ros2_ws/install/my_camera_pkg/lib'
[1.796s] Level 1:colcon.colcon_core.environment:checking '/home/seho/ros2_ws/install/my_camera_pkg/bin'
[1.796s] Level 1:colcon.colcon_core.environment:checking '/home/seho/ros2_ws/install/my_camera_pkg/lib/pkgconfig/my_camera_pkg.pc'
[1.797s] Level 1:colcon.colcon_core.environment:checking '/home/seho/ros2_ws/install/my_camera_pkg/lib/python3.10/site-packages'
[1.797s] Level 1:colcon.colcon_core.shell:create_environment_hook('my_camera_pkg', 'pythonpath')
[1.797s] INFO:colcon.colcon_core.shell:Creating environment hook '/home/seho/ros2_ws/install/my_camera_pkg/share/my_camera_pkg/hook/pythonpath.ps1'
[1.797s] INFO:colcon.colcon_core.shell:Creating environment descriptor '/home/seho/ros2_ws/install/my_camera_pkg/share/my_camera_pkg/hook/pythonpath.dsv'
[1.797s] INFO:colcon.colcon_core.shell:Creating environment hook '/home/seho/ros2_ws/install/my_camera_pkg/share/my_camera_pkg/hook/pythonpath.sh'
[1.798s] Level 1:colcon.colcon_core.environment:checking '/home/seho/ros2_ws/install/my_camera_pkg/bin'
[1.798s] Level 1:colcon.colcon_core.environment:create_environment_scripts_only(my_camera_pkg)
[1.798s] INFO:colcon.colcon_core.shell:Creating package script '/home/seho/ros2_ws/install/my_camera_pkg/share/my_camera_pkg/package.ps1'
[1.798s] INFO:colcon.colcon_core.shell:Creating package descriptor '/home/seho/ros2_ws/install/my_camera_pkg/share/my_camera_pkg/package.dsv'
[1.798s] INFO:colcon.colcon_core.shell:Creating package script '/home/seho/ros2_ws/install/my_camera_pkg/share/my_camera_pkg/package.sh'
[1.799s] INFO:colcon.colcon_core.shell:Creating package script '/home/seho/ros2_ws/install/my_camera_pkg/share/my_camera_pkg/package.bash'
[1.799s] INFO:colcon.colcon_core.shell:Creating package script '/home/seho/ros2_ws/install/my_camera_pkg/share/my_camera_pkg/package.zsh'
[1.799s] Level 1:colcon.colcon_core.environment:create_file_with_runtime_dependencies(/home/seho/ros2_ws/install/my_camera_pkg/share/colcon-core/packages/my_camera_pkg)
[1.799s] Level 1:colcon.colcon_core.environment:checking '/home/seho/ros2_ws/install/sensor_calibration' for CMake module files
[1.800s] DEBUG:colcon.colcon_core.event_handler.log_command:Invoked command in '/home/seho/ros2_ws/src/sensor_calibration' returned '0': PYTHONPATH=/home/seho/ros2_ws/build/sensor_calibration/prefix_override:/usr/lib/python3/dist-packages/colcon_core/task/python/colcon_distutils_commands:/home/seho/ros2_ws/install/sensor_calibration/lib/python3.10/site-packages:${PYTHONPATH} /usr/bin/python3 -W ignore:setup.py install is deprecated setup.py egg_info --egg-base ../../build/sensor_calibration build --build-base /home/seho/ros2_ws/build/sensor_calibration/build install --record /home/seho/ros2_ws/build/sensor_calibration/install.log --single-version-externally-managed install_data
[1.800s] Level 1:colcon.colcon_core.environment:checking '/home/seho/ros2_ws/install/sensor_calibration' for CMake config files
[1.800s] Level 1:colcon.colcon_core.environment:checking '/home/seho/ros2_ws/install/sensor_calibration/lib'
[1.800s] Level 1:colcon.colcon_core.environment:checking '/home/seho/ros2_ws/install/sensor_calibration/bin'
[1.800s] Level 1:colcon.colcon_core.environment:checking '/home/seho/ros2_ws/install/sensor_calibration/lib/pkgconfig/sensor_calibration.pc'
[1.800s] Level 1:colcon.colcon_core.environment:checking '/home/seho/ros2_ws/install/sensor_calibration/lib/python3.10/site-packages'
[1.800s] Level 1:colcon.colcon_core.shell:create_environment_hook('sensor_calibration', 'pythonpath')
[1.800s] INFO:colcon.colcon_core.shell:Creating environment hook '/home/seho/ros2_ws/install/sensor_calibration/share/sensor_calibration/hook/pythonpath.ps1'
[1.801s] INFO:colcon.colcon_core.shell:Creating environment descriptor '/home/seho/ros2_ws/install/sensor_calibration/share/sensor_calibration/hook/pythonpath.dsv'
[1.801s] INFO:colcon.colcon_core.shell:Creating environment hook '/home/seho/ros2_ws/install/sensor_calibration/share/sensor_calibration/hook/pythonpath.sh'
[1.801s] Level 1:colcon.colcon_core.environment:checking '/home/seho/ros2_ws/install/sensor_calibration/bin'
[1.801s] Level 1:colcon.colcon_core.environment:create_environment_scripts_only(sensor_calibration)
[1.801s] INFO:colcon.colcon_core.shell:Creating package script '/home/seho/ros2_ws/install/sensor_calibration/share/sensor_calibration/package.ps1'
[1.801s] INFO:colcon.colcon_core.shell:Creating package descriptor '/home/seho/ros2_ws/install/sensor_calibration/share/sensor_calibration/package.dsv'
[1.802s] INFO:colcon.colcon_core.shell:Creating package script '/home/seho/ros2_ws/install/sensor_calibration/share/sensor_calibration/package.sh'
[1.802s] INFO:colcon.colcon_core.shell:Creating package script '/home/seho/ros2_ws/install/sensor_calibration/share/sensor_calibration/package.bash'
[1.802s] INFO:colcon.colcon_core.shell:Creating package script '/home/seho/ros2_ws/install/sensor_calibration/share/sensor_calibration/package.zsh'
[1.802s] Level 1:colcon.colcon_core.environment:create_file_with_runtime_dependencies(/home/seho/ros2_ws/install/sensor_calibration/share/colcon-core/packages/sensor_calibration)
[1.802s] Level 1:colcon.colcon_core.environment:checking '/home/seho/ros2_ws/install/radar_visualization_node' for CMake module files
[1.803s] Level 1:colcon.colcon_core.environment:checking '/home/seho/ros2_ws/install/radar_visualization_node' for CMake config files
[1.803s] DEBUG:colcon.colcon_core.event_handler.log_command:Invoked command in '/home/seho/ros2_ws/src/radar_visualization_node' returned '0': PYTHONPATH=/home/seho/ros2_ws/build/radar_visualization_node/prefix_override:/usr/lib/python3/dist-packages/colcon_core/task/python/colcon_distutils_commands:/home/seho/ros2_ws/install/radar_visualization_node/lib/python3.10/site-packages:${PYTHONPATH} /usr/bin/python3 -W ignore:setup.py install is deprecated setup.py egg_info --egg-base ../../build/radar_visualization_node build --build-base /home/seho/ros2_ws/build/radar_visualization_node/build install --record /home/seho/ros2_ws/build/radar_visualization_node/install.log --single-version-externally-managed install_data
[1.803s] Level 1:colcon.colcon_core.environment:checking '/home/seho/ros2_ws/install/radar_visualization_node/lib'
[1.803s] Level 1:colcon.colcon_core.environment:checking '/home/seho/ros2_ws/install/radar_visualization_node/bin'
[1.804s] Level 1:colcon.colcon_core.environment:checking '/home/seho/ros2_ws/install/radar_visualization_node/lib/pkgconfig/radar_visualization_node.pc'
[1.804s] Level 1:colcon.colcon_core.environment:checking '/home/seho/ros2_ws/install/radar_visualization_node/lib/python3.10/site-packages'
[1.804s] Level 1:colcon.colcon_core.shell:create_environment_hook('radar_visualization_node', 'pythonpath')
[1.804s] INFO:colcon.colcon_core.shell:Creating environment hook '/home/seho/ros2_ws/install/radar_visualization_node/share/radar_visualization_node/hook/pythonpath.ps1'
[1.804s] INFO:colcon.colcon_core.shell:Creating environment descriptor '/home/seho/ros2_ws/install/radar_visualization_node/share/radar_visualization_node/hook/pythonpath.dsv'
[1.804s] INFO:colcon.colcon_core.shell:Creating environment hook '/home/seho/ros2_ws/install/radar_visualization_node/share/radar_visualization_node/hook/pythonpath.sh'
[1.804s] Level 1:colcon.colcon_core.environment:checking '/home/seho/ros2_ws/install/radar_visualization_node/bin'
[1.804s] Level 1:colcon.colcon_core.environment:create_environment_scripts_only(radar_visualization_node)
[1.804s] INFO:colcon.colcon_core.shell:Creating package script '/home/seho/ros2_ws/install/radar_visualization_node/share/radar_visualization_node/package.ps1'
[1.805s] INFO:colcon.colcon_core.shell:Creating package descriptor '/home/seho/ros2_ws/install/radar_visualization_node/share/radar_visualization_node/package.dsv'
[1.805s] INFO:colcon.colcon_core.shell:Creating package script '/home/seho/ros2_ws/install/radar_visualization_node/share/radar_visualization_node/package.sh'
[1.805s] INFO:colcon.colcon_core.shell:Creating package script '/home/seho/ros2_ws/install/radar_visualization_node/share/radar_visualization_node/package.bash'
[1.805s] INFO:colcon.colcon_core.shell:Creating package script '/home/seho/ros2_ws/install/radar_visualization_node/share/radar_visualization_node/package.zsh'
[1.805s] Level 1:colcon.colcon_core.environment:create_file_with_runtime_dependencies(/home/seho/ros2_ws/install/radar_visualization_node/share/colcon-core/packages/radar_visualization_node)
[1.806s] DEBUG:colcon.colcon_parallel_executor.executor.parallel:closing loop
[1.806s] DEBUG:colcon.colcon_parallel_executor.executor.parallel:loop closed
[1.806s] DEBUG:colcon.colcon_parallel_executor.executor.parallel:run_until_complete finished with '0'
[1.806s] DEBUG:colcon.colcon_core.event_reactor:joining thread
[1.817s] INFO:colcon.colcon_core.plugin_system:Skipping extension 'colcon_notification.desktop_notification.terminal_notifier': Not used on non-Darwin systems
[1.817s] INFO:colcon.colcon_core.plugin_system:Skipping extension 'colcon_notification.desktop_notification.win32': Not used on non-Windows systems
[1.817s] INFO:colcon.colcon_notification.desktop_notification:Sending desktop notification using 'notify2'
[1.825s] DEBUG:colcon.colcon_core.event_reactor:joined thread
[1.825s] INFO:colcon.colcon_core.shell:Creating prefix script '/home/seho/ros2_ws/install/local_setup.ps1'
[1.826s] INFO:colcon.colcon_core.shell:Creating prefix util module '/home/seho/ros2_ws/install/_local_setup_util_ps1.py'
[1.826s] INFO:colcon.colcon_core.shell:Creating prefix chain script '/home/seho/ros2_ws/install/setup.ps1'
[1.829s] INFO:colcon.colcon_core.shell:Creating prefix script '/home/seho/ros2_ws/install/local_setup.sh'
[1.829s] INFO:colcon.colcon_core.shell:Creating prefix util module '/home/seho/ros2_ws/install/_local_setup_util_sh.py'
[1.830s] INFO:colcon.colcon_core.shell:Creating prefix chain script '/home/seho/ros2_ws/install/setup.sh'
[1.831s] INFO:colcon.colcon_core.shell:Creating prefix script '/home/seho/ros2_ws/install/local_setup.bash'
[1.832s] INFO:colcon.colcon_core.shell:Creating prefix chain script '/home/seho/ros2_ws/install/setup.bash'
[1.833s] INFO:colcon.colcon_core.shell:Creating prefix script '/home/seho/ros2_ws/install/local_setup.zsh'
[1.833s] INFO:colcon.colcon_core.shell:Creating prefix chain script '/home/seho/ros2_ws/install/setup.zsh'
