[0.059s] DEBUG:colcon:Command line arguments: ['/usr/bin/colcon', 'build', '--packages-select', 'data_visualization']
[0.059s] DEBUG:colcon:Parsed command line arguments: Namespace(log_base=None, log_level=None, verb_name='build', build_base='build', install_base='install', merge_install=False, symlink_install=False, test_result_base=None, continue_on_error=False, executor='parallel', parallel_workers=8, event_handlers=None, ignore_user_meta=False, metas=['./colcon.meta'], base_paths=['.'], packages_ignore=None, packages_ignore_regex=None, paths=None, packages_up_to=None, packages_up_to_regex=None, packages_above=None, packages_above_and_dependencies=None, packages_above_depth=None, packages_select_by_dep=None, packages_skip_by_dep=None, packages_skip_up_to=None, packages_select_build_failed=False, packages_skip_build_finished=False, packages_select_test_failures=False, packages_skip_test_passed=False, packages_select=['data_visualization'], packages_skip=None, packages_select_regex=None, packages_skip_regex=None, packages_start=None, packages_end=None, allow_overriding=[], cmake_args=None, cmake_target=None, cmake_target_skip_unavailable=False, cmake_clean_cache=False, cmake_clean_first=False, cmake_force_configure=False, ament_cmake_args=None, catkin_cmake_args=None, catkin_skip_building_tests=False, verb_parser=<colcon_defaults.argument_parser.defaults.DefaultArgumentsDecorator object at 0xffff933b4400>, verb_extension=<colcon_core.verb.build.BuildVerb object at 0xffff93383fd0>, main=<bound method BuildVerb.main of <colcon_core.verb.build.BuildVerb object at 0xffff93383fd0>>)
[0.081s] Level 1:colcon.colcon_core.package_discovery:discover_packages(colcon_meta) check parameters
[0.081s] Level 1:colcon.colcon_core.package_discovery:discover_packages(recursive) check parameters
[0.081s] Level 1:colcon.colcon_core.package_discovery:discover_packages(ignore) check parameters
[0.082s] Level 1:colcon.colcon_core.package_discovery:discover_packages(path) check parameters
[0.082s] Level 1:colcon.colcon_core.package_discovery:discover_packages(colcon_meta) discover
[0.082s] Level 1:colcon.colcon_core.package_discovery:discover_packages(recursive) discover
[0.082s] INFO:colcon.colcon_core.package_discovery:Crawling recursively for packages in '/home/seho/ros2_ws'
[0.082s] Level 1:colcon.colcon_core.package_identification:_identify(.) by extensions ['ignore', 'ignore_ament_install']
[0.082s] Level 1:colcon.colcon_core.package_identification:_identify(.) by extension 'ignore'
[0.082s] Level 1:colcon.colcon_core.package_identification:_identify(.) by extension 'ignore_ament_install'
[0.082s] Level 1:colcon.colcon_core.package_identification:_identify(.) by extensions ['colcon_pkg']
[0.082s] Level 1:colcon.colcon_core.package_identification:_identify(.) by extension 'colcon_pkg'
[0.082s] Level 1:colcon.colcon_core.package_identification:_identify(.) by extensions ['colcon_meta']
[0.082s] Level 1:colcon.colcon_core.package_identification:_identify(.) by extension 'colcon_meta'
[0.082s] Level 1:colcon.colcon_core.package_identification:_identify(.) by extensions ['ros']
[0.082s] Level 1:colcon.colcon_core.package_identification:_identify(.) by extension 'ros'
[0.091s] Level 1:colcon.colcon_core.package_identification:_identify(.) by extensions ['cmake', 'python']
[0.091s] Level 1:colcon.colcon_core.package_identification:_identify(.) by extension 'cmake'
[0.091s] Level 1:colcon.colcon_core.package_identification:_identify(.) by extension 'python'
[0.091s] Level 1:colcon.colcon_core.package_identification:_identify(.) by extensions ['python_setup_py']
[0.091s] Level 1:colcon.colcon_core.package_identification:_identify(.) by extension 'python_setup_py'
[0.091s] Level 1:colcon.colcon_core.package_identification:_identify(build) by extensions ['ignore', 'ignore_ament_install']
[0.091s] Level 1:colcon.colcon_core.package_identification:_identify(build) by extension 'ignore'
[0.091s] Level 1:colcon.colcon_core.package_identification:_identify(build) ignored
[0.091s] Level 1:colcon.colcon_core.package_identification:_identify(build_ros_flask_gps) by extensions ['ignore', 'ignore_ament_install']
[0.091s] Level 1:colcon.colcon_core.package_identification:_identify(build_ros_flask_gps) by extension 'ignore'
[0.091s] Level 1:colcon.colcon_core.package_identification:_identify(build_ros_flask_gps) ignored
[0.091s] Level 1:colcon.colcon_core.package_identification:_identify(calibration_images) by extensions ['ignore', 'ignore_ament_install']
[0.091s] Level 1:colcon.colcon_core.package_identification:_identify(calibration_images) by extension 'ignore'
[0.091s] Level 1:colcon.colcon_core.package_identification:_identify(calibration_images) by extension 'ignore_ament_install'
[0.091s] Level 1:colcon.colcon_core.package_identification:_identify(calibration_images) by extensions ['colcon_pkg']
[0.091s] Level 1:colcon.colcon_core.package_identification:_identify(calibration_images) by extension 'colcon_pkg'
[0.091s] Level 1:colcon.colcon_core.package_identification:_identify(calibration_images) by extensions ['colcon_meta']
[0.091s] Level 1:colcon.colcon_core.package_identification:_identify(calibration_images) by extension 'colcon_meta'
[0.092s] Level 1:colcon.colcon_core.package_identification:_identify(calibration_images) by extensions ['ros']
[0.092s] Level 1:colcon.colcon_core.package_identification:_identify(calibration_images) by extension 'ros'
[0.092s] Level 1:colcon.colcon_core.package_identification:_identify(calibration_images) by extensions ['cmake', 'python']
[0.092s] Level 1:colcon.colcon_core.package_identification:_identify(calibration_images) by extension 'cmake'
[0.092s] Level 1:colcon.colcon_core.package_identification:_identify(calibration_images) by extension 'python'
[0.092s] Level 1:colcon.colcon_core.package_identification:_identify(calibration_images) by extensions ['python_setup_py']
[0.092s] Level 1:colcon.colcon_core.package_identification:_identify(calibration_images) by extension 'python_setup_py'
[0.092s] Level 1:colcon.colcon_core.package_identification:_identify(install) by extensions ['ignore', 'ignore_ament_install']
[0.092s] Level 1:colcon.colcon_core.package_identification:_identify(install) by extension 'ignore'
[0.092s] Level 1:colcon.colcon_core.package_identification:_identify(install) ignored
[0.092s] Level 1:colcon.colcon_core.package_identification:_identify(install_ros_flask_gps) by extensions ['ignore', 'ignore_ament_install']
[0.092s] Level 1:colcon.colcon_core.package_identification:_identify(install_ros_flask_gps) by extension 'ignore'
[0.092s] Level 1:colcon.colcon_core.package_identification:_identify(install_ros_flask_gps) ignored
[0.092s] Level 1:colcon.colcon_core.package_identification:_identify(launch) by extensions ['ignore', 'ignore_ament_install']
[0.092s] Level 1:colcon.colcon_core.package_identification:_identify(launch) by extension 'ignore'
[0.092s] Level 1:colcon.colcon_core.package_identification:_identify(launch) by extension 'ignore_ament_install'
[0.092s] Level 1:colcon.colcon_core.package_identification:_identify(launch) by extensions ['colcon_pkg']
[0.092s] Level 1:colcon.colcon_core.package_identification:_identify(launch) by extension 'colcon_pkg'
[0.092s] Level 1:colcon.colcon_core.package_identification:_identify(launch) by extensions ['colcon_meta']
[0.092s] Level 1:colcon.colcon_core.package_identification:_identify(launch) by extension 'colcon_meta'
[0.092s] Level 1:colcon.colcon_core.package_identification:_identify(launch) by extensions ['ros']
[0.092s] Level 1:colcon.colcon_core.package_identification:_identify(launch) by extension 'ros'
[0.092s] Level 1:colcon.colcon_core.package_identification:_identify(launch) by extensions ['cmake', 'python']
[0.092s] Level 1:colcon.colcon_core.package_identification:_identify(launch) by extension 'cmake'
[0.092s] Level 1:colcon.colcon_core.package_identification:_identify(launch) by extension 'python'
[0.092s] Level 1:colcon.colcon_core.package_identification:_identify(launch) by extensions ['python_setup_py']
[0.092s] Level 1:colcon.colcon_core.package_identification:_identify(launch) by extension 'python_setup_py'
[0.092s] Level 1:colcon.colcon_core.package_identification:_identify(log) by extensions ['ignore', 'ignore_ament_install']
[0.092s] Level 1:colcon.colcon_core.package_identification:_identify(log) by extension 'ignore'
[0.092s] Level 1:colcon.colcon_core.package_identification:_identify(log) ignored
[0.092s] Level 1:colcon.colcon_core.package_identification:_identify(master) by extensions ['ignore', 'ignore_ament_install']
[0.092s] Level 1:colcon.colcon_core.package_identification:_identify(master) by extension 'ignore'
[0.092s] Level 1:colcon.colcon_core.package_identification:_identify(master) by extension 'ignore_ament_install'
[0.092s] Level 1:colcon.colcon_core.package_identification:_identify(master) by extensions ['colcon_pkg']
[0.092s] Level 1:colcon.colcon_core.package_identification:_identify(master) by extension 'colcon_pkg'
[0.092s] Level 1:colcon.colcon_core.package_identification:_identify(master) by extensions ['colcon_meta']
[0.092s] Level 1:colcon.colcon_core.package_identification:_identify(master) by extension 'colcon_meta'
[0.092s] Level 1:colcon.colcon_core.package_identification:_identify(master) by extensions ['ros']
[0.092s] Level 1:colcon.colcon_core.package_identification:_identify(master) by extension 'ros'
[0.092s] Level 1:colcon.colcon_core.package_identification:_identify(master) by extensions ['cmake', 'python']
[0.092s] Level 1:colcon.colcon_core.package_identification:_identify(master) by extension 'cmake'
[0.092s] Level 1:colcon.colcon_core.package_identification:_identify(master) by extension 'python'
[0.092s] Level 1:colcon.colcon_core.package_identification:_identify(master) by extensions ['python_setup_py']
[0.092s] Level 1:colcon.colcon_core.package_identification:_identify(master) by extension 'python_setup_py'
[0.093s] Level 1:colcon.colcon_core.package_identification:_identify(master/141024_recorder) by extensions ['ignore', 'ignore_ament_install']
[0.093s] Level 1:colcon.colcon_core.package_identification:_identify(master/141024_recorder) by extension 'ignore'
[0.093s] Level 1:colcon.colcon_core.package_identification:_identify(master/141024_recorder) by extension 'ignore_ament_install'
[0.093s] Level 1:colcon.colcon_core.package_identification:_identify(master/141024_recorder) by extensions ['colcon_pkg']
[0.093s] Level 1:colcon.colcon_core.package_identification:_identify(master/141024_recorder) by extension 'colcon_pkg'
[0.093s] Level 1:colcon.colcon_core.package_identification:_identify(master/141024_recorder) by extensions ['colcon_meta']
[0.093s] Level 1:colcon.colcon_core.package_identification:_identify(master/141024_recorder) by extension 'colcon_meta'
[0.093s] Level 1:colcon.colcon_core.package_identification:_identify(master/141024_recorder) by extensions ['ros']
[0.093s] Level 1:colcon.colcon_core.package_identification:_identify(master/141024_recorder) by extension 'ros'
[0.093s] Level 1:colcon.colcon_core.package_identification:_identify(master/141024_recorder) by extensions ['cmake', 'python']
[0.093s] Level 1:colcon.colcon_core.package_identification:_identify(master/141024_recorder) by extension 'cmake'
[0.093s] Level 1:colcon.colcon_core.package_identification:_identify(master/141024_recorder) by extension 'python'
[0.093s] Level 1:colcon.colcon_core.package_identification:_identify(master/141024_recorder) by extensions ['python_setup_py']
[0.093s] Level 1:colcon.colcon_core.package_identification:_identify(master/141024_recorder) by extension 'python_setup_py'
[0.093s] Level 1:colcon.colcon_core.package_identification:_identify(master/170924) by extensions ['ignore', 'ignore_ament_install']
[0.093s] Level 1:colcon.colcon_core.package_identification:_identify(master/170924) by extension 'ignore'
[0.093s] Level 1:colcon.colcon_core.package_identification:_identify(master/170924) by extension 'ignore_ament_install'
[0.093s] Level 1:colcon.colcon_core.package_identification:_identify(master/170924) by extensions ['colcon_pkg']
[0.093s] Level 1:colcon.colcon_core.package_identification:_identify(master/170924) by extension 'colcon_pkg'
[0.093s] Level 1:colcon.colcon_core.package_identification:_identify(master/170924) by extensions ['colcon_meta']
[0.093s] Level 1:colcon.colcon_core.package_identification:_identify(master/170924) by extension 'colcon_meta'
[0.093s] Level 1:colcon.colcon_core.package_identification:_identify(master/170924) by extensions ['ros']
[0.093s] Level 1:colcon.colcon_core.package_identification:_identify(master/170924) by extension 'ros'
[0.093s] Level 1:colcon.colcon_core.package_identification:_identify(master/170924) by extensions ['cmake', 'python']
[0.093s] Level 1:colcon.colcon_core.package_identification:_identify(master/170924) by extension 'cmake'
[0.093s] Level 1:colcon.colcon_core.package_identification:_identify(master/170924) by extension 'python'
[0.093s] Level 1:colcon.colcon_core.package_identification:_identify(master/170924) by extensions ['python_setup_py']
[0.093s] Level 1:colcon.colcon_core.package_identification:_identify(master/170924) by extension 'python_setup_py'
[0.093s] Level 1:colcon.colcon_core.package_identification:_identify(master/210824) by extensions ['ignore', 'ignore_ament_install']
[0.093s] Level 1:colcon.colcon_core.package_identification:_identify(master/210824) by extension 'ignore'
[0.093s] Level 1:colcon.colcon_core.package_identification:_identify(master/210824) by extension 'ignore_ament_install'
[0.093s] Level 1:colcon.colcon_core.package_identification:_identify(master/210824) by extensions ['colcon_pkg']
[0.093s] Level 1:colcon.colcon_core.package_identification:_identify(master/210824) by extension 'colcon_pkg'
[0.093s] Level 1:colcon.colcon_core.package_identification:_identify(master/210824) by extensions ['colcon_meta']
[0.093s] Level 1:colcon.colcon_core.package_identification:_identify(master/210824) by extension 'colcon_meta'
[0.093s] Level 1:colcon.colcon_core.package_identification:_identify(master/210824) by extensions ['ros']
[0.093s] Level 1:colcon.colcon_core.package_identification:_identify(master/210824) by extension 'ros'
[0.093s] Level 1:colcon.colcon_core.package_identification:_identify(master/210824) by extensions ['cmake', 'python']
[0.093s] Level 1:colcon.colcon_core.package_identification:_identify(master/210824) by extension 'cmake'
[0.093s] Level 1:colcon.colcon_core.package_identification:_identify(master/210824) by extension 'python'
[0.093s] Level 1:colcon.colcon_core.package_identification:_identify(master/210824) by extensions ['python_setup_py']
[0.093s] Level 1:colcon.colcon_core.package_identification:_identify(master/210824) by extension 'python_setup_py'
[0.093s] Level 1:colcon.colcon_core.package_identification:_identify(master/220824) by extensions ['ignore', 'ignore_ament_install']
[0.093s] Level 1:colcon.colcon_core.package_identification:_identify(master/220824) by extension 'ignore'
[0.093s] Level 1:colcon.colcon_core.package_identification:_identify(master/220824) by extension 'ignore_ament_install'
[0.094s] Level 1:colcon.colcon_core.package_identification:_identify(master/220824) by extensions ['colcon_pkg']
[0.094s] Level 1:colcon.colcon_core.package_identification:_identify(master/220824) by extension 'colcon_pkg'
[0.094s] Level 1:colcon.colcon_core.package_identification:_identify(master/220824) by extensions ['colcon_meta']
[0.094s] Level 1:colcon.colcon_core.package_identification:_identify(master/220824) by extension 'colcon_meta'
[0.094s] Level 1:colcon.colcon_core.package_identification:_identify(master/220824) by extensions ['ros']
[0.094s] Level 1:colcon.colcon_core.package_identification:_identify(master/220824) by extension 'ros'
[0.094s] Level 1:colcon.colcon_core.package_identification:_identify(master/220824) by extensions ['cmake', 'python']
[0.094s] Level 1:colcon.colcon_core.package_identification:_identify(master/220824) by extension 'cmake'
[0.094s] Level 1:colcon.colcon_core.package_identification:_identify(master/220824) by extension 'python'
[0.094s] Level 1:colcon.colcon_core.package_identification:_identify(master/220824) by extensions ['python_setup_py']
[0.094s] Level 1:colcon.colcon_core.package_identification:_identify(master/220824) by extension 'python_setup_py'
[0.094s] Level 1:colcon.colcon_core.package_identification:_identify(master/240824) by extensions ['ignore', 'ignore_ament_install']
[0.094s] Level 1:colcon.colcon_core.package_identification:_identify(master/240824) by extension 'ignore'
[0.094s] Level 1:colcon.colcon_core.package_identification:_identify(master/240824) by extension 'ignore_ament_install'
[0.094s] Level 1:colcon.colcon_core.package_identification:_identify(master/240824) by extensions ['colcon_pkg']
[0.094s] Level 1:colcon.colcon_core.package_identification:_identify(master/240824) by extension 'colcon_pkg'
[0.094s] Level 1:colcon.colcon_core.package_identification:_identify(master/240824) by extensions ['colcon_meta']
[0.094s] Level 1:colcon.colcon_core.package_identification:_identify(master/240824) by extension 'colcon_meta'
[0.094s] Level 1:colcon.colcon_core.package_identification:_identify(master/240824) by extensions ['ros']
[0.094s] Level 1:colcon.colcon_core.package_identification:_identify(master/240824) by extension 'ros'
[0.094s] Level 1:colcon.colcon_core.package_identification:_identify(master/240824) by extensions ['cmake', 'python']
[0.094s] Level 1:colcon.colcon_core.package_identification:_identify(master/240824) by extension 'cmake'
[0.094s] Level 1:colcon.colcon_core.package_identification:_identify(master/240824) by extension 'python'
[0.094s] Level 1:colcon.colcon_core.package_identification:_identify(master/240824) by extensions ['python_setup_py']
[0.094s] Level 1:colcon.colcon_core.package_identification:_identify(master/240824) by extension 'python_setup_py'
[0.094s] Level 1:colcon.colcon_core.package_identification:_identify(master/260824) by extensions ['ignore', 'ignore_ament_install']
[0.094s] Level 1:colcon.colcon_core.package_identification:_identify(master/260824) by extension 'ignore'
[0.094s] Level 1:colcon.colcon_core.package_identification:_identify(master/260824) by extension 'ignore_ament_install'
[0.094s] Level 1:colcon.colcon_core.package_identification:_identify(master/260824) by extensions ['colcon_pkg']
[0.094s] Level 1:colcon.colcon_core.package_identification:_identify(master/260824) by extension 'colcon_pkg'
[0.094s] Level 1:colcon.colcon_core.package_identification:_identify(master/260824) by extensions ['colcon_meta']
[0.094s] Level 1:colcon.colcon_core.package_identification:_identify(master/260824) by extension 'colcon_meta'
[0.094s] Level 1:colcon.colcon_core.package_identification:_identify(master/260824) by extensions ['ros']
[0.094s] Level 1:colcon.colcon_core.package_identification:_identify(master/260824) by extension 'ros'
[0.094s] Level 1:colcon.colcon_core.package_identification:_identify(master/260824) by extensions ['cmake', 'python']
[0.094s] Level 1:colcon.colcon_core.package_identification:_identify(master/260824) by extension 'cmake'
[0.094s] Level 1:colcon.colcon_core.package_identification:_identify(master/260824) by extension 'python'
[0.094s] Level 1:colcon.colcon_core.package_identification:_identify(master/260824) by extensions ['python_setup_py']
[0.094s] Level 1:colcon.colcon_core.package_identification:_identify(master/260824) by extension 'python_setup_py'
[0.094s] Level 1:colcon.colcon_core.package_identification:_identify(master/270824(extern_Kali)) by extensions ['ignore', 'ignore_ament_install']
[0.094s] Level 1:colcon.colcon_core.package_identification:_identify(master/270824(extern_Kali)) by extension 'ignore'
[0.094s] Level 1:colcon.colcon_core.package_identification:_identify(master/270824(extern_Kali)) by extension 'ignore_ament_install'
[0.095s] Level 1:colcon.colcon_core.package_identification:_identify(master/270824(extern_Kali)) by extensions ['colcon_pkg']
[0.095s] Level 1:colcon.colcon_core.package_identification:_identify(master/270824(extern_Kali)) by extension 'colcon_pkg'
[0.095s] Level 1:colcon.colcon_core.package_identification:_identify(master/270824(extern_Kali)) by extensions ['colcon_meta']
[0.095s] Level 1:colcon.colcon_core.package_identification:_identify(master/270824(extern_Kali)) by extension 'colcon_meta'
[0.095s] Level 1:colcon.colcon_core.package_identification:_identify(master/270824(extern_Kali)) by extensions ['ros']
[0.095s] Level 1:colcon.colcon_core.package_identification:_identify(master/270824(extern_Kali)) by extension 'ros'
[0.095s] Level 1:colcon.colcon_core.package_identification:_identify(master/270824(extern_Kali)) by extensions ['cmake', 'python']
[0.095s] Level 1:colcon.colcon_core.package_identification:_identify(master/270824(extern_Kali)) by extension 'cmake'
[0.095s] Level 1:colcon.colcon_core.package_identification:_identify(master/270824(extern_Kali)) by extension 'python'
[0.095s] Level 1:colcon.colcon_core.package_identification:_identify(master/270824(extern_Kali)) by extensions ['python_setup_py']
[0.095s] Level 1:colcon.colcon_core.package_identification:_identify(master/270824(extern_Kali)) by extension 'python_setup_py'
[0.095s] Level 1:colcon.colcon_core.package_identification:_identify(master/280824) by extensions ['ignore', 'ignore_ament_install']
[0.095s] Level 1:colcon.colcon_core.package_identification:_identify(master/280824) by extension 'ignore'
[0.095s] Level 1:colcon.colcon_core.package_identification:_identify(master/280824) by extension 'ignore_ament_install'
[0.095s] Level 1:colcon.colcon_core.package_identification:_identify(master/280824) by extensions ['colcon_pkg']
[0.095s] Level 1:colcon.colcon_core.package_identification:_identify(master/280824) by extension 'colcon_pkg'
[0.095s] Level 1:colcon.colcon_core.package_identification:_identify(master/280824) by extensions ['colcon_meta']
[0.095s] Level 1:colcon.colcon_core.package_identification:_identify(master/280824) by extension 'colcon_meta'
[0.095s] Level 1:colcon.colcon_core.package_identification:_identify(master/280824) by extensions ['ros']
[0.095s] Level 1:colcon.colcon_core.package_identification:_identify(master/280824) by extension 'ros'
[0.095s] Level 1:colcon.colcon_core.package_identification:_identify(master/280824) by extensions ['cmake', 'python']
[0.095s] Level 1:colcon.colcon_core.package_identification:_identify(master/280824) by extension 'cmake'
[0.095s] Level 1:colcon.colcon_core.package_identification:_identify(master/280824) by extension 'python'
[0.095s] Level 1:colcon.colcon_core.package_identification:_identify(master/280824) by extensions ['python_setup_py']
[0.095s] Level 1:colcon.colcon_core.package_identification:_identify(master/280824) by extension 'python_setup_py'
[0.095s] Level 1:colcon.colcon_core.package_identification:_identify(my_camera_pkg) by extensions ['ignore', 'ignore_ament_install']
[0.095s] Level 1:colcon.colcon_core.package_identification:_identify(my_camera_pkg) by extension 'ignore'
[0.095s] Level 1:colcon.colcon_core.package_identification:_identify(my_camera_pkg) by extension 'ignore_ament_install'
[0.095s] Level 1:colcon.colcon_core.package_identification:_identify(my_camera_pkg) by extensions ['colcon_pkg']
[0.095s] Level 1:colcon.colcon_core.package_identification:_identify(my_camera_pkg) by extension 'colcon_pkg'
[0.095s] Level 1:colcon.colcon_core.package_identification:_identify(my_camera_pkg) by extensions ['colcon_meta']
[0.095s] Level 1:colcon.colcon_core.package_identification:_identify(my_camera_pkg) by extension 'colcon_meta'
[0.095s] Level 1:colcon.colcon_core.package_identification:_identify(my_camera_pkg) by extensions ['ros']
[0.095s] Level 1:colcon.colcon_core.package_identification:_identify(my_camera_pkg) by extension 'ros'
[0.095s] Level 1:colcon.colcon_core.package_identification:_identify(my_camera_pkg) by extensions ['cmake', 'python']
[0.095s] Level 1:colcon.colcon_core.package_identification:_identify(my_camera_pkg) by extension 'cmake'
[0.095s] Level 1:colcon.colcon_core.package_identification:_identify(my_camera_pkg) by extension 'python'
[0.095s] Level 1:colcon.colcon_core.package_identification:_identify(my_camera_pkg) by extensions ['python_setup_py']
[0.095s] Level 1:colcon.colcon_core.package_identification:_identify(my_camera_pkg) by extension 'python_setup_py'
[0.095s] Level 1:colcon.colcon_core.package_identification:_identify(my_camera_pkg/models) by extensions ['ignore', 'ignore_ament_install']
[0.095s] Level 1:colcon.colcon_core.package_identification:_identify(my_camera_pkg/models) by extension 'ignore'
[0.095s] Level 1:colcon.colcon_core.package_identification:_identify(my_camera_pkg/models) by extension 'ignore_ament_install'
[0.095s] Level 1:colcon.colcon_core.package_identification:_identify(my_camera_pkg/models) by extensions ['colcon_pkg']
[0.095s] Level 1:colcon.colcon_core.package_identification:_identify(my_camera_pkg/models) by extension 'colcon_pkg'
[0.095s] Level 1:colcon.colcon_core.package_identification:_identify(my_camera_pkg/models) by extensions ['colcon_meta']
[0.095s] Level 1:colcon.colcon_core.package_identification:_identify(my_camera_pkg/models) by extension 'colcon_meta'
[0.095s] Level 1:colcon.colcon_core.package_identification:_identify(my_camera_pkg/models) by extensions ['ros']
[0.095s] Level 1:colcon.colcon_core.package_identification:_identify(my_camera_pkg/models) by extension 'ros'
[0.095s] Level 1:colcon.colcon_core.package_identification:_identify(my_camera_pkg/models) by extensions ['cmake', 'python']
[0.095s] Level 1:colcon.colcon_core.package_identification:_identify(my_camera_pkg/models) by extension 'cmake'
[0.095s] Level 1:colcon.colcon_core.package_identification:_identify(my_camera_pkg/models) by extension 'python'
[0.095s] Level 1:colcon.colcon_core.package_identification:_identify(my_camera_pkg/models) by extensions ['python_setup_py']
[0.095s] Level 1:colcon.colcon_core.package_identification:_identify(my_camera_pkg/models) by extension 'python_setup_py'
[0.096s] Level 1:colcon.colcon_core.package_identification:_identify(src) by extensions ['ignore', 'ignore_ament_install']
[0.096s] Level 1:colcon.colcon_core.package_identification:_identify(src) by extension 'ignore'
[0.096s] Level 1:colcon.colcon_core.package_identification:_identify(src) by extension 'ignore_ament_install'
[0.096s] Level 1:colcon.colcon_core.package_identification:_identify(src) by extensions ['colcon_pkg']
[0.096s] Level 1:colcon.colcon_core.package_identification:_identify(src) by extension 'colcon_pkg'
[0.096s] Level 1:colcon.colcon_core.package_identification:_identify(src) by extensions ['colcon_meta']
[0.096s] Level 1:colcon.colcon_core.package_identification:_identify(src) by extension 'colcon_meta'
[0.096s] Level 1:colcon.colcon_core.package_identification:_identify(src) by extensions ['ros']
[0.096s] Level 1:colcon.colcon_core.package_identification:_identify(src) by extension 'ros'
[0.096s] Level 1:colcon.colcon_core.package_identification:_identify(src) by extensions ['cmake', 'python']
[0.096s] Level 1:colcon.colcon_core.package_identification:_identify(src) by extension 'cmake'
[0.096s] Level 1:colcon.colcon_core.package_identification:_identify(src) by extension 'python'
[0.096s] Level 1:colcon.colcon_core.package_identification:_identify(src) by extensions ['python_setup_py']
[0.096s] Level 1:colcon.colcon_core.package_identification:_identify(src) by extension 'python_setup_py'
[0.096s] Level 1:colcon.colcon_core.package_identification:_identify(src/camera_extrinsic_calibration) by extensions ['ignore', 'ignore_ament_install']
[0.096s] Level 1:colcon.colcon_core.package_identification:_identify(src/camera_extrinsic_calibration) by extension 'ignore'
[0.096s] Level 1:colcon.colcon_core.package_identification:_identify(src/camera_extrinsic_calibration) by extension 'ignore_ament_install'
[0.096s] Level 1:colcon.colcon_core.package_identification:_identify(src/camera_extrinsic_calibration) by extensions ['colcon_pkg']
[0.096s] Level 1:colcon.colcon_core.package_identification:_identify(src/camera_extrinsic_calibration) by extension 'colcon_pkg'
[0.096s] Level 1:colcon.colcon_core.package_identification:_identify(src/camera_extrinsic_calibration) by extensions ['colcon_meta']
[0.096s] Level 1:colcon.colcon_core.package_identification:_identify(src/camera_extrinsic_calibration) by extension 'colcon_meta'
[0.096s] Level 1:colcon.colcon_core.package_identification:_identify(src/camera_extrinsic_calibration) by extensions ['ros']
[0.096s] Level 1:colcon.colcon_core.package_identification:_identify(src/camera_extrinsic_calibration) by extension 'ros'
[0.097s] DEBUG:colcon.colcon_core.package_identification:Package 'src/camera_extrinsic_calibration' with type 'ros.ament_python' and name 'camera_extrinsic_calibration'
[0.097s] Level 1:colcon.colcon_core.package_identification:_identify(src/data_visualization) by extensions ['ignore', 'ignore_ament_install']
[0.097s] Level 1:colcon.colcon_core.package_identification:_identify(src/data_visualization) by extension 'ignore'
[0.097s] Level 1:colcon.colcon_core.package_identification:_identify(src/data_visualization) by extension 'ignore_ament_install'
[0.097s] Level 1:colcon.colcon_core.package_identification:_identify(src/data_visualization) by extensions ['colcon_pkg']
[0.097s] Level 1:colcon.colcon_core.package_identification:_identify(src/data_visualization) by extension 'colcon_pkg'
[0.097s] Level 1:colcon.colcon_core.package_identification:_identify(src/data_visualization) by extensions ['colcon_meta']
[0.097s] Level 1:colcon.colcon_core.package_identification:_identify(src/data_visualization) by extension 'colcon_meta'
[0.097s] Level 1:colcon.colcon_core.package_identification:_identify(src/data_visualization) by extensions ['ros']
[0.097s] Level 1:colcon.colcon_core.package_identification:_identify(src/data_visualization) by extension 'ros'
[0.098s] DEBUG:colcon.colcon_core.package_identification:Package 'src/data_visualization' with type 'ros.ament_python' and name 'data_visualization'
[0.098s] Level 1:colcon.colcon_core.package_identification:_identify(src/log) by extensions ['ignore', 'ignore_ament_install']
[0.098s] Level 1:colcon.colcon_core.package_identification:_identify(src/log) by extension 'ignore'
[0.098s] Level 1:colcon.colcon_core.package_identification:_identify(src/log) ignored
[0.098s] Level 1:colcon.colcon_core.package_identification:_identify(src/my_camera_pkg) by extensions ['ignore', 'ignore_ament_install']
[0.098s] Level 1:colcon.colcon_core.package_identification:_identify(src/my_camera_pkg) by extension 'ignore'
[0.098s] Level 1:colcon.colcon_core.package_identification:_identify(src/my_camera_pkg) by extension 'ignore_ament_install'
[0.098s] Level 1:colcon.colcon_core.package_identification:_identify(src/my_camera_pkg) by extensions ['colcon_pkg']
[0.098s] Level 1:colcon.colcon_core.package_identification:_identify(src/my_camera_pkg) by extension 'colcon_pkg'
[0.098s] Level 1:colcon.colcon_core.package_identification:_identify(src/my_camera_pkg) by extensions ['colcon_meta']
[0.098s] Level 1:colcon.colcon_core.package_identification:_identify(src/my_camera_pkg) by extension 'colcon_meta'
[0.098s] Level 1:colcon.colcon_core.package_identification:_identify(src/my_camera_pkg) by extensions ['ros']
[0.098s] Level 1:colcon.colcon_core.package_identification:_identify(src/my_camera_pkg) by extension 'ros'
[0.099s] DEBUG:colcon.colcon_core.package_identification:Package 'src/my_camera_pkg' with type 'ros.ament_python' and name 'my_camera_pkg'
[0.099s] Level 1:colcon.colcon_core.package_identification:_identify(src/radar_package) by extensions ['ignore', 'ignore_ament_install']
[0.099s] Level 1:colcon.colcon_core.package_identification:_identify(src/radar_package) by extension 'ignore'
[0.099s] Level 1:colcon.colcon_core.package_identification:_identify(src/radar_package) by extension 'ignore_ament_install'
[0.099s] Level 1:colcon.colcon_core.package_identification:_identify(src/radar_package) by extensions ['colcon_pkg']
[0.099s] Level 1:colcon.colcon_core.package_identification:_identify(src/radar_package) by extension 'colcon_pkg'
[0.099s] Level 1:colcon.colcon_core.package_identification:_identify(src/radar_package) by extensions ['colcon_meta']
[0.099s] Level 1:colcon.colcon_core.package_identification:_identify(src/radar_package) by extension 'colcon_meta'
[0.099s] Level 1:colcon.colcon_core.package_identification:_identify(src/radar_package) by extensions ['ros']
[0.099s] Level 1:colcon.colcon_core.package_identification:_identify(src/radar_package) by extension 'ros'
[0.099s] DEBUG:colcon.colcon_core.package_identification:Package 'src/radar_package' with type 'ros.ament_python' and name 'radar_package'
[0.099s] Level 1:colcon.colcon_core.package_identification:_identify(src/radar_visualization_node) by extensions ['ignore', 'ignore_ament_install']
[0.099s] Level 1:colcon.colcon_core.package_identification:_identify(src/radar_visualization_node) by extension 'ignore'
[0.099s] Level 1:colcon.colcon_core.package_identification:_identify(src/radar_visualization_node) by extension 'ignore_ament_install'
[0.099s] Level 1:colcon.colcon_core.package_identification:_identify(src/radar_visualization_node) by extensions ['colcon_pkg']
[0.099s] Level 1:colcon.colcon_core.package_identification:_identify(src/radar_visualization_node) by extension 'colcon_pkg'
[0.099s] Level 1:colcon.colcon_core.package_identification:_identify(src/radar_visualization_node) by extensions ['colcon_meta']
[0.099s] Level 1:colcon.colcon_core.package_identification:_identify(src/radar_visualization_node) by extension 'colcon_meta'
[0.099s] Level 1:colcon.colcon_core.package_identification:_identify(src/radar_visualization_node) by extensions ['ros']
[0.099s] Level 1:colcon.colcon_core.package_identification:_identify(src/radar_visualization_node) by extension 'ros'
[0.100s] DEBUG:colcon.colcon_core.package_identification:Package 'src/radar_visualization_node' with type 'ros.ament_python' and name 'radar_visualization_node'
[0.100s] Level 1:colcon.colcon_core.package_identification:_identify(src/sensor_calibration) by extensions ['ignore', 'ignore_ament_install']
[0.100s] Level 1:colcon.colcon_core.package_identification:_identify(src/sensor_calibration) by extension 'ignore'
[0.100s] Level 1:colcon.colcon_core.package_identification:_identify(src/sensor_calibration) by extension 'ignore_ament_install'
[0.100s] Level 1:colcon.colcon_core.package_identification:_identify(src/sensor_calibration) by extensions ['colcon_pkg']
[0.100s] Level 1:colcon.colcon_core.package_identification:_identify(src/sensor_calibration) by extension 'colcon_pkg'
[0.100s] Level 1:colcon.colcon_core.package_identification:_identify(src/sensor_calibration) by extensions ['colcon_meta']
[0.100s] Level 1:colcon.colcon_core.package_identification:_identify(src/sensor_calibration) by extension 'colcon_meta'
[0.100s] Level 1:colcon.colcon_core.package_identification:_identify(src/sensor_calibration) by extensions ['ros']
[0.100s] Level 1:colcon.colcon_core.package_identification:_identify(src/sensor_calibration) by extension 'ros'
[0.100s] DEBUG:colcon.colcon_core.package_identification:Package 'src/sensor_calibration' with type 'ros.ament_python' and name 'sensor_calibration'
[0.100s] Level 1:colcon.colcon_core.package_identification:_identify(src/sensor_data) by extensions ['ignore', 'ignore_ament_install']
[0.100s] Level 1:colcon.colcon_core.package_identification:_identify(src/sensor_data) by extension 'ignore'
[0.100s] Level 1:colcon.colcon_core.package_identification:_identify(src/sensor_data) by extension 'ignore_ament_install'
[0.100s] Level 1:colcon.colcon_core.package_identification:_identify(src/sensor_data) by extensions ['colcon_pkg']
[0.100s] Level 1:colcon.colcon_core.package_identification:_identify(src/sensor_data) by extension 'colcon_pkg'
[0.100s] Level 1:colcon.colcon_core.package_identification:_identify(src/sensor_data) by extensions ['colcon_meta']
[0.100s] Level 1:colcon.colcon_core.package_identification:_identify(src/sensor_data) by extension 'colcon_meta'
[0.100s] Level 1:colcon.colcon_core.package_identification:_identify(src/sensor_data) by extensions ['ros']
[0.100s] Level 1:colcon.colcon_core.package_identification:_identify(src/sensor_data) by extension 'ros'
[0.100s] Level 1:colcon.colcon_core.package_identification:_identify(src/sensor_data) by extensions ['cmake', 'python']
[0.100s] Level 1:colcon.colcon_core.package_identification:_identify(src/sensor_data) by extension 'cmake'
[0.100s] Level 1:colcon.colcon_core.package_identification:_identify(src/sensor_data) by extension 'python'
[0.100s] Level 1:colcon.colcon_core.package_identification:_identify(src/sensor_data) by extensions ['python_setup_py']
[0.100s] Level 1:colcon.colcon_core.package_identification:_identify(src/sensor_data) by extension 'python_setup_py'
[0.100s] Level 1:colcon.colcon_core.package_identification:_identify(src/sensor_data/sensor_data_20241014_161139) by extensions ['ignore', 'ignore_ament_install']
[0.101s] Level 1:colcon.colcon_core.package_identification:_identify(src/sensor_data/sensor_data_20241014_161139) by extension 'ignore'
[0.101s] Level 1:colcon.colcon_core.package_identification:_identify(src/sensor_data/sensor_data_20241014_161139) by extension 'ignore_ament_install'
[0.101s] Level 1:colcon.colcon_core.package_identification:_identify(src/sensor_data/sensor_data_20241014_161139) by extensions ['colcon_pkg']
[0.101s] Level 1:colcon.colcon_core.package_identification:_identify(src/sensor_data/sensor_data_20241014_161139) by extension 'colcon_pkg'
[0.101s] Level 1:colcon.colcon_core.package_identification:_identify(src/sensor_data/sensor_data_20241014_161139) by extensions ['colcon_meta']
[0.101s] Level 1:colcon.colcon_core.package_identification:_identify(src/sensor_data/sensor_data_20241014_161139) by extension 'colcon_meta'
[0.101s] Level 1:colcon.colcon_core.package_identification:_identify(src/sensor_data/sensor_data_20241014_161139) by extensions ['ros']
[0.101s] Level 1:colcon.colcon_core.package_identification:_identify(src/sensor_data/sensor_data_20241014_161139) by extension 'ros'
[0.101s] Level 1:colcon.colcon_core.package_identification:_identify(src/sensor_data/sensor_data_20241014_161139) by extensions ['cmake', 'python']
[0.101s] Level 1:colcon.colcon_core.package_identification:_identify(src/sensor_data/sensor_data_20241014_161139) by extension 'cmake'
[0.101s] Level 1:colcon.colcon_core.package_identification:_identify(src/sensor_data/sensor_data_20241014_161139) by extension 'python'
[0.101s] Level 1:colcon.colcon_core.package_identification:_identify(src/sensor_data/sensor_data_20241014_161139) by extensions ['python_setup_py']
[0.101s] Level 1:colcon.colcon_core.package_identification:_identify(src/sensor_data/sensor_data_20241014_161139) by extension 'python_setup_py'
[0.101s] Level 1:colcon.colcon_core.package_identification:_identify(src/sensor_data/sensor_data_20241014_174502) by extensions ['ignore', 'ignore_ament_install']
[0.101s] Level 1:colcon.colcon_core.package_identification:_identify(src/sensor_data/sensor_data_20241014_174502) by extension 'ignore'
[0.101s] Level 1:colcon.colcon_core.package_identification:_identify(src/sensor_data/sensor_data_20241014_174502) by extension 'ignore_ament_install'
[0.101s] Level 1:colcon.colcon_core.package_identification:_identify(src/sensor_data/sensor_data_20241014_174502) by extensions ['colcon_pkg']
[0.101s] Level 1:colcon.colcon_core.package_identification:_identify(src/sensor_data/sensor_data_20241014_174502) by extension 'colcon_pkg'
[0.101s] Level 1:colcon.colcon_core.package_identification:_identify(src/sensor_data/sensor_data_20241014_174502) by extensions ['colcon_meta']
[0.101s] Level 1:colcon.colcon_core.package_identification:_identify(src/sensor_data/sensor_data_20241014_174502) by extension 'colcon_meta'
[0.101s] Level 1:colcon.colcon_core.package_identification:_identify(src/sensor_data/sensor_data_20241014_174502) by extensions ['ros']
[0.101s] Level 1:colcon.colcon_core.package_identification:_identify(src/sensor_data/sensor_data_20241014_174502) by extension 'ros'
[0.101s] Level 1:colcon.colcon_core.package_identification:_identify(src/sensor_data/sensor_data_20241014_174502) by extensions ['cmake', 'python']
[0.101s] Level 1:colcon.colcon_core.package_identification:_identify(src/sensor_data/sensor_data_20241014_174502) by extension 'cmake'
[0.101s] Level 1:colcon.colcon_core.package_identification:_identify(src/sensor_data/sensor_data_20241014_174502) by extension 'python'
[0.101s] Level 1:colcon.colcon_core.package_identification:_identify(src/sensor_data/sensor_data_20241014_174502) by extensions ['python_setup_py']
[0.101s] Level 1:colcon.colcon_core.package_identification:_identify(src/sensor_data/sensor_data_20241014_174502) by extension 'python_setup_py'
[0.101s] Level 1:colcon.colcon_core.package_identification:_identify(src/sensor_data/sensor_data_20241014_174941) by extensions ['ignore', 'ignore_ament_install']
[0.101s] Level 1:colcon.colcon_core.package_identification:_identify(src/sensor_data/sensor_data_20241014_174941) by extension 'ignore'
[0.101s] Level 1:colcon.colcon_core.package_identification:_identify(src/sensor_data/sensor_data_20241014_174941) by extension 'ignore_ament_install'
[0.101s] Level 1:colcon.colcon_core.package_identification:_identify(src/sensor_data/sensor_data_20241014_174941) by extensions ['colcon_pkg']
[0.101s] Level 1:colcon.colcon_core.package_identification:_identify(src/sensor_data/sensor_data_20241014_174941) by extension 'colcon_pkg'
[0.101s] Level 1:colcon.colcon_core.package_identification:_identify(src/sensor_data/sensor_data_20241014_174941) by extensions ['colcon_meta']
[0.101s] Level 1:colcon.colcon_core.package_identification:_identify(src/sensor_data/sensor_data_20241014_174941) by extension 'colcon_meta'
[0.101s] Level 1:colcon.colcon_core.package_identification:_identify(src/sensor_data/sensor_data_20241014_174941) by extensions ['ros']
[0.101s] Level 1:colcon.colcon_core.package_identification:_identify(src/sensor_data/sensor_data_20241014_174941) by extension 'ros'
[0.101s] Level 1:colcon.colcon_core.package_identification:_identify(src/sensor_data/sensor_data_20241014_174941) by extensions ['cmake', 'python']
[0.101s] Level 1:colcon.colcon_core.package_identification:_identify(src/sensor_data/sensor_data_20241014_174941) by extension 'cmake'
[0.101s] Level 1:colcon.colcon_core.package_identification:_identify(src/sensor_data/sensor_data_20241014_174941) by extension 'python'
[0.101s] Level 1:colcon.colcon_core.package_identification:_identify(src/sensor_data/sensor_data_20241014_174941) by extensions ['python_setup_py']
[0.101s] Level 1:colcon.colcon_core.package_identification:_identify(src/sensor_data/sensor_data_20241014_174941) by extension 'python_setup_py'
[0.101s] Level 1:colcon.colcon_core.package_identification:_identify(src/sensor_data/sensor_data_20241015_161201) by extensions ['ignore', 'ignore_ament_install']
[0.101s] Level 1:colcon.colcon_core.package_identification:_identify(src/sensor_data/sensor_data_20241015_161201) by extension 'ignore'
[0.101s] Level 1:colcon.colcon_core.package_identification:_identify(src/sensor_data/sensor_data_20241015_161201) by extension 'ignore_ament_install'
[0.101s] Level 1:colcon.colcon_core.package_identification:_identify(src/sensor_data/sensor_data_20241015_161201) by extensions ['colcon_pkg']
[0.101s] Level 1:colcon.colcon_core.package_identification:_identify(src/sensor_data/sensor_data_20241015_161201) by extension 'colcon_pkg'
[0.101s] Level 1:colcon.colcon_core.package_identification:_identify(src/sensor_data/sensor_data_20241015_161201) by extensions ['colcon_meta']
[0.102s] Level 1:colcon.colcon_core.package_identification:_identify(src/sensor_data/sensor_data_20241015_161201) by extension 'colcon_meta'
[0.102s] Level 1:colcon.colcon_core.package_identification:_identify(src/sensor_data/sensor_data_20241015_161201) by extensions ['ros']
[0.102s] Level 1:colcon.colcon_core.package_identification:_identify(src/sensor_data/sensor_data_20241015_161201) by extension 'ros'
[0.102s] Level 1:colcon.colcon_core.package_identification:_identify(src/sensor_data/sensor_data_20241015_161201) by extensions ['cmake', 'python']
[0.102s] Level 1:colcon.colcon_core.package_identification:_identify(src/sensor_data/sensor_data_20241015_161201) by extension 'cmake'
[0.102s] Level 1:colcon.colcon_core.package_identification:_identify(src/sensor_data/sensor_data_20241015_161201) by extension 'python'
[0.102s] Level 1:colcon.colcon_core.package_identification:_identify(src/sensor_data/sensor_data_20241015_161201) by extensions ['python_setup_py']
[0.102s] Level 1:colcon.colcon_core.package_identification:_identify(src/sensor_data/sensor_data_20241015_161201) by extension 'python_setup_py'
[0.102s] Level 1:colcon.colcon_core.package_identification:_identify(src/sensor_data/sensor_data_20241015_161322) by extensions ['ignore', 'ignore_ament_install']
[0.102s] Level 1:colcon.colcon_core.package_identification:_identify(src/sensor_data/sensor_data_20241015_161322) by extension 'ignore'
[0.102s] Level 1:colcon.colcon_core.package_identification:_identify(src/sensor_data/sensor_data_20241015_161322) by extension 'ignore_ament_install'
[0.102s] Level 1:colcon.colcon_core.package_identification:_identify(src/sensor_data/sensor_data_20241015_161322) by extensions ['colcon_pkg']
[0.102s] Level 1:colcon.colcon_core.package_identification:_identify(src/sensor_data/sensor_data_20241015_161322) by extension 'colcon_pkg'
[0.102s] Level 1:colcon.colcon_core.package_identification:_identify(src/sensor_data/sensor_data_20241015_161322) by extensions ['colcon_meta']
[0.102s] Level 1:colcon.colcon_core.package_identification:_identify(src/sensor_data/sensor_data_20241015_161322) by extension 'colcon_meta'
[0.102s] Level 1:colcon.colcon_core.package_identification:_identify(src/sensor_data/sensor_data_20241015_161322) by extensions ['ros']
[0.102s] Level 1:colcon.colcon_core.package_identification:_identify(src/sensor_data/sensor_data_20241015_161322) by extension 'ros'
[0.102s] Level 1:colcon.colcon_core.package_identification:_identify(src/sensor_data/sensor_data_20241015_161322) by extensions ['cmake', 'python']
[0.102s] Level 1:colcon.colcon_core.package_identification:_identify(src/sensor_data/sensor_data_20241015_161322) by extension 'cmake'
[0.102s] Level 1:colcon.colcon_core.package_identification:_identify(src/sensor_data/sensor_data_20241015_161322) by extension 'python'
[0.102s] Level 1:colcon.colcon_core.package_identification:_identify(src/sensor_data/sensor_data_20241015_161322) by extensions ['python_setup_py']
[0.102s] Level 1:colcon.colcon_core.package_identification:_identify(src/sensor_data/sensor_data_20241015_161322) by extension 'python_setup_py'
[0.102s] Level 1:colcon.colcon_core.package_identification:_identify(src/sensor_data/sensor_data_20241015_161611) by extensions ['ignore', 'ignore_ament_install']
[0.102s] Level 1:colcon.colcon_core.package_identification:_identify(src/sensor_data/sensor_data_20241015_161611) by extension 'ignore'
[0.102s] Level 1:colcon.colcon_core.package_identification:_identify(src/sensor_data/sensor_data_20241015_161611) by extension 'ignore_ament_install'
[0.102s] Level 1:colcon.colcon_core.package_identification:_identify(src/sensor_data/sensor_data_20241015_161611) by extensions ['colcon_pkg']
[0.102s] Level 1:colcon.colcon_core.package_identification:_identify(src/sensor_data/sensor_data_20241015_161611) by extension 'colcon_pkg'
[0.102s] Level 1:colcon.colcon_core.package_identification:_identify(src/sensor_data/sensor_data_20241015_161611) by extensions ['colcon_meta']
[0.102s] Level 1:colcon.colcon_core.package_identification:_identify(src/sensor_data/sensor_data_20241015_161611) by extension 'colcon_meta'
[0.102s] Level 1:colcon.colcon_core.package_identification:_identify(src/sensor_data/sensor_data_20241015_161611) by extensions ['ros']
[0.102s] Level 1:colcon.colcon_core.package_identification:_identify(src/sensor_data/sensor_data_20241015_161611) by extension 'ros'
[0.102s] Level 1:colcon.colcon_core.package_identification:_identify(src/sensor_data/sensor_data_20241015_161611) by extensions ['cmake', 'python']
[0.102s] Level 1:colcon.colcon_core.package_identification:_identify(src/sensor_data/sensor_data_20241015_161611) by extension 'cmake'
[0.102s] Level 1:colcon.colcon_core.package_identification:_identify(src/sensor_data/sensor_data_20241015_161611) by extension 'python'
[0.102s] Level 1:colcon.colcon_core.package_identification:_identify(src/sensor_data/sensor_data_20241015_161611) by extensions ['python_setup_py']
[0.102s] Level 1:colcon.colcon_core.package_identification:_identify(src/sensor_data/sensor_data_20241015_161611) by extension 'python_setup_py'
[0.102s] Level 1:colcon.colcon_core.package_identification:_identify(src/sensor_data_recorder) by extensions ['ignore', 'ignore_ament_install']
[0.102s] Level 1:colcon.colcon_core.package_identification:_identify(src/sensor_data_recorder) by extension 'ignore'
[0.102s] Level 1:colcon.colcon_core.package_identification:_identify(src/sensor_data_recorder) by extension 'ignore_ament_install'
[0.102s] Level 1:colcon.colcon_core.package_identification:_identify(src/sensor_data_recorder) by extensions ['colcon_pkg']
[0.102s] Level 1:colcon.colcon_core.package_identification:_identify(src/sensor_data_recorder) by extension 'colcon_pkg'
[0.102s] Level 1:colcon.colcon_core.package_identification:_identify(src/sensor_data_recorder) by extensions ['colcon_meta']
[0.102s] Level 1:colcon.colcon_core.package_identification:_identify(src/sensor_data_recorder) by extension 'colcon_meta'
[0.102s] Level 1:colcon.colcon_core.package_identification:_identify(src/sensor_data_recorder) by extensions ['ros']
[0.102s] Level 1:colcon.colcon_core.package_identification:_identify(src/sensor_data_recorder) by extension 'ros'
[0.103s] DEBUG:colcon.colcon_core.package_identification:Package 'src/sensor_data_recorder' with type 'ros.ament_python' and name 'sensor_data_recorder'
[0.103s] Level 1:colcon.colcon_core.package_identification:_identify(src/sensor_fusion_pkg) by extensions ['ignore', 'ignore_ament_install']
[0.103s] Level 1:colcon.colcon_core.package_identification:_identify(src/sensor_fusion_pkg) by extension 'ignore'
[0.103s] Level 1:colcon.colcon_core.package_identification:_identify(src/sensor_fusion_pkg) by extension 'ignore_ament_install'
[0.103s] Level 1:colcon.colcon_core.package_identification:_identify(src/sensor_fusion_pkg) by extensions ['colcon_pkg']
[0.103s] Level 1:colcon.colcon_core.package_identification:_identify(src/sensor_fusion_pkg) by extension 'colcon_pkg'
[0.103s] Level 1:colcon.colcon_core.package_identification:_identify(src/sensor_fusion_pkg) by extensions ['colcon_meta']
[0.103s] Level 1:colcon.colcon_core.package_identification:_identify(src/sensor_fusion_pkg) by extension 'colcon_meta'
[0.103s] Level 1:colcon.colcon_core.package_identification:_identify(src/sensor_fusion_pkg) by extensions ['ros']
[0.103s] Level 1:colcon.colcon_core.package_identification:_identify(src/sensor_fusion_pkg) by extension 'ros'
[0.103s] DEBUG:colcon.colcon_core.package_identification:Package 'src/sensor_fusion_pkg' with type 'ros.ament_python' and name 'sensor_fusion_pkg'
[0.103s] Level 1:colcon.colcon_core.package_identification:_identify(trash) by extensions ['ignore', 'ignore_ament_install']
[0.104s] Level 1:colcon.colcon_core.package_identification:_identify(trash) by extension 'ignore'
[0.104s] Level 1:colcon.colcon_core.package_identification:_identify(trash) by extension 'ignore_ament_install'
[0.104s] Level 1:colcon.colcon_core.package_identification:_identify(trash) by extensions ['colcon_pkg']
[0.104s] Level 1:colcon.colcon_core.package_identification:_identify(trash) by extension 'colcon_pkg'
[0.104s] Level 1:colcon.colcon_core.package_identification:_identify(trash) by extensions ['colcon_meta']
[0.104s] Level 1:colcon.colcon_core.package_identification:_identify(trash) by extension 'colcon_meta'
[0.104s] Level 1:colcon.colcon_core.package_identification:_identify(trash) by extensions ['ros']
[0.104s] Level 1:colcon.colcon_core.package_identification:_identify(trash) by extension 'ros'
[0.104s] Level 1:colcon.colcon_core.package_identification:_identify(trash) by extensions ['cmake', 'python']
[0.104s] Level 1:colcon.colcon_core.package_identification:_identify(trash) by extension 'cmake'
[0.104s] Level 1:colcon.colcon_core.package_identification:_identify(trash) by extension 'python'
[0.104s] Level 1:colcon.colcon_core.package_identification:_identify(trash) by extensions ['python_setup_py']
[0.104s] Level 1:colcon.colcon_core.package_identification:_identify(trash) by extension 'python_setup_py'
[0.104s] Level 1:colcon.colcon_core.package_discovery:discover_packages(recursive) using defaults
[0.104s] Level 1:colcon.colcon_core.package_discovery:discover_packages(ignore) discover
[0.104s] Level 1:colcon.colcon_core.package_discovery:discover_packages(ignore) using defaults
[0.104s] Level 1:colcon.colcon_core.package_discovery:discover_packages(path) discover
[0.104s] Level 1:colcon.colcon_core.package_discovery:discover_packages(path) using defaults
[0.116s] INFO:colcon.colcon_core.package_selection:Skipping not selected package 'camera_extrinsic_calibration' in 'src/camera_extrinsic_calibration'
[0.116s] INFO:colcon.colcon_core.package_selection:Skipping not selected package 'my_camera_pkg' in 'src/my_camera_pkg'
[0.116s] INFO:colcon.colcon_core.package_selection:Skipping not selected package 'radar_package' in 'src/radar_package'
[0.116s] INFO:colcon.colcon_core.package_selection:Skipping not selected package 'radar_visualization_node' in 'src/radar_visualization_node'
[0.116s] INFO:colcon.colcon_core.package_selection:Skipping not selected package 'sensor_calibration' in 'src/sensor_calibration'
[0.116s] INFO:colcon.colcon_core.package_selection:Skipping not selected package 'sensor_data_recorder' in 'src/sensor_data_recorder'
[0.116s] INFO:colcon.colcon_core.package_selection:Skipping not selected package 'sensor_fusion_pkg' in 'src/sensor_fusion_pkg'
[0.116s] Level 1:colcon.colcon_core.package_discovery:discover_packages(prefix_path) check parameters
[0.116s] Level 1:colcon.colcon_core.package_discovery:discover_packages(prefix_path) discover
[0.117s] WARNING:colcon.colcon_ros.prefix_path.ament:The path '/home/seho/ros2_ws/install/sensor_fusion_pkg' in the environment variable AMENT_PREFIX_PATH doesn't exist
[0.117s] WARNING:colcon.colcon_ros.prefix_path.ament:The path '/home/seho/ros2_ws/install/sensor_data_recorder' in the environment variable AMENT_PREFIX_PATH doesn't exist
[0.117s] WARNING:colcon.colcon_ros.prefix_path.ament:The path '/home/seho/ros2_ws/install/sensor_calibration' in the environment variable AMENT_PREFIX_PATH doesn't exist
[0.117s] WARNING:colcon.colcon_ros.prefix_path.ament:The path '/home/seho/ros2_ws/install/ros_flask_gps' in the environment variable AMENT_PREFIX_PATH doesn't exist
[0.117s] WARNING:colcon.colcon_ros.prefix_path.ament:The path '/home/seho/ros2_ws/install/radar_visualization_node' in the environment variable AMENT_PREFIX_PATH doesn't exist
[0.117s] WARNING:colcon.colcon_ros.prefix_path.ament:The path '/home/seho/ros2_ws/install/radar_package' in the environment variable AMENT_PREFIX_PATH doesn't exist
[0.117s] WARNING:colcon.colcon_ros.prefix_path.ament:The path '/home/seho/ros2_ws/install/my_launch_pkg' in the environment variable AMENT_PREFIX_PATH doesn't exist
[0.117s] WARNING:colcon.colcon_ros.prefix_path.ament:The path '/home/seho/ros2_ws/install/my_camera_pkg' in the environment variable AMENT_PREFIX_PATH doesn't exist
[0.117s] WARNING:colcon.colcon_ros.prefix_path.ament:The path '/home/seho/ros2_ws/install/data_visualization' in the environment variable AMENT_PREFIX_PATH doesn't exist
[0.117s] WARNING:colcon.colcon_ros.prefix_path.ament:The path '/home/seho/ros2_ws/install/camera_extrinsic_calibration' in the environment variable AMENT_PREFIX_PATH doesn't exist
[0.118s] DEBUG:colcon.colcon_installed_package_information.package_discovery:Found 0 installed packages in /home/seho/ros2_ws/install
[0.119s] DEBUG:colcon.colcon_installed_package_information.package_discovery:Found 309 installed packages in /opt/ros/iron
[0.119s] Level 1:colcon.colcon_core.package_discovery:discover_packages(prefix_path) using defaults
[0.146s] Level 5:colcon.colcon_core.verb:set package 'data_visualization' build argument 'cmake_args' from command line to 'None'
[0.146s] Level 5:colcon.colcon_core.verb:set package 'data_visualization' build argument 'cmake_target' from command line to 'None'
[0.146s] Level 5:colcon.colcon_core.verb:set package 'data_visualization' build argument 'cmake_target_skip_unavailable' from command line to 'False'
[0.146s] Level 5:colcon.colcon_core.verb:set package 'data_visualization' build argument 'cmake_clean_cache' from command line to 'False'
[0.146s] Level 5:colcon.colcon_core.verb:set package 'data_visualization' build argument 'cmake_clean_first' from command line to 'False'
[0.146s] Level 5:colcon.colcon_core.verb:set package 'data_visualization' build argument 'cmake_force_configure' from command line to 'False'
[0.146s] Level 5:colcon.colcon_core.verb:set package 'data_visualization' build argument 'ament_cmake_args' from command line to 'None'
[0.146s] Level 5:colcon.colcon_core.verb:set package 'data_visualization' build argument 'catkin_cmake_args' from command line to 'None'
[0.146s] Level 5:colcon.colcon_core.verb:set package 'data_visualization' build argument 'catkin_skip_building_tests' from command line to 'False'
[0.146s] DEBUG:colcon.colcon_core.verb:Building package 'data_visualization' with the following arguments: {'ament_cmake_args': None, 'build_base': '/home/seho/ros2_ws/build/data_visualization', 'catkin_cmake_args': None, 'catkin_skip_building_tests': False, 'cmake_args': None, 'cmake_clean_cache': False, 'cmake_clean_first': False, 'cmake_force_configure': False, 'cmake_target': None, 'cmake_target_skip_unavailable': False, 'install_base': '/home/seho/ros2_ws/install/data_visualization', 'merge_install': False, 'path': '/home/seho/ros2_ws/src/data_visualization', 'symlink_install': False, 'test_result_base': None}
[0.146s] INFO:colcon.colcon_core.executor:Executing jobs using 'parallel' executor
[0.146s] DEBUG:colcon.colcon_parallel_executor.executor.parallel:run_until_complete
[0.147s] INFO:colcon.colcon_ros.task.ament_python.build:Building ROS package in '/home/seho/ros2_ws/src/data_visualization' with build type 'ament_python'
[0.147s] Level 1:colcon.colcon_core.shell:create_environment_hook('data_visualization', 'ament_prefix_path')
[0.148s] INFO:colcon.colcon_core.plugin_system:Skipping extension 'colcon_core.shell.bat': Not used on non-Windows systems
[0.148s] INFO:colcon.colcon_core.shell:Creating environment hook '/home/seho/ros2_ws/install/data_visualization/share/data_visualization/hook/ament_prefix_path.ps1'
[0.149s] INFO:colcon.colcon_core.shell:Creating environment descriptor '/home/seho/ros2_ws/install/data_visualization/share/data_visualization/hook/ament_prefix_path.dsv'
[0.149s] INFO:colcon.colcon_core.shell:Creating environment hook '/home/seho/ros2_ws/install/data_visualization/share/data_visualization/hook/ament_prefix_path.sh'
[0.150s] INFO:colcon.colcon_core.shell:Skip shell extension 'powershell' for command environment: Not usable outside of PowerShell
[0.150s] DEBUG:colcon.colcon_core.shell:Skip shell extension 'dsv' for command environment
[0.272s] WARNING:colcon.colcon_ros.task.ament_python.build:Package 'data_visualization' doesn't explicitly install a marker in the package index (colcon-ros currently does it implicitly but that fallback will be removed in the future)
[0.273s] WARNING:colcon.colcon_ros.task.ament_python.build:Package 'data_visualization' doesn't explicitly install the 'package.xml' file (colcon-ros currently does it implicitly but that fallback will be removed in the future)
[0.273s] INFO:colcon.colcon_core.task.python.build:Building Python package in '/home/seho/ros2_ws/src/data_visualization'
[0.273s] INFO:colcon.colcon_core.shell:Skip shell extension 'powershell' for command environment: Not usable outside of PowerShell
[0.273s] DEBUG:colcon.colcon_core.shell:Skip shell extension 'dsv' for command environment
[0.559s] DEBUG:colcon.colcon_core.event_handler.log_command:Invoking command in '/home/seho/ros2_ws/src/data_visualization': PYTHONPATH=/home/seho/ros2_ws/build/data_visualization/prefix_override:/usr/lib/python3/dist-packages/colcon_core/task/python/colcon_distutils_commands:/home/seho/ros2_ws/install/data_visualization/lib/python3.10/site-packages:${PYTHONPATH} /usr/bin/python3 -W ignore:setup.py install is deprecated setup.py egg_info --egg-base ../../build/data_visualization build --build-base /home/seho/ros2_ws/build/data_visualization/build install --record /home/seho/ros2_ws/build/data_visualization/install.log --single-version-externally-managed
[0.839s] DEBUG:colcon.colcon_core.event_handler.log_command:Invoked command in '/home/seho/ros2_ws/src/data_visualization' returned '0': PYTHONPATH=/home/seho/ros2_ws/build/data_visualization/prefix_override:/usr/lib/python3/dist-packages/colcon_core/task/python/colcon_distutils_commands:/home/seho/ros2_ws/install/data_visualization/lib/python3.10/site-packages:${PYTHONPATH} /usr/bin/python3 -W ignore:setup.py install is deprecated setup.py egg_info --egg-base ../../build/data_visualization build --build-base /home/seho/ros2_ws/build/data_visualization/build install --record /home/seho/ros2_ws/build/data_visualization/install.log --single-version-externally-managed
[0.840s] Level 1:colcon.colcon_core.environment:checking '/home/seho/ros2_ws/install/data_visualization' for CMake module files
[0.841s] Level 1:colcon.colcon_core.environment:checking '/home/seho/ros2_ws/install/data_visualization' for CMake config files
[0.841s] Level 1:colcon.colcon_core.environment:checking '/home/seho/ros2_ws/install/data_visualization/lib'
[0.841s] Level 1:colcon.colcon_core.environment:checking '/home/seho/ros2_ws/install/data_visualization/bin'
[0.841s] Level 1:colcon.colcon_core.environment:checking '/home/seho/ros2_ws/install/data_visualization/lib/pkgconfig/data_visualization.pc'
[0.841s] Level 1:colcon.colcon_core.environment:checking '/home/seho/ros2_ws/install/data_visualization/lib/python3.10/site-packages'
[0.841s] Level 1:colcon.colcon_core.shell:create_environment_hook('data_visualization', 'pythonpath')
[0.842s] INFO:colcon.colcon_core.shell:Creating environment hook '/home/seho/ros2_ws/install/data_visualization/share/data_visualization/hook/pythonpath.ps1'
[0.842s] INFO:colcon.colcon_core.shell:Creating environment descriptor '/home/seho/ros2_ws/install/data_visualization/share/data_visualization/hook/pythonpath.dsv'
[0.842s] INFO:colcon.colcon_core.shell:Creating environment hook '/home/seho/ros2_ws/install/data_visualization/share/data_visualization/hook/pythonpath.sh'
[0.842s] Level 1:colcon.colcon_core.environment:checking '/home/seho/ros2_ws/install/data_visualization/bin'
[0.842s] Level 1:colcon.colcon_core.environment:create_environment_scripts_only(data_visualization)
[0.842s] INFO:colcon.colcon_core.shell:Creating package script '/home/seho/ros2_ws/install/data_visualization/share/data_visualization/package.ps1'
[0.843s] INFO:colcon.colcon_core.shell:Creating package descriptor '/home/seho/ros2_ws/install/data_visualization/share/data_visualization/package.dsv'
[0.843s] INFO:colcon.colcon_core.shell:Creating package script '/home/seho/ros2_ws/install/data_visualization/share/data_visualization/package.sh'
[0.843s] INFO:colcon.colcon_core.shell:Creating package script '/home/seho/ros2_ws/install/data_visualization/share/data_visualization/package.bash'
[0.844s] INFO:colcon.colcon_core.shell:Creating package script '/home/seho/ros2_ws/install/data_visualization/share/data_visualization/package.zsh'
[0.844s] Level 1:colcon.colcon_core.environment:create_file_with_runtime_dependencies(/home/seho/ros2_ws/install/data_visualization/share/colcon-core/packages/data_visualization)
[0.844s] DEBUG:colcon.colcon_parallel_executor.executor.parallel:closing loop
[0.844s] DEBUG:colcon.colcon_parallel_executor.executor.parallel:loop closed
[0.844s] DEBUG:colcon.colcon_parallel_executor.executor.parallel:run_until_complete finished with '0'
[0.844s] DEBUG:colcon.colcon_core.event_reactor:joining thread
[0.848s] INFO:colcon.colcon_core.plugin_system:Skipping extension 'colcon_notification.desktop_notification.terminal_notifier': Not used on non-Darwin systems
[0.848s] INFO:colcon.colcon_core.plugin_system:Skipping extension 'colcon_notification.desktop_notification.win32': Not used on non-Windows systems
[0.848s] INFO:colcon.colcon_notification.desktop_notification:Sending desktop notification using 'notify2'
[0.860s] DEBUG:colcon.colcon_core.event_reactor:joined thread
[0.861s] INFO:colcon.colcon_core.shell:Creating prefix script '/home/seho/ros2_ws/install/local_setup.ps1'
[0.861s] INFO:colcon.colcon_core.shell:Creating prefix util module '/home/seho/ros2_ws/install/_local_setup_util_ps1.py'
[0.862s] INFO:colcon.colcon_core.shell:Creating prefix chain script '/home/seho/ros2_ws/install/setup.ps1'
[0.863s] INFO:colcon.colcon_core.shell:Creating prefix script '/home/seho/ros2_ws/install/local_setup.sh'
[0.863s] INFO:colcon.colcon_core.shell:Creating prefix util module '/home/seho/ros2_ws/install/_local_setup_util_sh.py'
[0.863s] INFO:colcon.colcon_core.shell:Creating prefix chain script '/home/seho/ros2_ws/install/setup.sh'
[0.864s] INFO:colcon.colcon_core.shell:Creating prefix script '/home/seho/ros2_ws/install/local_setup.bash'
[0.864s] INFO:colcon.colcon_core.shell:Creating prefix chain script '/home/seho/ros2_ws/install/setup.bash'
[0.864s] INFO:colcon.colcon_core.shell:Creating prefix script '/home/seho/ros2_ws/install/local_setup.zsh'
[0.864s] INFO:colcon.colcon_core.shell:Creating prefix chain script '/home/seho/ros2_ws/install/setup.zsh'
