running egg_info
writing ../../build/my_camera_pkg/my_camera_pkg.egg-info/PKG-INFO
writing dependency_links to ../../build/my_camera_pkg/my_camera_pkg.egg-info/dependency_links.txt
writing entry points to ../../build/my_camera_pkg/my_camera_pkg.egg-info/entry_points.txt
writing requirements to ../../build/my_camera_pkg/my_camera_pkg.egg-info/requires.txt
writing top-level names to ../../build/my_camera_pkg/my_camera_pkg.egg-info/top_level.txt
reading manifest file '../../build/my_camera_pkg/my_camera_pkg.egg-info/SOURCES.txt'
writing manifest file '../../build/my_camera_pkg/my_camera_pkg.egg-info/SOURCES.txt'
running build
running build_py
copying my_camera_pkg/__init__.py -> /home/seho/ros2_ws/build/my_camera_pkg/build/lib/my_camera_pkg
copying my_camera_pkg/camera_node.py -> /home/seho/ros2_ws/build/my_camera_pkg/build/lib/my_camera_pkg
running install
running install_lib
running install_data
copying resource/my_camera_pkg -> /home/seho/ros2_ws/install/my_camera_pkg/share/ament_index/resource_index/packages
copying package.xml -> /home/seho/ros2_ws/install/my_camera_pkg/share/my_camera_pkg
running install_egg_info
removing '/home/seho/ros2_ws/install/my_camera_pkg/lib/python3.10/site-packages/my_camera_pkg-0.0.0-py3.10.egg-info' (and everything under it)
Copying ../../build/my_camera_pkg/my_camera_pkg.egg-info to /home/seho/ros2_ws/install/my_camera_pkg/lib/python3.10/site-packages/my_camera_pkg-0.0.0-py3.10.egg-info
running install_scripts
Installing camera_node script to /home/seho/ros2_ws/install/my_camera_pkg/lib/my_camera_pkg
writing list of installed files to '/home/seho/ros2_ws/build/my_camera_pkg/install.log'
