running egg_info
writing ../../build/radar_package/radar_package.egg-info/PKG-INFO
writing dependency_links to ../../build/radar_package/radar_package.egg-info/dependency_links.txt
writing entry points to ../../build/radar_package/radar_package.egg-info/entry_points.txt
writing requirements to ../../build/radar_package/radar_package.egg-info/requires.txt
writing top-level names to ../../build/radar_package/radar_package.egg-info/top_level.txt
reading manifest file '../../build/radar_package/radar_package.egg-info/SOURCES.txt'
writing manifest file '../../build/radar_package/radar_package.egg-info/SOURCES.txt'
running build
running build_py
copying radar_package/__init__.py -> /home/seho/ros2_ws/build/radar_package/build/lib/radar_package
copying radar_package/radar_node.py -> /home/seho/ros2_ws/build/radar_package/build/lib/radar_package
running install
running install_lib
copying /home/seho/ros2_ws/build/radar_package/build/lib/radar_package/radar_node.py -> /home/seho/ros2_ws/install/radar_package/lib/python3.10/site-packages/radar_package
byte-compiling /home/seho/ros2_ws/install/radar_package/lib/python3.10/site-packages/radar_package/radar_node.py to radar_node.cpython-310.pyc
Sorry: IndentationError: unindent does not match any outer indentation level (radar_node.py, line 53)
running install_data
copying resource/radar_package -> /home/seho/ros2_ws/install/radar_package/share/ament_index/resource_index/packages
copying package.xml -> /home/seho/ros2_ws/install/radar_package/share/radar_package
running install_egg_info
removing '/home/seho/ros2_ws/install/radar_package/lib/python3.10/site-packages/radar_package-0.0.0-py3.10.egg-info' (and everything under it)
Copying ../../build/radar_package/radar_package.egg-info to /home/seho/ros2_ws/install/radar_package/lib/python3.10/site-packages/radar_package-0.0.0-py3.10.egg-info
running install_scripts
Installing radar_node script to /home/seho/ros2_ws/install/radar_package/lib/radar_package
writing list of installed files to '/home/seho/ros2_ws/build/radar_package/install.log'
