[1.173s] Invoking command in '/home/seho/ros2_ws/src/ros_flask_gps': PYTHONPATH=/home/seho/ros2_ws/build/ros_flask_gps/prefix_override:/usr/lib/python3/dist-packages/colcon_core/task/python/colcon_distutils_commands:/home/seho/ros2_ws/install/ros_flask_gps/lib/python3.10/site-packages:${PYTHONPATH} /usr/bin/python3 -W ignore:setup.py install is deprecated setup.py egg_info --egg-base ../../build/ros_flask_gps build --build-base /home/seho/ros2_ws/build/ros_flask_gps/build install --record /home/seho/ros2_ws/build/ros_flask_gps/install.log --single-version-externally-managed install_data
[1.336s] running egg_info
[1.336s] creating ../../build/ros_flask_gps/ros_flask_gps.egg-info
[1.345s] writing ../../build/ros_flask_gps/ros_flask_gps.egg-info/PKG-INFO
[1.346s] writing dependency_links to ../../build/ros_flask_gps/ros_flask_gps.egg-info/dependency_links.txt
[1.346s] writing entry points to ../../build/ros_flask_gps/ros_flask_gps.egg-info/entry_points.txt
[1.346s] writing requirements to ../../build/ros_flask_gps/ros_flask_gps.egg-info/requires.txt
[1.346s] writing top-level names to ../../build/ros_flask_gps/ros_flask_gps.egg-info/top_level.txt
[1.346s] writing manifest file '../../build/ros_flask_gps/ros_flask_gps.egg-info/SOURCES.txt'
[1.366s] reading manifest file '../../build/ros_flask_gps/ros_flask_gps.egg-info/SOURCES.txt'
[1.367s] writing manifest file '../../build/ros_flask_gps/ros_flask_gps.egg-info/SOURCES.txt'
[1.367s] running build
[1.367s] running build_py
[1.367s] creating /home/seho/ros2_ws/build/ros_flask_gps/build/lib/ros_flask_gps
[1.367s] copying ros_flask_gps/__init__.py -> /home/seho/ros2_ws/build/ros_flask_gps/build/lib/ros_flask_gps
[1.368s] copying ros_flask_gps/ros_gps_publisher.py -> /home/seho/ros2_ws/build/ros_flask_gps/build/lib/ros_flask_gps
[1.368s] running install
[1.371s] running install_lib
[1.386s] creating /home/seho/ros2_ws/install/ros_flask_gps/lib/python3.10/site-packages/ros_flask_gps
[1.386s] copying /home/seho/ros2_ws/build/ros_flask_gps/build/lib/ros_flask_gps/__init__.py -> /home/seho/ros2_ws/install/ros_flask_gps/lib/python3.10/site-packages/ros_flask_gps
[1.387s] copying /home/seho/ros2_ws/build/ros_flask_gps/build/lib/ros_flask_gps/ros_gps_publisher.py -> /home/seho/ros2_ws/install/ros_flask_gps/lib/python3.10/site-packages/ros_flask_gps
[1.387s] byte-compiling /home/seho/ros2_ws/install/ros_flask_gps/lib/python3.10/site-packages/ros_flask_gps/__init__.py to __init__.cpython-310.pyc
[1.387s] byte-compiling /home/seho/ros2_ws/install/ros_flask_gps/lib/python3.10/site-packages/ros_flask_gps/ros_gps_publisher.py to ros_gps_publisher.cpython-310.pyc
[1.388s] running install_data
[1.388s] creating /home/seho/ros2_ws/install/ros_flask_gps/share/ament_index/resource_index/packages
[1.388s] copying resource/ros_flask_gps -> /home/seho/ros2_ws/install/ros_flask_gps/share/ament_index/resource_index/packages
[1.388s] copying package.xml -> /home/seho/ros2_ws/install/ros_flask_gps/share/ros_flask_gps
[1.389s] running install_egg_info
[1.400s] Copying ../../build/ros_flask_gps/ros_flask_gps.egg-info to /home/seho/ros2_ws/install/ros_flask_gps/lib/python3.10/site-packages/ros_flask_gps-0.0.0-py3.10.egg-info
[1.402s] running install_scripts
[1.479s] Installing ros_gps_publisher script to /home/seho/ros2_ws/install/ros_flask_gps/bin
[1.479s] writing list of installed files to '/home/seho/ros2_ws/build/ros_flask_gps/install.log'
[1.511s] Invoked command in '/home/seho/ros2_ws/src/ros_flask_gps' returned '0': PYTHONPATH=/home/seho/ros2_ws/build/ros_flask_gps/prefix_override:/usr/lib/python3/dist-packages/colcon_core/task/python/colcon_distutils_commands:/home/seho/ros2_ws/install/ros_flask_gps/lib/python3.10/site-packages:${PYTHONPATH} /usr/bin/python3 -W ignore:setup.py install is deprecated setup.py egg_info --egg-base ../../build/ros_flask_gps build --build-base /home/seho/ros2_ws/build/ros_flask_gps/build install --record /home/seho/ros2_ws/build/ros_flask_gps/install.log --single-version-externally-managed install_data
