[1.559s] Invoking command in '/home/seho/ros2_ws/src/data_visualization': PYTHONPATH=/home/seho/ros2_ws/build/data_visualization/prefix_override:/usr/lib/python3/dist-packages/colcon_core/task/python/colcon_distutils_commands:/home/seho/ros2_ws/install/data_visualization/lib/python3.10/site-packages:${PYTHONPATH} /usr/bin/python3 -W ignore:setup.py install is deprecated setup.py egg_info --egg-base ../../build/data_visualization build --build-base /home/seho/ros2_ws/build/data_visualization/build install --record /home/seho/ros2_ws/build/data_visualization/install.log --single-version-externally-managed
[1.656s] /home/seho/.local/lib/python3.10/site-packages/setuptools/_distutils/dist.py:261: UserWarning: Unknown distribution option: 'tests_require'
[1.656s]   warnings.warn(msg)
[1.704s] running egg_info
[1.717s] writing ../../build/data_visualization/data_visualization.egg-info/PKG-INFO
[1.717s] writing dependency_links to ../../build/data_visualization/data_visualization.egg-info/dependency_links.txt
[1.717s] writing entry points to ../../build/data_visualization/data_visualization.egg-info/entry_points.txt
[1.717s] writing requirements to ../../build/data_visualization/data_visualization.egg-info/requires.txt
[1.717s] writing top-level names to ../../build/data_visualization/data_visualization.egg-info/top_level.txt
[1.735s] reading manifest file '../../build/data_visualization/data_visualization.egg-info/SOURCES.txt'
[1.736s] writing manifest file '../../build/data_visualization/data_visualization.egg-info/SOURCES.txt'
[1.736s] running build
[1.736s] running build_py
[1.736s] copying data_visualization/__init__.py -> /home/seho/ros2_ws/build/data_visualization/build/lib/data_visualization
[1.736s] copying data_visualization/data_visualization_node.py -> /home/seho/ros2_ws/build/data_visualization/build/lib/data_visualization
[1.737s] running install
[1.740s] running install_lib
[1.750s] copying /home/seho/ros2_ws/build/data_visualization/build/lib/data_visualization/data_visualization_node.py -> /home/seho/ros2_ws/install/data_visualization/lib/python3.10/site-packages/data_visualization
[1.751s] byte-compiling /home/seho/ros2_ws/install/data_visualization/lib/python3.10/site-packages/data_visualization/data_visualization_node.py to data_visualization_node.cpython-310.pyc
[1.751s] running install_egg_info
[1.761s] removing '/home/seho/ros2_ws/install/data_visualization/lib/python3.10/site-packages/data_visualization-0.0.0-py3.10.egg-info' (and everything under it)
[1.762s] Copying ../../build/data_visualization/data_visualization.egg-info to /home/seho/ros2_ws/install/data_visualization/lib/python3.10/site-packages/data_visualization-0.0.0-py3.10.egg-info
[1.763s] running install_scripts
[1.847s] Installing data_visualization script to /home/seho/ros2_ws/install/data_visualization/lib/data_visualization
[1.847s] writing list of installed files to '/home/seho/ros2_ws/build/data_visualization/install.log'
[1.883s] Invoked command in '/home/seho/ros2_ws/src/data_visualization' returned '0': PYTHONPATH=/home/seho/ros2_ws/build/data_visualization/prefix_override:/usr/lib/python3/dist-packages/colcon_core/task/python/colcon_distutils_commands:/home/seho/ros2_ws/install/data_visualization/lib/python3.10/site-packages:${PYTHONPATH} /usr/bin/python3 -W ignore:setup.py install is deprecated setup.py egg_info --egg-base ../../build/data_visualization build --build-base /home/seho/ros2_ws/build/data_visualization/build install --record /home/seho/ros2_ws/build/data_visualization/install.log --single-version-externally-managed
