[0.776s] Invoking command in '/home/seho/ros2_ws/src/my_camera_pkg': PYTHONPATH=/home/seho/ros2_ws/build/my_camera_pkg/prefix_override:/usr/lib/python3/dist-packages/colcon_core/task/python/colcon_distutils_commands:/home/seho/ros2_ws/install/my_camera_pkg/lib/python3.10/site-packages:${PYTHONPATH} /usr/bin/python3 -W ignore:setup.py install is deprecated setup.py egg_info --egg-base ../../build/my_camera_pkg build --build-base /home/seho/ros2_ws/build/my_camera_pkg/build install --record /home/seho/ros2_ws/build/my_camera_pkg/install.log --single-version-externally-managed install_data
[0.945s] running egg_info
[0.945s] creating ../../build/my_camera_pkg/my_camera_pkg.egg-info
[0.953s] writing ../../build/my_camera_pkg/my_camera_pkg.egg-info/PKG-INFO
[0.954s] writing dependency_links to ../../build/my_camera_pkg/my_camera_pkg.egg-info/dependency_links.txt
[0.954s] writing entry points to ../../build/my_camera_pkg/my_camera_pkg.egg-info/entry_points.txt
[0.954s] writing requirements to ../../build/my_camera_pkg/my_camera_pkg.egg-info/requires.txt
[0.954s] writing top-level names to ../../build/my_camera_pkg/my_camera_pkg.egg-info/top_level.txt
[0.954s] writing manifest file '../../build/my_camera_pkg/my_camera_pkg.egg-info/SOURCES.txt'
[0.971s] reading manifest file '../../build/my_camera_pkg/my_camera_pkg.egg-info/SOURCES.txt'
[0.972s] writing manifest file '../../build/my_camera_pkg/my_camera_pkg.egg-info/SOURCES.txt'
[0.973s] running build
[0.973s] running build_py
[0.973s] creating /home/seho/ros2_ws/build/my_camera_pkg/build
[0.973s] creating /home/seho/ros2_ws/build/my_camera_pkg/build/lib
[0.973s] creating /home/seho/ros2_ws/build/my_camera_pkg/build/lib/my_camera_pkg
[0.973s] copying my_camera_pkg/__init__.py -> /home/seho/ros2_ws/build/my_camera_pkg/build/lib/my_camera_pkg
[0.973s] copying my_camera_pkg/camera_node.py -> /home/seho/ros2_ws/build/my_camera_pkg/build/lib/my_camera_pkg
[0.973s] running install
[0.976s] running install_lib
[0.986s] creating /home/seho/ros2_ws/install/my_camera_pkg/lib/python3.10/site-packages/my_camera_pkg
[0.986s] copying /home/seho/ros2_ws/build/my_camera_pkg/build/lib/my_camera_pkg/__init__.py -> /home/seho/ros2_ws/install/my_camera_pkg/lib/python3.10/site-packages/my_camera_pkg
[0.986s] copying /home/seho/ros2_ws/build/my_camera_pkg/build/lib/my_camera_pkg/camera_node.py -> /home/seho/ros2_ws/install/my_camera_pkg/lib/python3.10/site-packages/my_camera_pkg
[0.986s] byte-compiling /home/seho/ros2_ws/install/my_camera_pkg/lib/python3.10/site-packages/my_camera_pkg/__init__.py to __init__.cpython-310.pyc
[0.987s] byte-compiling /home/seho/ros2_ws/install/my_camera_pkg/lib/python3.10/site-packages/my_camera_pkg/camera_node.py to camera_node.cpython-310.pyc
[0.987s] running install_data
[0.987s] creating /home/seho/ros2_ws/install/my_camera_pkg/share/ament_index
[0.987s] creating /home/seho/ros2_ws/install/my_camera_pkg/share/ament_index/resource_index
[0.987s] creating /home/seho/ros2_ws/install/my_camera_pkg/share/ament_index/resource_index/packages
[0.987s] copying resource/my_camera_pkg -> /home/seho/ros2_ws/install/my_camera_pkg/share/ament_index/resource_index/packages
[0.987s] copying package.xml -> /home/seho/ros2_ws/install/my_camera_pkg/share/my_camera_pkg
[0.987s] running install_egg_info
[0.997s] Copying ../../build/my_camera_pkg/my_camera_pkg.egg-info to /home/seho/ros2_ws/install/my_camera_pkg/lib/python3.10/site-packages/my_camera_pkg-0.0.0-py3.10.egg-info
[0.997s] running install_scripts
[1.073s] Installing camera_node script to /home/seho/ros2_ws/install/my_camera_pkg/lib/my_camera_pkg
[1.073s] writing list of installed files to '/home/seho/ros2_ws/build/my_camera_pkg/install.log'
[1.103s] Invoked command in '/home/seho/ros2_ws/src/my_camera_pkg' returned '0': PYTHONPATH=/home/seho/ros2_ws/build/my_camera_pkg/prefix_override:/usr/lib/python3/dist-packages/colcon_core/task/python/colcon_distutils_commands:/home/seho/ros2_ws/install/my_camera_pkg/lib/python3.10/site-packages:${PYTHONPATH} /usr/bin/python3 -W ignore:setup.py install is deprecated setup.py egg_info --egg-base ../../build/my_camera_pkg build --build-base /home/seho/ros2_ws/build/my_camera_pkg/build install --record /home/seho/ros2_ws/build/my_camera_pkg/install.log --single-version-externally-managed install_data
