running egg_info
creating ../../build/data_visualization/data_visualization.egg-info
writing ../../build/data_visualization/data_visualization.egg-info/PKG-INFO
writing dependency_links to ../../build/data_visualization/data_visualization.egg-info/dependency_links.txt
writing entry points to ../../build/data_visualization/data_visualization.egg-info/entry_points.txt
writing requirements to ../../build/data_visualization/data_visualization.egg-info/requires.txt
writing top-level names to ../../build/data_visualization/data_visualization.egg-info/top_level.txt
writing manifest file '../../build/data_visualization/data_visualization.egg-info/SOURCES.txt'
reading manifest file '../../build/data_visualization/data_visualization.egg-info/SOURCES.txt'
writing manifest file '../../build/data_visualization/data_visualization.egg-info/SOURCES.txt'
running build
running build_py
creating /home/seho/ros2_ws/build/data_visualization/build/lib/data_visualization
copying data_visualization/__init__.py -> /home/seho/ros2_ws/build/data_visualization/build/lib/data_visualization
copying data_visualization/data_visualization_node.py -> /home/seho/ros2_ws/build/data_visualization/build/lib/data_visualization
running install
running install_lib
creating /home/seho/ros2_ws/install/data_visualization/lib/python3.10/site-packages/data_visualization
copying /home/seho/ros2_ws/build/data_visualization/build/lib/data_visualization/__init__.py -> /home/seho/ros2_ws/install/data_visualization/lib/python3.10/site-packages/data_visualization
copying /home/seho/ros2_ws/build/data_visualization/build/lib/data_visualization/data_visualization_node.py -> /home/seho/ros2_ws/install/data_visualization/lib/python3.10/site-packages/data_visualization
byte-compiling /home/seho/ros2_ws/install/data_visualization/lib/python3.10/site-packages/data_visualization/__init__.py to __init__.cpython-310.pyc
byte-compiling /home/seho/ros2_ws/install/data_visualization/lib/python3.10/site-packages/data_visualization/data_visualization_node.py to data_visualization_node.cpython-310.pyc
running install_egg_info
Copying ../../build/data_visualization/data_visualization.egg-info to /home/seho/ros2_ws/install/data_visualization/lib/python3.10/site-packages/data_visualization-0.0.0-py3.10.egg-info
running install_scripts
Installing data_visualization script to /home/seho/ros2_ws/install/data_visualization/lib/data_visualization
writing list of installed files to '/home/seho/ros2_ws/build/data_visualization/install.log'
