[0.384s] Invoking command in '/home/seho/ros2_ws/build/ros_flask_gps': PYTHONPATH=/home/seho/ros2_ws/build/ros_flask_gps/prefix_override:/usr/lib/python3/dist-packages/colcon_core/task/python/colcon_distutils_commands:/home/seho/ros2_ws/install/ros_flask_gps/lib/python3.10/site-packages:${PYTHONPATH} /usr/bin/python3 -W ignore:setup.py install is deprecated setup.py develop --editable --build-directory /home/seho/ros2_ws/build/ros_flask_gps/build --no-deps symlink_data --force
[0.593s] running develop
[0.594s] /home/seho/.local/lib/python3.10/site-packages/setuptools/command/develop.py:41: EasyInstallDeprecationWarning: easy_install command is deprecated.
[0.594s] !!
[0.594s] 
[0.594s]         ********************************************************************************
[0.594s]         Please avoid running ``setup.py`` and ``easy_install``.
[0.594s]         Instead, use pypa/build, pypa/installer or other
[0.594s]         standards-based tools.
[0.594s] 
[0.594s]         See https://github.com/pypa/setuptools/issues/917 for details.
[0.594s]         ********************************************************************************
[0.594s] 
[0.594s] !!
[0.594s]   easy_install.initialize_options(self)
[0.704s] running egg_info
[0.712s] writing ros_flask_gps.egg-info/PKG-INFO
[0.712s] writing dependency_links to ros_flask_gps.egg-info/dependency_links.txt
[0.713s] writing entry points to ros_flask_gps.egg-info/entry_points.txt
[0.713s] writing requirements to ros_flask_gps.egg-info/requires.txt
[0.713s] writing top-level names to ros_flask_gps.egg-info/top_level.txt
[0.729s] reading manifest file 'ros_flask_gps.egg-info/SOURCES.txt'
[0.730s] writing manifest file 'ros_flask_gps.egg-info/SOURCES.txt'
[0.738s] running build_ext
[0.738s] Creating /home/seho/ros2_ws/install/ros_flask_gps/lib/python3.10/site-packages/ros-flask-gps.egg-link (link to .)
[0.739s] Installing ros_gps_publisher script to /home/seho/ros2_ws/install/ros_flask_gps/bin
[0.739s] 
[0.739s] Installed /home/seho/ros2_ws/build/ros_flask_gps
[0.739s] running symlink_data
[0.739s] symbolically linking /home/seho/ros2_ws/build/ros_flask_gps/resource/ros_flask_gps -> /home/seho/ros2_ws/install/ros_flask_gps/share/ament_index/resource_index/packages
[0.740s] symbolically linking /home/seho/ros2_ws/build/ros_flask_gps/package.xml -> /home/seho/ros2_ws/install/ros_flask_gps/share/ros_flask_gps
[0.760s] Invoked command in '/home/seho/ros2_ws/build/ros_flask_gps' returned '0': PYTHONPATH=/home/seho/ros2_ws/build/ros_flask_gps/prefix_override:/usr/lib/python3/dist-packages/colcon_core/task/python/colcon_distutils_commands:/home/seho/ros2_ws/install/ros_flask_gps/lib/python3.10/site-packages:${PYTHONPATH} /usr/bin/python3 -W ignore:setup.py install is deprecated setup.py develop --editable --build-directory /home/seho/ros2_ws/build/ros_flask_gps/build --no-deps symlink_data --force
