[0.961s] Invoking command in '/home/seho/ros2_ws/src/my_launch_pkg': PYTHONPATH=/home/seho/ros2_ws/build/my_launch_pkg/prefix_override:/usr/lib/python3/dist-packages/colcon_core/task/python/colcon_distutils_commands:/home/seho/ros2_ws/install/my_launch_pkg/lib/python3.10/site-packages:${PYTHONPATH} /usr/bin/python3 -W ignore:setup.py install is deprecated setup.py egg_info --egg-base ../../build/my_launch_pkg build --build-base /home/seho/ros2_ws/build/my_launch_pkg/build install --record /home/seho/ros2_ws/build/my_launch_pkg/install.log --single-version-externally-managed install_data
[1.111s] running egg_info
[1.119s] writing ../../build/my_launch_pkg/my_launch_pkg.egg-info/PKG-INFO
[1.119s] writing dependency_links to ../../build/my_launch_pkg/my_launch_pkg.egg-info/dependency_links.txt
[1.120s] writing requirements to ../../build/my_launch_pkg/my_launch_pkg.egg-info/requires.txt
[1.120s] writing top-level names to ../../build/my_launch_pkg/my_launch_pkg.egg-info/top_level.txt
[1.137s] reading manifest file '../../build/my_launch_pkg/my_launch_pkg.egg-info/SOURCES.txt'
[1.138s] writing manifest file '../../build/my_launch_pkg/my_launch_pkg.egg-info/SOURCES.txt'
[1.138s] running build
[1.138s] running build_py
[1.138s] copying my_launch_pkg/__init__.py -> /home/seho/ros2_ws/build/my_launch_pkg/build/lib/my_launch_pkg
[1.139s] running install
[1.142s] running install_lib
[1.150s] running install_data
[1.150s] copying resource/my_launch_pkg -> /home/seho/ros2_ws/install/my_launch_pkg/share/ament_index/resource_index/packages
[1.150s] copying package.xml -> /home/seho/ros2_ws/install/my_launch_pkg/share/my_launch_pkg
[1.150s] copying launch/my_launch_file.py -> /home/seho/ros2_ws/install/my_launch_pkg/share/my_launch_pkg/launch
[1.150s] running install_egg_info
[1.159s] removing '/home/seho/ros2_ws/install/my_launch_pkg/lib/python3.10/site-packages/my_launch_pkg-0.0.0-py3.10.egg-info' (and everything under it)
[1.159s] Copying ../../build/my_launch_pkg/my_launch_pkg.egg-info to /home/seho/ros2_ws/install/my_launch_pkg/lib/python3.10/site-packages/my_launch_pkg-0.0.0-py3.10.egg-info
[1.159s] running install_scripts
[1.231s] writing list of installed files to '/home/seho/ros2_ws/build/my_launch_pkg/install.log'
[1.267s] Invoked command in '/home/seho/ros2_ws/src/my_launch_pkg' returned '0': PYTHONPATH=/home/seho/ros2_ws/build/my_launch_pkg/prefix_override:/usr/lib/python3/dist-packages/colcon_core/task/python/colcon_distutils_commands:/home/seho/ros2_ws/install/my_launch_pkg/lib/python3.10/site-packages:${PYTHONPATH} /usr/bin/python3 -W ignore:setup.py install is deprecated setup.py egg_info --egg-base ../../build/my_launch_pkg build --build-base /home/seho/ros2_ws/build/my_launch_pkg/build install --record /home/seho/ros2_ws/build/my_launch_pkg/install.log --single-version-externally-managed install_data
