[0.539s] Invoking command in '/home/seho/ros2_ws/src/sensor_data_recorder': PYTHONPATH=/home/seho/ros2_ws/build/sensor_data_recorder/prefix_override:/usr/lib/python3/dist-packages/colcon_core/task/python/colcon_distutils_commands:/home/seho/ros2_ws/install/sensor_data_recorder/lib/python3.10/site-packages:${PYTHONPATH} /usr/bin/python3 -W ignore:setup.py install is deprecated setup.py egg_info --egg-base ../../build/sensor_data_recorder build --build-base /home/seho/ros2_ws/build/sensor_data_recorder/build install --record /home/seho/ros2_ws/build/sensor_data_recorder/install.log --single-version-externally-managed install_data
[0.628s] /home/seho/.local/lib/python3.10/site-packages/setuptools/_distutils/dist.py:261: UserWarning: Unknown distribution option: 'tests_require'
[0.628s]   warnings.warn(msg)
[0.676s] running egg_info
[0.676s] creating ../../build/sensor_data_recorder/sensor_data_recorder.egg-info
[0.684s] writing ../../build/sensor_data_recorder/sensor_data_recorder.egg-info/PKG-INFO
[0.685s] writing dependency_links to ../../build/sensor_data_recorder/sensor_data_recorder.egg-info/dependency_links.txt
[0.685s] writing entry points to ../../build/sensor_data_recorder/sensor_data_recorder.egg-info/entry_points.txt
[0.685s] writing requirements to ../../build/sensor_data_recorder/sensor_data_recorder.egg-info/requires.txt
[0.685s] writing top-level names to ../../build/sensor_data_recorder/sensor_data_recorder.egg-info/top_level.txt
[0.685s] writing manifest file '../../build/sensor_data_recorder/sensor_data_recorder.egg-info/SOURCES.txt'
[0.701s] reading manifest file '../../build/sensor_data_recorder/sensor_data_recorder.egg-info/SOURCES.txt'
[0.702s] writing manifest file '../../build/sensor_data_recorder/sensor_data_recorder.egg-info/SOURCES.txt'
[0.702s] running build
[0.702s] running build_py
[0.702s] creating /home/seho/ros2_ws/build/sensor_data_recorder/build/lib/sensor_data_recorder
[0.702s] copying sensor_data_recorder/__init__.py -> /home/seho/ros2_ws/build/sensor_data_recorder/build/lib/sensor_data_recorder
[0.702s] copying sensor_data_recorder/sensor_data_recorder.py -> /home/seho/ros2_ws/build/sensor_data_recorder/build/lib/sensor_data_recorder
[0.703s] running install
[0.705s] running install_lib
[0.713s] creating /home/seho/ros2_ws/install/sensor_data_recorder/lib/python3.10/site-packages/sensor_data_recorder
[0.714s] copying /home/seho/ros2_ws/build/sensor_data_recorder/build/lib/sensor_data_recorder/__init__.py -> /home/seho/ros2_ws/install/sensor_data_recorder/lib/python3.10/site-packages/sensor_data_recorder
[0.714s] copying /home/seho/ros2_ws/build/sensor_data_recorder/build/lib/sensor_data_recorder/sensor_data_recorder.py -> /home/seho/ros2_ws/install/sensor_data_recorder/lib/python3.10/site-packages/sensor_data_recorder
[0.714s] byte-compiling /home/seho/ros2_ws/install/sensor_data_recorder/lib/python3.10/site-packages/sensor_data_recorder/__init__.py to __init__.cpython-310.pyc
[0.714s] byte-compiling /home/seho/ros2_ws/install/sensor_data_recorder/lib/python3.10/site-packages/sensor_data_recorder/sensor_data_recorder.py to sensor_data_recorder.cpython-310.pyc
[0.714s] running install_data
[0.714s] creating /home/seho/ros2_ws/install/sensor_data_recorder/share/ament_index/resource_index/packages
[0.715s] copying resource/sensor_data_recorder -> /home/seho/ros2_ws/install/sensor_data_recorder/share/ament_index/resource_index/packages
[0.715s] copying package.xml -> /home/seho/ros2_ws/install/sensor_data_recorder/share/sensor_data_recorder
[0.715s] running install_egg_info
[0.723s] Copying ../../build/sensor_data_recorder/sensor_data_recorder.egg-info to /home/seho/ros2_ws/install/sensor_data_recorder/lib/python3.10/site-packages/sensor_data_recorder-0.0.0-py3.10.egg-info
[0.724s] running install_scripts
[0.795s] Installing sensor_data_recorder script to /home/seho/ros2_ws/install/sensor_data_recorder/lib/sensor_data_recorder
[0.795s] writing list of installed files to '/home/seho/ros2_ws/build/sensor_data_recorder/install.log'
[0.813s] Invoked command in '/home/seho/ros2_ws/src/sensor_data_recorder' returned '0': PYTHONPATH=/home/seho/ros2_ws/build/sensor_data_recorder/prefix_override:/usr/lib/python3/dist-packages/colcon_core/task/python/colcon_distutils_commands:/home/seho/ros2_ws/install/sensor_data_recorder/lib/python3.10/site-packages:${PYTHONPATH} /usr/bin/python3 -W ignore:setup.py install is deprecated setup.py egg_info --egg-base ../../build/sensor_data_recorder build --build-base /home/seho/ros2_ws/build/sensor_data_recorder/build install --record /home/seho/ros2_ws/build/sensor_data_recorder/install.log --single-version-externally-managed install_data
