[0.902s] Invoking command in '/home/seho/ros2_ws/src/sensor_fusion_pkg': PYTHONPATH=/home/seho/ros2_ws/build/sensor_fusion_pkg/prefix_override:/usr/lib/python3/dist-packages/colcon_core/task/python/colcon_distutils_commands:/home/seho/ros2_ws/install/sensor_fusion_pkg/lib/python3.10/site-packages:${PYTHONPATH} /usr/bin/python3 -W ignore:setup.py install is deprecated setup.py egg_info --egg-base ../../build/sensor_fusion_pkg build --build-base /home/seho/ros2_ws/build/sensor_fusion_pkg/build install --record /home/seho/ros2_ws/build/sensor_fusion_pkg/install.log --single-version-externally-managed install_data
[1.059s] running egg_info
[1.068s] writing ../../build/sensor_fusion_pkg/sensor_fusion_pkg.egg-info/PKG-INFO
[1.068s] writing dependency_links to ../../build/sensor_fusion_pkg/sensor_fusion_pkg.egg-info/dependency_links.txt
[1.068s] writing entry points to ../../build/sensor_fusion_pkg/sensor_fusion_pkg.egg-info/entry_points.txt
[1.069s] writing requirements to ../../build/sensor_fusion_pkg/sensor_fusion_pkg.egg-info/requires.txt
[1.070s] writing top-level names to ../../build/sensor_fusion_pkg/sensor_fusion_pkg.egg-info/top_level.txt
[1.089s] reading manifest file '../../build/sensor_fusion_pkg/sensor_fusion_pkg.egg-info/SOURCES.txt'
[1.089s] writing manifest file '../../build/sensor_fusion_pkg/sensor_fusion_pkg.egg-info/SOURCES.txt'
[1.089s] running build
[1.089s] running build_py
[1.089s] copying sensor_fusion_pkg/__init__.py -> /home/seho/ros2_ws/build/sensor_fusion_pkg/build/lib/sensor_fusion_pkg
[1.089s] copying sensor_fusion_pkg/sensor_fusion_node.py -> /home/seho/ros2_ws/build/sensor_fusion_pkg/build/lib/sensor_fusion_pkg
[1.089s] running install
[1.092s] running install_lib
[1.102s] copying /home/seho/ros2_ws/build/sensor_fusion_pkg/build/lib/sensor_fusion_pkg/sensor_fusion_node.py -> /home/seho/ros2_ws/install/sensor_fusion_pkg/lib/python3.10/site-packages/sensor_fusion_pkg
[1.103s] byte-compiling /home/seho/ros2_ws/install/sensor_fusion_pkg/lib/python3.10/site-packages/sensor_fusion_pkg/sensor_fusion_node.py to sensor_fusion_node.cpython-310.pyc
[1.104s] running install_data
[1.104s] copying resource/sensor_fusion_pkg -> /home/seho/ros2_ws/install/sensor_fusion_pkg/share/ament_index/resource_index/packages
[1.104s] copying package.xml -> /home/seho/ros2_ws/install/sensor_fusion_pkg/share/sensor_fusion_pkg
[1.104s] running install_egg_info
[1.114s] removing '/home/seho/ros2_ws/install/sensor_fusion_pkg/lib/python3.10/site-packages/sensor_fusion_pkg-0.0.0-py3.10.egg-info' (and everything under it)
[1.114s] Copying ../../build/sensor_fusion_pkg/sensor_fusion_pkg.egg-info to /home/seho/ros2_ws/install/sensor_fusion_pkg/lib/python3.10/site-packages/sensor_fusion_pkg-0.0.0-py3.10.egg-info
[1.115s] running install_scripts
[1.194s] Installing sensor_fusion_node script to /home/seho/ros2_ws/install/sensor_fusion_pkg/lib/sensor_fusion_pkg
[1.195s] Installing time_sync_node script to /home/seho/ros2_ws/install/sensor_fusion_pkg/lib/sensor_fusion_pkg
[1.195s] writing list of installed files to '/home/seho/ros2_ws/build/sensor_fusion_pkg/install.log'
[1.225s] Invoked command in '/home/seho/ros2_ws/src/sensor_fusion_pkg' returned '0': PYTHONPATH=/home/seho/ros2_ws/build/sensor_fusion_pkg/prefix_override:/usr/lib/python3/dist-packages/colcon_core/task/python/colcon_distutils_commands:/home/seho/ros2_ws/install/sensor_fusion_pkg/lib/python3.10/site-packages:${PYTHONPATH} /usr/bin/python3 -W ignore:setup.py install is deprecated setup.py egg_info --egg-base ../../build/sensor_fusion_pkg build --build-base /home/seho/ros2_ws/build/sensor_fusion_pkg/build install --record /home/seho/ros2_ws/build/sensor_fusion_pkg/install.log --single-version-externally-managed install_data
