[1.765s] Invoking command in '/home/seho/ros2_ws/src/sensor_fusion_pkg': PYTHONPATH=/home/seho/ros2_ws/build/sensor_fusion_pkg/prefix_override:/usr/lib/python3/dist-packages/colcon_core/task/python/colcon_distutils_commands:/home/seho/ros2_ws/install/sensor_fusion_pkg/lib/python3.10/site-packages:${PYTHONPATH} /usr/bin/python3 -W ignore:setup.py install is deprecated setup.py egg_info --egg-base ../../build/sensor_fusion_pkg build --build-base /home/seho/ros2_ws/build/sensor_fusion_pkg/build install --record /home/seho/ros2_ws/build/sensor_fusion_pkg/install.log --single-version-externally-managed install_data
[1.867s] /home/seho/.local/lib/python3.10/site-packages/setuptools/_distutils/dist.py:261: UserWarning: Unknown distribution option: 'tests_require'
[1.867s]   warnings.warn(msg)
[1.934s] running egg_info
[1.946s] writing ../../build/sensor_fusion_pkg/sensor_fusion_pkg.egg-info/PKG-INFO
[1.948s] writing dependency_links to ../../build/sensor_fusion_pkg/sensor_fusion_pkg.egg-info/dependency_links.txt
[1.948s] writing entry points to ../../build/sensor_fusion_pkg/sensor_fusion_pkg.egg-info/entry_points.txt
[1.949s] writing requirements to ../../build/sensor_fusion_pkg/sensor_fusion_pkg.egg-info/requires.txt
[1.950s] writing top-level names to ../../build/sensor_fusion_pkg/sensor_fusion_pkg.egg-info/top_level.txt
[1.984s] reading manifest file '../../build/sensor_fusion_pkg/sensor_fusion_pkg.egg-info/SOURCES.txt'
[1.985s] writing manifest file '../../build/sensor_fusion_pkg/sensor_fusion_pkg.egg-info/SOURCES.txt'
[1.986s] running build
[1.988s] running build_py
[1.990s] copying sensor_fusion_pkg/__init__.py -> /home/seho/ros2_ws/build/sensor_fusion_pkg/build/lib/sensor_fusion_pkg
[1.990s] copying sensor_fusion_pkg/sensor_fusion_node.py -> /home/seho/ros2_ws/build/sensor_fusion_pkg/build/lib/sensor_fusion_pkg
[1.993s] running install
[1.997s] running install_lib
[2.012s] running install_data
[2.015s] copying resource/sensor_fusion_pkg -> /home/seho/ros2_ws/install/sensor_fusion_pkg/share/ament_index/resource_index/packages
[2.015s] copying package.xml -> /home/seho/ros2_ws/install/sensor_fusion_pkg/share/sensor_fusion_pkg
[2.015s] running install_egg_info
[2.032s] removing '/home/seho/ros2_ws/install/sensor_fusion_pkg/lib/python3.10/site-packages/sensor_fusion_pkg-0.0.0-py3.10.egg-info' (and everything under it)
[2.032s] Copying ../../build/sensor_fusion_pkg/sensor_fusion_pkg.egg-info to /home/seho/ros2_ws/install/sensor_fusion_pkg/lib/python3.10/site-packages/sensor_fusion_pkg-0.0.0-py3.10.egg-info
[2.035s] running install_scripts
[2.142s] Installing sensor_fusion_node script to /home/seho/ros2_ws/install/sensor_fusion_pkg/lib/sensor_fusion_pkg
[2.144s] Installing time_sync_node script to /home/seho/ros2_ws/install/sensor_fusion_pkg/lib/sensor_fusion_pkg
[2.145s] writing list of installed files to '/home/seho/ros2_ws/build/sensor_fusion_pkg/install.log'
[2.201s] Invoked command in '/home/seho/ros2_ws/src/sensor_fusion_pkg' returned '0': PYTHONPATH=/home/seho/ros2_ws/build/sensor_fusion_pkg/prefix_override:/usr/lib/python3/dist-packages/colcon_core/task/python/colcon_distutils_commands:/home/seho/ros2_ws/install/sensor_fusion_pkg/lib/python3.10/site-packages:${PYTHONPATH} /usr/bin/python3 -W ignore:setup.py install is deprecated setup.py egg_info --egg-base ../../build/sensor_fusion_pkg build --build-base /home/seho/ros2_ws/build/sensor_fusion_pkg/build install --record /home/seho/ros2_ws/build/sensor_fusion_pkg/install.log --single-version-externally-managed install_data
