running egg_info
creating ../../build/radar_package/radar_package.egg-info
writing ../../build/radar_package/radar_package.egg-info/PKG-INFO
writing dependency_links to ../../build/radar_package/radar_package.egg-info/dependency_links.txt
writing entry points to ../../build/radar_package/radar_package.egg-info/entry_points.txt
writing requirements to ../../build/radar_package/radar_package.egg-info/requires.txt
writing top-level names to ../../build/radar_package/radar_package.egg-info/top_level.txt
writing manifest file '../../build/radar_package/radar_package.egg-info/SOURCES.txt'
reading manifest file '../../build/radar_package/radar_package.egg-info/SOURCES.txt'
writing manifest file '../../build/radar_package/radar_package.egg-info/SOURCES.txt'
running build
running build_py
creating /home/seho/ros2_ws/build/radar_package/build/lib/radar_package
copying radar_package/__init__.py -> /home/seho/ros2_ws/build/radar_package/build/lib/radar_package
running install
running install_lib
creating /home/seho/ros2_ws/install/radar_package/lib/python3.10/site-packages/radar_package
copying /home/seho/ros2_ws/build/radar_package/build/lib/radar_package/__init__.py -> /home/seho/ros2_ws/install/radar_package/lib/python3.10/site-packages/radar_package
byte-compiling /home/seho/ros2_ws/install/radar_package/lib/python3.10/site-packages/radar_package/__init__.py to __init__.cpython-310.pyc
running install_data
creating /home/seho/ros2_ws/install/radar_package/share/ament_index/resource_index/packages
copying resource/radar_package -> /home/seho/ros2_ws/install/radar_package/share/ament_index/resource_index/packages
copying package.xml -> /home/seho/ros2_ws/install/radar_package/share/radar_package
running install_egg_info
Copying ../../build/radar_package/radar_package.egg-info to /home/seho/ros2_ws/install/radar_package/lib/python3.10/site-packages/radar_package-0.0.0-py3.10.egg-info
running install_scripts
Installing radar_node script to /home/seho/ros2_ws/install/radar_package/lib/radar_package
writing list of installed files to '/home/seho/ros2_ws/build/radar_package/install.log'
