[1.556s] Invoking command in '/home/seho/ros2_ws/src/radar_package': PYTHONPATH=/home/seho/ros2_ws/build/radar_package/prefix_override:/usr/lib/python3/dist-packages/colcon_core/task/python/colcon_distutils_commands:/home/seho/ros2_ws/install/radar_package/lib/python3.10/site-packages:${PYTHONPATH} /usr/bin/python3 -W ignore:setup.py install is deprecated setup.py egg_info --egg-base ../../build/radar_package build --build-base /home/seho/ros2_ws/build/radar_package/build install --record /home/seho/ros2_ws/build/radar_package/install.log --single-version-externally-managed install_data
[1.722s] running egg_info
[1.722s] creating ../../build/radar_package/radar_package.egg-info
[1.722s] /home/seho/.local/lib/python3.10/site-packages/setuptools/_distutils/dist.py:261: UserWarning: Unknown distribution option: 'tests_require'
[1.722s]   warnings.warn(msg)
[1.727s] writing ../../build/radar_package/radar_package.egg-info/PKG-INFO
[1.727s] writing dependency_links to ../../build/radar_package/radar_package.egg-info/dependency_links.txt
[1.727s] writing entry points to ../../build/radar_package/radar_package.egg-info/entry_points.txt
[1.727s] writing requirements to ../../build/radar_package/radar_package.egg-info/requires.txt
[1.727s] writing top-level names to ../../build/radar_package/radar_package.egg-info/top_level.txt
[1.727s] writing manifest file '../../build/radar_package/radar_package.egg-info/SOURCES.txt'
[1.748s] reading manifest file '../../build/radar_package/radar_package.egg-info/SOURCES.txt'
[1.749s] writing manifest file '../../build/radar_package/radar_package.egg-info/SOURCES.txt'
[1.749s] running build
[1.749s] running build_py
[1.749s] creating /home/seho/ros2_ws/build/radar_package/build/lib/radar_package
[1.749s] copying radar_package/__init__.py -> /home/seho/ros2_ws/build/radar_package/build/lib/radar_package
[1.749s] running install
[1.754s] running install_lib
[1.764s] creating /home/seho/ros2_ws/install/radar_package/lib/python3.10/site-packages/radar_package
[1.765s] copying /home/seho/ros2_ws/build/radar_package/build/lib/radar_package/__init__.py -> /home/seho/ros2_ws/install/radar_package/lib/python3.10/site-packages/radar_package
[1.765s] byte-compiling /home/seho/ros2_ws/install/radar_package/lib/python3.10/site-packages/radar_package/__init__.py to __init__.cpython-310.pyc
[1.765s] running install_data
[1.766s] creating /home/seho/ros2_ws/install/radar_package/share/ament_index/resource_index/packages
[1.766s] copying resource/radar_package -> /home/seho/ros2_ws/install/radar_package/share/ament_index/resource_index/packages
[1.766s] copying package.xml -> /home/seho/ros2_ws/install/radar_package/share/radar_package
[1.767s] running install_egg_info
[1.777s] Copying ../../build/radar_package/radar_package.egg-info to /home/seho/ros2_ws/install/radar_package/lib/python3.10/site-packages/radar_package-0.0.0-py3.10.egg-info
[1.777s] running install_scripts
[1.860s] Installing radar_node script to /home/seho/ros2_ws/install/radar_package/lib/radar_package
[1.860s] writing list of installed files to '/home/seho/ros2_ws/build/radar_package/install.log'
[1.879s] Invoked command in '/home/seho/ros2_ws/src/radar_package' returned '0': PYTHONPATH=/home/seho/ros2_ws/build/radar_package/prefix_override:/usr/lib/python3/dist-packages/colcon_core/task/python/colcon_distutils_commands:/home/seho/ros2_ws/install/radar_package/lib/python3.10/site-packages:${PYTHONPATH} /usr/bin/python3 -W ignore:setup.py install is deprecated setup.py egg_info --egg-base ../../build/radar_package build --build-base /home/seho/ros2_ws/build/radar_package/build install --record /home/seho/ros2_ws/build/radar_package/install.log --single-version-externally-managed install_data
