[1.281s] Invoking command in '/home/seho/ros2_ws/src/ros_flask_gps': PYTHONPATH=/home/seho/ros2_ws/build/ros_flask_gps/prefix_override:/usr/lib/python3/dist-packages/colcon_core/task/python/colcon_distutils_commands:/home/seho/ros2_ws/install/ros_flask_gps/lib/python3.10/site-packages:${PYTHONPATH} /usr/bin/python3 -W ignore:setup.py install is deprecated setup.py egg_info --egg-base ../../build/ros_flask_gps build --build-base /home/seho/ros2_ws/build/ros_flask_gps/build install --record /home/seho/ros2_ws/build/ros_flask_gps/install.log --single-version-externally-managed install_data
[1.433s] running egg_info
[1.443s] writing ../../build/ros_flask_gps/ros_flask_gps.egg-info/PKG-INFO
[1.444s] writing dependency_links to ../../build/ros_flask_gps/ros_flask_gps.egg-info/dependency_links.txt
[1.444s] writing entry points to ../../build/ros_flask_gps/ros_flask_gps.egg-info/entry_points.txt
[1.444s] writing requirements to ../../build/ros_flask_gps/ros_flask_gps.egg-info/requires.txt
[1.444s] writing top-level names to ../../build/ros_flask_gps/ros_flask_gps.egg-info/top_level.txt
[1.461s] reading manifest file '../../build/ros_flask_gps/ros_flask_gps.egg-info/SOURCES.txt'
[1.462s] writing manifest file '../../build/ros_flask_gps/ros_flask_gps.egg-info/SOURCES.txt'
[1.462s] running build
[1.462s] running build_py
[1.462s] copying ros_flask_gps/__init__.py -> /home/seho/ros2_ws/build/ros_flask_gps/build/lib/ros_flask_gps
[1.462s] copying ros_flask_gps/ros_gps_publisher.py -> /home/seho/ros2_ws/build/ros_flask_gps/build/lib/ros_flask_gps
[1.463s] running install
[1.465s] running install_lib
[1.475s] running install_data
[1.475s] copying resource/ros_flask_gps -> /home/seho/ros2_ws/install/ros_flask_gps/share/ament_index/resource_index/packages
[1.475s] copying package.xml -> /home/seho/ros2_ws/install/ros_flask_gps/share/ros_flask_gps
[1.475s] running install_egg_info
[1.485s] removing '/home/seho/ros2_ws/install/ros_flask_gps/lib/python3.10/site-packages/ros_flask_gps-0.0.0-py3.10.egg-info' (and everything under it)
[1.485s] Copying ../../build/ros_flask_gps/ros_flask_gps.egg-info to /home/seho/ros2_ws/install/ros_flask_gps/lib/python3.10/site-packages/ros_flask_gps-0.0.0-py3.10.egg-info
[1.485s] running install_scripts
[1.588s] Installing ros_gps_publisher script to /home/seho/ros2_ws/install/ros_flask_gps/bin
[1.589s] writing list of installed files to '/home/seho/ros2_ws/build/ros_flask_gps/install.log'
[1.625s] Invoked command in '/home/seho/ros2_ws/src/ros_flask_gps' returned '0': PYTHONPATH=/home/seho/ros2_ws/build/ros_flask_gps/prefix_override:/usr/lib/python3/dist-packages/colcon_core/task/python/colcon_distutils_commands:/home/seho/ros2_ws/install/ros_flask_gps/lib/python3.10/site-packages:${PYTHONPATH} /usr/bin/python3 -W ignore:setup.py install is deprecated setup.py egg_info --egg-base ../../build/ros_flask_gps build --build-base /home/seho/ros2_ws/build/ros_flask_gps/build install --record /home/seho/ros2_ws/build/ros_flask_gps/install.log --single-version-externally-managed install_data
