[1.778s] Invoking command in '/home/seho/ros2_ws/src/my_launch_pkg': PYTHONPATH=/home/seho/ros2_ws/build/my_launch_pkg/prefix_override:/usr/lib/python3/dist-packages/colcon_core/task/python/colcon_distutils_commands:/home/seho/ros2_ws/install/my_launch_pkg/lib/python3.10/site-packages:${PYTHONPATH} /usr/bin/python3 -W ignore:setup.py install is deprecated setup.py egg_info --egg-base ../../build/my_launch_pkg build --build-base /home/seho/ros2_ws/build/my_launch_pkg/build install --record /home/seho/ros2_ws/build/my_launch_pkg/install.log --single-version-externally-managed install_data
[2.062s] running egg_info
[2.062s] writing ../../build/my_launch_pkg/my_launch_pkg.egg-info/PKG-INFO
[2.062s] writing dependency_links to ../../build/my_launch_pkg/my_launch_pkg.egg-info/dependency_links.txt
[2.062s] writing requirements to ../../build/my_launch_pkg/my_launch_pkg.egg-info/requires.txt
[2.062s] writing top-level names to ../../build/my_launch_pkg/my_launch_pkg.egg-info/top_level.txt
[2.062s] reading manifest file '../../build/my_launch_pkg/my_launch_pkg.egg-info/SOURCES.txt'
[2.062s] writing manifest file '../../build/my_launch_pkg/my_launch_pkg.egg-info/SOURCES.txt'
[2.062s] running build
[2.062s] running build_py
[2.062s] copying my_launch_pkg/__init__.py -> /home/seho/ros2_ws/build/my_launch_pkg/build/lib/my_launch_pkg
[2.062s] running install
[2.062s] running install_lib
[2.063s] running install_data
[2.063s] copying resource/my_launch_pkg -> /home/seho/ros2_ws/install/my_launch_pkg/share/ament_index/resource_index/packages
[2.063s] copying package.xml -> /home/seho/ros2_ws/install/my_launch_pkg/share/my_launch_pkg
[2.063s] copying launch/my_launch_file.py -> /home/seho/ros2_ws/install/my_launch_pkg/share/my_launch_pkg/launch
[2.063s] running install_egg_info
[2.063s] removing '/home/seho/ros2_ws/install/my_launch_pkg/lib/python3.10/site-packages/my_launch_pkg-0.0.0-py3.10.egg-info' (and everything under it)
[2.063s] Copying ../../build/my_launch_pkg/my_launch_pkg.egg-info to /home/seho/ros2_ws/install/my_launch_pkg/lib/python3.10/site-packages/my_launch_pkg-0.0.0-py3.10.egg-info
[2.063s] running install_scripts
[2.090s] writing list of installed files to '/home/seho/ros2_ws/build/my_launch_pkg/install.log'
[2.128s] Invoked command in '/home/seho/ros2_ws/src/my_launch_pkg' returned '0': PYTHONPATH=/home/seho/ros2_ws/build/my_launch_pkg/prefix_override:/usr/lib/python3/dist-packages/colcon_core/task/python/colcon_distutils_commands:/home/seho/ros2_ws/install/my_launch_pkg/lib/python3.10/site-packages:${PYTHONPATH} /usr/bin/python3 -W ignore:setup.py install is deprecated setup.py egg_info --egg-base ../../build/my_launch_pkg build --build-base /home/seho/ros2_ws/build/my_launch_pkg/build install --record /home/seho/ros2_ws/build/my_launch_pkg/install.log --single-version-externally-managed install_data
