[0.056s] DEBUG:colcon:Command line arguments: ['/usr/bin/colcon', 'build']
[0.056s] DEBUG:colcon:Parsed command line arguments: Namespace(log_base=None, log_level=None, verb_name='build', build_base='build', install_base='install', merge_install=False, symlink_install=False, test_result_base=None, continue_on_error=False, executor='parallel', parallel_workers=8, event_handlers=None, ignore_user_meta=False, metas=['./colcon.meta'], base_paths=['.'], packages_ignore=None, packages_ignore_regex=None, paths=None, packages_up_to=None, packages_up_to_regex=None, packages_above=None, packages_above_and_dependencies=None, packages_above_depth=None, packages_select_by_dep=None, packages_skip_by_dep=None, packages_skip_up_to=None, packages_select_build_failed=False, packages_skip_build_finished=False, packages_select_test_failures=False, packages_skip_test_passed=False, packages_select=None, packages_skip=None, packages_select_regex=None, packages_skip_regex=None, packages_start=None, packages_end=None, allow_overriding=[], cmake_args=None, cmake_target=None, cmake_target_skip_unavailable=False, cmake_clean_cache=False, cmake_clean_first=False, cmake_force_configure=False, ament_cmake_args=None, catkin_cmake_args=None, catkin_skip_building_tests=False, verb_parser=<colcon_defaults.argument_parser.defaults.DefaultArgumentsDecorator object at 0xffff915d3d30>, verb_extension=<colcon_core.verb.build.BuildVerb object at 0xffff9157d390>, main=<bound method BuildVerb.main of <colcon_core.verb.build.BuildVerb object at 0xffff9157d390>>)
[0.077s] Level 1:colcon.colcon_core.package_discovery:discover_packages(colcon_meta) check parameters
[0.077s] Level 1:colcon.colcon_core.package_discovery:discover_packages(recursive) check parameters
[0.077s] Level 1:colcon.colcon_core.package_discovery:discover_packages(ignore) check parameters
[0.077s] Level 1:colcon.colcon_core.package_discovery:discover_packages(path) check parameters
[0.077s] Level 1:colcon.colcon_core.package_discovery:discover_packages(colcon_meta) discover
[0.077s] Level 1:colcon.colcon_core.package_discovery:discover_packages(recursive) discover
[0.077s] INFO:colcon.colcon_core.package_discovery:Crawling recursively for packages in '/home/seho/ros2_ws'
[0.077s] Level 1:colcon.colcon_core.package_identification:_identify(.) by extensions ['ignore', 'ignore_ament_install']
[0.078s] Level 1:colcon.colcon_core.package_identification:_identify(.) by extension 'ignore'
[0.078s] Level 1:colcon.colcon_core.package_identification:_identify(.) by extension 'ignore_ament_install'
[0.078s] Level 1:colcon.colcon_core.package_identification:_identify(.) by extensions ['colcon_pkg']
[0.078s] Level 1:colcon.colcon_core.package_identification:_identify(.) by extension 'colcon_pkg'
[0.078s] Level 1:colcon.colcon_core.package_identification:_identify(.) by extensions ['colcon_meta']
[0.078s] Level 1:colcon.colcon_core.package_identification:_identify(.) by extension 'colcon_meta'
[0.078s] Level 1:colcon.colcon_core.package_identification:_identify(.) by extensions ['ros']
[0.078s] Level 1:colcon.colcon_core.package_identification:_identify(.) by extension 'ros'
[0.085s] Level 1:colcon.colcon_core.package_identification:_identify(.) by extensions ['cmake', 'python']
[0.085s] Level 1:colcon.colcon_core.package_identification:_identify(.) by extension 'cmake'
[0.085s] Level 1:colcon.colcon_core.package_identification:_identify(.) by extension 'python'
[0.085s] Level 1:colcon.colcon_core.package_identification:_identify(.) by extensions ['python_setup_py']
[0.086s] Level 1:colcon.colcon_core.package_identification:_identify(.) by extension 'python_setup_py'
[0.086s] Level 1:colcon.colcon_core.package_identification:_identify(build) by extensions ['ignore', 'ignore_ament_install']
[0.086s] Level 1:colcon.colcon_core.package_identification:_identify(build) by extension 'ignore'
[0.086s] Level 1:colcon.colcon_core.package_identification:_identify(build) ignored
[0.086s] Level 1:colcon.colcon_core.package_identification:_identify(calibration_images) by extensions ['ignore', 'ignore_ament_install']
[0.086s] Level 1:colcon.colcon_core.package_identification:_identify(calibration_images) by extension 'ignore'
[0.086s] Level 1:colcon.colcon_core.package_identification:_identify(calibration_images) by extension 'ignore_ament_install'
[0.086s] Level 1:colcon.colcon_core.package_identification:_identify(calibration_images) by extensions ['colcon_pkg']
[0.086s] Level 1:colcon.colcon_core.package_identification:_identify(calibration_images) by extension 'colcon_pkg'
[0.086s] Level 1:colcon.colcon_core.package_identification:_identify(calibration_images) by extensions ['colcon_meta']
[0.086s] Level 1:colcon.colcon_core.package_identification:_identify(calibration_images) by extension 'colcon_meta'
[0.086s] Level 1:colcon.colcon_core.package_identification:_identify(calibration_images) by extensions ['ros']
[0.086s] Level 1:colcon.colcon_core.package_identification:_identify(calibration_images) by extension 'ros'
[0.086s] Level 1:colcon.colcon_core.package_identification:_identify(calibration_images) by extensions ['cmake', 'python']
[0.086s] Level 1:colcon.colcon_core.package_identification:_identify(calibration_images) by extension 'cmake'
[0.086s] Level 1:colcon.colcon_core.package_identification:_identify(calibration_images) by extension 'python'
[0.086s] Level 1:colcon.colcon_core.package_identification:_identify(calibration_images) by extensions ['python_setup_py']
[0.086s] Level 1:colcon.colcon_core.package_identification:_identify(calibration_images) by extension 'python_setup_py'
[0.086s] Level 1:colcon.colcon_core.package_identification:_identify(install) by extensions ['ignore', 'ignore_ament_install']
[0.086s] Level 1:colcon.colcon_core.package_identification:_identify(install) by extension 'ignore'
[0.086s] Level 1:colcon.colcon_core.package_identification:_identify(install) ignored
[0.086s] Level 1:colcon.colcon_core.package_identification:_identify(launch) by extensions ['ignore', 'ignore_ament_install']
[0.086s] Level 1:colcon.colcon_core.package_identification:_identify(launch) by extension 'ignore'
[0.086s] Level 1:colcon.colcon_core.package_identification:_identify(launch) by extension 'ignore_ament_install'
[0.086s] Level 1:colcon.colcon_core.package_identification:_identify(launch) by extensions ['colcon_pkg']
[0.086s] Level 1:colcon.colcon_core.package_identification:_identify(launch) by extension 'colcon_pkg'
[0.086s] Level 1:colcon.colcon_core.package_identification:_identify(launch) by extensions ['colcon_meta']
[0.086s] Level 1:colcon.colcon_core.package_identification:_identify(launch) by extension 'colcon_meta'
[0.086s] Level 1:colcon.colcon_core.package_identification:_identify(launch) by extensions ['ros']
[0.086s] Level 1:colcon.colcon_core.package_identification:_identify(launch) by extension 'ros'
[0.086s] Level 1:colcon.colcon_core.package_identification:_identify(launch) by extensions ['cmake', 'python']
[0.086s] Level 1:colcon.colcon_core.package_identification:_identify(launch) by extension 'cmake'
[0.086s] Level 1:colcon.colcon_core.package_identification:_identify(launch) by extension 'python'
[0.086s] Level 1:colcon.colcon_core.package_identification:_identify(launch) by extensions ['python_setup_py']
[0.086s] Level 1:colcon.colcon_core.package_identification:_identify(launch) by extension 'python_setup_py'
[0.086s] Level 1:colcon.colcon_core.package_identification:_identify(log) by extensions ['ignore', 'ignore_ament_install']
[0.086s] Level 1:colcon.colcon_core.package_identification:_identify(log) by extension 'ignore'
[0.086s] Level 1:colcon.colcon_core.package_identification:_identify(log) ignored
[0.086s] Level 1:colcon.colcon_core.package_identification:_identify(master) by extensions ['ignore', 'ignore_ament_install']
[0.087s] Level 1:colcon.colcon_core.package_identification:_identify(master) by extension 'ignore'
[0.087s] Level 1:colcon.colcon_core.package_identification:_identify(master) by extension 'ignore_ament_install'
[0.087s] Level 1:colcon.colcon_core.package_identification:_identify(master) by extensions ['colcon_pkg']
[0.087s] Level 1:colcon.colcon_core.package_identification:_identify(master) by extension 'colcon_pkg'
[0.087s] Level 1:colcon.colcon_core.package_identification:_identify(master) by extensions ['colcon_meta']
[0.087s] Level 1:colcon.colcon_core.package_identification:_identify(master) by extension 'colcon_meta'
[0.087s] Level 1:colcon.colcon_core.package_identification:_identify(master) by extensions ['ros']
[0.087s] Level 1:colcon.colcon_core.package_identification:_identify(master) by extension 'ros'
[0.087s] Level 1:colcon.colcon_core.package_identification:_identify(master) by extensions ['cmake', 'python']
[0.087s] Level 1:colcon.colcon_core.package_identification:_identify(master) by extension 'cmake'
[0.087s] Level 1:colcon.colcon_core.package_identification:_identify(master) by extension 'python'
[0.087s] Level 1:colcon.colcon_core.package_identification:_identify(master) by extensions ['python_setup_py']
[0.087s] Level 1:colcon.colcon_core.package_identification:_identify(master) by extension 'python_setup_py'
[0.087s] Level 1:colcon.colcon_core.package_identification:_identify(master/170924) by extensions ['ignore', 'ignore_ament_install']
[0.087s] Level 1:colcon.colcon_core.package_identification:_identify(master/170924) by extension 'ignore'
[0.087s] Level 1:colcon.colcon_core.package_identification:_identify(master/170924) by extension 'ignore_ament_install'
[0.087s] Level 1:colcon.colcon_core.package_identification:_identify(master/170924) by extensions ['colcon_pkg']
[0.087s] Level 1:colcon.colcon_core.package_identification:_identify(master/170924) by extension 'colcon_pkg'
[0.087s] Level 1:colcon.colcon_core.package_identification:_identify(master/170924) by extensions ['colcon_meta']
[0.087s] Level 1:colcon.colcon_core.package_identification:_identify(master/170924) by extension 'colcon_meta'
[0.087s] Level 1:colcon.colcon_core.package_identification:_identify(master/170924) by extensions ['ros']
[0.087s] Level 1:colcon.colcon_core.package_identification:_identify(master/170924) by extension 'ros'
[0.087s] Level 1:colcon.colcon_core.package_identification:_identify(master/170924) by extensions ['cmake', 'python']
[0.087s] Level 1:colcon.colcon_core.package_identification:_identify(master/170924) by extension 'cmake'
[0.087s] Level 1:colcon.colcon_core.package_identification:_identify(master/170924) by extension 'python'
[0.087s] Level 1:colcon.colcon_core.package_identification:_identify(master/170924) by extensions ['python_setup_py']
[0.087s] Level 1:colcon.colcon_core.package_identification:_identify(master/170924) by extension 'python_setup_py'
[0.087s] Level 1:colcon.colcon_core.package_identification:_identify(master/210824) by extensions ['ignore', 'ignore_ament_install']
[0.087s] Level 1:colcon.colcon_core.package_identification:_identify(master/210824) by extension 'ignore'
[0.087s] Level 1:colcon.colcon_core.package_identification:_identify(master/210824) by extension 'ignore_ament_install'
[0.087s] Level 1:colcon.colcon_core.package_identification:_identify(master/210824) by extensions ['colcon_pkg']
[0.087s] Level 1:colcon.colcon_core.package_identification:_identify(master/210824) by extension 'colcon_pkg'
[0.087s] Level 1:colcon.colcon_core.package_identification:_identify(master/210824) by extensions ['colcon_meta']
[0.087s] Level 1:colcon.colcon_core.package_identification:_identify(master/210824) by extension 'colcon_meta'
[0.087s] Level 1:colcon.colcon_core.package_identification:_identify(master/210824) by extensions ['ros']
[0.087s] Level 1:colcon.colcon_core.package_identification:_identify(master/210824) by extension 'ros'
[0.087s] Level 1:colcon.colcon_core.package_identification:_identify(master/210824) by extensions ['cmake', 'python']
[0.087s] Level 1:colcon.colcon_core.package_identification:_identify(master/210824) by extension 'cmake'
[0.087s] Level 1:colcon.colcon_core.package_identification:_identify(master/210824) by extension 'python'
[0.087s] Level 1:colcon.colcon_core.package_identification:_identify(master/210824) by extensions ['python_setup_py']
[0.087s] Level 1:colcon.colcon_core.package_identification:_identify(master/210824) by extension 'python_setup_py'
[0.087s] Level 1:colcon.colcon_core.package_identification:_identify(master/220824) by extensions ['ignore', 'ignore_ament_install']
[0.087s] Level 1:colcon.colcon_core.package_identification:_identify(master/220824) by extension 'ignore'
[0.087s] Level 1:colcon.colcon_core.package_identification:_identify(master/220824) by extension 'ignore_ament_install'
[0.087s] Level 1:colcon.colcon_core.package_identification:_identify(master/220824) by extensions ['colcon_pkg']
[0.087s] Level 1:colcon.colcon_core.package_identification:_identify(master/220824) by extension 'colcon_pkg'
[0.087s] Level 1:colcon.colcon_core.package_identification:_identify(master/220824) by extensions ['colcon_meta']
[0.087s] Level 1:colcon.colcon_core.package_identification:_identify(master/220824) by extension 'colcon_meta'
[0.087s] Level 1:colcon.colcon_core.package_identification:_identify(master/220824) by extensions ['ros']
[0.087s] Level 1:colcon.colcon_core.package_identification:_identify(master/220824) by extension 'ros'
[0.087s] Level 1:colcon.colcon_core.package_identification:_identify(master/220824) by extensions ['cmake', 'python']
[0.087s] Level 1:colcon.colcon_core.package_identification:_identify(master/220824) by extension 'cmake'
[0.087s] Level 1:colcon.colcon_core.package_identification:_identify(master/220824) by extension 'python'
[0.088s] Level 1:colcon.colcon_core.package_identification:_identify(master/220824) by extensions ['python_setup_py']
[0.088s] Level 1:colcon.colcon_core.package_identification:_identify(master/220824) by extension 'python_setup_py'
[0.088s] Level 1:colcon.colcon_core.package_identification:_identify(master/240824) by extensions ['ignore', 'ignore_ament_install']
[0.088s] Level 1:colcon.colcon_core.package_identification:_identify(master/240824) by extension 'ignore'
[0.088s] Level 1:colcon.colcon_core.package_identification:_identify(master/240824) by extension 'ignore_ament_install'
[0.088s] Level 1:colcon.colcon_core.package_identification:_identify(master/240824) by extensions ['colcon_pkg']
[0.088s] Level 1:colcon.colcon_core.package_identification:_identify(master/240824) by extension 'colcon_pkg'
[0.088s] Level 1:colcon.colcon_core.package_identification:_identify(master/240824) by extensions ['colcon_meta']
[0.088s] Level 1:colcon.colcon_core.package_identification:_identify(master/240824) by extension 'colcon_meta'
[0.088s] Level 1:colcon.colcon_core.package_identification:_identify(master/240824) by extensions ['ros']
[0.088s] Level 1:colcon.colcon_core.package_identification:_identify(master/240824) by extension 'ros'
[0.088s] Level 1:colcon.colcon_core.package_identification:_identify(master/240824) by extensions ['cmake', 'python']
[0.088s] Level 1:colcon.colcon_core.package_identification:_identify(master/240824) by extension 'cmake'
[0.088s] Level 1:colcon.colcon_core.package_identification:_identify(master/240824) by extension 'python'
[0.088s] Level 1:colcon.colcon_core.package_identification:_identify(master/240824) by extensions ['python_setup_py']
[0.088s] Level 1:colcon.colcon_core.package_identification:_identify(master/240824) by extension 'python_setup_py'
[0.088s] Level 1:colcon.colcon_core.package_identification:_identify(master/260824) by extensions ['ignore', 'ignore_ament_install']
[0.088s] Level 1:colcon.colcon_core.package_identification:_identify(master/260824) by extension 'ignore'
[0.088s] Level 1:colcon.colcon_core.package_identification:_identify(master/260824) by extension 'ignore_ament_install'
[0.088s] Level 1:colcon.colcon_core.package_identification:_identify(master/260824) by extensions ['colcon_pkg']
[0.088s] Level 1:colcon.colcon_core.package_identification:_identify(master/260824) by extension 'colcon_pkg'
[0.088s] Level 1:colcon.colcon_core.package_identification:_identify(master/260824) by extensions ['colcon_meta']
[0.088s] Level 1:colcon.colcon_core.package_identification:_identify(master/260824) by extension 'colcon_meta'
[0.088s] Level 1:colcon.colcon_core.package_identification:_identify(master/260824) by extensions ['ros']
[0.088s] Level 1:colcon.colcon_core.package_identification:_identify(master/260824) by extension 'ros'
[0.088s] Level 1:colcon.colcon_core.package_identification:_identify(master/260824) by extensions ['cmake', 'python']
[0.088s] Level 1:colcon.colcon_core.package_identification:_identify(master/260824) by extension 'cmake'
[0.088s] Level 1:colcon.colcon_core.package_identification:_identify(master/260824) by extension 'python'
[0.088s] Level 1:colcon.colcon_core.package_identification:_identify(master/260824) by extensions ['python_setup_py']
[0.088s] Level 1:colcon.colcon_core.package_identification:_identify(master/260824) by extension 'python_setup_py'
[0.088s] Level 1:colcon.colcon_core.package_identification:_identify(master/270824(extern_Kali)) by extensions ['ignore', 'ignore_ament_install']
[0.088s] Level 1:colcon.colcon_core.package_identification:_identify(master/270824(extern_Kali)) by extension 'ignore'
[0.088s] Level 1:colcon.colcon_core.package_identification:_identify(master/270824(extern_Kali)) by extension 'ignore_ament_install'
[0.088s] Level 1:colcon.colcon_core.package_identification:_identify(master/270824(extern_Kali)) by extensions ['colcon_pkg']
[0.088s] Level 1:colcon.colcon_core.package_identification:_identify(master/270824(extern_Kali)) by extension 'colcon_pkg'
[0.088s] Level 1:colcon.colcon_core.package_identification:_identify(master/270824(extern_Kali)) by extensions ['colcon_meta']
[0.088s] Level 1:colcon.colcon_core.package_identification:_identify(master/270824(extern_Kali)) by extension 'colcon_meta'
[0.088s] Level 1:colcon.colcon_core.package_identification:_identify(master/270824(extern_Kali)) by extensions ['ros']
[0.088s] Level 1:colcon.colcon_core.package_identification:_identify(master/270824(extern_Kali)) by extension 'ros'
[0.088s] Level 1:colcon.colcon_core.package_identification:_identify(master/270824(extern_Kali)) by extensions ['cmake', 'python']
[0.088s] Level 1:colcon.colcon_core.package_identification:_identify(master/270824(extern_Kali)) by extension 'cmake'
[0.088s] Level 1:colcon.colcon_core.package_identification:_identify(master/270824(extern_Kali)) by extension 'python'
[0.088s] Level 1:colcon.colcon_core.package_identification:_identify(master/270824(extern_Kali)) by extensions ['python_setup_py']
[0.088s] Level 1:colcon.colcon_core.package_identification:_identify(master/270824(extern_Kali)) by extension 'python_setup_py'
[0.088s] Level 1:colcon.colcon_core.package_identification:_identify(master/280824) by extensions ['ignore', 'ignore_ament_install']
[0.088s] Level 1:colcon.colcon_core.package_identification:_identify(master/280824) by extension 'ignore'
[0.088s] Level 1:colcon.colcon_core.package_identification:_identify(master/280824) by extension 'ignore_ament_install'
[0.088s] Level 1:colcon.colcon_core.package_identification:_identify(master/280824) by extensions ['colcon_pkg']
[0.088s] Level 1:colcon.colcon_core.package_identification:_identify(master/280824) by extension 'colcon_pkg'
[0.088s] Level 1:colcon.colcon_core.package_identification:_identify(master/280824) by extensions ['colcon_meta']
[0.088s] Level 1:colcon.colcon_core.package_identification:_identify(master/280824) by extension 'colcon_meta'
[0.088s] Level 1:colcon.colcon_core.package_identification:_identify(master/280824) by extensions ['ros']
[0.088s] Level 1:colcon.colcon_core.package_identification:_identify(master/280824) by extension 'ros'
[0.089s] Level 1:colcon.colcon_core.package_identification:_identify(master/280824) by extensions ['cmake', 'python']
[0.089s] Level 1:colcon.colcon_core.package_identification:_identify(master/280824) by extension 'cmake'
[0.089s] Level 1:colcon.colcon_core.package_identification:_identify(master/280824) by extension 'python'
[0.089s] Level 1:colcon.colcon_core.package_identification:_identify(master/280824) by extensions ['python_setup_py']
[0.089s] Level 1:colcon.colcon_core.package_identification:_identify(master/280824) by extension 'python_setup_py'
[0.089s] Level 1:colcon.colcon_core.package_identification:_identify(my_camera_pkg) by extensions ['ignore', 'ignore_ament_install']
[0.089s] Level 1:colcon.colcon_core.package_identification:_identify(my_camera_pkg) by extension 'ignore'
[0.089s] Level 1:colcon.colcon_core.package_identification:_identify(my_camera_pkg) by extension 'ignore_ament_install'
[0.089s] Level 1:colcon.colcon_core.package_identification:_identify(my_camera_pkg) by extensions ['colcon_pkg']
[0.089s] Level 1:colcon.colcon_core.package_identification:_identify(my_camera_pkg) by extension 'colcon_pkg'
[0.089s] Level 1:colcon.colcon_core.package_identification:_identify(my_camera_pkg) by extensions ['colcon_meta']
[0.089s] Level 1:colcon.colcon_core.package_identification:_identify(my_camera_pkg) by extension 'colcon_meta'
[0.089s] Level 1:colcon.colcon_core.package_identification:_identify(my_camera_pkg) by extensions ['ros']
[0.089s] Level 1:colcon.colcon_core.package_identification:_identify(my_camera_pkg) by extension 'ros'
[0.089s] Level 1:colcon.colcon_core.package_identification:_identify(my_camera_pkg) by extensions ['cmake', 'python']
[0.089s] Level 1:colcon.colcon_core.package_identification:_identify(my_camera_pkg) by extension 'cmake'
[0.089s] Level 1:colcon.colcon_core.package_identification:_identify(my_camera_pkg) by extension 'python'
[0.089s] Level 1:colcon.colcon_core.package_identification:_identify(my_camera_pkg) by extensions ['python_setup_py']
[0.089s] Level 1:colcon.colcon_core.package_identification:_identify(my_camera_pkg) by extension 'python_setup_py'
[0.089s] Level 1:colcon.colcon_core.package_identification:_identify(my_camera_pkg/models) by extensions ['ignore', 'ignore_ament_install']
[0.089s] Level 1:colcon.colcon_core.package_identification:_identify(my_camera_pkg/models) by extension 'ignore'
[0.089s] Level 1:colcon.colcon_core.package_identification:_identify(my_camera_pkg/models) by extension 'ignore_ament_install'
[0.089s] Level 1:colcon.colcon_core.package_identification:_identify(my_camera_pkg/models) by extensions ['colcon_pkg']
[0.089s] Level 1:colcon.colcon_core.package_identification:_identify(my_camera_pkg/models) by extension 'colcon_pkg'
[0.089s] Level 1:colcon.colcon_core.package_identification:_identify(my_camera_pkg/models) by extensions ['colcon_meta']
[0.089s] Level 1:colcon.colcon_core.package_identification:_identify(my_camera_pkg/models) by extension 'colcon_meta'
[0.089s] Level 1:colcon.colcon_core.package_identification:_identify(my_camera_pkg/models) by extensions ['ros']
[0.089s] Level 1:colcon.colcon_core.package_identification:_identify(my_camera_pkg/models) by extension 'ros'
[0.089s] Level 1:colcon.colcon_core.package_identification:_identify(my_camera_pkg/models) by extensions ['cmake', 'python']
[0.089s] Level 1:colcon.colcon_core.package_identification:_identify(my_camera_pkg/models) by extension 'cmake'
[0.089s] Level 1:colcon.colcon_core.package_identification:_identify(my_camera_pkg/models) by extension 'python'
[0.089s] Level 1:colcon.colcon_core.package_identification:_identify(my_camera_pkg/models) by extensions ['python_setup_py']
[0.089s] Level 1:colcon.colcon_core.package_identification:_identify(my_camera_pkg/models) by extension 'python_setup_py'
[0.089s] Level 1:colcon.colcon_core.package_identification:_identify(src) by extensions ['ignore', 'ignore_ament_install']
[0.089s] Level 1:colcon.colcon_core.package_identification:_identify(src) by extension 'ignore'
[0.089s] Level 1:colcon.colcon_core.package_identification:_identify(src) by extension 'ignore_ament_install'
[0.089s] Level 1:colcon.colcon_core.package_identification:_identify(src) by extensions ['colcon_pkg']
[0.089s] Level 1:colcon.colcon_core.package_identification:_identify(src) by extension 'colcon_pkg'
[0.089s] Level 1:colcon.colcon_core.package_identification:_identify(src) by extensions ['colcon_meta']
[0.089s] Level 1:colcon.colcon_core.package_identification:_identify(src) by extension 'colcon_meta'
[0.089s] Level 1:colcon.colcon_core.package_identification:_identify(src) by extensions ['ros']
[0.089s] Level 1:colcon.colcon_core.package_identification:_identify(src) by extension 'ros'
[0.089s] Level 1:colcon.colcon_core.package_identification:_identify(src) by extensions ['cmake', 'python']
[0.089s] Level 1:colcon.colcon_core.package_identification:_identify(src) by extension 'cmake'
[0.089s] Level 1:colcon.colcon_core.package_identification:_identify(src) by extension 'python'
[0.089s] Level 1:colcon.colcon_core.package_identification:_identify(src) by extensions ['python_setup_py']
[0.089s] Level 1:colcon.colcon_core.package_identification:_identify(src) by extension 'python_setup_py'
[0.089s] Level 1:colcon.colcon_core.package_identification:_identify(src/camera_extrinsic_calibration) by extensions ['ignore', 'ignore_ament_install']
[0.089s] Level 1:colcon.colcon_core.package_identification:_identify(src/camera_extrinsic_calibration) by extension 'ignore'
[0.089s] Level 1:colcon.colcon_core.package_identification:_identify(src/camera_extrinsic_calibration) by extension 'ignore_ament_install'
[0.089s] Level 1:colcon.colcon_core.package_identification:_identify(src/camera_extrinsic_calibration) by extensions ['colcon_pkg']
[0.089s] Level 1:colcon.colcon_core.package_identification:_identify(src/camera_extrinsic_calibration) by extension 'colcon_pkg'
[0.089s] Level 1:colcon.colcon_core.package_identification:_identify(src/camera_extrinsic_calibration) by extensions ['colcon_meta']
[0.089s] Level 1:colcon.colcon_core.package_identification:_identify(src/camera_extrinsic_calibration) by extension 'colcon_meta'
[0.090s] Level 1:colcon.colcon_core.package_identification:_identify(src/camera_extrinsic_calibration) by extensions ['ros']
[0.090s] Level 1:colcon.colcon_core.package_identification:_identify(src/camera_extrinsic_calibration) by extension 'ros'
[0.091s] DEBUG:colcon.colcon_core.package_identification:Package 'src/camera_extrinsic_calibration' with type 'ros.ament_python' and name 'camera_extrinsic_calibration'
[0.091s] Level 1:colcon.colcon_core.package_identification:_identify(src/log) by extensions ['ignore', 'ignore_ament_install']
[0.091s] Level 1:colcon.colcon_core.package_identification:_identify(src/log) by extension 'ignore'
[0.091s] Level 1:colcon.colcon_core.package_identification:_identify(src/log) ignored
[0.091s] Level 1:colcon.colcon_core.package_identification:_identify(src/my_camera_pkg) by extensions ['ignore', 'ignore_ament_install']
[0.091s] Level 1:colcon.colcon_core.package_identification:_identify(src/my_camera_pkg) by extension 'ignore'
[0.091s] Level 1:colcon.colcon_core.package_identification:_identify(src/my_camera_pkg) by extension 'ignore_ament_install'
[0.091s] Level 1:colcon.colcon_core.package_identification:_identify(src/my_camera_pkg) by extensions ['colcon_pkg']
[0.091s] Level 1:colcon.colcon_core.package_identification:_identify(src/my_camera_pkg) by extension 'colcon_pkg'
[0.091s] Level 1:colcon.colcon_core.package_identification:_identify(src/my_camera_pkg) by extensions ['colcon_meta']
[0.091s] Level 1:colcon.colcon_core.package_identification:_identify(src/my_camera_pkg) by extension 'colcon_meta'
[0.091s] Level 1:colcon.colcon_core.package_identification:_identify(src/my_camera_pkg) by extensions ['ros']
[0.091s] Level 1:colcon.colcon_core.package_identification:_identify(src/my_camera_pkg) by extension 'ros'
[0.091s] DEBUG:colcon.colcon_core.package_identification:Package 'src/my_camera_pkg' with type 'ros.ament_python' and name 'my_camera_pkg'
[0.091s] Level 1:colcon.colcon_core.package_identification:_identify(src/my_launch_pkg) by extensions ['ignore', 'ignore_ament_install']
[0.091s] Level 1:colcon.colcon_core.package_identification:_identify(src/my_launch_pkg) by extension 'ignore'
[0.091s] Level 1:colcon.colcon_core.package_identification:_identify(src/my_launch_pkg) by extension 'ignore_ament_install'
[0.091s] Level 1:colcon.colcon_core.package_identification:_identify(src/my_launch_pkg) by extensions ['colcon_pkg']
[0.091s] Level 1:colcon.colcon_core.package_identification:_identify(src/my_launch_pkg) by extension 'colcon_pkg'
[0.091s] Level 1:colcon.colcon_core.package_identification:_identify(src/my_launch_pkg) by extensions ['colcon_meta']
[0.091s] Level 1:colcon.colcon_core.package_identification:_identify(src/my_launch_pkg) by extension 'colcon_meta'
[0.091s] Level 1:colcon.colcon_core.package_identification:_identify(src/my_launch_pkg) by extensions ['ros']
[0.091s] Level 1:colcon.colcon_core.package_identification:_identify(src/my_launch_pkg) by extension 'ros'
[0.092s] DEBUG:colcon.colcon_core.package_identification:Package 'src/my_launch_pkg' with type 'ros.ament_python' and name 'my_launch_pkg'
[0.092s] Level 1:colcon.colcon_core.package_identification:_identify(src/radar_package) by extensions ['ignore', 'ignore_ament_install']
[0.092s] Level 1:colcon.colcon_core.package_identification:_identify(src/radar_package) by extension 'ignore'
[0.092s] Level 1:colcon.colcon_core.package_identification:_identify(src/radar_package) by extension 'ignore_ament_install'
[0.092s] Level 1:colcon.colcon_core.package_identification:_identify(src/radar_package) by extensions ['colcon_pkg']
[0.092s] Level 1:colcon.colcon_core.package_identification:_identify(src/radar_package) by extension 'colcon_pkg'
[0.092s] Level 1:colcon.colcon_core.package_identification:_identify(src/radar_package) by extensions ['colcon_meta']
[0.092s] Level 1:colcon.colcon_core.package_identification:_identify(src/radar_package) by extension 'colcon_meta'
[0.092s] Level 1:colcon.colcon_core.package_identification:_identify(src/radar_package) by extensions ['ros']
[0.092s] Level 1:colcon.colcon_core.package_identification:_identify(src/radar_package) by extension 'ros'
[0.092s] DEBUG:colcon.colcon_core.package_identification:Package 'src/radar_package' with type 'ros.ament_python' and name 'radar_package'
[0.092s] Level 1:colcon.colcon_core.package_identification:_identify(src/radar_visualization_node) by extensions ['ignore', 'ignore_ament_install']
[0.092s] Level 1:colcon.colcon_core.package_identification:_identify(src/radar_visualization_node) by extension 'ignore'
[0.092s] Level 1:colcon.colcon_core.package_identification:_identify(src/radar_visualization_node) by extension 'ignore_ament_install'
[0.092s] Level 1:colcon.colcon_core.package_identification:_identify(src/radar_visualization_node) by extensions ['colcon_pkg']
[0.092s] Level 1:colcon.colcon_core.package_identification:_identify(src/radar_visualization_node) by extension 'colcon_pkg'
[0.092s] Level 1:colcon.colcon_core.package_identification:_identify(src/radar_visualization_node) by extensions ['colcon_meta']
[0.092s] Level 1:colcon.colcon_core.package_identification:_identify(src/radar_visualization_node) by extension 'colcon_meta'
[0.092s] Level 1:colcon.colcon_core.package_identification:_identify(src/radar_visualization_node) by extensions ['ros']
[0.092s] Level 1:colcon.colcon_core.package_identification:_identify(src/radar_visualization_node) by extension 'ros'
[0.093s] DEBUG:colcon.colcon_core.package_identification:Package 'src/radar_visualization_node' with type 'ros.ament_python' and name 'radar_visualization_node'
[0.093s] Level 1:colcon.colcon_core.package_identification:_identify(src/sensor_calibration) by extensions ['ignore', 'ignore_ament_install']
[0.093s] Level 1:colcon.colcon_core.package_identification:_identify(src/sensor_calibration) by extension 'ignore'
[0.093s] Level 1:colcon.colcon_core.package_identification:_identify(src/sensor_calibration) by extension 'ignore_ament_install'
[0.093s] Level 1:colcon.colcon_core.package_identification:_identify(src/sensor_calibration) by extensions ['colcon_pkg']
[0.093s] Level 1:colcon.colcon_core.package_identification:_identify(src/sensor_calibration) by extension 'colcon_pkg'
[0.093s] Level 1:colcon.colcon_core.package_identification:_identify(src/sensor_calibration) by extensions ['colcon_meta']
[0.093s] Level 1:colcon.colcon_core.package_identification:_identify(src/sensor_calibration) by extension 'colcon_meta'
[0.093s] Level 1:colcon.colcon_core.package_identification:_identify(src/sensor_calibration) by extensions ['ros']
[0.093s] Level 1:colcon.colcon_core.package_identification:_identify(src/sensor_calibration) by extension 'ros'
[0.093s] DEBUG:colcon.colcon_core.package_identification:Package 'src/sensor_calibration' with type 'ros.ament_python' and name 'sensor_calibration'
[0.093s] Level 1:colcon.colcon_core.package_identification:_identify(src/sensor_fusion_pkg) by extensions ['ignore', 'ignore_ament_install']
[0.093s] Level 1:colcon.colcon_core.package_identification:_identify(src/sensor_fusion_pkg) by extension 'ignore'
[0.093s] Level 1:colcon.colcon_core.package_identification:_identify(src/sensor_fusion_pkg) by extension 'ignore_ament_install'
[0.093s] Level 1:colcon.colcon_core.package_identification:_identify(src/sensor_fusion_pkg) by extensions ['colcon_pkg']
[0.093s] Level 1:colcon.colcon_core.package_identification:_identify(src/sensor_fusion_pkg) by extension 'colcon_pkg'
[0.093s] Level 1:colcon.colcon_core.package_identification:_identify(src/sensor_fusion_pkg) by extensions ['colcon_meta']
[0.093s] Level 1:colcon.colcon_core.package_identification:_identify(src/sensor_fusion_pkg) by extension 'colcon_meta'
[0.093s] Level 1:colcon.colcon_core.package_identification:_identify(src/sensor_fusion_pkg) by extensions ['ros']
[0.093s] Level 1:colcon.colcon_core.package_identification:_identify(src/sensor_fusion_pkg) by extension 'ros'
[0.094s] DEBUG:colcon.colcon_core.package_identification:Package 'src/sensor_fusion_pkg' with type 'ros.ament_python' and name 'sensor_fusion_pkg'
[0.094s] Level 1:colcon.colcon_core.package_identification:_identify(trash) by extensions ['ignore', 'ignore_ament_install']
[0.094s] Level 1:colcon.colcon_core.package_identification:_identify(trash) by extension 'ignore'
[0.094s] Level 1:colcon.colcon_core.package_identification:_identify(trash) by extension 'ignore_ament_install'
[0.094s] Level 1:colcon.colcon_core.package_identification:_identify(trash) by extensions ['colcon_pkg']
[0.094s] Level 1:colcon.colcon_core.package_identification:_identify(trash) by extension 'colcon_pkg'
[0.094s] Level 1:colcon.colcon_core.package_identification:_identify(trash) by extensions ['colcon_meta']
[0.094s] Level 1:colcon.colcon_core.package_identification:_identify(trash) by extension 'colcon_meta'
[0.094s] Level 1:colcon.colcon_core.package_identification:_identify(trash) by extensions ['ros']
[0.094s] Level 1:colcon.colcon_core.package_identification:_identify(trash) by extension 'ros'
[0.094s] Level 1:colcon.colcon_core.package_identification:_identify(trash) by extensions ['cmake', 'python']
[0.094s] Level 1:colcon.colcon_core.package_identification:_identify(trash) by extension 'cmake'
[0.094s] Level 1:colcon.colcon_core.package_identification:_identify(trash) by extension 'python'
[0.094s] Level 1:colcon.colcon_core.package_identification:_identify(trash) by extensions ['python_setup_py']
[0.094s] Level 1:colcon.colcon_core.package_identification:_identify(trash) by extension 'python_setup_py'
[0.094s] Level 1:colcon.colcon_core.package_discovery:discover_packages(recursive) using defaults
[0.094s] Level 1:colcon.colcon_core.package_discovery:discover_packages(ignore) discover
[0.094s] Level 1:colcon.colcon_core.package_discovery:discover_packages(ignore) using defaults
[0.094s] Level 1:colcon.colcon_core.package_discovery:discover_packages(path) discover
[0.094s] Level 1:colcon.colcon_core.package_discovery:discover_packages(path) using defaults
[0.105s] Level 1:colcon.colcon_core.package_discovery:discover_packages(prefix_path) check parameters
[0.105s] Level 1:colcon.colcon_core.package_discovery:discover_packages(prefix_path) discover
[0.106s] DEBUG:colcon.colcon_installed_package_information.package_discovery:Found 7 installed packages in /home/seho/ros2_ws/install
[0.107s] DEBUG:colcon.colcon_installed_package_information.package_discovery:Found 20 installed packages in /home/seho/ros2_foxy/install
[0.107s] Level 1:colcon.colcon_core.package_discovery:discover_packages(prefix_path) using defaults
[0.108s] Level 5:colcon.colcon_core.verb:set package 'camera_extrinsic_calibration' build argument 'cmake_args' from command line to 'None'
[0.108s] Level 5:colcon.colcon_core.verb:set package 'camera_extrinsic_calibration' build argument 'cmake_target' from command line to 'None'
[0.108s] Level 5:colcon.colcon_core.verb:set package 'camera_extrinsic_calibration' build argument 'cmake_target_skip_unavailable' from command line to 'False'
[0.108s] Level 5:colcon.colcon_core.verb:set package 'camera_extrinsic_calibration' build argument 'cmake_clean_cache' from command line to 'False'
[0.108s] Level 5:colcon.colcon_core.verb:set package 'camera_extrinsic_calibration' build argument 'cmake_clean_first' from command line to 'False'
[0.108s] Level 5:colcon.colcon_core.verb:set package 'camera_extrinsic_calibration' build argument 'cmake_force_configure' from command line to 'False'
[0.108s] Level 5:colcon.colcon_core.verb:set package 'camera_extrinsic_calibration' build argument 'ament_cmake_args' from command line to 'None'
[0.108s] Level 5:colcon.colcon_core.verb:set package 'camera_extrinsic_calibration' build argument 'catkin_cmake_args' from command line to 'None'
[0.108s] Level 5:colcon.colcon_core.verb:set package 'camera_extrinsic_calibration' build argument 'catkin_skip_building_tests' from command line to 'False'
[0.108s] DEBUG:colcon.colcon_core.verb:Building package 'camera_extrinsic_calibration' with the following arguments: {'ament_cmake_args': None, 'build_base': '/home/seho/ros2_ws/build/camera_extrinsic_calibration', 'catkin_cmake_args': None, 'catkin_skip_building_tests': False, 'cmake_args': None, 'cmake_clean_cache': False, 'cmake_clean_first': False, 'cmake_force_configure': False, 'cmake_target': None, 'cmake_target_skip_unavailable': False, 'install_base': '/home/seho/ros2_ws/install/camera_extrinsic_calibration', 'merge_install': False, 'path': '/home/seho/ros2_ws/src/camera_extrinsic_calibration', 'symlink_install': False, 'test_result_base': None}
[0.109s] Level 5:colcon.colcon_core.verb:set package 'my_camera_pkg' build argument 'cmake_args' from command line to 'None'
[0.109s] Level 5:colcon.colcon_core.verb:set package 'my_camera_pkg' build argument 'cmake_target' from command line to 'None'
[0.109s] Level 5:colcon.colcon_core.verb:set package 'my_camera_pkg' build argument 'cmake_target_skip_unavailable' from command line to 'False'
[0.109s] Level 5:colcon.colcon_core.verb:set package 'my_camera_pkg' build argument 'cmake_clean_cache' from command line to 'False'
[0.109s] Level 5:colcon.colcon_core.verb:set package 'my_camera_pkg' build argument 'cmake_clean_first' from command line to 'False'
[0.109s] Level 5:colcon.colcon_core.verb:set package 'my_camera_pkg' build argument 'cmake_force_configure' from command line to 'False'
[0.109s] Level 5:colcon.colcon_core.verb:set package 'my_camera_pkg' build argument 'ament_cmake_args' from command line to 'None'
[0.109s] Level 5:colcon.colcon_core.verb:set package 'my_camera_pkg' build argument 'catkin_cmake_args' from command line to 'None'
[0.109s] Level 5:colcon.colcon_core.verb:set package 'my_camera_pkg' build argument 'catkin_skip_building_tests' from command line to 'False'
[0.109s] DEBUG:colcon.colcon_core.verb:Building package 'my_camera_pkg' with the following arguments: {'ament_cmake_args': None, 'build_base': '/home/seho/ros2_ws/build/my_camera_pkg', 'catkin_cmake_args': None, 'catkin_skip_building_tests': False, 'cmake_args': None, 'cmake_clean_cache': False, 'cmake_clean_first': False, 'cmake_force_configure': False, 'cmake_target': None, 'cmake_target_skip_unavailable': False, 'install_base': '/home/seho/ros2_ws/install/my_camera_pkg', 'merge_install': False, 'path': '/home/seho/ros2_ws/src/my_camera_pkg', 'symlink_install': False, 'test_result_base': None}
[0.109s] Level 5:colcon.colcon_core.verb:set package 'my_launch_pkg' build argument 'cmake_args' from command line to 'None'
[0.109s] Level 5:colcon.colcon_core.verb:set package 'my_launch_pkg' build argument 'cmake_target' from command line to 'None'
[0.109s] Level 5:colcon.colcon_core.verb:set package 'my_launch_pkg' build argument 'cmake_target_skip_unavailable' from command line to 'False'
[0.109s] Level 5:colcon.colcon_core.verb:set package 'my_launch_pkg' build argument 'cmake_clean_cache' from command line to 'False'
[0.109s] Level 5:colcon.colcon_core.verb:set package 'my_launch_pkg' build argument 'cmake_clean_first' from command line to 'False'
[0.109s] Level 5:colcon.colcon_core.verb:set package 'my_launch_pkg' build argument 'cmake_force_configure' from command line to 'False'
[0.109s] Level 5:colcon.colcon_core.verb:set package 'my_launch_pkg' build argument 'ament_cmake_args' from command line to 'None'
[0.109s] Level 5:colcon.colcon_core.verb:set package 'my_launch_pkg' build argument 'catkin_cmake_args' from command line to 'None'
[0.109s] Level 5:colcon.colcon_core.verb:set package 'my_launch_pkg' build argument 'catkin_skip_building_tests' from command line to 'False'
[0.109s] DEBUG:colcon.colcon_core.verb:Building package 'my_launch_pkg' with the following arguments: {'ament_cmake_args': None, 'build_base': '/home/seho/ros2_ws/build/my_launch_pkg', 'catkin_cmake_args': None, 'catkin_skip_building_tests': False, 'cmake_args': None, 'cmake_clean_cache': False, 'cmake_clean_first': False, 'cmake_force_configure': False, 'cmake_target': None, 'cmake_target_skip_unavailable': False, 'install_base': '/home/seho/ros2_ws/install/my_launch_pkg', 'merge_install': False, 'path': '/home/seho/ros2_ws/src/my_launch_pkg', 'symlink_install': False, 'test_result_base': None}
[0.109s] Level 5:colcon.colcon_core.verb:set package 'radar_package' build argument 'cmake_args' from command line to 'None'
[0.109s] Level 5:colcon.colcon_core.verb:set package 'radar_package' build argument 'cmake_target' from command line to 'None'
[0.109s] Level 5:colcon.colcon_core.verb:set package 'radar_package' build argument 'cmake_target_skip_unavailable' from command line to 'False'
[0.109s] Level 5:colcon.colcon_core.verb:set package 'radar_package' build argument 'cmake_clean_cache' from command line to 'False'
[0.109s] Level 5:colcon.colcon_core.verb:set package 'radar_package' build argument 'cmake_clean_first' from command line to 'False'
[0.109s] Level 5:colcon.colcon_core.verb:set package 'radar_package' build argument 'cmake_force_configure' from command line to 'False'
[0.109s] Level 5:colcon.colcon_core.verb:set package 'radar_package' build argument 'ament_cmake_args' from command line to 'None'
[0.109s] Level 5:colcon.colcon_core.verb:set package 'radar_package' build argument 'catkin_cmake_args' from command line to 'None'
[0.109s] Level 5:colcon.colcon_core.verb:set package 'radar_package' build argument 'catkin_skip_building_tests' from command line to 'False'
[0.109s] DEBUG:colcon.colcon_core.verb:Building package 'radar_package' with the following arguments: {'ament_cmake_args': None, 'build_base': '/home/seho/ros2_ws/build/radar_package', 'catkin_cmake_args': None, 'catkin_skip_building_tests': False, 'cmake_args': None, 'cmake_clean_cache': False, 'cmake_clean_first': False, 'cmake_force_configure': False, 'cmake_target': None, 'cmake_target_skip_unavailable': False, 'install_base': '/home/seho/ros2_ws/install/radar_package', 'merge_install': False, 'path': '/home/seho/ros2_ws/src/radar_package', 'symlink_install': False, 'test_result_base': None}
[0.109s] Level 5:colcon.colcon_core.verb:set package 'radar_visualization_node' build argument 'cmake_args' from command line to 'None'
[0.109s] Level 5:colcon.colcon_core.verb:set package 'radar_visualization_node' build argument 'cmake_target' from command line to 'None'
[0.109s] Level 5:colcon.colcon_core.verb:set package 'radar_visualization_node' build argument 'cmake_target_skip_unavailable' from command line to 'False'
[0.109s] Level 5:colcon.colcon_core.verb:set package 'radar_visualization_node' build argument 'cmake_clean_cache' from command line to 'False'
[0.109s] Level 5:colcon.colcon_core.verb:set package 'radar_visualization_node' build argument 'cmake_clean_first' from command line to 'False'
[0.109s] Level 5:colcon.colcon_core.verb:set package 'radar_visualization_node' build argument 'cmake_force_configure' from command line to 'False'
[0.109s] Level 5:colcon.colcon_core.verb:set package 'radar_visualization_node' build argument 'ament_cmake_args' from command line to 'None'
[0.109s] Level 5:colcon.colcon_core.verb:set package 'radar_visualization_node' build argument 'catkin_cmake_args' from command line to 'None'
[0.109s] Level 5:colcon.colcon_core.verb:set package 'radar_visualization_node' build argument 'catkin_skip_building_tests' from command line to 'False'
[0.109s] DEBUG:colcon.colcon_core.verb:Building package 'radar_visualization_node' with the following arguments: {'ament_cmake_args': None, 'build_base': '/home/seho/ros2_ws/build/radar_visualization_node', 'catkin_cmake_args': None, 'catkin_skip_building_tests': False, 'cmake_args': None, 'cmake_clean_cache': False, 'cmake_clean_first': False, 'cmake_force_configure': False, 'cmake_target': None, 'cmake_target_skip_unavailable': False, 'install_base': '/home/seho/ros2_ws/install/radar_visualization_node', 'merge_install': False, 'path': '/home/seho/ros2_ws/src/radar_visualization_node', 'symlink_install': False, 'test_result_base': None}
[0.110s] Level 5:colcon.colcon_core.verb:set package 'sensor_calibration' build argument 'cmake_args' from command line to 'None'
[0.110s] Level 5:colcon.colcon_core.verb:set package 'sensor_calibration' build argument 'cmake_target' from command line to 'None'
[0.110s] Level 5:colcon.colcon_core.verb:set package 'sensor_calibration' build argument 'cmake_target_skip_unavailable' from command line to 'False'
[0.110s] Level 5:colcon.colcon_core.verb:set package 'sensor_calibration' build argument 'cmake_clean_cache' from command line to 'False'
[0.110s] Level 5:colcon.colcon_core.verb:set package 'sensor_calibration' build argument 'cmake_clean_first' from command line to 'False'
[0.110s] Level 5:colcon.colcon_core.verb:set package 'sensor_calibration' build argument 'cmake_force_configure' from command line to 'False'
[0.110s] Level 5:colcon.colcon_core.verb:set package 'sensor_calibration' build argument 'ament_cmake_args' from command line to 'None'
[0.110s] Level 5:colcon.colcon_core.verb:set package 'sensor_calibration' build argument 'catkin_cmake_args' from command line to 'None'
[0.110s] Level 5:colcon.colcon_core.verb:set package 'sensor_calibration' build argument 'catkin_skip_building_tests' from command line to 'False'
[0.110s] DEBUG:colcon.colcon_core.verb:Building package 'sensor_calibration' with the following arguments: {'ament_cmake_args': None, 'build_base': '/home/seho/ros2_ws/build/sensor_calibration', 'catkin_cmake_args': None, 'catkin_skip_building_tests': False, 'cmake_args': None, 'cmake_clean_cache': False, 'cmake_clean_first': False, 'cmake_force_configure': False, 'cmake_target': None, 'cmake_target_skip_unavailable': False, 'install_base': '/home/seho/ros2_ws/install/sensor_calibration', 'merge_install': False, 'path': '/home/seho/ros2_ws/src/sensor_calibration', 'symlink_install': False, 'test_result_base': None}
[0.110s] Level 5:colcon.colcon_core.verb:set package 'sensor_fusion_pkg' build argument 'cmake_args' from command line to 'None'
[0.110s] Level 5:colcon.colcon_core.verb:set package 'sensor_fusion_pkg' build argument 'cmake_target' from command line to 'None'
[0.110s] Level 5:colcon.colcon_core.verb:set package 'sensor_fusion_pkg' build argument 'cmake_target_skip_unavailable' from command line to 'False'
[0.110s] Level 5:colcon.colcon_core.verb:set package 'sensor_fusion_pkg' build argument 'cmake_clean_cache' from command line to 'False'
[0.110s] Level 5:colcon.colcon_core.verb:set package 'sensor_fusion_pkg' build argument 'cmake_clean_first' from command line to 'False'
[0.110s] Level 5:colcon.colcon_core.verb:set package 'sensor_fusion_pkg' build argument 'cmake_force_configure' from command line to 'False'
[0.110s] Level 5:colcon.colcon_core.verb:set package 'sensor_fusion_pkg' build argument 'ament_cmake_args' from command line to 'None'
[0.110s] Level 5:colcon.colcon_core.verb:set package 'sensor_fusion_pkg' build argument 'catkin_cmake_args' from command line to 'None'
[0.110s] Level 5:colcon.colcon_core.verb:set package 'sensor_fusion_pkg' build argument 'catkin_skip_building_tests' from command line to 'False'
[0.110s] DEBUG:colcon.colcon_core.verb:Building package 'sensor_fusion_pkg' with the following arguments: {'ament_cmake_args': None, 'build_base': '/home/seho/ros2_ws/build/sensor_fusion_pkg', 'catkin_cmake_args': None, 'catkin_skip_building_tests': False, 'cmake_args': None, 'cmake_clean_cache': False, 'cmake_clean_first': False, 'cmake_force_configure': False, 'cmake_target': None, 'cmake_target_skip_unavailable': False, 'install_base': '/home/seho/ros2_ws/install/sensor_fusion_pkg', 'merge_install': False, 'path': '/home/seho/ros2_ws/src/sensor_fusion_pkg', 'symlink_install': False, 'test_result_base': None}
[0.110s] INFO:colcon.colcon_core.executor:Executing jobs using 'parallel' executor
[0.110s] DEBUG:colcon.colcon_parallel_executor.executor.parallel:run_until_complete
[0.111s] INFO:colcon.colcon_ros.task.ament_python.build:Building ROS package in '/home/seho/ros2_ws/src/camera_extrinsic_calibration' with build type 'ament_python'
[0.111s] Level 1:colcon.colcon_core.shell:create_environment_hook('camera_extrinsic_calibration', 'ament_prefix_path')
[0.112s] INFO:colcon.colcon_core.plugin_system:Skipping extension 'colcon_core.shell.bat': Not used on non-Windows systems
[0.112s] INFO:colcon.colcon_core.shell:Creating environment hook '/home/seho/ros2_ws/install/camera_extrinsic_calibration/share/camera_extrinsic_calibration/hook/ament_prefix_path.ps1'
[0.113s] INFO:colcon.colcon_core.shell:Creating environment descriptor '/home/seho/ros2_ws/install/camera_extrinsic_calibration/share/camera_extrinsic_calibration/hook/ament_prefix_path.dsv'
[0.113s] INFO:colcon.colcon_core.shell:Creating environment hook '/home/seho/ros2_ws/install/camera_extrinsic_calibration/share/camera_extrinsic_calibration/hook/ament_prefix_path.sh'
[0.113s] INFO:colcon.colcon_core.shell:Skip shell extension 'powershell' for command environment: Not usable outside of PowerShell
[0.113s] DEBUG:colcon.colcon_core.shell:Skip shell extension 'dsv' for command environment
[0.115s] INFO:colcon.colcon_ros.task.ament_python.build:Building ROS package in '/home/seho/ros2_ws/src/my_camera_pkg' with build type 'ament_python'
[0.115s] Level 1:colcon.colcon_core.shell:create_environment_hook('my_camera_pkg', 'ament_prefix_path')
[0.115s] INFO:colcon.colcon_core.shell:Creating environment hook '/home/seho/ros2_ws/install/my_camera_pkg/share/my_camera_pkg/hook/ament_prefix_path.ps1'
[0.116s] INFO:colcon.colcon_core.shell:Creating environment descriptor '/home/seho/ros2_ws/install/my_camera_pkg/share/my_camera_pkg/hook/ament_prefix_path.dsv'
[0.116s] INFO:colcon.colcon_core.shell:Creating environment hook '/home/seho/ros2_ws/install/my_camera_pkg/share/my_camera_pkg/hook/ament_prefix_path.sh'
[0.117s] INFO:colcon.colcon_core.shell:Skip shell extension 'powershell' for command environment: Not usable outside of PowerShell
[0.117s] DEBUG:colcon.colcon_core.shell:Skip shell extension 'dsv' for command environment
[0.118s] INFO:colcon.colcon_ros.task.ament_python.build:Building ROS package in '/home/seho/ros2_ws/src/my_launch_pkg' with build type 'ament_python'
[0.118s] Level 1:colcon.colcon_core.shell:create_environment_hook('my_launch_pkg', 'ament_prefix_path')
[0.119s] INFO:colcon.colcon_core.shell:Creating environment hook '/home/seho/ros2_ws/install/my_launch_pkg/share/my_launch_pkg/hook/ament_prefix_path.ps1'
[0.119s] INFO:colcon.colcon_core.shell:Creating environment descriptor '/home/seho/ros2_ws/install/my_launch_pkg/share/my_launch_pkg/hook/ament_prefix_path.dsv'
[0.119s] INFO:colcon.colcon_core.shell:Creating environment hook '/home/seho/ros2_ws/install/my_launch_pkg/share/my_launch_pkg/hook/ament_prefix_path.sh'
[0.120s] INFO:colcon.colcon_core.shell:Skip shell extension 'powershell' for command environment: Not usable outside of PowerShell
[0.120s] DEBUG:colcon.colcon_core.shell:Skip shell extension 'dsv' for command environment
[0.121s] INFO:colcon.colcon_ros.task.ament_python.build:Building ROS package in '/home/seho/ros2_ws/src/radar_package' with build type 'ament_python'
[0.121s] Level 1:colcon.colcon_core.shell:create_environment_hook('radar_package', 'ament_prefix_path')
[0.122s] INFO:colcon.colcon_core.shell:Creating environment hook '/home/seho/ros2_ws/install/radar_package/share/radar_package/hook/ament_prefix_path.ps1'
[0.122s] INFO:colcon.colcon_core.shell:Creating environment descriptor '/home/seho/ros2_ws/install/radar_package/share/radar_package/hook/ament_prefix_path.dsv'
[0.122s] INFO:colcon.colcon_core.shell:Creating environment hook '/home/seho/ros2_ws/install/radar_package/share/radar_package/hook/ament_prefix_path.sh'
[0.122s] INFO:colcon.colcon_core.shell:Skip shell extension 'powershell' for command environment: Not usable outside of PowerShell
[0.122s] DEBUG:colcon.colcon_core.shell:Skip shell extension 'dsv' for command environment
[0.124s] INFO:colcon.colcon_ros.task.ament_python.build:Building ROS package in '/home/seho/ros2_ws/src/radar_visualization_node' with build type 'ament_python'
[0.125s] Level 1:colcon.colcon_core.shell:create_environment_hook('radar_visualization_node', 'ament_prefix_path')
[0.125s] INFO:colcon.colcon_core.shell:Creating environment hook '/home/seho/ros2_ws/install/radar_visualization_node/share/radar_visualization_node/hook/ament_prefix_path.ps1'
[0.125s] INFO:colcon.colcon_core.shell:Creating environment descriptor '/home/seho/ros2_ws/install/radar_visualization_node/share/radar_visualization_node/hook/ament_prefix_path.dsv'
[0.125s] INFO:colcon.colcon_core.shell:Creating environment hook '/home/seho/ros2_ws/install/radar_visualization_node/share/radar_visualization_node/hook/ament_prefix_path.sh'
[0.126s] INFO:colcon.colcon_core.shell:Skip shell extension 'powershell' for command environment: Not usable outside of PowerShell
[0.126s] DEBUG:colcon.colcon_core.shell:Skip shell extension 'dsv' for command environment
[0.128s] INFO:colcon.colcon_ros.task.ament_python.build:Building ROS package in '/home/seho/ros2_ws/src/sensor_calibration' with build type 'ament_python'
[0.129s] Level 1:colcon.colcon_core.shell:create_environment_hook('sensor_calibration', 'ament_prefix_path')
[0.129s] INFO:colcon.colcon_core.shell:Creating environment hook '/home/seho/ros2_ws/install/sensor_calibration/share/sensor_calibration/hook/ament_prefix_path.ps1'
[0.130s] INFO:colcon.colcon_core.shell:Creating environment descriptor '/home/seho/ros2_ws/install/sensor_calibration/share/sensor_calibration/hook/ament_prefix_path.dsv'
[0.130s] INFO:colcon.colcon_core.shell:Creating environment hook '/home/seho/ros2_ws/install/sensor_calibration/share/sensor_calibration/hook/ament_prefix_path.sh'
[0.130s] INFO:colcon.colcon_core.shell:Skip shell extension 'powershell' for command environment: Not usable outside of PowerShell
[0.130s] DEBUG:colcon.colcon_core.shell:Skip shell extension 'dsv' for command environment
[0.132s] INFO:colcon.colcon_ros.task.ament_python.build:Building ROS package in '/home/seho/ros2_ws/src/sensor_fusion_pkg' with build type 'ament_python'
[0.132s] Level 1:colcon.colcon_core.shell:create_environment_hook('sensor_fusion_pkg', 'ament_prefix_path')
[0.132s] INFO:colcon.colcon_core.shell:Creating environment hook '/home/seho/ros2_ws/install/sensor_fusion_pkg/share/sensor_fusion_pkg/hook/ament_prefix_path.ps1'
[0.132s] INFO:colcon.colcon_core.shell:Creating environment descriptor '/home/seho/ros2_ws/install/sensor_fusion_pkg/share/sensor_fusion_pkg/hook/ament_prefix_path.dsv'
[0.133s] INFO:colcon.colcon_core.shell:Creating environment hook '/home/seho/ros2_ws/install/sensor_fusion_pkg/share/sensor_fusion_pkg/hook/ament_prefix_path.sh'
[0.133s] INFO:colcon.colcon_core.shell:Skip shell extension 'powershell' for command environment: Not usable outside of PowerShell
[0.133s] DEBUG:colcon.colcon_core.shell:Skip shell extension 'dsv' for command environment
[0.242s] INFO:colcon.colcon_core.task.python.build:Building Python package in '/home/seho/ros2_ws/src/camera_extrinsic_calibration'
[0.243s] INFO:colcon.colcon_core.shell:Skip shell extension 'powershell' for command environment: Not usable outside of PowerShell
[0.243s] DEBUG:colcon.colcon_core.shell:Skip shell extension 'dsv' for command environment
[0.348s] INFO:colcon.colcon_core.task.python.build:Building Python package in '/home/seho/ros2_ws/src/my_camera_pkg'
[0.349s] INFO:colcon.colcon_core.shell:Skip shell extension 'powershell' for command environment: Not usable outside of PowerShell
[0.349s] DEBUG:colcon.colcon_core.shell:Skip shell extension 'dsv' for command environment
[0.458s] INFO:colcon.colcon_core.task.python.build:Building Python package in '/home/seho/ros2_ws/src/my_launch_pkg'
[0.458s] INFO:colcon.colcon_core.shell:Skip shell extension 'powershell' for command environment: Not usable outside of PowerShell
[0.458s] DEBUG:colcon.colcon_core.shell:Skip shell extension 'dsv' for command environment
[0.570s] INFO:colcon.colcon_core.task.python.build:Building Python package in '/home/seho/ros2_ws/src/radar_package'
[0.570s] INFO:colcon.colcon_core.shell:Skip shell extension 'powershell' for command environment: Not usable outside of PowerShell
[0.570s] DEBUG:colcon.colcon_core.shell:Skip shell extension 'dsv' for command environment
[0.675s] INFO:colcon.colcon_core.task.python.build:Building Python package in '/home/seho/ros2_ws/src/radar_visualization_node'
[0.675s] INFO:colcon.colcon_core.shell:Skip shell extension 'powershell' for command environment: Not usable outside of PowerShell
[0.675s] DEBUG:colcon.colcon_core.shell:Skip shell extension 'dsv' for command environment
[0.785s] INFO:colcon.colcon_core.task.python.build:Building Python package in '/home/seho/ros2_ws/src/sensor_calibration'
[0.785s] INFO:colcon.colcon_core.shell:Skip shell extension 'powershell' for command environment: Not usable outside of PowerShell
[0.785s] DEBUG:colcon.colcon_core.shell:Skip shell extension 'dsv' for command environment
[0.895s] INFO:colcon.colcon_core.task.python.build:Building Python package in '/home/seho/ros2_ws/src/sensor_fusion_pkg'
[0.895s] INFO:colcon.colcon_core.shell:Skip shell extension 'powershell' for command environment: Not usable outside of PowerShell
[0.895s] DEBUG:colcon.colcon_core.shell:Skip shell extension 'dsv' for command environment
[1.172s] DEBUG:colcon.colcon_core.event_handler.log_command:Invoking command in '/home/seho/ros2_ws/src/my_launch_pkg': PYTHONPATH=/home/seho/ros2_ws/build/my_launch_pkg/prefix_override:/usr/lib/python3/dist-packages/colcon_core/task/python/colcon_distutils_commands:/home/seho/ros2_ws/install/my_launch_pkg/lib/python3.10/site-packages:${PYTHONPATH} /usr/bin/python3 -W ignore:setup.py install is deprecated setup.py egg_info --egg-base ../../build/my_launch_pkg build --build-base /home/seho/ros2_ws/build/my_launch_pkg/build install --record /home/seho/ros2_ws/build/my_launch_pkg/install.log --single-version-externally-managed install_data
[1.175s] DEBUG:colcon.colcon_core.event_handler.log_command:Invoking command in '/home/seho/ros2_ws/src/my_camera_pkg': PYTHONPATH=/home/seho/ros2_ws/build/my_camera_pkg/prefix_override:/usr/lib/python3/dist-packages/colcon_core/task/python/colcon_distutils_commands:/home/seho/ros2_ws/install/my_camera_pkg/lib/python3.10/site-packages:${PYTHONPATH} /usr/bin/python3 -W ignore:setup.py install is deprecated setup.py egg_info --egg-base ../../build/my_camera_pkg build --build-base /home/seho/ros2_ws/build/my_camera_pkg/build install --record /home/seho/ros2_ws/build/my_camera_pkg/install.log --single-version-externally-managed install_data
[1.176s] DEBUG:colcon.colcon_core.event_handler.log_command:Invoking command in '/home/seho/ros2_ws/src/camera_extrinsic_calibration': PYTHONPATH=/home/seho/ros2_ws/build/camera_extrinsic_calibration/prefix_override:/usr/lib/python3/dist-packages/colcon_core/task/python/colcon_distutils_commands:/home/seho/ros2_ws/install/camera_extrinsic_calibration/lib/python3.10/site-packages:${PYTHONPATH} /usr/bin/python3 -W ignore:setup.py install is deprecated setup.py egg_info --egg-base ../../build/camera_extrinsic_calibration build --build-base /home/seho/ros2_ws/build/camera_extrinsic_calibration/build install --record /home/seho/ros2_ws/build/camera_extrinsic_calibration/install.log --single-version-externally-managed install_data
[1.193s] DEBUG:colcon.colcon_core.event_handler.log_command:Invoking command in '/home/seho/ros2_ws/src/sensor_fusion_pkg': PYTHONPATH=/home/seho/ros2_ws/build/sensor_fusion_pkg/prefix_override:/usr/lib/python3/dist-packages/colcon_core/task/python/colcon_distutils_commands:/home/seho/ros2_ws/install/sensor_fusion_pkg/lib/python3.10/site-packages:${PYTHONPATH} /usr/bin/python3 -W ignore:setup.py install is deprecated setup.py egg_info --egg-base ../../build/sensor_fusion_pkg build --build-base /home/seho/ros2_ws/build/sensor_fusion_pkg/build install --record /home/seho/ros2_ws/build/sensor_fusion_pkg/install.log --single-version-externally-managed install_data
[1.194s] DEBUG:colcon.colcon_core.event_handler.log_command:Invoking command in '/home/seho/ros2_ws/src/radar_visualization_node': PYTHONPATH=/home/seho/ros2_ws/build/radar_visualization_node/prefix_override:/usr/lib/python3/dist-packages/colcon_core/task/python/colcon_distutils_commands:/home/seho/ros2_ws/install/radar_visualization_node/lib/python3.10/site-packages:${PYTHONPATH} /usr/bin/python3 -W ignore:setup.py install is deprecated setup.py egg_info --egg-base ../../build/radar_visualization_node build --build-base /home/seho/ros2_ws/build/radar_visualization_node/build install --record /home/seho/ros2_ws/build/radar_visualization_node/install.log --single-version-externally-managed install_data
[1.194s] DEBUG:colcon.colcon_core.event_handler.log_command:Invoking command in '/home/seho/ros2_ws/src/radar_package': PYTHONPATH=/home/seho/ros2_ws/build/radar_package/prefix_override:/usr/lib/python3/dist-packages/colcon_core/task/python/colcon_distutils_commands:/home/seho/ros2_ws/install/radar_package/lib/python3.10/site-packages:${PYTHONPATH} /usr/bin/python3 -W ignore:setup.py install is deprecated setup.py egg_info --egg-base ../../build/radar_package build --build-base /home/seho/ros2_ws/build/radar_package/build install --record /home/seho/ros2_ws/build/radar_package/install.log --single-version-externally-managed install_data
[1.195s] DEBUG:colcon.colcon_core.event_handler.log_command:Invoking command in '/home/seho/ros2_ws/src/sensor_calibration': PYTHONPATH=/home/seho/ros2_ws/build/sensor_calibration/prefix_override:/usr/lib/python3/dist-packages/colcon_core/task/python/colcon_distutils_commands:/home/seho/ros2_ws/install/sensor_calibration/lib/python3.10/site-packages:${PYTHONPATH} /usr/bin/python3 -W ignore:setup.py install is deprecated setup.py egg_info --egg-base ../../build/sensor_calibration build --build-base /home/seho/ros2_ws/build/sensor_calibration/build install --record /home/seho/ros2_ws/build/sensor_calibration/install.log --single-version-externally-managed install_data
[1.414s] Level 1:colcon.colcon_core.environment:checking '/home/seho/ros2_ws/install/camera_extrinsic_calibration' for CMake module files
[1.414s] Level 1:colcon.colcon_core.environment:checking '/home/seho/ros2_ws/install/camera_extrinsic_calibration' for CMake config files
[1.415s] Level 1:colcon.colcon_core.environment:checking '/home/seho/ros2_ws/install/camera_extrinsic_calibration/lib'
[1.415s] Level 1:colcon.colcon_core.environment:checking '/home/seho/ros2_ws/install/camera_extrinsic_calibration/bin'
[1.415s] Level 1:colcon.colcon_core.environment:checking '/home/seho/ros2_ws/install/camera_extrinsic_calibration/lib/pkgconfig/camera_extrinsic_calibration.pc'
[1.415s] Level 1:colcon.colcon_core.environment:checking '/home/seho/ros2_ws/install/camera_extrinsic_calibration/lib/python3.10/site-packages'
[1.415s] Level 1:colcon.colcon_core.shell:create_environment_hook('camera_extrinsic_calibration', 'pythonpath')
[1.415s] INFO:colcon.colcon_core.shell:Creating environment hook '/home/seho/ros2_ws/install/camera_extrinsic_calibration/share/camera_extrinsic_calibration/hook/pythonpath.ps1'
[1.416s] INFO:colcon.colcon_core.shell:Creating environment descriptor '/home/seho/ros2_ws/install/camera_extrinsic_calibration/share/camera_extrinsic_calibration/hook/pythonpath.dsv'
[1.416s] INFO:colcon.colcon_core.shell:Creating environment hook '/home/seho/ros2_ws/install/camera_extrinsic_calibration/share/camera_extrinsic_calibration/hook/pythonpath.sh'
[1.417s] Level 1:colcon.colcon_core.environment:checking '/home/seho/ros2_ws/install/camera_extrinsic_calibration/bin'
[1.417s] Level 1:colcon.colcon_core.environment:create_environment_scripts_only(camera_extrinsic_calibration)
[1.417s] INFO:colcon.colcon_core.shell:Creating package script '/home/seho/ros2_ws/install/camera_extrinsic_calibration/share/camera_extrinsic_calibration/package.ps1'
[1.417s] INFO:colcon.colcon_core.shell:Creating package descriptor '/home/seho/ros2_ws/install/camera_extrinsic_calibration/share/camera_extrinsic_calibration/package.dsv'
[1.418s] INFO:colcon.colcon_core.shell:Creating package script '/home/seho/ros2_ws/install/camera_extrinsic_calibration/share/camera_extrinsic_calibration/package.sh'
[1.418s] INFO:colcon.colcon_core.shell:Creating package script '/home/seho/ros2_ws/install/camera_extrinsic_calibration/share/camera_extrinsic_calibration/package.bash'
[1.418s] INFO:colcon.colcon_core.shell:Creating package script '/home/seho/ros2_ws/install/camera_extrinsic_calibration/share/camera_extrinsic_calibration/package.zsh'
[1.419s] Level 1:colcon.colcon_core.environment:create_file_with_runtime_dependencies(/home/seho/ros2_ws/install/camera_extrinsic_calibration/share/colcon-core/packages/camera_extrinsic_calibration)
[1.419s] Level 1:colcon.colcon_core.environment:checking '/home/seho/ros2_ws/install/my_launch_pkg' for CMake module files
[1.419s] Level 1:colcon.colcon_core.environment:checking '/home/seho/ros2_ws/install/my_launch_pkg' for CMake config files
[1.419s] Level 1:colcon.colcon_core.environment:checking '/home/seho/ros2_ws/install/my_launch_pkg/lib'
[1.419s] Level 1:colcon.colcon_core.environment:checking '/home/seho/ros2_ws/install/my_launch_pkg/bin'
[1.419s] Level 1:colcon.colcon_core.environment:checking '/home/seho/ros2_ws/install/my_launch_pkg/lib/pkgconfig/my_launch_pkg.pc'
[1.419s] Level 1:colcon.colcon_core.environment:checking '/home/seho/ros2_ws/install/my_launch_pkg/lib/python3.10/site-packages'
[1.419s] Level 1:colcon.colcon_core.shell:create_environment_hook('my_launch_pkg', 'pythonpath')
[1.419s] INFO:colcon.colcon_core.shell:Creating environment hook '/home/seho/ros2_ws/install/my_launch_pkg/share/my_launch_pkg/hook/pythonpath.ps1'
[1.420s] INFO:colcon.colcon_core.shell:Creating environment descriptor '/home/seho/ros2_ws/install/my_launch_pkg/share/my_launch_pkg/hook/pythonpath.dsv'
[1.420s] INFO:colcon.colcon_core.shell:Creating environment hook '/home/seho/ros2_ws/install/my_launch_pkg/share/my_launch_pkg/hook/pythonpath.sh'
[1.420s] Level 1:colcon.colcon_core.environment:checking '/home/seho/ros2_ws/install/my_launch_pkg/bin'
[1.420s] Level 1:colcon.colcon_core.environment:create_environment_scripts_only(my_launch_pkg)
[1.420s] INFO:colcon.colcon_core.shell:Creating package script '/home/seho/ros2_ws/install/my_launch_pkg/share/my_launch_pkg/package.ps1'
[1.420s] INFO:colcon.colcon_core.shell:Creating package descriptor '/home/seho/ros2_ws/install/my_launch_pkg/share/my_launch_pkg/package.dsv'
[1.420s] INFO:colcon.colcon_core.shell:Creating package script '/home/seho/ros2_ws/install/my_launch_pkg/share/my_launch_pkg/package.sh'
[1.421s] INFO:colcon.colcon_core.shell:Creating package script '/home/seho/ros2_ws/install/my_launch_pkg/share/my_launch_pkg/package.bash'
[1.421s] INFO:colcon.colcon_core.shell:Creating package script '/home/seho/ros2_ws/install/my_launch_pkg/share/my_launch_pkg/package.zsh'
[1.421s] Level 1:colcon.colcon_core.environment:create_file_with_runtime_dependencies(/home/seho/ros2_ws/install/my_launch_pkg/share/colcon-core/packages/my_launch_pkg)
[1.421s] Level 1:colcon.colcon_core.environment:checking '/home/seho/ros2_ws/install/my_camera_pkg' for CMake module files
[1.422s] Level 1:colcon.colcon_core.environment:checking '/home/seho/ros2_ws/install/my_camera_pkg' for CMake config files
[1.422s] Level 1:colcon.colcon_core.environment:checking '/home/seho/ros2_ws/install/my_camera_pkg/lib'
[1.422s] Level 1:colcon.colcon_core.environment:checking '/home/seho/ros2_ws/install/my_camera_pkg/bin'
[1.422s] Level 1:colcon.colcon_core.environment:checking '/home/seho/ros2_ws/install/my_camera_pkg/lib/pkgconfig/my_camera_pkg.pc'
[1.422s] Level 1:colcon.colcon_core.environment:checking '/home/seho/ros2_ws/install/my_camera_pkg/lib/python3.10/site-packages'
[1.422s] Level 1:colcon.colcon_core.shell:create_environment_hook('my_camera_pkg', 'pythonpath')
[1.422s] INFO:colcon.colcon_core.shell:Creating environment hook '/home/seho/ros2_ws/install/my_camera_pkg/share/my_camera_pkg/hook/pythonpath.ps1'
[1.423s] INFO:colcon.colcon_core.shell:Creating environment descriptor '/home/seho/ros2_ws/install/my_camera_pkg/share/my_camera_pkg/hook/pythonpath.dsv'
[1.423s] INFO:colcon.colcon_core.shell:Creating environment hook '/home/seho/ros2_ws/install/my_camera_pkg/share/my_camera_pkg/hook/pythonpath.sh'
[1.423s] Level 1:colcon.colcon_core.environment:checking '/home/seho/ros2_ws/install/my_camera_pkg/bin'
[1.423s] Level 1:colcon.colcon_core.environment:create_environment_scripts_only(my_camera_pkg)
[1.423s] INFO:colcon.colcon_core.shell:Creating package script '/home/seho/ros2_ws/install/my_camera_pkg/share/my_camera_pkg/package.ps1'
[1.424s] INFO:colcon.colcon_core.shell:Creating package descriptor '/home/seho/ros2_ws/install/my_camera_pkg/share/my_camera_pkg/package.dsv'
[1.424s] INFO:colcon.colcon_core.shell:Creating package script '/home/seho/ros2_ws/install/my_camera_pkg/share/my_camera_pkg/package.sh'
[1.424s] INFO:colcon.colcon_core.shell:Creating package script '/home/seho/ros2_ws/install/my_camera_pkg/share/my_camera_pkg/package.bash'
[1.424s] INFO:colcon.colcon_core.shell:Creating package script '/home/seho/ros2_ws/install/my_camera_pkg/share/my_camera_pkg/package.zsh'
[1.424s] Level 1:colcon.colcon_core.environment:create_file_with_runtime_dependencies(/home/seho/ros2_ws/install/my_camera_pkg/share/colcon-core/packages/my_camera_pkg)
[1.426s] DEBUG:colcon.colcon_core.event_handler.log_command:Invoked command in '/home/seho/ros2_ws/src/camera_extrinsic_calibration' returned '0': PYTHONPATH=/home/seho/ros2_ws/build/camera_extrinsic_calibration/prefix_override:/usr/lib/python3/dist-packages/colcon_core/task/python/colcon_distutils_commands:/home/seho/ros2_ws/install/camera_extrinsic_calibration/lib/python3.10/site-packages:${PYTHONPATH} /usr/bin/python3 -W ignore:setup.py install is deprecated setup.py egg_info --egg-base ../../build/camera_extrinsic_calibration build --build-base /home/seho/ros2_ws/build/camera_extrinsic_calibration/build install --record /home/seho/ros2_ws/build/camera_extrinsic_calibration/install.log --single-version-externally-managed install_data
[1.426s] DEBUG:colcon.colcon_core.event_handler.log_command:Invoked command in '/home/seho/ros2_ws/src/my_launch_pkg' returned '0': PYTHONPATH=/home/seho/ros2_ws/build/my_launch_pkg/prefix_override:/usr/lib/python3/dist-packages/colcon_core/task/python/colcon_distutils_commands:/home/seho/ros2_ws/install/my_launch_pkg/lib/python3.10/site-packages:${PYTHONPATH} /usr/bin/python3 -W ignore:setup.py install is deprecated setup.py egg_info --egg-base ../../build/my_launch_pkg build --build-base /home/seho/ros2_ws/build/my_launch_pkg/build install --record /home/seho/ros2_ws/build/my_launch_pkg/install.log --single-version-externally-managed install_data
[1.427s] DEBUG:colcon.colcon_core.event_handler.log_command:Invoked command in '/home/seho/ros2_ws/src/my_camera_pkg' returned '0': PYTHONPATH=/home/seho/ros2_ws/build/my_camera_pkg/prefix_override:/usr/lib/python3/dist-packages/colcon_core/task/python/colcon_distutils_commands:/home/seho/ros2_ws/install/my_camera_pkg/lib/python3.10/site-packages:${PYTHONPATH} /usr/bin/python3 -W ignore:setup.py install is deprecated setup.py egg_info --egg-base ../../build/my_camera_pkg build --build-base /home/seho/ros2_ws/build/my_camera_pkg/build install --record /home/seho/ros2_ws/build/my_camera_pkg/install.log --single-version-externally-managed install_data
[1.429s] Level 1:colcon.colcon_core.environment:checking '/home/seho/ros2_ws/install/sensor_fusion_pkg' for CMake module files
[1.430s] DEBUG:colcon.colcon_core.event_handler.log_command:Invoked command in '/home/seho/ros2_ws/src/sensor_fusion_pkg' returned '0': PYTHONPATH=/home/seho/ros2_ws/build/sensor_fusion_pkg/prefix_override:/usr/lib/python3/dist-packages/colcon_core/task/python/colcon_distutils_commands:/home/seho/ros2_ws/install/sensor_fusion_pkg/lib/python3.10/site-packages:${PYTHONPATH} /usr/bin/python3 -W ignore:setup.py install is deprecated setup.py egg_info --egg-base ../../build/sensor_fusion_pkg build --build-base /home/seho/ros2_ws/build/sensor_fusion_pkg/build install --record /home/seho/ros2_ws/build/sensor_fusion_pkg/install.log --single-version-externally-managed install_data
[1.430s] Level 1:colcon.colcon_core.environment:checking '/home/seho/ros2_ws/install/sensor_fusion_pkg' for CMake config files
[1.430s] Level 1:colcon.colcon_core.environment:checking '/home/seho/ros2_ws/install/sensor_fusion_pkg/lib'
[1.430s] Level 1:colcon.colcon_core.environment:checking '/home/seho/ros2_ws/install/sensor_fusion_pkg/bin'
[1.430s] Level 1:colcon.colcon_core.environment:checking '/home/seho/ros2_ws/install/sensor_fusion_pkg/lib/pkgconfig/sensor_fusion_pkg.pc'
[1.430s] Level 1:colcon.colcon_core.environment:checking '/home/seho/ros2_ws/install/sensor_fusion_pkg/lib/python3.10/site-packages'
[1.431s] Level 1:colcon.colcon_core.shell:create_environment_hook('sensor_fusion_pkg', 'pythonpath')
[1.431s] INFO:colcon.colcon_core.shell:Creating environment hook '/home/seho/ros2_ws/install/sensor_fusion_pkg/share/sensor_fusion_pkg/hook/pythonpath.ps1'
[1.431s] INFO:colcon.colcon_core.shell:Creating environment descriptor '/home/seho/ros2_ws/install/sensor_fusion_pkg/share/sensor_fusion_pkg/hook/pythonpath.dsv'
[1.431s] INFO:colcon.colcon_core.shell:Creating environment hook '/home/seho/ros2_ws/install/sensor_fusion_pkg/share/sensor_fusion_pkg/hook/pythonpath.sh'
[1.431s] Level 1:colcon.colcon_core.environment:checking '/home/seho/ros2_ws/install/sensor_fusion_pkg/bin'
[1.431s] Level 1:colcon.colcon_core.environment:create_environment_scripts_only(sensor_fusion_pkg)
[1.432s] INFO:colcon.colcon_core.shell:Creating package script '/home/seho/ros2_ws/install/sensor_fusion_pkg/share/sensor_fusion_pkg/package.ps1'
[1.432s] INFO:colcon.colcon_core.shell:Creating package descriptor '/home/seho/ros2_ws/install/sensor_fusion_pkg/share/sensor_fusion_pkg/package.dsv'
[1.433s] INFO:colcon.colcon_core.shell:Creating package script '/home/seho/ros2_ws/install/sensor_fusion_pkg/share/sensor_fusion_pkg/package.sh'
[1.433s] INFO:colcon.colcon_core.shell:Creating package script '/home/seho/ros2_ws/install/sensor_fusion_pkg/share/sensor_fusion_pkg/package.bash'
[1.433s] INFO:colcon.colcon_core.shell:Creating package script '/home/seho/ros2_ws/install/sensor_fusion_pkg/share/sensor_fusion_pkg/package.zsh'
[1.433s] Level 1:colcon.colcon_core.environment:create_file_with_runtime_dependencies(/home/seho/ros2_ws/install/sensor_fusion_pkg/share/colcon-core/packages/sensor_fusion_pkg)
[1.435s] Level 1:colcon.colcon_core.environment:checking '/home/seho/ros2_ws/install/radar_package' for CMake module files
[1.436s] Level 1:colcon.colcon_core.environment:checking '/home/seho/ros2_ws/install/radar_package' for CMake config files
[1.438s] DEBUG:colcon.colcon_core.event_handler.log_command:Invoked command in '/home/seho/ros2_ws/src/radar_package' returned '0': PYTHONPATH=/home/seho/ros2_ws/build/radar_package/prefix_override:/usr/lib/python3/dist-packages/colcon_core/task/python/colcon_distutils_commands:/home/seho/ros2_ws/install/radar_package/lib/python3.10/site-packages:${PYTHONPATH} /usr/bin/python3 -W ignore:setup.py install is deprecated setup.py egg_info --egg-base ../../build/radar_package build --build-base /home/seho/ros2_ws/build/radar_package/build install --record /home/seho/ros2_ws/build/radar_package/install.log --single-version-externally-managed install_data
[1.439s] Level 1:colcon.colcon_core.environment:checking '/home/seho/ros2_ws/install/radar_package/lib'
[1.439s] Level 1:colcon.colcon_core.environment:checking '/home/seho/ros2_ws/install/radar_package/bin'
[1.439s] Level 1:colcon.colcon_core.environment:checking '/home/seho/ros2_ws/install/radar_package/lib/pkgconfig/radar_package.pc'
[1.439s] Level 1:colcon.colcon_core.environment:checking '/home/seho/ros2_ws/install/radar_package/lib/python3.10/site-packages'
[1.439s] Level 1:colcon.colcon_core.shell:create_environment_hook('radar_package', 'pythonpath')
[1.439s] INFO:colcon.colcon_core.shell:Creating environment hook '/home/seho/ros2_ws/install/radar_package/share/radar_package/hook/pythonpath.ps1'
[1.439s] INFO:colcon.colcon_core.shell:Creating environment descriptor '/home/seho/ros2_ws/install/radar_package/share/radar_package/hook/pythonpath.dsv'
[1.439s] INFO:colcon.colcon_core.shell:Creating environment hook '/home/seho/ros2_ws/install/radar_package/share/radar_package/hook/pythonpath.sh'
[1.440s] Level 1:colcon.colcon_core.environment:checking '/home/seho/ros2_ws/install/radar_package/bin'
[1.440s] Level 1:colcon.colcon_core.environment:create_environment_scripts_only(radar_package)
[1.440s] INFO:colcon.colcon_core.shell:Creating package script '/home/seho/ros2_ws/install/radar_package/share/radar_package/package.ps1'
[1.440s] INFO:colcon.colcon_core.shell:Creating package descriptor '/home/seho/ros2_ws/install/radar_package/share/radar_package/package.dsv'
[1.440s] INFO:colcon.colcon_core.shell:Creating package script '/home/seho/ros2_ws/install/radar_package/share/radar_package/package.sh'
[1.440s] INFO:colcon.colcon_core.shell:Creating package script '/home/seho/ros2_ws/install/radar_package/share/radar_package/package.bash'
[1.440s] INFO:colcon.colcon_core.shell:Creating package script '/home/seho/ros2_ws/install/radar_package/share/radar_package/package.zsh'
[1.442s] Level 1:colcon.colcon_core.environment:create_file_with_runtime_dependencies(/home/seho/ros2_ws/install/radar_package/share/colcon-core/packages/radar_package)
[1.443s] Level 1:colcon.colcon_core.environment:checking '/home/seho/ros2_ws/install/radar_visualization_node' for CMake module files
[1.444s] Level 1:colcon.colcon_core.environment:checking '/home/seho/ros2_ws/install/radar_visualization_node' for CMake config files
[1.444s] DEBUG:colcon.colcon_core.event_handler.log_command:Invoked command in '/home/seho/ros2_ws/src/radar_visualization_node' returned '0': PYTHONPATH=/home/seho/ros2_ws/build/radar_visualization_node/prefix_override:/usr/lib/python3/dist-packages/colcon_core/task/python/colcon_distutils_commands:/home/seho/ros2_ws/install/radar_visualization_node/lib/python3.10/site-packages:${PYTHONPATH} /usr/bin/python3 -W ignore:setup.py install is deprecated setup.py egg_info --egg-base ../../build/radar_visualization_node build --build-base /home/seho/ros2_ws/build/radar_visualization_node/build install --record /home/seho/ros2_ws/build/radar_visualization_node/install.log --single-version-externally-managed install_data
[1.445s] Level 1:colcon.colcon_core.environment:checking '/home/seho/ros2_ws/install/radar_visualization_node/lib'
[1.445s] Level 1:colcon.colcon_core.environment:checking '/home/seho/ros2_ws/install/radar_visualization_node/bin'
[1.445s] Level 1:colcon.colcon_core.environment:checking '/home/seho/ros2_ws/install/radar_visualization_node/lib/pkgconfig/radar_visualization_node.pc'
[1.445s] Level 1:colcon.colcon_core.environment:checking '/home/seho/ros2_ws/install/radar_visualization_node/lib/python3.10/site-packages'
[1.445s] Level 1:colcon.colcon_core.shell:create_environment_hook('radar_visualization_node', 'pythonpath')
[1.445s] INFO:colcon.colcon_core.shell:Creating environment hook '/home/seho/ros2_ws/install/radar_visualization_node/share/radar_visualization_node/hook/pythonpath.ps1'
[1.445s] INFO:colcon.colcon_core.shell:Creating environment descriptor '/home/seho/ros2_ws/install/radar_visualization_node/share/radar_visualization_node/hook/pythonpath.dsv'
[1.445s] INFO:colcon.colcon_core.shell:Creating environment hook '/home/seho/ros2_ws/install/radar_visualization_node/share/radar_visualization_node/hook/pythonpath.sh'
[1.446s] Level 1:colcon.colcon_core.environment:checking '/home/seho/ros2_ws/install/radar_visualization_node/bin'
[1.446s] Level 1:colcon.colcon_core.environment:create_environment_scripts_only(radar_visualization_node)
[1.446s] INFO:colcon.colcon_core.shell:Creating package script '/home/seho/ros2_ws/install/radar_visualization_node/share/radar_visualization_node/package.ps1'
[1.446s] INFO:colcon.colcon_core.shell:Creating package descriptor '/home/seho/ros2_ws/install/radar_visualization_node/share/radar_visualization_node/package.dsv'
[1.446s] INFO:colcon.colcon_core.shell:Creating package script '/home/seho/ros2_ws/install/radar_visualization_node/share/radar_visualization_node/package.sh'
[1.447s] INFO:colcon.colcon_core.shell:Creating package script '/home/seho/ros2_ws/install/radar_visualization_node/share/radar_visualization_node/package.bash'
[1.447s] INFO:colcon.colcon_core.shell:Creating package script '/home/seho/ros2_ws/install/radar_visualization_node/share/radar_visualization_node/package.zsh'
[1.447s] Level 1:colcon.colcon_core.environment:create_file_with_runtime_dependencies(/home/seho/ros2_ws/install/radar_visualization_node/share/colcon-core/packages/radar_visualization_node)
[1.447s] Level 1:colcon.colcon_core.environment:checking '/home/seho/ros2_ws/install/sensor_calibration' for CMake module files
[1.448s] Level 1:colcon.colcon_core.environment:checking '/home/seho/ros2_ws/install/sensor_calibration' for CMake config files
[1.448s] DEBUG:colcon.colcon_core.event_handler.log_command:Invoked command in '/home/seho/ros2_ws/src/sensor_calibration' returned '0': PYTHONPATH=/home/seho/ros2_ws/build/sensor_calibration/prefix_override:/usr/lib/python3/dist-packages/colcon_core/task/python/colcon_distutils_commands:/home/seho/ros2_ws/install/sensor_calibration/lib/python3.10/site-packages:${PYTHONPATH} /usr/bin/python3 -W ignore:setup.py install is deprecated setup.py egg_info --egg-base ../../build/sensor_calibration build --build-base /home/seho/ros2_ws/build/sensor_calibration/build install --record /home/seho/ros2_ws/build/sensor_calibration/install.log --single-version-externally-managed install_data
[1.448s] Level 1:colcon.colcon_core.environment:checking '/home/seho/ros2_ws/install/sensor_calibration/lib'
[1.448s] Level 1:colcon.colcon_core.environment:checking '/home/seho/ros2_ws/install/sensor_calibration/bin'
[1.448s] Level 1:colcon.colcon_core.environment:checking '/home/seho/ros2_ws/install/sensor_calibration/lib/pkgconfig/sensor_calibration.pc'
[1.449s] Level 1:colcon.colcon_core.environment:checking '/home/seho/ros2_ws/install/sensor_calibration/lib/python3.10/site-packages'
[1.449s] Level 1:colcon.colcon_core.shell:create_environment_hook('sensor_calibration', 'pythonpath')
[1.449s] INFO:colcon.colcon_core.shell:Creating environment hook '/home/seho/ros2_ws/install/sensor_calibration/share/sensor_calibration/hook/pythonpath.ps1'
[1.449s] INFO:colcon.colcon_core.shell:Creating environment descriptor '/home/seho/ros2_ws/install/sensor_calibration/share/sensor_calibration/hook/pythonpath.dsv'
[1.449s] INFO:colcon.colcon_core.shell:Creating environment hook '/home/seho/ros2_ws/install/sensor_calibration/share/sensor_calibration/hook/pythonpath.sh'
[1.449s] Level 1:colcon.colcon_core.environment:checking '/home/seho/ros2_ws/install/sensor_calibration/bin'
[1.449s] Level 1:colcon.colcon_core.environment:create_environment_scripts_only(sensor_calibration)
[1.450s] INFO:colcon.colcon_core.shell:Creating package script '/home/seho/ros2_ws/install/sensor_calibration/share/sensor_calibration/package.ps1'
[1.450s] INFO:colcon.colcon_core.shell:Creating package descriptor '/home/seho/ros2_ws/install/sensor_calibration/share/sensor_calibration/package.dsv'
[1.450s] INFO:colcon.colcon_core.shell:Creating package script '/home/seho/ros2_ws/install/sensor_calibration/share/sensor_calibration/package.sh'
[1.450s] INFO:colcon.colcon_core.shell:Creating package script '/home/seho/ros2_ws/install/sensor_calibration/share/sensor_calibration/package.bash'
[1.450s] INFO:colcon.colcon_core.shell:Creating package script '/home/seho/ros2_ws/install/sensor_calibration/share/sensor_calibration/package.zsh'
[1.450s] Level 1:colcon.colcon_core.environment:create_file_with_runtime_dependencies(/home/seho/ros2_ws/install/sensor_calibration/share/colcon-core/packages/sensor_calibration)
[1.451s] DEBUG:colcon.colcon_parallel_executor.executor.parallel:closing loop
[1.451s] DEBUG:colcon.colcon_parallel_executor.executor.parallel:loop closed
[1.451s] DEBUG:colcon.colcon_parallel_executor.executor.parallel:run_until_complete finished with '0'
[1.451s] DEBUG:colcon.colcon_core.event_reactor:joining thread
[1.455s] INFO:colcon.colcon_core.plugin_system:Skipping extension 'colcon_notification.desktop_notification.terminal_notifier': Not used on non-Darwin systems
[1.455s] INFO:colcon.colcon_core.plugin_system:Skipping extension 'colcon_notification.desktop_notification.win32': Not used on non-Windows systems
[1.455s] INFO:colcon.colcon_notification.desktop_notification:Sending desktop notification using 'notify2'
[1.466s] DEBUG:colcon.colcon_core.event_reactor:joined thread
[1.466s] INFO:colcon.colcon_core.shell:Creating prefix script '/home/seho/ros2_ws/install/local_setup.ps1'
[1.467s] INFO:colcon.colcon_core.shell:Creating prefix util module '/home/seho/ros2_ws/install/_local_setup_util_ps1.py'
[1.469s] INFO:colcon.colcon_core.shell:Creating prefix chain script '/home/seho/ros2_ws/install/setup.ps1'
[1.470s] INFO:colcon.colcon_core.shell:Creating prefix script '/home/seho/ros2_ws/install/local_setup.sh'
[1.471s] INFO:colcon.colcon_core.shell:Creating prefix util module '/home/seho/ros2_ws/install/_local_setup_util_sh.py'
[1.471s] INFO:colcon.colcon_core.shell:Creating prefix chain script '/home/seho/ros2_ws/install/setup.sh'
[1.472s] INFO:colcon.colcon_core.shell:Creating prefix script '/home/seho/ros2_ws/install/local_setup.bash'
[1.472s] INFO:colcon.colcon_core.shell:Creating prefix chain script '/home/seho/ros2_ws/install/setup.bash'
[1.473s] INFO:colcon.colcon_core.shell:Creating prefix script '/home/seho/ros2_ws/install/local_setup.zsh'
[1.474s] INFO:colcon.colcon_core.shell:Creating prefix chain script '/home/seho/ros2_ws/install/setup.zsh'
