[1.662s] Invoking command in '/home/seho/ros2_ws/src/sensor_data_recorder': PYTHONPATH=/home/seho/ros2_ws/build/sensor_data_recorder/prefix_override:/usr/lib/python3/dist-packages/colcon_core/task/python/colcon_distutils_commands:/home/seho/ros2_ws/install/sensor_data_recorder/lib/python3.10/site-packages:${PYTHONPATH} /usr/bin/python3 -W ignore:setup.py install is deprecated setup.py egg_info --egg-base ../../build/sensor_data_recorder build --build-base /home/seho/ros2_ws/build/sensor_data_recorder/build install --record /home/seho/ros2_ws/build/sensor_data_recorder/install.log --single-version-externally-managed
[1.861s] /home/seho/.local/lib/python3.10/site-packages/setuptools/_distutils/dist.py:261: UserWarning: Unknown distribution option: 'tests_require'
[1.861s]   warnings.warn(msg)
[1.940s] running egg_info
[1.951s] writing ../../build/sensor_data_recorder/sensor_data_recorder.egg-info/PKG-INFO
[1.951s] writing dependency_links to ../../build/sensor_data_recorder/sensor_data_recorder.egg-info/dependency_links.txt
[1.952s] writing entry points to ../../build/sensor_data_recorder/sensor_data_recorder.egg-info/entry_points.txt
[1.952s] writing requirements to ../../build/sensor_data_recorder/sensor_data_recorder.egg-info/requires.txt
[1.953s] writing top-level names to ../../build/sensor_data_recorder/sensor_data_recorder.egg-info/top_level.txt
[1.999s] reading manifest file '../../build/sensor_data_recorder/sensor_data_recorder.egg-info/SOURCES.txt'
[2.002s] writing manifest file '../../build/sensor_data_recorder/sensor_data_recorder.egg-info/SOURCES.txt'
[2.003s] running build
[2.003s] running build_py
[2.003s] copying sensor_data_recorder/__init__.py -> /home/seho/ros2_ws/build/sensor_data_recorder/build/lib/sensor_data_recorder
[2.004s] copying sensor_data_recorder/sensor_data_recorder.py -> /home/seho/ros2_ws/build/sensor_data_recorder/build/lib/sensor_data_recorder
[2.005s] running install
[2.014s] running install_lib
[2.029s] running install_egg_info
[2.037s] removing '/home/seho/ros2_ws/install/sensor_data_recorder/lib/python3.10/site-packages/sensor_data_recorder-0.0.0-py3.10.egg-info' (and everything under it)
[2.037s] Copying ../../build/sensor_data_recorder/sensor_data_recorder.egg-info to /home/seho/ros2_ws/install/sensor_data_recorder/lib/python3.10/site-packages/sensor_data_recorder-0.0.0-py3.10.egg-info
[2.038s] running install_scripts
[2.131s] Installing sensor_data_recorder_node script to /home/seho/ros2_ws/install/sensor_data_recorder/lib/sensor_data_recorder
[2.132s] writing list of installed files to '/home/seho/ros2_ws/build/sensor_data_recorder/install.log'
[2.150s] Invoked command in '/home/seho/ros2_ws/src/sensor_data_recorder' returned '0': PYTHONPATH=/home/seho/ros2_ws/build/sensor_data_recorder/prefix_override:/usr/lib/python3/dist-packages/colcon_core/task/python/colcon_distutils_commands:/home/seho/ros2_ws/install/sensor_data_recorder/lib/python3.10/site-packages:${PYTHONPATH} /usr/bin/python3 -W ignore:setup.py install is deprecated setup.py egg_info --egg-base ../../build/sensor_data_recorder build --build-base /home/seho/ros2_ws/build/sensor_data_recorder/build install --record /home/seho/ros2_ws/build/sensor_data_recorder/install.log --single-version-externally-managed
