[1.819s] Invoking command in '/home/seho/ros2_ws/src/my_camera_pkg': PYTHONPATH=/home/seho/ros2_ws/build/my_camera_pkg/prefix_override:/usr/lib/python3/dist-packages/colcon_core/task/python/colcon_distutils_commands:/home/seho/ros2_ws/install/my_camera_pkg/lib/python3.10/site-packages:${PYTHONPATH} /usr/bin/python3 -W ignore:setup.py install is deprecated setup.py egg_info --egg-base ../../build/my_camera_pkg build --build-base /home/seho/ros2_ws/build/my_camera_pkg/build install --record /home/seho/ros2_ws/build/my_camera_pkg/install.log --single-version-externally-managed install_data
[2.006s] /home/seho/.local/lib/python3.10/site-packages/setuptools/_distutils/dist.py:261: UserWarning: Unknown distribution option: 'tests_require'
[2.006s]   warnings.warn(msg)
[2.072s] running egg_info
[2.080s] writing ../../build/my_camera_pkg/my_camera_pkg.egg-info/PKG-INFO
[2.081s] writing dependency_links to ../../build/my_camera_pkg/my_camera_pkg.egg-info/dependency_links.txt
[2.081s] writing entry points to ../../build/my_camera_pkg/my_camera_pkg.egg-info/entry_points.txt
[2.081s] writing requirements to ../../build/my_camera_pkg/my_camera_pkg.egg-info/requires.txt
[2.082s] writing top-level names to ../../build/my_camera_pkg/my_camera_pkg.egg-info/top_level.txt
[2.101s] reading manifest file '../../build/my_camera_pkg/my_camera_pkg.egg-info/SOURCES.txt'
[2.102s] writing manifest file '../../build/my_camera_pkg/my_camera_pkg.egg-info/SOURCES.txt'
[2.102s] running build
[2.102s] running build_py
[2.102s] copying my_camera_pkg/__init__.py -> /home/seho/ros2_ws/build/my_camera_pkg/build/lib/my_camera_pkg
[2.106s] copying my_camera_pkg/camera_node.py -> /home/seho/ros2_ws/build/my_camera_pkg/build/lib/my_camera_pkg
[2.106s] running install
[2.106s] running install_lib
[2.117s] running install_data
[2.117s] copying resource/my_camera_pkg -> /home/seho/ros2_ws/install/my_camera_pkg/share/ament_index/resource_index/packages
[2.117s] copying package.xml -> /home/seho/ros2_ws/install/my_camera_pkg/share/my_camera_pkg
[2.117s] running install_egg_info
[2.129s] removing '/home/seho/ros2_ws/install/my_camera_pkg/lib/python3.10/site-packages/my_camera_pkg-0.0.0-py3.10.egg-info' (and everything under it)
[2.129s] Copying ../../build/my_camera_pkg/my_camera_pkg.egg-info to /home/seho/ros2_ws/install/my_camera_pkg/lib/python3.10/site-packages/my_camera_pkg-0.0.0-py3.10.egg-info
[2.130s] running install_scripts
[2.212s] Installing camera_node script to /home/seho/ros2_ws/install/my_camera_pkg/lib/my_camera_pkg
[2.212s] writing list of installed files to '/home/seho/ros2_ws/build/my_camera_pkg/install.log'
[2.231s] Invoked command in '/home/seho/ros2_ws/src/my_camera_pkg' returned '0': PYTHONPATH=/home/seho/ros2_ws/build/my_camera_pkg/prefix_override:/usr/lib/python3/dist-packages/colcon_core/task/python/colcon_distutils_commands:/home/seho/ros2_ws/install/my_camera_pkg/lib/python3.10/site-packages:${PYTHONPATH} /usr/bin/python3 -W ignore:setup.py install is deprecated setup.py egg_info --egg-base ../../build/my_camera_pkg build --build-base /home/seho/ros2_ws/build/my_camera_pkg/build install --record /home/seho/ros2_ws/build/my_camera_pkg/install.log --single-version-externally-managed install_data
