[1.185s] Invoking command in '/home/seho/ros2_ws/src/radar_package': PYTHONPATH=/home/seho/ros2_ws/build/radar_package/prefix_override:/usr/lib/python3/dist-packages/colcon_core/task/python/colcon_distutils_commands:/home/seho/ros2_ws/install/radar_package/lib/python3.10/site-packages:${PYTHONPATH} /usr/bin/python3 -W ignore:setup.py install is deprecated setup.py egg_info --egg-base ../../build/radar_package build --build-base /home/seho/ros2_ws/build/radar_package/build install --record /home/seho/ros2_ws/build/radar_package/install.log --single-version-externally-managed install_data
[1.281s] /home/seho/.local/lib/python3.10/site-packages/setuptools/_distutils/dist.py:261: UserWarning: Unknown distribution option: 'tests_require'
[1.281s]   warnings.warn(msg)
[1.338s] running egg_info
[1.338s] creating ../../build/radar_package/radar_package.egg-info
[1.347s] writing ../../build/radar_package/radar_package.egg-info/PKG-INFO
[1.347s] writing dependency_links to ../../build/radar_package/radar_package.egg-info/dependency_links.txt
[1.347s] writing entry points to ../../build/radar_package/radar_package.egg-info/entry_points.txt
[1.347s] writing requirements to ../../build/radar_package/radar_package.egg-info/requires.txt
[1.347s] writing top-level names to ../../build/radar_package/radar_package.egg-info/top_level.txt
[1.347s] writing manifest file '../../build/radar_package/radar_package.egg-info/SOURCES.txt'
[1.369s] reading manifest file '../../build/radar_package/radar_package.egg-info/SOURCES.txt'
[1.369s] writing manifest file '../../build/radar_package/radar_package.egg-info/SOURCES.txt'
[1.369s] running build
[1.369s] running build_py
[1.370s] creating /home/seho/ros2_ws/build/radar_package/build/lib/radar_package
[1.370s] copying radar_package/__init__.py -> /home/seho/ros2_ws/build/radar_package/build/lib/radar_package
[1.370s] copying radar_package/radar_node.py -> /home/seho/ros2_ws/build/radar_package/build/lib/radar_package
[1.370s] running install
[1.373s] running install_lib
[1.382s] creating /home/seho/ros2_ws/install/radar_package/lib/python3.10/site-packages/radar_package
[1.383s] copying /home/seho/ros2_ws/build/radar_package/build/lib/radar_package/__init__.py -> /home/seho/ros2_ws/install/radar_package/lib/python3.10/site-packages/radar_package
[1.383s] copying /home/seho/ros2_ws/build/radar_package/build/lib/radar_package/radar_node.py -> /home/seho/ros2_ws/install/radar_package/lib/python3.10/site-packages/radar_package
[1.383s] byte-compiling /home/seho/ros2_ws/install/radar_package/lib/python3.10/site-packages/radar_package/__init__.py to __init__.cpython-310.pyc
[1.384s] byte-compiling /home/seho/ros2_ws/install/radar_package/lib/python3.10/site-packages/radar_package/radar_node.py to radar_node.cpython-310.pyc
[1.384s] running install_data
[1.385s] creating /home/seho/ros2_ws/install/radar_package/share/ament_index/resource_index/packages
[1.385s] copying resource/radar_package -> /home/seho/ros2_ws/install/radar_package/share/ament_index/resource_index/packages
[1.385s] copying package.xml -> /home/seho/ros2_ws/install/radar_package/share/radar_package
[1.385s] running install_egg_info
[1.395s] Copying ../../build/radar_package/radar_package.egg-info to /home/seho/ros2_ws/install/radar_package/lib/python3.10/site-packages/radar_package-0.0.0-py3.10.egg-info
[1.396s] running install_scripts
[1.475s] Installing radar_node script to /home/seho/ros2_ws/install/radar_package/lib/radar_package
[1.475s] writing list of installed files to '/home/seho/ros2_ws/build/radar_package/install.log'
[1.498s] Invoked command in '/home/seho/ros2_ws/src/radar_package' returned '0': PYTHONPATH=/home/seho/ros2_ws/build/radar_package/prefix_override:/usr/lib/python3/dist-packages/colcon_core/task/python/colcon_distutils_commands:/home/seho/ros2_ws/install/radar_package/lib/python3.10/site-packages:${PYTHONPATH} /usr/bin/python3 -W ignore:setup.py install is deprecated setup.py egg_info --egg-base ../../build/radar_package build --build-base /home/seho/ros2_ws/build/radar_package/build install --record /home/seho/ros2_ws/build/radar_package/install.log --single-version-externally-managed install_data
