[0.917s] Invoking command in '/home/seho/ros2_ws/src/sensor_calibration': PYTHONPATH=/home/seho/ros2_ws/build/sensor_calibration/prefix_override:/usr/lib/python3/dist-packages/colcon_core/task/python/colcon_distutils_commands:/home/seho/ros2_ws/install/sensor_calibration/lib/python3.10/site-packages:${PYTHONPATH} /usr/bin/python3 -W ignore:setup.py install is deprecated setup.py egg_info --egg-base ../../build/sensor_calibration build --build-base /home/seho/ros2_ws/build/sensor_calibration/build install --record /home/seho/ros2_ws/build/sensor_calibration/install.log --single-version-externally-managed install_data
[1.058s] running egg_info
[1.058s] creating ../../build/sensor_calibration/sensor_calibration.egg-info
[1.065s] writing ../../build/sensor_calibration/sensor_calibration.egg-info/PKG-INFO
[1.065s] writing dependency_links to ../../build/sensor_calibration/sensor_calibration.egg-info/dependency_links.txt
[1.065s] writing entry points to ../../build/sensor_calibration/sensor_calibration.egg-info/entry_points.txt
[1.066s] writing requirements to ../../build/sensor_calibration/sensor_calibration.egg-info/requires.txt
[1.066s] writing top-level names to ../../build/sensor_calibration/sensor_calibration.egg-info/top_level.txt
[1.066s] writing manifest file '../../build/sensor_calibration/sensor_calibration.egg-info/SOURCES.txt'
[1.082s] reading manifest file '../../build/sensor_calibration/sensor_calibration.egg-info/SOURCES.txt'
[1.083s] writing manifest file '../../build/sensor_calibration/sensor_calibration.egg-info/SOURCES.txt'
[1.083s] running build
[1.083s] running build_py
[1.083s] creating /home/seho/ros2_ws/build/sensor_calibration/build
[1.084s] creating /home/seho/ros2_ws/build/sensor_calibration/build/lib
[1.084s] creating /home/seho/ros2_ws/build/sensor_calibration/build/lib/sensor_calibration
[1.084s] copying sensor_calibration/external_calibration_node.py -> /home/seho/ros2_ws/build/sensor_calibration/build/lib/sensor_calibration
[1.084s] copying sensor_calibration/__init__.py -> /home/seho/ros2_ws/build/sensor_calibration/build/lib/sensor_calibration
[1.084s] running install
[1.086s] running install_lib
[1.094s] creating /home/seho/ros2_ws/install/sensor_calibration/lib/python3.10/site-packages/sensor_calibration
[1.094s] copying /home/seho/ros2_ws/build/sensor_calibration/build/lib/sensor_calibration/external_calibration_node.py -> /home/seho/ros2_ws/install/sensor_calibration/lib/python3.10/site-packages/sensor_calibration
[1.094s] copying /home/seho/ros2_ws/build/sensor_calibration/build/lib/sensor_calibration/__init__.py -> /home/seho/ros2_ws/install/sensor_calibration/lib/python3.10/site-packages/sensor_calibration
[1.094s] byte-compiling /home/seho/ros2_ws/install/sensor_calibration/lib/python3.10/site-packages/sensor_calibration/external_calibration_node.py to external_calibration_node.cpython-310.pyc
[1.095s] byte-compiling /home/seho/ros2_ws/install/sensor_calibration/lib/python3.10/site-packages/sensor_calibration/__init__.py to __init__.cpython-310.pyc
[1.095s] running install_data
[1.096s] creating /home/seho/ros2_ws/install/sensor_calibration/share/ament_index
[1.096s] creating /home/seho/ros2_ws/install/sensor_calibration/share/ament_index/resource_index
[1.096s] creating /home/seho/ros2_ws/install/sensor_calibration/share/ament_index/resource_index/packages
[1.096s] copying resource/sensor_calibration -> /home/seho/ros2_ws/install/sensor_calibration/share/ament_index/resource_index/packages
[1.096s] copying package.xml -> /home/seho/ros2_ws/install/sensor_calibration/share/sensor_calibration
[1.096s] running install_egg_info
[1.104s] Copying ../../build/sensor_calibration/sensor_calibration.egg-info to /home/seho/ros2_ws/install/sensor_calibration/lib/python3.10/site-packages/sensor_calibration-0.0.0-py3.10.egg-info
[1.105s] running install_scripts
[1.173s] Installing external_calibration_node script to /home/seho/ros2_ws/install/sensor_calibration/lib/sensor_calibration
[1.174s] writing list of installed files to '/home/seho/ros2_ws/build/sensor_calibration/install.log'
[1.213s] Invoked command in '/home/seho/ros2_ws/src/sensor_calibration' returned '0': PYTHONPATH=/home/seho/ros2_ws/build/sensor_calibration/prefix_override:/usr/lib/python3/dist-packages/colcon_core/task/python/colcon_distutils_commands:/home/seho/ros2_ws/install/sensor_calibration/lib/python3.10/site-packages:${PYTHONPATH} /usr/bin/python3 -W ignore:setup.py install is deprecated setup.py egg_info --egg-base ../../build/sensor_calibration build --build-base /home/seho/ros2_ws/build/sensor_calibration/build install --record /home/seho/ros2_ws/build/sensor_calibration/install.log --single-version-externally-managed install_data
