[0.875s] Invoking command in '/home/seho/ros2_ws/src/my_launch_pkg': PYTHONPATH=/home/seho/ros2_ws/build/my_launch_pkg/prefix_override:/usr/lib/python3/dist-packages/colcon_core/task/python/colcon_distutils_commands:/home/seho/ros2_ws/install/my_launch_pkg/lib/python3.10/site-packages:${PYTHONPATH} /usr/bin/python3 -W ignore:setup.py install is deprecated setup.py egg_info --egg-base ../../build/my_launch_pkg build --build-base /home/seho/ros2_ws/build/my_launch_pkg/build install --record /home/seho/ros2_ws/build/my_launch_pkg/install.log --single-version-externally-managed install_data
[1.027s] running egg_info
[1.027s] creating ../../build/my_launch_pkg/my_launch_pkg.egg-info
[1.035s] writing ../../build/my_launch_pkg/my_launch_pkg.egg-info/PKG-INFO
[1.036s] writing dependency_links to ../../build/my_launch_pkg/my_launch_pkg.egg-info/dependency_links.txt
[1.036s] writing requirements to ../../build/my_launch_pkg/my_launch_pkg.egg-info/requires.txt
[1.036s] writing top-level names to ../../build/my_launch_pkg/my_launch_pkg.egg-info/top_level.txt
[1.037s] writing manifest file '../../build/my_launch_pkg/my_launch_pkg.egg-info/SOURCES.txt'
[1.055s] reading manifest file '../../build/my_launch_pkg/my_launch_pkg.egg-info/SOURCES.txt'
[1.056s] writing manifest file '../../build/my_launch_pkg/my_launch_pkg.egg-info/SOURCES.txt'
[1.056s] running build
[1.056s] running build_py
[1.056s] creating /home/seho/ros2_ws/build/my_launch_pkg/build
[1.056s] creating /home/seho/ros2_ws/build/my_launch_pkg/build/lib
[1.056s] creating /home/seho/ros2_ws/build/my_launch_pkg/build/lib/my_launch_pkg
[1.056s] copying my_launch_pkg/__init__.py -> /home/seho/ros2_ws/build/my_launch_pkg/build/lib/my_launch_pkg
[1.056s] running install
[1.059s] running install_lib
[1.067s] creating /home/seho/ros2_ws/install/my_launch_pkg/lib/python3.10/site-packages/my_launch_pkg
[1.067s] copying /home/seho/ros2_ws/build/my_launch_pkg/build/lib/my_launch_pkg/__init__.py -> /home/seho/ros2_ws/install/my_launch_pkg/lib/python3.10/site-packages/my_launch_pkg
[1.068s] byte-compiling /home/seho/ros2_ws/install/my_launch_pkg/lib/python3.10/site-packages/my_launch_pkg/__init__.py to __init__.cpython-310.pyc
[1.068s] running install_data
[1.068s] creating /home/seho/ros2_ws/install/my_launch_pkg/share/ament_index
[1.068s] creating /home/seho/ros2_ws/install/my_launch_pkg/share/ament_index/resource_index
[1.068s] creating /home/seho/ros2_ws/install/my_launch_pkg/share/ament_index/resource_index/packages
[1.068s] copying resource/my_launch_pkg -> /home/seho/ros2_ws/install/my_launch_pkg/share/ament_index/resource_index/packages
[1.068s] copying package.xml -> /home/seho/ros2_ws/install/my_launch_pkg/share/my_launch_pkg
[1.068s] creating /home/seho/ros2_ws/install/my_launch_pkg/share/my_launch_pkg/launch
[1.068s] copying launch/my_launch_file.py -> /home/seho/ros2_ws/install/my_launch_pkg/share/my_launch_pkg/launch
[1.068s] running install_egg_info
[1.077s] Copying ../../build/my_launch_pkg/my_launch_pkg.egg-info to /home/seho/ros2_ws/install/my_launch_pkg/lib/python3.10/site-packages/my_launch_pkg-0.0.0-py3.10.egg-info
[1.078s] running install_scripts
[1.153s] writing list of installed files to '/home/seho/ros2_ws/build/my_launch_pkg/install.log'
[1.180s] Invoked command in '/home/seho/ros2_ws/src/my_launch_pkg' returned '0': PYTHONPATH=/home/seho/ros2_ws/build/my_launch_pkg/prefix_override:/usr/lib/python3/dist-packages/colcon_core/task/python/colcon_distutils_commands:/home/seho/ros2_ws/install/my_launch_pkg/lib/python3.10/site-packages:${PYTHONPATH} /usr/bin/python3 -W ignore:setup.py install is deprecated setup.py egg_info --egg-base ../../build/my_launch_pkg build --build-base /home/seho/ros2_ws/build/my_launch_pkg/build install --record /home/seho/ros2_ws/build/my_launch_pkg/install.log --single-version-externally-managed install_data
