[1.541s] Invoking command in '/home/seho/ros2_ws/src/sensor_fusion_pkg': PYTHONPATH=/home/seho/ros2_ws/build/sensor_fusion_pkg/prefix_override:/usr/lib/python3/dist-packages/colcon_core/task/python/colcon_distutils_commands:/home/seho/ros2_ws/install/sensor_fusion_pkg/lib/python3.10/site-packages:${PYTHONPATH} /usr/bin/python3 -W ignore:setup.py install is deprecated setup.py egg_info --egg-base ../../build/sensor_fusion_pkg build --build-base /home/seho/ros2_ws/build/sensor_fusion_pkg/build install --record /home/seho/ros2_ws/build/sensor_fusion_pkg/install.log --single-version-externally-managed install_data
[1.693s] /home/seho/.local/lib/python3.10/site-packages/setuptools/_distutils/dist.py:261: UserWarning: Unknown distribution option: 'tests_require'
[1.693s]   warnings.warn(msg)
[1.719s] running egg_info
[1.732s] writing ../../build/sensor_fusion_pkg/sensor_fusion_pkg.egg-info/PKG-INFO
[1.733s] writing dependency_links to ../../build/sensor_fusion_pkg/sensor_fusion_pkg.egg-info/dependency_links.txt
[1.733s] writing entry points to ../../build/sensor_fusion_pkg/sensor_fusion_pkg.egg-info/entry_points.txt
[1.733s] writing requirements to ../../build/sensor_fusion_pkg/sensor_fusion_pkg.egg-info/requires.txt
[1.733s] writing top-level names to ../../build/sensor_fusion_pkg/sensor_fusion_pkg.egg-info/top_level.txt
[1.754s] reading manifest file '../../build/sensor_fusion_pkg/sensor_fusion_pkg.egg-info/SOURCES.txt'
[1.755s] writing manifest file '../../build/sensor_fusion_pkg/sensor_fusion_pkg.egg-info/SOURCES.txt'
[1.756s] running build
[1.756s] running build_py
[1.757s] copying sensor_fusion_pkg/__init__.py -> /home/seho/ros2_ws/build/sensor_fusion_pkg/build/lib/sensor_fusion_pkg
[1.757s] copying sensor_fusion_pkg/sensor_fusion_node.py -> /home/seho/ros2_ws/build/sensor_fusion_pkg/build/lib/sensor_fusion_pkg
[1.757s] running install
[1.760s] running install_lib
[1.770s] running install_data
[1.770s] copying resource/sensor_fusion_pkg -> /home/seho/ros2_ws/install/sensor_fusion_pkg/share/ament_index/resource_index/packages
[1.770s] copying package.xml -> /home/seho/ros2_ws/install/sensor_fusion_pkg/share/sensor_fusion_pkg
[1.770s] running install_egg_info
[1.781s] removing '/home/seho/ros2_ws/install/sensor_fusion_pkg/lib/python3.10/site-packages/sensor_fusion_pkg-0.0.0-py3.10.egg-info' (and everything under it)
[1.781s] Copying ../../build/sensor_fusion_pkg/sensor_fusion_pkg.egg-info to /home/seho/ros2_ws/install/sensor_fusion_pkg/lib/python3.10/site-packages/sensor_fusion_pkg-0.0.0-py3.10.egg-info
[1.781s] running install_scripts
[1.862s] Installing sensor_fusion_node script to /home/seho/ros2_ws/install/sensor_fusion_pkg/lib/sensor_fusion_pkg
[1.862s] Installing time_sync_node script to /home/seho/ros2_ws/install/sensor_fusion_pkg/lib/sensor_fusion_pkg
[1.863s] writing list of installed files to '/home/seho/ros2_ws/build/sensor_fusion_pkg/install.log'
[1.882s] Invoked command in '/home/seho/ros2_ws/src/sensor_fusion_pkg' returned '0': PYTHONPATH=/home/seho/ros2_ws/build/sensor_fusion_pkg/prefix_override:/usr/lib/python3/dist-packages/colcon_core/task/python/colcon_distutils_commands:/home/seho/ros2_ws/install/sensor_fusion_pkg/lib/python3.10/site-packages:${PYTHONPATH} /usr/bin/python3 -W ignore:setup.py install is deprecated setup.py egg_info --egg-base ../../build/sensor_fusion_pkg build --build-base /home/seho/ros2_ws/build/sensor_fusion_pkg/build install --record /home/seho/ros2_ws/build/sensor_fusion_pkg/install.log --single-version-externally-managed install_data
