[1.952s] Invoking command in '/home/seho/ros2_ws/src/radar_package': PYTHONPATH=/home/seho/ros2_ws/build/radar_package/prefix_override:/usr/lib/python3/dist-packages/colcon_core/task/python/colcon_distutils_commands:/home/seho/ros2_ws/install/radar_package/lib/python3.10/site-packages:${PYTHONPATH} /usr/bin/python3 -W ignore:setup.py install is deprecated setup.py egg_info --egg-base ../../build/radar_package build --build-base /home/seho/ros2_ws/build/radar_package/build install --record /home/seho/ros2_ws/build/radar_package/install.log --single-version-externally-managed install_data
[2.137s] running egg_info
[2.146s] writing ../../build/radar_package/radar_package.egg-info/PKG-INFO
[2.146s] writing dependency_links to ../../build/radar_package/radar_package.egg-info/dependency_links.txt
[2.146s] writing entry points to ../../build/radar_package/radar_package.egg-info/entry_points.txt
[2.146s] writing requirements to ../../build/radar_package/radar_package.egg-info/requires.txt
[2.146s] writing top-level names to ../../build/radar_package/radar_package.egg-info/top_level.txt
[2.172s] reading manifest file '../../build/radar_package/radar_package.egg-info/SOURCES.txt'
[2.173s] writing manifest file '../../build/radar_package/radar_package.egg-info/SOURCES.txt'
[2.173s] running build
[2.173s] running build_py
[2.173s] copying radar_package/__init__.py -> /home/seho/ros2_ws/build/radar_package/build/lib/radar_package
[2.173s] copying radar_package/radar_node.py -> /home/seho/ros2_ws/build/radar_package/build/lib/radar_package
[2.174s] running install
[2.177s] running install_lib
[2.191s] copying /home/seho/ros2_ws/build/radar_package/build/lib/radar_package/radar_node.py -> /home/seho/ros2_ws/install/radar_package/lib/python3.10/site-packages/radar_package
[2.191s] byte-compiling /home/seho/ros2_ws/install/radar_package/lib/python3.10/site-packages/radar_package/radar_node.py to radar_node.cpython-310.pyc
[2.192s] running install_data
[2.192s] copying resource/radar_package -> /home/seho/ros2_ws/install/radar_package/share/ament_index/resource_index/packages
[2.192s] copying package.xml -> /home/seho/ros2_ws/install/radar_package/share/radar_package
[2.193s] running install_egg_info
[2.210s] removing '/home/seho/ros2_ws/install/radar_package/lib/python3.10/site-packages/radar_package-0.0.0-py3.10.egg-info' (and everything under it)
[2.210s] Copying ../../build/radar_package/radar_package.egg-info to /home/seho/ros2_ws/install/radar_package/lib/python3.10/site-packages/radar_package-0.0.0-py3.10.egg-info
[2.211s] running install_scripts
[2.309s] Installing radar_node script to /home/seho/ros2_ws/install/radar_package/lib/radar_package
[2.309s] writing list of installed files to '/home/seho/ros2_ws/build/radar_package/install.log'
[2.328s] Invoked command in '/home/seho/ros2_ws/src/radar_package' returned '0': PYTHONPATH=/home/seho/ros2_ws/build/radar_package/prefix_override:/usr/lib/python3/dist-packages/colcon_core/task/python/colcon_distutils_commands:/home/seho/ros2_ws/install/radar_package/lib/python3.10/site-packages:${PYTHONPATH} /usr/bin/python3 -W ignore:setup.py install is deprecated setup.py egg_info --egg-base ../../build/radar_package build --build-base /home/seho/ros2_ws/build/radar_package/build install --record /home/seho/ros2_ws/build/radar_package/install.log --single-version-externally-managed install_data
