[1.789s] Invoking command in '/home/seho/ros2_ws/src/radar_package': PYTHONPATH=/home/seho/ros2_ws/build/radar_package/prefix_override:/usr/lib/python3/dist-packages/colcon_core/task/python/colcon_distutils_commands:/home/seho/ros2_ws/install/radar_package/lib/python3.10/site-packages:${PYTHONPATH} /usr/bin/python3 -W ignore:setup.py install is deprecated setup.py egg_info --egg-base ../../build/radar_package build --build-base /home/seho/ros2_ws/build/radar_package/build install --record /home/seho/ros2_ws/build/radar_package/install.log --single-version-externally-managed install_data
[2.002s] /home/seho/.local/lib/python3.10/site-packages/setuptools/_distutils/dist.py:261: UserWarning: Unknown distribution option: 'tests_require'
[2.002s]   warnings.warn(msg)
[2.093s] running egg_info
[2.112s] writing ../../build/radar_package/radar_package.egg-info/PKG-INFO
[2.113s] writing dependency_links to ../../build/radar_package/radar_package.egg-info/dependency_links.txt
[2.113s] writing entry points to ../../build/radar_package/radar_package.egg-info/entry_points.txt
[2.113s] writing requirements to ../../build/radar_package/radar_package.egg-info/requires.txt
[2.113s] writing top-level names to ../../build/radar_package/radar_package.egg-info/top_level.txt
[2.163s] reading manifest file '../../build/radar_package/radar_package.egg-info/SOURCES.txt'
[2.163s] writing manifest file '../../build/radar_package/radar_package.egg-info/SOURCES.txt'
[2.163s] running build
[2.163s] running build_py
[2.164s] copying radar_package/__init__.py -> /home/seho/ros2_ws/build/radar_package/build/lib/radar_package
[2.164s] running install
[2.166s] running install_lib
[2.176s] running install_data
[2.176s] copying resource/radar_package -> /home/seho/ros2_ws/install/radar_package/share/ament_index/resource_index/packages
[2.176s] copying package.xml -> /home/seho/ros2_ws/install/radar_package/share/radar_package
[2.176s] running install_egg_info
[2.191s] removing '/home/seho/ros2_ws/install/radar_package/lib/python3.10/site-packages/radar_package-0.0.0-py3.10.egg-info' (and everything under it)
[2.191s] Copying ../../build/radar_package/radar_package.egg-info to /home/seho/ros2_ws/install/radar_package/lib/python3.10/site-packages/radar_package-0.0.0-py3.10.egg-info
[2.191s] running install_scripts
[2.271s] Installing radar_node script to /home/seho/ros2_ws/install/radar_package/lib/radar_package
[2.271s] writing list of installed files to '/home/seho/ros2_ws/build/radar_package/install.log'
[2.289s] Invoked command in '/home/seho/ros2_ws/src/radar_package' returned '0': PYTHONPATH=/home/seho/ros2_ws/build/radar_package/prefix_override:/usr/lib/python3/dist-packages/colcon_core/task/python/colcon_distutils_commands:/home/seho/ros2_ws/install/radar_package/lib/python3.10/site-packages:${PYTHONPATH} /usr/bin/python3 -W ignore:setup.py install is deprecated setup.py egg_info --egg-base ../../build/radar_package build --build-base /home/seho/ros2_ws/build/radar_package/build install --record /home/seho/ros2_ws/build/radar_package/install.log --single-version-externally-managed install_data
