[1.392s] Invoking command in '/home/seho/ros2_ws/src/radar_package': PYTHONPATH=/home/seho/ros2_ws/build/radar_package/prefix_override:/usr/lib/python3/dist-packages/colcon_core/task/python/colcon_distutils_commands:/home/seho/ros2_ws/install/radar_package/lib/python3.10/site-packages:${PYTHONPATH} /usr/bin/python3 -W ignore:setup.py install is deprecated setup.py egg_info --egg-base ../../build/radar_package build --build-base /home/seho/ros2_ws/build/radar_package/build install --record /home/seho/ros2_ws/build/radar_package/install.log --single-version-externally-managed install_data
[1.488s] /home/seho/.local/lib/python3.10/site-packages/setuptools/_distutils/dist.py:261: UserWarning: Unknown distribution option: 'tests_require'
[1.488s]   warnings.warn(msg)
[1.543s] running egg_info
[1.555s] writing ../../build/radar_package/radar_package.egg-info/PKG-INFO
[1.556s] writing dependency_links to ../../build/radar_package/radar_package.egg-info/dependency_links.txt
[1.557s] writing entry points to ../../build/radar_package/radar_package.egg-info/entry_points.txt
[1.557s] writing requirements to ../../build/radar_package/radar_package.egg-info/requires.txt
[1.557s] writing top-level names to ../../build/radar_package/radar_package.egg-info/top_level.txt
[1.577s] reading manifest file '../../build/radar_package/radar_package.egg-info/SOURCES.txt'
[1.578s] writing manifest file '../../build/radar_package/radar_package.egg-info/SOURCES.txt'
[1.578s] running build
[1.578s] running build_py
[1.578s] copying radar_package/__init__.py -> /home/seho/ros2_ws/build/radar_package/build/lib/radar_package
[1.579s] running install
[1.582s] running install_lib
[1.592s] running install_data
[1.592s] copying resource/radar_package -> /home/seho/ros2_ws/install/radar_package/share/ament_index/resource_index/packages
[1.592s] copying package.xml -> /home/seho/ros2_ws/install/radar_package/share/radar_package
[1.592s] running install_egg_info
[1.604s] removing '/home/seho/ros2_ws/install/radar_package/lib/python3.10/site-packages/radar_package-0.0.0-py3.10.egg-info' (and everything under it)
[1.604s] Copying ../../build/radar_package/radar_package.egg-info to /home/seho/ros2_ws/install/radar_package/lib/python3.10/site-packages/radar_package-0.0.0-py3.10.egg-info
[1.605s] running install_scripts
[1.688s] Installing radar_node script to /home/seho/ros2_ws/install/radar_package/lib/radar_package
[1.688s] writing list of installed files to '/home/seho/ros2_ws/build/radar_package/install.log'
[1.708s] Invoked command in '/home/seho/ros2_ws/src/radar_package' returned '0': PYTHONPATH=/home/seho/ros2_ws/build/radar_package/prefix_override:/usr/lib/python3/dist-packages/colcon_core/task/python/colcon_distutils_commands:/home/seho/ros2_ws/install/radar_package/lib/python3.10/site-packages:${PYTHONPATH} /usr/bin/python3 -W ignore:setup.py install is deprecated setup.py egg_info --egg-base ../../build/radar_package build --build-base /home/seho/ros2_ws/build/radar_package/build install --record /home/seho/ros2_ws/build/radar_package/install.log --single-version-externally-managed install_data
