[0.910s] Invoking command in '/home/seho/ros2_ws/src/radar_package': PYTHONPATH=/home/seho/ros2_ws/build/radar_package/prefix_override:/usr/lib/python3/dist-packages/colcon_core/task/python/colcon_distutils_commands:/home/seho/ros2_ws/install/radar_package/lib/python3.10/site-packages:${PYTHONPATH} /usr/bin/python3 -W ignore:setup.py install is deprecated setup.py egg_info --egg-base ../../build/radar_package build --build-base /home/seho/ros2_ws/build/radar_package/build install --record /home/seho/ros2_ws/build/radar_package/install.log --single-version-externally-managed install_data
[1.121s] running egg_info
[1.122s] creating ../../build/radar_package/radar_package.egg-info
[1.134s] writing ../../build/radar_package/radar_package.egg-info/PKG-INFO
[1.134s] writing dependency_links to ../../build/radar_package/radar_package.egg-info/dependency_links.txt
[1.134s] writing entry points to ../../build/radar_package/radar_package.egg-info/entry_points.txt
[1.135s] writing requirements to ../../build/radar_package/radar_package.egg-info/requires.txt
[1.135s] writing top-level names to ../../build/radar_package/radar_package.egg-info/top_level.txt
[1.135s] writing manifest file '../../build/radar_package/radar_package.egg-info/SOURCES.txt'
[1.164s] reading manifest file '../../build/radar_package/radar_package.egg-info/SOURCES.txt'
[1.164s] writing manifest file '../../build/radar_package/radar_package.egg-info/SOURCES.txt'
[1.164s] running build
[1.164s] running build_py
[1.164s] creating /home/seho/ros2_ws/build/radar_package/build
[1.165s] creating /home/seho/ros2_ws/build/radar_package/build/lib
[1.165s] creating /home/seho/ros2_ws/build/radar_package/build/lib/radar_package
[1.165s] copying radar_package/__init__.py -> /home/seho/ros2_ws/build/radar_package/build/lib/radar_package
[1.165s] copying radar_package/radar_node.py -> /home/seho/ros2_ws/build/radar_package/build/lib/radar_package
[1.165s] running install
[1.168s] running install_lib
[1.179s] creating /home/seho/ros2_ws/install/radar_package/lib/python3.10/site-packages/radar_package
[1.179s] copying /home/seho/ros2_ws/build/radar_package/build/lib/radar_package/__init__.py -> /home/seho/ros2_ws/install/radar_package/lib/python3.10/site-packages/radar_package
[1.179s] copying /home/seho/ros2_ws/build/radar_package/build/lib/radar_package/radar_node.py -> /home/seho/ros2_ws/install/radar_package/lib/python3.10/site-packages/radar_package
[1.179s] byte-compiling /home/seho/ros2_ws/install/radar_package/lib/python3.10/site-packages/radar_package/__init__.py to __init__.cpython-310.pyc
[1.180s] byte-compiling /home/seho/ros2_ws/install/radar_package/lib/python3.10/site-packages/radar_package/radar_node.py to radar_node.cpython-310.pyc
[1.181s] running install_data
[1.181s] creating /home/seho/ros2_ws/install/radar_package/share/ament_index
[1.181s] creating /home/seho/ros2_ws/install/radar_package/share/ament_index/resource_index
[1.182s] creating /home/seho/ros2_ws/install/radar_package/share/ament_index/resource_index/packages
[1.182s] copying resource/radar_package -> /home/seho/ros2_ws/install/radar_package/share/ament_index/resource_index/packages
[1.183s] copying package.xml -> /home/seho/ros2_ws/install/radar_package/share/radar_package
[1.183s] running install_egg_info
[1.201s] Copying ../../build/radar_package/radar_package.egg-info to /home/seho/ros2_ws/install/radar_package/lib/python3.10/site-packages/radar_package-0.0.0-py3.10.egg-info
[1.201s] running install_scripts
[1.302s] Installing radar_node script to /home/seho/ros2_ws/install/radar_package/lib/radar_package
[1.302s] writing list of installed files to '/home/seho/ros2_ws/build/radar_package/install.log'
[1.319s] Invoked command in '/home/seho/ros2_ws/src/radar_package' returned '0': PYTHONPATH=/home/seho/ros2_ws/build/radar_package/prefix_override:/usr/lib/python3/dist-packages/colcon_core/task/python/colcon_distutils_commands:/home/seho/ros2_ws/install/radar_package/lib/python3.10/site-packages:${PYTHONPATH} /usr/bin/python3 -W ignore:setup.py install is deprecated setup.py egg_info --egg-base ../../build/radar_package build --build-base /home/seho/ros2_ws/build/radar_package/build install --record /home/seho/ros2_ws/build/radar_package/install.log --single-version-externally-managed install_data
