[1.545s] Invoking command in '/home/seho/ros2_ws/src/radar_package': PYTHONPATH=/home/seho/ros2_ws/build/radar_package/prefix_override:/usr/lib/python3/dist-packages/colcon_core/task/python/colcon_distutils_commands:/home/seho/ros2_ws/install/radar_package/lib/python3.10/site-packages:${PYTHONPATH} /usr/bin/python3 -W ignore:setup.py install is deprecated setup.py egg_info --egg-base ../../build/radar_package build --build-base /home/seho/ros2_ws/build/radar_package/build install --record /home/seho/ros2_ws/build/radar_package/install.log --single-version-externally-managed install_data
[1.699s] /home/seho/.local/lib/python3.10/site-packages/setuptools/_distutils/dist.py:261: UserWarning: Unknown distribution option: 'tests_require'
[1.699s]   warnings.warn(msg)
[1.779s] running egg_info
[1.790s] writing ../../build/radar_package/radar_package.egg-info/PKG-INFO
[1.791s] writing dependency_links to ../../build/radar_package/radar_package.egg-info/dependency_links.txt
[1.811s] writing entry points to ../../build/radar_package/radar_package.egg-info/entry_points.txt
[1.813s] writing requirements to ../../build/radar_package/radar_package.egg-info/requires.txt
[1.813s] writing top-level names to ../../build/radar_package/radar_package.egg-info/top_level.txt
[1.842s] reading manifest file '../../build/radar_package/radar_package.egg-info/SOURCES.txt'
[1.843s] writing manifest file '../../build/radar_package/radar_package.egg-info/SOURCES.txt'
[1.844s] running build
[1.844s] running build_py
[1.848s] copying radar_package/__init__.py -> /home/seho/ros2_ws/build/radar_package/build/lib/radar_package
[1.849s] running install
[1.859s] running install_lib
[1.879s] running install_data
[1.883s] copying resource/radar_package -> /home/seho/ros2_ws/install/radar_package/share/ament_index/resource_index/packages
[1.889s] copying package.xml -> /home/seho/ros2_ws/install/radar_package/share/radar_package
[1.889s] running install_egg_info
[1.908s] removing '/home/seho/ros2_ws/install/radar_package/lib/python3.10/site-packages/radar_package-0.0.0-py3.10.egg-info' (and everything under it)
[1.916s] Copying ../../build/radar_package/radar_package.egg-info to /home/seho/ros2_ws/install/radar_package/lib/python3.10/site-packages/radar_package-0.0.0-py3.10.egg-info
[1.917s] running install_scripts
[2.045s] Installing radar_node script to /home/seho/ros2_ws/install/radar_package/lib/radar_package
[2.045s] writing list of installed files to '/home/seho/ros2_ws/build/radar_package/install.log'
[2.065s] Invoked command in '/home/seho/ros2_ws/src/radar_package' returned '0': PYTHONPATH=/home/seho/ros2_ws/build/radar_package/prefix_override:/usr/lib/python3/dist-packages/colcon_core/task/python/colcon_distutils_commands:/home/seho/ros2_ws/install/radar_package/lib/python3.10/site-packages:${PYTHONPATH} /usr/bin/python3 -W ignore:setup.py install is deprecated setup.py egg_info --egg-base ../../build/radar_package build --build-base /home/seho/ros2_ws/build/radar_package/build install --record /home/seho/ros2_ws/build/radar_package/install.log --single-version-externally-managed install_data
