[0.053s] DEBUG:colcon:Command line arguments: ['/usr/bin/colcon', 'build']
[0.053s] DEBUG:colcon:Parsed command line arguments: Namespace(log_base=None, log_level=None, verb_name='build', build_base='build', install_base='install', merge_install=False, symlink_install=False, test_result_base=None, continue_on_error=False, executor='parallel', parallel_workers=8, event_handlers=None, ignore_user_meta=False, metas=['./colcon.meta'], base_paths=['.'], packages_ignore=None, packages_ignore_regex=None, paths=None, packages_up_to=None, packages_up_to_regex=None, packages_above=None, packages_above_and_dependencies=None, packages_above_depth=None, packages_select_by_dep=None, packages_skip_by_dep=None, packages_skip_up_to=None, packages_select_build_failed=False, packages_skip_build_finished=False, packages_select_test_failures=False, packages_skip_test_passed=False, packages_select=None, packages_skip=None, packages_select_regex=None, packages_skip_regex=None, packages_start=None, packages_end=None, allow_overriding=[], cmake_args=None, cmake_target=None, cmake_target_skip_unavailable=False, cmake_clean_cache=False, cmake_clean_first=False, cmake_force_configure=False, ament_cmake_args=None, catkin_cmake_args=None, catkin_skip_building_tests=False, verb_parser=<colcon_defaults.argument_parser.defaults.DefaultArgumentsDecorator object at 0xffffbbcb77f0>, verb_extension=<colcon_core.verb.build.BuildVerb object at 0xffffbbeac580>, main=<bound method BuildVerb.main of <colcon_core.verb.build.BuildVerb object at 0xffffbbeac580>>)
[0.073s] Level 1:colcon.colcon_core.package_discovery:discover_packages(colcon_meta) check parameters
[0.073s] Level 1:colcon.colcon_core.package_discovery:discover_packages(recursive) check parameters
[0.073s] Level 1:colcon.colcon_core.package_discovery:discover_packages(ignore) check parameters
[0.073s] Level 1:colcon.colcon_core.package_discovery:discover_packages(path) check parameters
[0.073s] Level 1:colcon.colcon_core.package_discovery:discover_packages(colcon_meta) discover
[0.073s] Level 1:colcon.colcon_core.package_discovery:discover_packages(recursive) discover
[0.073s] INFO:colcon.colcon_core.package_discovery:Crawling recursively for packages in '/home/seho/ros2_ws'
[0.074s] Level 1:colcon.colcon_core.package_identification:_identify(.) by extensions ['ignore', 'ignore_ament_install']
[0.074s] Level 1:colcon.colcon_core.package_identification:_identify(.) by extension 'ignore'
[0.074s] Level 1:colcon.colcon_core.package_identification:_identify(.) by extension 'ignore_ament_install'
[0.074s] Level 1:colcon.colcon_core.package_identification:_identify(.) by extensions ['colcon_pkg']
[0.074s] Level 1:colcon.colcon_core.package_identification:_identify(.) by extension 'colcon_pkg'
[0.074s] Level 1:colcon.colcon_core.package_identification:_identify(.) by extensions ['colcon_meta']
[0.074s] Level 1:colcon.colcon_core.package_identification:_identify(.) by extension 'colcon_meta'
[0.074s] Level 1:colcon.colcon_core.package_identification:_identify(.) by extensions ['ros']
[0.074s] Level 1:colcon.colcon_core.package_identification:_identify(.) by extension 'ros'
[0.081s] Level 1:colcon.colcon_core.package_identification:_identify(.) by extensions ['cmake', 'python']
[0.081s] Level 1:colcon.colcon_core.package_identification:_identify(.) by extension 'cmake'
[0.081s] Level 1:colcon.colcon_core.package_identification:_identify(.) by extension 'python'
[0.081s] Level 1:colcon.colcon_core.package_identification:_identify(.) by extensions ['python_setup_py']
[0.081s] Level 1:colcon.colcon_core.package_identification:_identify(.) by extension 'python_setup_py'
[0.081s] Level 1:colcon.colcon_core.package_identification:_identify(build) by extensions ['ignore', 'ignore_ament_install']
[0.081s] Level 1:colcon.colcon_core.package_identification:_identify(build) by extension 'ignore'
[0.081s] Level 1:colcon.colcon_core.package_identification:_identify(build) ignored
[0.081s] Level 1:colcon.colcon_core.package_identification:_identify(install) by extensions ['ignore', 'ignore_ament_install']
[0.082s] Level 1:colcon.colcon_core.package_identification:_identify(install) by extension 'ignore'
[0.082s] Level 1:colcon.colcon_core.package_identification:_identify(install) ignored
[0.082s] Level 1:colcon.colcon_core.package_identification:_identify(log) by extensions ['ignore', 'ignore_ament_install']
[0.082s] Level 1:colcon.colcon_core.package_identification:_identify(log) by extension 'ignore'
[0.082s] Level 1:colcon.colcon_core.package_identification:_identify(log) ignored
[0.082s] Level 1:colcon.colcon_core.package_identification:_identify(my_camera_pkg) by extensions ['ignore', 'ignore_ament_install']
[0.082s] Level 1:colcon.colcon_core.package_identification:_identify(my_camera_pkg) by extension 'ignore'
[0.082s] Level 1:colcon.colcon_core.package_identification:_identify(my_camera_pkg) by extension 'ignore_ament_install'
[0.082s] Level 1:colcon.colcon_core.package_identification:_identify(my_camera_pkg) by extensions ['colcon_pkg']
[0.082s] Level 1:colcon.colcon_core.package_identification:_identify(my_camera_pkg) by extension 'colcon_pkg'
[0.082s] Level 1:colcon.colcon_core.package_identification:_identify(my_camera_pkg) by extensions ['colcon_meta']
[0.082s] Level 1:colcon.colcon_core.package_identification:_identify(my_camera_pkg) by extension 'colcon_meta'
[0.082s] Level 1:colcon.colcon_core.package_identification:_identify(my_camera_pkg) by extensions ['ros']
[0.082s] Level 1:colcon.colcon_core.package_identification:_identify(my_camera_pkg) by extension 'ros'
[0.082s] Level 1:colcon.colcon_core.package_identification:_identify(my_camera_pkg) by extensions ['cmake', 'python']
[0.082s] Level 1:colcon.colcon_core.package_identification:_identify(my_camera_pkg) by extension 'cmake'
[0.082s] Level 1:colcon.colcon_core.package_identification:_identify(my_camera_pkg) by extension 'python'
[0.082s] Level 1:colcon.colcon_core.package_identification:_identify(my_camera_pkg) by extensions ['python_setup_py']
[0.082s] Level 1:colcon.colcon_core.package_identification:_identify(my_camera_pkg) by extension 'python_setup_py'
[0.082s] Level 1:colcon.colcon_core.package_identification:_identify(my_camera_pkg/models) by extensions ['ignore', 'ignore_ament_install']
[0.082s] Level 1:colcon.colcon_core.package_identification:_identify(my_camera_pkg/models) by extension 'ignore'
[0.082s] Level 1:colcon.colcon_core.package_identification:_identify(my_camera_pkg/models) by extension 'ignore_ament_install'
[0.082s] Level 1:colcon.colcon_core.package_identification:_identify(my_camera_pkg/models) by extensions ['colcon_pkg']
[0.082s] Level 1:colcon.colcon_core.package_identification:_identify(my_camera_pkg/models) by extension 'colcon_pkg'
[0.082s] Level 1:colcon.colcon_core.package_identification:_identify(my_camera_pkg/models) by extensions ['colcon_meta']
[0.082s] Level 1:colcon.colcon_core.package_identification:_identify(my_camera_pkg/models) by extension 'colcon_meta'
[0.082s] Level 1:colcon.colcon_core.package_identification:_identify(my_camera_pkg/models) by extensions ['ros']
[0.082s] Level 1:colcon.colcon_core.package_identification:_identify(my_camera_pkg/models) by extension 'ros'
[0.082s] Level 1:colcon.colcon_core.package_identification:_identify(my_camera_pkg/models) by extensions ['cmake', 'python']
[0.082s] Level 1:colcon.colcon_core.package_identification:_identify(my_camera_pkg/models) by extension 'cmake'
[0.082s] Level 1:colcon.colcon_core.package_identification:_identify(my_camera_pkg/models) by extension 'python'
[0.082s] Level 1:colcon.colcon_core.package_identification:_identify(my_camera_pkg/models) by extensions ['python_setup_py']
[0.082s] Level 1:colcon.colcon_core.package_identification:_identify(my_camera_pkg/models) by extension 'python_setup_py'
[0.082s] Level 1:colcon.colcon_core.package_identification:_identify(src) by extensions ['ignore', 'ignore_ament_install']
[0.082s] Level 1:colcon.colcon_core.package_identification:_identify(src) by extension 'ignore'
[0.082s] Level 1:colcon.colcon_core.package_identification:_identify(src) by extension 'ignore_ament_install'
[0.082s] Level 1:colcon.colcon_core.package_identification:_identify(src) by extensions ['colcon_pkg']
[0.082s] Level 1:colcon.colcon_core.package_identification:_identify(src) by extension 'colcon_pkg'
[0.082s] Level 1:colcon.colcon_core.package_identification:_identify(src) by extensions ['colcon_meta']
[0.082s] Level 1:colcon.colcon_core.package_identification:_identify(src) by extension 'colcon_meta'
[0.082s] Level 1:colcon.colcon_core.package_identification:_identify(src) by extensions ['ros']
[0.082s] Level 1:colcon.colcon_core.package_identification:_identify(src) by extension 'ros'
[0.082s] Level 1:colcon.colcon_core.package_identification:_identify(src) by extensions ['cmake', 'python']
[0.082s] Level 1:colcon.colcon_core.package_identification:_identify(src) by extension 'cmake'
[0.082s] Level 1:colcon.colcon_core.package_identification:_identify(src) by extension 'python'
[0.082s] Level 1:colcon.colcon_core.package_identification:_identify(src) by extensions ['python_setup_py']
[0.082s] Level 1:colcon.colcon_core.package_identification:_identify(src) by extension 'python_setup_py'
[0.082s] Level 1:colcon.colcon_core.package_identification:_identify(src/log) by extensions ['ignore', 'ignore_ament_install']
[0.083s] Level 1:colcon.colcon_core.package_identification:_identify(src/log) by extension 'ignore'
[0.083s] Level 1:colcon.colcon_core.package_identification:_identify(src/log) ignored
[0.083s] Level 1:colcon.colcon_core.package_identification:_identify(src/my_camera_pkg) by extensions ['ignore', 'ignore_ament_install']
[0.083s] Level 1:colcon.colcon_core.package_identification:_identify(src/my_camera_pkg) by extension 'ignore'
[0.083s] Level 1:colcon.colcon_core.package_identification:_identify(src/my_camera_pkg) by extension 'ignore_ament_install'
[0.083s] Level 1:colcon.colcon_core.package_identification:_identify(src/my_camera_pkg) by extensions ['colcon_pkg']
[0.083s] Level 1:colcon.colcon_core.package_identification:_identify(src/my_camera_pkg) by extension 'colcon_pkg'
[0.083s] Level 1:colcon.colcon_core.package_identification:_identify(src/my_camera_pkg) by extensions ['colcon_meta']
[0.083s] Level 1:colcon.colcon_core.package_identification:_identify(src/my_camera_pkg) by extension 'colcon_meta'
[0.083s] Level 1:colcon.colcon_core.package_identification:_identify(src/my_camera_pkg) by extensions ['ros']
[0.083s] Level 1:colcon.colcon_core.package_identification:_identify(src/my_camera_pkg) by extension 'ros'
[0.084s] DEBUG:colcon.colcon_core.package_identification:Package 'src/my_camera_pkg' with type 'ros.ament_python' and name 'my_camera_pkg'
[0.084s] Level 1:colcon.colcon_core.package_identification:_identify(src/my_launch_pkg) by extensions ['ignore', 'ignore_ament_install']
[0.084s] Level 1:colcon.colcon_core.package_identification:_identify(src/my_launch_pkg) by extension 'ignore'
[0.084s] Level 1:colcon.colcon_core.package_identification:_identify(src/my_launch_pkg) by extension 'ignore_ament_install'
[0.084s] Level 1:colcon.colcon_core.package_identification:_identify(src/my_launch_pkg) by extensions ['colcon_pkg']
[0.084s] Level 1:colcon.colcon_core.package_identification:_identify(src/my_launch_pkg) by extension 'colcon_pkg'
[0.084s] Level 1:colcon.colcon_core.package_identification:_identify(src/my_launch_pkg) by extensions ['colcon_meta']
[0.084s] Level 1:colcon.colcon_core.package_identification:_identify(src/my_launch_pkg) by extension 'colcon_meta'
[0.084s] Level 1:colcon.colcon_core.package_identification:_identify(src/my_launch_pkg) by extensions ['ros']
[0.084s] Level 1:colcon.colcon_core.package_identification:_identify(src/my_launch_pkg) by extension 'ros'
[0.084s] DEBUG:colcon.colcon_core.package_identification:Package 'src/my_launch_pkg' with type 'ros.ament_python' and name 'my_launch_pkg'
[0.084s] Level 1:colcon.colcon_core.package_identification:_identify(src/radar_package) by extensions ['ignore', 'ignore_ament_install']
[0.084s] Level 1:colcon.colcon_core.package_identification:_identify(src/radar_package) by extension 'ignore'
[0.084s] Level 1:colcon.colcon_core.package_identification:_identify(src/radar_package) by extension 'ignore_ament_install'
[0.084s] Level 1:colcon.colcon_core.package_identification:_identify(src/radar_package) by extensions ['colcon_pkg']
[0.084s] Level 1:colcon.colcon_core.package_identification:_identify(src/radar_package) by extension 'colcon_pkg'
[0.084s] Level 1:colcon.colcon_core.package_identification:_identify(src/radar_package) by extensions ['colcon_meta']
[0.084s] Level 1:colcon.colcon_core.package_identification:_identify(src/radar_package) by extension 'colcon_meta'
[0.084s] Level 1:colcon.colcon_core.package_identification:_identify(src/radar_package) by extensions ['ros']
[0.084s] Level 1:colcon.colcon_core.package_identification:_identify(src/radar_package) by extension 'ros'
[0.085s] DEBUG:colcon.colcon_core.package_identification:Package 'src/radar_package' with type 'ros.ament_python' and name 'radar_package'
[0.085s] Level 1:colcon.colcon_core.package_identification:_identify(src/sensor_fusion_pkg) by extensions ['ignore', 'ignore_ament_install']
[0.085s] Level 1:colcon.colcon_core.package_identification:_identify(src/sensor_fusion_pkg) by extension 'ignore'
[0.085s] Level 1:colcon.colcon_core.package_identification:_identify(src/sensor_fusion_pkg) by extension 'ignore_ament_install'
[0.085s] Level 1:colcon.colcon_core.package_identification:_identify(src/sensor_fusion_pkg) by extensions ['colcon_pkg']
[0.085s] Level 1:colcon.colcon_core.package_identification:_identify(src/sensor_fusion_pkg) by extension 'colcon_pkg'
[0.085s] Level 1:colcon.colcon_core.package_identification:_identify(src/sensor_fusion_pkg) by extensions ['colcon_meta']
[0.085s] Level 1:colcon.colcon_core.package_identification:_identify(src/sensor_fusion_pkg) by extension 'colcon_meta'
[0.085s] Level 1:colcon.colcon_core.package_identification:_identify(src/sensor_fusion_pkg) by extensions ['ros']
[0.085s] Level 1:colcon.colcon_core.package_identification:_identify(src/sensor_fusion_pkg) by extension 'ros'
[0.085s] DEBUG:colcon.colcon_core.package_identification:Package 'src/sensor_fusion_pkg' with type 'ros.ament_python' and name 'sensor_fusion_pkg'
[0.085s] Level 1:colcon.colcon_core.package_identification:_identify(trash) by extensions ['ignore', 'ignore_ament_install']
[0.085s] Level 1:colcon.colcon_core.package_identification:_identify(trash) by extension 'ignore'
[0.085s] Level 1:colcon.colcon_core.package_identification:_identify(trash) by extension 'ignore_ament_install'
[0.085s] Level 1:colcon.colcon_core.package_identification:_identify(trash) by extensions ['colcon_pkg']
[0.085s] Level 1:colcon.colcon_core.package_identification:_identify(trash) by extension 'colcon_pkg'
[0.085s] Level 1:colcon.colcon_core.package_identification:_identify(trash) by extensions ['colcon_meta']
[0.085s] Level 1:colcon.colcon_core.package_identification:_identify(trash) by extension 'colcon_meta'
[0.085s] Level 1:colcon.colcon_core.package_identification:_identify(trash) by extensions ['ros']
[0.085s] Level 1:colcon.colcon_core.package_identification:_identify(trash) by extension 'ros'
[0.085s] Level 1:colcon.colcon_core.package_identification:_identify(trash) by extensions ['cmake', 'python']
[0.085s] Level 1:colcon.colcon_core.package_identification:_identify(trash) by extension 'cmake'
[0.086s] Level 1:colcon.colcon_core.package_identification:_identify(trash) by extension 'python'
[0.086s] Level 1:colcon.colcon_core.package_identification:_identify(trash) by extensions ['python_setup_py']
[0.086s] Level 1:colcon.colcon_core.package_identification:_identify(trash) by extension 'python_setup_py'
[0.086s] Level 1:colcon.colcon_core.package_discovery:discover_packages(recursive) using defaults
[0.086s] Level 1:colcon.colcon_core.package_discovery:discover_packages(ignore) discover
[0.086s] Level 1:colcon.colcon_core.package_discovery:discover_packages(ignore) using defaults
[0.086s] Level 1:colcon.colcon_core.package_discovery:discover_packages(path) discover
[0.086s] Level 1:colcon.colcon_core.package_discovery:discover_packages(path) using defaults
[0.096s] Level 1:colcon.colcon_core.package_discovery:discover_packages(prefix_path) check parameters
[0.096s] Level 1:colcon.colcon_core.package_discovery:discover_packages(prefix_path) discover
[0.097s] DEBUG:colcon.colcon_installed_package_information.package_discovery:Found 20 installed packages in /home/seho/ros2_foxy/install
[0.098s] DEBUG:colcon.colcon_installed_package_information.package_discovery:Found 307 installed packages in /opt/ros/iron
[0.099s] Level 1:colcon.colcon_core.package_discovery:discover_packages(prefix_path) using defaults
[0.123s] Level 5:colcon.colcon_core.verb:set package 'my_camera_pkg' build argument 'cmake_args' from command line to 'None'
[0.123s] Level 5:colcon.colcon_core.verb:set package 'my_camera_pkg' build argument 'cmake_target' from command line to 'None'
[0.123s] Level 5:colcon.colcon_core.verb:set package 'my_camera_pkg' build argument 'cmake_target_skip_unavailable' from command line to 'False'
[0.123s] Level 5:colcon.colcon_core.verb:set package 'my_camera_pkg' build argument 'cmake_clean_cache' from command line to 'False'
[0.123s] Level 5:colcon.colcon_core.verb:set package 'my_camera_pkg' build argument 'cmake_clean_first' from command line to 'False'
[0.123s] Level 5:colcon.colcon_core.verb:set package 'my_camera_pkg' build argument 'cmake_force_configure' from command line to 'False'
[0.123s] Level 5:colcon.colcon_core.verb:set package 'my_camera_pkg' build argument 'ament_cmake_args' from command line to 'None'
[0.123s] Level 5:colcon.colcon_core.verb:set package 'my_camera_pkg' build argument 'catkin_cmake_args' from command line to 'None'
[0.123s] Level 5:colcon.colcon_core.verb:set package 'my_camera_pkg' build argument 'catkin_skip_building_tests' from command line to 'False'
[0.123s] DEBUG:colcon.colcon_core.verb:Building package 'my_camera_pkg' with the following arguments: {'ament_cmake_args': None, 'build_base': '/home/seho/ros2_ws/build/my_camera_pkg', 'catkin_cmake_args': None, 'catkin_skip_building_tests': False, 'cmake_args': None, 'cmake_clean_cache': False, 'cmake_clean_first': False, 'cmake_force_configure': False, 'cmake_target': None, 'cmake_target_skip_unavailable': False, 'install_base': '/home/seho/ros2_ws/install/my_camera_pkg', 'merge_install': False, 'path': '/home/seho/ros2_ws/src/my_camera_pkg', 'symlink_install': False, 'test_result_base': None}
[0.123s] Level 5:colcon.colcon_core.verb:set package 'my_launch_pkg' build argument 'cmake_args' from command line to 'None'
[0.123s] Level 5:colcon.colcon_core.verb:set package 'my_launch_pkg' build argument 'cmake_target' from command line to 'None'
[0.123s] Level 5:colcon.colcon_core.verb:set package 'my_launch_pkg' build argument 'cmake_target_skip_unavailable' from command line to 'False'
[0.123s] Level 5:colcon.colcon_core.verb:set package 'my_launch_pkg' build argument 'cmake_clean_cache' from command line to 'False'
[0.123s] Level 5:colcon.colcon_core.verb:set package 'my_launch_pkg' build argument 'cmake_clean_first' from command line to 'False'
[0.123s] Level 5:colcon.colcon_core.verb:set package 'my_launch_pkg' build argument 'cmake_force_configure' from command line to 'False'
[0.123s] Level 5:colcon.colcon_core.verb:set package 'my_launch_pkg' build argument 'ament_cmake_args' from command line to 'None'
[0.123s] Level 5:colcon.colcon_core.verb:set package 'my_launch_pkg' build argument 'catkin_cmake_args' from command line to 'None'
[0.123s] Level 5:colcon.colcon_core.verb:set package 'my_launch_pkg' build argument 'catkin_skip_building_tests' from command line to 'False'
[0.123s] DEBUG:colcon.colcon_core.verb:Building package 'my_launch_pkg' with the following arguments: {'ament_cmake_args': None, 'build_base': '/home/seho/ros2_ws/build/my_launch_pkg', 'catkin_cmake_args': None, 'catkin_skip_building_tests': False, 'cmake_args': None, 'cmake_clean_cache': False, 'cmake_clean_first': False, 'cmake_force_configure': False, 'cmake_target': None, 'cmake_target_skip_unavailable': False, 'install_base': '/home/seho/ros2_ws/install/my_launch_pkg', 'merge_install': False, 'path': '/home/seho/ros2_ws/src/my_launch_pkg', 'symlink_install': False, 'test_result_base': None}
[0.123s] Level 5:colcon.colcon_core.verb:set package 'radar_package' build argument 'cmake_args' from command line to 'None'
[0.123s] Level 5:colcon.colcon_core.verb:set package 'radar_package' build argument 'cmake_target' from command line to 'None'
[0.123s] Level 5:colcon.colcon_core.verb:set package 'radar_package' build argument 'cmake_target_skip_unavailable' from command line to 'False'
[0.123s] Level 5:colcon.colcon_core.verb:set package 'radar_package' build argument 'cmake_clean_cache' from command line to 'False'
[0.123s] Level 5:colcon.colcon_core.verb:set package 'radar_package' build argument 'cmake_clean_first' from command line to 'False'
[0.123s] Level 5:colcon.colcon_core.verb:set package 'radar_package' build argument 'cmake_force_configure' from command line to 'False'
[0.123s] Level 5:colcon.colcon_core.verb:set package 'radar_package' build argument 'ament_cmake_args' from command line to 'None'
[0.123s] Level 5:colcon.colcon_core.verb:set package 'radar_package' build argument 'catkin_cmake_args' from command line to 'None'
[0.123s] Level 5:colcon.colcon_core.verb:set package 'radar_package' build argument 'catkin_skip_building_tests' from command line to 'False'
[0.123s] DEBUG:colcon.colcon_core.verb:Building package 'radar_package' with the following arguments: {'ament_cmake_args': None, 'build_base': '/home/seho/ros2_ws/build/radar_package', 'catkin_cmake_args': None, 'catkin_skip_building_tests': False, 'cmake_args': None, 'cmake_clean_cache': False, 'cmake_clean_first': False, 'cmake_force_configure': False, 'cmake_target': None, 'cmake_target_skip_unavailable': False, 'install_base': '/home/seho/ros2_ws/install/radar_package', 'merge_install': False, 'path': '/home/seho/ros2_ws/src/radar_package', 'symlink_install': False, 'test_result_base': None}
[0.123s] Level 5:colcon.colcon_core.verb:set package 'sensor_fusion_pkg' build argument 'cmake_args' from command line to 'None'
[0.123s] Level 5:colcon.colcon_core.verb:set package 'sensor_fusion_pkg' build argument 'cmake_target' from command line to 'None'
[0.123s] Level 5:colcon.colcon_core.verb:set package 'sensor_fusion_pkg' build argument 'cmake_target_skip_unavailable' from command line to 'False'
[0.123s] Level 5:colcon.colcon_core.verb:set package 'sensor_fusion_pkg' build argument 'cmake_clean_cache' from command line to 'False'
[0.123s] Level 5:colcon.colcon_core.verb:set package 'sensor_fusion_pkg' build argument 'cmake_clean_first' from command line to 'False'
[0.123s] Level 5:colcon.colcon_core.verb:set package 'sensor_fusion_pkg' build argument 'cmake_force_configure' from command line to 'False'
[0.123s] Level 5:colcon.colcon_core.verb:set package 'sensor_fusion_pkg' build argument 'ament_cmake_args' from command line to 'None'
[0.123s] Level 5:colcon.colcon_core.verb:set package 'sensor_fusion_pkg' build argument 'catkin_cmake_args' from command line to 'None'
[0.123s] Level 5:colcon.colcon_core.verb:set package 'sensor_fusion_pkg' build argument 'catkin_skip_building_tests' from command line to 'False'
[0.123s] DEBUG:colcon.colcon_core.verb:Building package 'sensor_fusion_pkg' with the following arguments: {'ament_cmake_args': None, 'build_base': '/home/seho/ros2_ws/build/sensor_fusion_pkg', 'catkin_cmake_args': None, 'catkin_skip_building_tests': False, 'cmake_args': None, 'cmake_clean_cache': False, 'cmake_clean_first': False, 'cmake_force_configure': False, 'cmake_target': None, 'cmake_target_skip_unavailable': False, 'install_base': '/home/seho/ros2_ws/install/sensor_fusion_pkg', 'merge_install': False, 'path': '/home/seho/ros2_ws/src/sensor_fusion_pkg', 'symlink_install': False, 'test_result_base': None}
[0.124s] INFO:colcon.colcon_core.executor:Executing jobs using 'parallel' executor
[0.124s] DEBUG:colcon.colcon_parallel_executor.executor.parallel:run_until_complete
[0.124s] INFO:colcon.colcon_ros.task.ament_python.build:Building ROS package in '/home/seho/ros2_ws/src/my_camera_pkg' with build type 'ament_python'
[0.124s] Level 1:colcon.colcon_core.shell:create_environment_hook('my_camera_pkg', 'ament_prefix_path')
[0.125s] INFO:colcon.colcon_core.plugin_system:Skipping extension 'colcon_core.shell.bat': Not used on non-Windows systems
[0.125s] INFO:colcon.colcon_core.shell:Creating environment hook '/home/seho/ros2_ws/install/my_camera_pkg/share/my_camera_pkg/hook/ament_prefix_path.ps1'
[0.126s] INFO:colcon.colcon_core.shell:Creating environment descriptor '/home/seho/ros2_ws/install/my_camera_pkg/share/my_camera_pkg/hook/ament_prefix_path.dsv'
[0.126s] INFO:colcon.colcon_core.shell:Creating environment hook '/home/seho/ros2_ws/install/my_camera_pkg/share/my_camera_pkg/hook/ament_prefix_path.sh'
[0.127s] INFO:colcon.colcon_core.shell:Skip shell extension 'powershell' for command environment: Not usable outside of PowerShell
[0.127s] DEBUG:colcon.colcon_core.shell:Skip shell extension 'dsv' for command environment
[0.129s] INFO:colcon.colcon_ros.task.ament_python.build:Building ROS package in '/home/seho/ros2_ws/src/my_launch_pkg' with build type 'ament_python'
[0.129s] Level 1:colcon.colcon_core.shell:create_environment_hook('my_launch_pkg', 'ament_prefix_path')
[0.129s] INFO:colcon.colcon_core.shell:Creating environment hook '/home/seho/ros2_ws/install/my_launch_pkg/share/my_launch_pkg/hook/ament_prefix_path.ps1'
[0.129s] INFO:colcon.colcon_core.shell:Creating environment descriptor '/home/seho/ros2_ws/install/my_launch_pkg/share/my_launch_pkg/hook/ament_prefix_path.dsv'
[0.130s] INFO:colcon.colcon_core.shell:Creating environment hook '/home/seho/ros2_ws/install/my_launch_pkg/share/my_launch_pkg/hook/ament_prefix_path.sh'
[0.130s] INFO:colcon.colcon_core.shell:Skip shell extension 'powershell' for command environment: Not usable outside of PowerShell
[0.130s] DEBUG:colcon.colcon_core.shell:Skip shell extension 'dsv' for command environment
[0.132s] INFO:colcon.colcon_ros.task.ament_python.build:Building ROS package in '/home/seho/ros2_ws/src/radar_package' with build type 'ament_python'
[0.132s] Level 1:colcon.colcon_core.shell:create_environment_hook('radar_package', 'ament_prefix_path')
[0.132s] INFO:colcon.colcon_core.shell:Creating environment hook '/home/seho/ros2_ws/install/radar_package/share/radar_package/hook/ament_prefix_path.ps1'
[0.133s] INFO:colcon.colcon_core.shell:Creating environment descriptor '/home/seho/ros2_ws/install/radar_package/share/radar_package/hook/ament_prefix_path.dsv'
[0.133s] INFO:colcon.colcon_core.shell:Creating environment hook '/home/seho/ros2_ws/install/radar_package/share/radar_package/hook/ament_prefix_path.sh'
[0.133s] INFO:colcon.colcon_core.shell:Skip shell extension 'powershell' for command environment: Not usable outside of PowerShell
[0.134s] DEBUG:colcon.colcon_core.shell:Skip shell extension 'dsv' for command environment
[0.136s] INFO:colcon.colcon_ros.task.ament_python.build:Building ROS package in '/home/seho/ros2_ws/src/sensor_fusion_pkg' with build type 'ament_python'
[0.136s] Level 1:colcon.colcon_core.shell:create_environment_hook('sensor_fusion_pkg', 'ament_prefix_path')
[0.136s] INFO:colcon.colcon_core.shell:Creating environment hook '/home/seho/ros2_ws/install/sensor_fusion_pkg/share/sensor_fusion_pkg/hook/ament_prefix_path.ps1'
[0.136s] INFO:colcon.colcon_core.shell:Creating environment descriptor '/home/seho/ros2_ws/install/sensor_fusion_pkg/share/sensor_fusion_pkg/hook/ament_prefix_path.dsv'
[0.137s] INFO:colcon.colcon_core.shell:Creating environment hook '/home/seho/ros2_ws/install/sensor_fusion_pkg/share/sensor_fusion_pkg/hook/ament_prefix_path.sh'
[0.137s] INFO:colcon.colcon_core.shell:Skip shell extension 'powershell' for command environment: Not usable outside of PowerShell
[0.137s] DEBUG:colcon.colcon_core.shell:Skip shell extension 'dsv' for command environment
[0.262s] INFO:colcon.colcon_core.task.python.build:Building Python package in '/home/seho/ros2_ws/src/my_camera_pkg'
[0.262s] INFO:colcon.colcon_core.shell:Skip shell extension 'powershell' for command environment: Not usable outside of PowerShell
[0.262s] DEBUG:colcon.colcon_core.shell:Skip shell extension 'dsv' for command environment
[0.375s] INFO:colcon.colcon_core.task.python.build:Building Python package in '/home/seho/ros2_ws/src/my_launch_pkg'
[0.375s] INFO:colcon.colcon_core.shell:Skip shell extension 'powershell' for command environment: Not usable outside of PowerShell
[0.375s] DEBUG:colcon.colcon_core.shell:Skip shell extension 'dsv' for command environment
[0.490s] INFO:colcon.colcon_core.task.python.build:Building Python package in '/home/seho/ros2_ws/src/radar_package'
[0.491s] INFO:colcon.colcon_core.shell:Skip shell extension 'powershell' for command environment: Not usable outside of PowerShell
[0.491s] DEBUG:colcon.colcon_core.shell:Skip shell extension 'dsv' for command environment
[0.606s] INFO:colcon.colcon_core.task.python.build:Building Python package in '/home/seho/ros2_ws/src/sensor_fusion_pkg'
[0.606s] INFO:colcon.colcon_core.shell:Skip shell extension 'powershell' for command environment: Not usable outside of PowerShell
[0.606s] DEBUG:colcon.colcon_core.shell:Skip shell extension 'dsv' for command environment
[0.914s] DEBUG:colcon.colcon_core.event_handler.log_command:Invoking command in '/home/seho/ros2_ws/src/my_camera_pkg': PYTHONPATH=/home/seho/ros2_ws/build/my_camera_pkg/prefix_override:/usr/lib/python3/dist-packages/colcon_core/task/python/colcon_distutils_commands:/home/seho/ros2_ws/install/my_camera_pkg/lib/python3.10/site-packages:${PYTHONPATH} /usr/bin/python3 -W ignore:setup.py install is deprecated setup.py egg_info --egg-base ../../build/my_camera_pkg build --build-base /home/seho/ros2_ws/build/my_camera_pkg/build install --record /home/seho/ros2_ws/build/my_camera_pkg/install.log --single-version-externally-managed install_data
[0.920s] DEBUG:colcon.colcon_core.event_handler.log_command:Invoking command in '/home/seho/ros2_ws/src/radar_package': PYTHONPATH=/home/seho/ros2_ws/build/radar_package/prefix_override:/usr/lib/python3/dist-packages/colcon_core/task/python/colcon_distutils_commands:/home/seho/ros2_ws/install/radar_package/lib/python3.10/site-packages:${PYTHONPATH} /usr/bin/python3 -W ignore:setup.py install is deprecated setup.py egg_info --egg-base ../../build/radar_package build --build-base /home/seho/ros2_ws/build/radar_package/build install --record /home/seho/ros2_ws/build/radar_package/install.log --single-version-externally-managed install_data
[0.923s] DEBUG:colcon.colcon_core.event_handler.log_command:Invoking command in '/home/seho/ros2_ws/src/my_launch_pkg': PYTHONPATH=/home/seho/ros2_ws/build/my_launch_pkg/prefix_override:/usr/lib/python3/dist-packages/colcon_core/task/python/colcon_distutils_commands:/home/seho/ros2_ws/install/my_launch_pkg/lib/python3.10/site-packages:${PYTHONPATH} /usr/bin/python3 -W ignore:setup.py install is deprecated setup.py egg_info --egg-base ../../build/my_launch_pkg build --build-base /home/seho/ros2_ws/build/my_launch_pkg/build install --record /home/seho/ros2_ws/build/my_launch_pkg/install.log --single-version-externally-managed install_data
[0.925s] DEBUG:colcon.colcon_core.event_handler.log_command:Invoking command in '/home/seho/ros2_ws/src/sensor_fusion_pkg': PYTHONPATH=/home/seho/ros2_ws/build/sensor_fusion_pkg/prefix_override:/usr/lib/python3/dist-packages/colcon_core/task/python/colcon_distutils_commands:/home/seho/ros2_ws/install/sensor_fusion_pkg/lib/python3.10/site-packages:${PYTHONPATH} /usr/bin/python3 -W ignore:setup.py install is deprecated setup.py egg_info --egg-base ../../build/sensor_fusion_pkg build --build-base /home/seho/ros2_ws/build/sensor_fusion_pkg/build install --record /home/seho/ros2_ws/build/sensor_fusion_pkg/install.log --single-version-externally-managed install_data
[1.196s] DEBUG:colcon.colcon_core.event_handler.log_command:Invoked command in '/home/seho/ros2_ws/src/my_camera_pkg' returned '0': PYTHONPATH=/home/seho/ros2_ws/build/my_camera_pkg/prefix_override:/usr/lib/python3/dist-packages/colcon_core/task/python/colcon_distutils_commands:/home/seho/ros2_ws/install/my_camera_pkg/lib/python3.10/site-packages:${PYTHONPATH} /usr/bin/python3 -W ignore:setup.py install is deprecated setup.py egg_info --egg-base ../../build/my_camera_pkg build --build-base /home/seho/ros2_ws/build/my_camera_pkg/build install --record /home/seho/ros2_ws/build/my_camera_pkg/install.log --single-version-externally-managed install_data
[1.197s] Level 1:colcon.colcon_core.environment:checking '/home/seho/ros2_ws/install/my_camera_pkg' for CMake module files
[1.197s] Level 1:colcon.colcon_core.environment:checking '/home/seho/ros2_ws/install/my_camera_pkg' for CMake config files
[1.197s] Level 1:colcon.colcon_core.environment:checking '/home/seho/ros2_ws/install/my_camera_pkg/lib'
[1.197s] Level 1:colcon.colcon_core.environment:checking '/home/seho/ros2_ws/install/my_camera_pkg/bin'
[1.197s] Level 1:colcon.colcon_core.environment:checking '/home/seho/ros2_ws/install/my_camera_pkg/lib/pkgconfig/my_camera_pkg.pc'
[1.198s] Level 1:colcon.colcon_core.environment:checking '/home/seho/ros2_ws/install/my_camera_pkg/lib/python3.10/site-packages'
[1.198s] Level 1:colcon.colcon_core.shell:create_environment_hook('my_camera_pkg', 'pythonpath')
[1.198s] INFO:colcon.colcon_core.shell:Creating environment hook '/home/seho/ros2_ws/install/my_camera_pkg/share/my_camera_pkg/hook/pythonpath.ps1'
[1.198s] INFO:colcon.colcon_core.shell:Creating environment descriptor '/home/seho/ros2_ws/install/my_camera_pkg/share/my_camera_pkg/hook/pythonpath.dsv'
[1.198s] INFO:colcon.colcon_core.shell:Creating environment hook '/home/seho/ros2_ws/install/my_camera_pkg/share/my_camera_pkg/hook/pythonpath.sh'
[1.199s] Level 1:colcon.colcon_core.environment:checking '/home/seho/ros2_ws/install/my_camera_pkg/bin'
[1.199s] Level 1:colcon.colcon_core.environment:create_environment_scripts_only(my_camera_pkg)
[1.199s] INFO:colcon.colcon_core.shell:Creating package script '/home/seho/ros2_ws/install/my_camera_pkg/share/my_camera_pkg/package.ps1'
[1.200s] INFO:colcon.colcon_core.shell:Creating package descriptor '/home/seho/ros2_ws/install/my_camera_pkg/share/my_camera_pkg/package.dsv'
[1.200s] INFO:colcon.colcon_core.shell:Creating package script '/home/seho/ros2_ws/install/my_camera_pkg/share/my_camera_pkg/package.sh'
[1.200s] INFO:colcon.colcon_core.shell:Creating package script '/home/seho/ros2_ws/install/my_camera_pkg/share/my_camera_pkg/package.bash'
[1.201s] INFO:colcon.colcon_core.shell:Creating package script '/home/seho/ros2_ws/install/my_camera_pkg/share/my_camera_pkg/package.zsh'
[1.201s] Level 1:colcon.colcon_core.environment:create_file_with_runtime_dependencies(/home/seho/ros2_ws/install/my_camera_pkg/share/colcon-core/packages/my_camera_pkg)
[1.204s] Level 1:colcon.colcon_core.environment:checking '/home/seho/ros2_ws/install/radar_package' for CMake module files
[1.205s] Level 1:colcon.colcon_core.environment:checking '/home/seho/ros2_ws/install/radar_package' for CMake config files
[1.206s] DEBUG:colcon.colcon_core.event_handler.log_command:Invoked command in '/home/seho/ros2_ws/src/radar_package' returned '0': PYTHONPATH=/home/seho/ros2_ws/build/radar_package/prefix_override:/usr/lib/python3/dist-packages/colcon_core/task/python/colcon_distutils_commands:/home/seho/ros2_ws/install/radar_package/lib/python3.10/site-packages:${PYTHONPATH} /usr/bin/python3 -W ignore:setup.py install is deprecated setup.py egg_info --egg-base ../../build/radar_package build --build-base /home/seho/ros2_ws/build/radar_package/build install --record /home/seho/ros2_ws/build/radar_package/install.log --single-version-externally-managed install_data
[1.207s] Level 1:colcon.colcon_core.environment:checking '/home/seho/ros2_ws/install/radar_package/lib'
[1.207s] Level 1:colcon.colcon_core.environment:checking '/home/seho/ros2_ws/install/radar_package/bin'
[1.207s] Level 1:colcon.colcon_core.environment:checking '/home/seho/ros2_ws/install/radar_package/lib/pkgconfig/radar_package.pc'
[1.207s] Level 1:colcon.colcon_core.environment:checking '/home/seho/ros2_ws/install/radar_package/lib/python3.10/site-packages'
[1.207s] Level 1:colcon.colcon_core.shell:create_environment_hook('radar_package', 'pythonpath')
[1.207s] INFO:colcon.colcon_core.shell:Creating environment hook '/home/seho/ros2_ws/install/radar_package/share/radar_package/hook/pythonpath.ps1'
[1.207s] INFO:colcon.colcon_core.shell:Creating environment descriptor '/home/seho/ros2_ws/install/radar_package/share/radar_package/hook/pythonpath.dsv'
[1.207s] INFO:colcon.colcon_core.shell:Creating environment hook '/home/seho/ros2_ws/install/radar_package/share/radar_package/hook/pythonpath.sh'
[1.208s] Level 1:colcon.colcon_core.environment:checking '/home/seho/ros2_ws/install/radar_package/bin'
[1.208s] Level 1:colcon.colcon_core.environment:create_environment_scripts_only(radar_package)
[1.208s] INFO:colcon.colcon_core.shell:Creating package script '/home/seho/ros2_ws/install/radar_package/share/radar_package/package.ps1'
[1.208s] INFO:colcon.colcon_core.shell:Creating package descriptor '/home/seho/ros2_ws/install/radar_package/share/radar_package/package.dsv'
[1.208s] INFO:colcon.colcon_core.shell:Creating package script '/home/seho/ros2_ws/install/radar_package/share/radar_package/package.sh'
[1.208s] INFO:colcon.colcon_core.shell:Creating package script '/home/seho/ros2_ws/install/radar_package/share/radar_package/package.bash'
[1.209s] INFO:colcon.colcon_core.shell:Creating package script '/home/seho/ros2_ws/install/radar_package/share/radar_package/package.zsh'
[1.209s] Level 1:colcon.colcon_core.environment:create_file_with_runtime_dependencies(/home/seho/ros2_ws/install/radar_package/share/colcon-core/packages/radar_package)
[1.210s] Level 1:colcon.colcon_core.environment:checking '/home/seho/ros2_ws/install/my_launch_pkg' for CMake module files
[1.210s] DEBUG:colcon.colcon_core.event_handler.log_command:Invoked command in '/home/seho/ros2_ws/src/my_launch_pkg' returned '0': PYTHONPATH=/home/seho/ros2_ws/build/my_launch_pkg/prefix_override:/usr/lib/python3/dist-packages/colcon_core/task/python/colcon_distutils_commands:/home/seho/ros2_ws/install/my_launch_pkg/lib/python3.10/site-packages:${PYTHONPATH} /usr/bin/python3 -W ignore:setup.py install is deprecated setup.py egg_info --egg-base ../../build/my_launch_pkg build --build-base /home/seho/ros2_ws/build/my_launch_pkg/build install --record /home/seho/ros2_ws/build/my_launch_pkg/install.log --single-version-externally-managed install_data
[1.211s] Level 1:colcon.colcon_core.environment:checking '/home/seho/ros2_ws/install/my_launch_pkg' for CMake config files
[1.211s] Level 1:colcon.colcon_core.environment:checking '/home/seho/ros2_ws/install/my_launch_pkg/lib'
[1.211s] Level 1:colcon.colcon_core.environment:checking '/home/seho/ros2_ws/install/my_launch_pkg/bin'
[1.211s] Level 1:colcon.colcon_core.environment:checking '/home/seho/ros2_ws/install/my_launch_pkg/lib/pkgconfig/my_launch_pkg.pc'
[1.211s] Level 1:colcon.colcon_core.environment:checking '/home/seho/ros2_ws/install/my_launch_pkg/lib/python3.10/site-packages'
[1.211s] Level 1:colcon.colcon_core.shell:create_environment_hook('my_launch_pkg', 'pythonpath')
[1.211s] INFO:colcon.colcon_core.shell:Creating environment hook '/home/seho/ros2_ws/install/my_launch_pkg/share/my_launch_pkg/hook/pythonpath.ps1'
[1.211s] INFO:colcon.colcon_core.shell:Creating environment descriptor '/home/seho/ros2_ws/install/my_launch_pkg/share/my_launch_pkg/hook/pythonpath.dsv'
[1.212s] INFO:colcon.colcon_core.shell:Creating environment hook '/home/seho/ros2_ws/install/my_launch_pkg/share/my_launch_pkg/hook/pythonpath.sh'
[1.212s] Level 1:colcon.colcon_core.environment:checking '/home/seho/ros2_ws/install/my_launch_pkg/bin'
[1.212s] Level 1:colcon.colcon_core.environment:create_environment_scripts_only(my_launch_pkg)
[1.212s] INFO:colcon.colcon_core.shell:Creating package script '/home/seho/ros2_ws/install/my_launch_pkg/share/my_launch_pkg/package.ps1'
[1.213s] INFO:colcon.colcon_core.shell:Creating package descriptor '/home/seho/ros2_ws/install/my_launch_pkg/share/my_launch_pkg/package.dsv'
[1.213s] INFO:colcon.colcon_core.shell:Creating package script '/home/seho/ros2_ws/install/my_launch_pkg/share/my_launch_pkg/package.sh'
[1.213s] INFO:colcon.colcon_core.shell:Creating package script '/home/seho/ros2_ws/install/my_launch_pkg/share/my_launch_pkg/package.bash'
[1.213s] INFO:colcon.colcon_core.shell:Creating package script '/home/seho/ros2_ws/install/my_launch_pkg/share/my_launch_pkg/package.zsh'
[1.213s] Level 1:colcon.colcon_core.environment:create_file_with_runtime_dependencies(/home/seho/ros2_ws/install/my_launch_pkg/share/colcon-core/packages/my_launch_pkg)
[1.215s] Level 1:colcon.colcon_core.environment:checking '/home/seho/ros2_ws/install/sensor_fusion_pkg' for CMake module files
[1.215s] DEBUG:colcon.colcon_core.event_handler.log_command:Invoked command in '/home/seho/ros2_ws/src/sensor_fusion_pkg' returned '0': PYTHONPATH=/home/seho/ros2_ws/build/sensor_fusion_pkg/prefix_override:/usr/lib/python3/dist-packages/colcon_core/task/python/colcon_distutils_commands:/home/seho/ros2_ws/install/sensor_fusion_pkg/lib/python3.10/site-packages:${PYTHONPATH} /usr/bin/python3 -W ignore:setup.py install is deprecated setup.py egg_info --egg-base ../../build/sensor_fusion_pkg build --build-base /home/seho/ros2_ws/build/sensor_fusion_pkg/build install --record /home/seho/ros2_ws/build/sensor_fusion_pkg/install.log --single-version-externally-managed install_data
[1.217s] Level 1:colcon.colcon_core.environment:checking '/home/seho/ros2_ws/install/sensor_fusion_pkg' for CMake config files
[1.217s] Level 1:colcon.colcon_core.environment:checking '/home/seho/ros2_ws/install/sensor_fusion_pkg/lib'
[1.217s] Level 1:colcon.colcon_core.environment:checking '/home/seho/ros2_ws/install/sensor_fusion_pkg/bin'
[1.217s] Level 1:colcon.colcon_core.environment:checking '/home/seho/ros2_ws/install/sensor_fusion_pkg/lib/pkgconfig/sensor_fusion_pkg.pc'
[1.217s] Level 1:colcon.colcon_core.environment:checking '/home/seho/ros2_ws/install/sensor_fusion_pkg/lib/python3.10/site-packages'
[1.217s] Level 1:colcon.colcon_core.shell:create_environment_hook('sensor_fusion_pkg', 'pythonpath')
[1.217s] INFO:colcon.colcon_core.shell:Creating environment hook '/home/seho/ros2_ws/install/sensor_fusion_pkg/share/sensor_fusion_pkg/hook/pythonpath.ps1'
[1.219s] INFO:colcon.colcon_core.shell:Creating environment descriptor '/home/seho/ros2_ws/install/sensor_fusion_pkg/share/sensor_fusion_pkg/hook/pythonpath.dsv'
[1.219s] INFO:colcon.colcon_core.shell:Creating environment hook '/home/seho/ros2_ws/install/sensor_fusion_pkg/share/sensor_fusion_pkg/hook/pythonpath.sh'
[1.219s] Level 1:colcon.colcon_core.environment:checking '/home/seho/ros2_ws/install/sensor_fusion_pkg/bin'
[1.219s] Level 1:colcon.colcon_core.environment:create_environment_scripts_only(sensor_fusion_pkg)
[1.219s] INFO:colcon.colcon_core.shell:Creating package script '/home/seho/ros2_ws/install/sensor_fusion_pkg/share/sensor_fusion_pkg/package.ps1'
[1.220s] INFO:colcon.colcon_core.shell:Creating package descriptor '/home/seho/ros2_ws/install/sensor_fusion_pkg/share/sensor_fusion_pkg/package.dsv'
[1.220s] INFO:colcon.colcon_core.shell:Creating package script '/home/seho/ros2_ws/install/sensor_fusion_pkg/share/sensor_fusion_pkg/package.sh'
[1.220s] INFO:colcon.colcon_core.shell:Creating package script '/home/seho/ros2_ws/install/sensor_fusion_pkg/share/sensor_fusion_pkg/package.bash'
[1.220s] INFO:colcon.colcon_core.shell:Creating package script '/home/seho/ros2_ws/install/sensor_fusion_pkg/share/sensor_fusion_pkg/package.zsh'
[1.221s] Level 1:colcon.colcon_core.environment:create_file_with_runtime_dependencies(/home/seho/ros2_ws/install/sensor_fusion_pkg/share/colcon-core/packages/sensor_fusion_pkg)
[1.221s] DEBUG:colcon.colcon_parallel_executor.executor.parallel:closing loop
[1.222s] DEBUG:colcon.colcon_parallel_executor.executor.parallel:loop closed
[1.222s] DEBUG:colcon.colcon_parallel_executor.executor.parallel:run_until_complete finished with '0'
[1.222s] DEBUG:colcon.colcon_core.event_reactor:joining thread
[1.225s] INFO:colcon.colcon_core.plugin_system:Skipping extension 'colcon_notification.desktop_notification.terminal_notifier': Not used on non-Darwin systems
[1.225s] INFO:colcon.colcon_core.plugin_system:Skipping extension 'colcon_notification.desktop_notification.win32': Not used on non-Windows systems
[1.225s] INFO:colcon.colcon_notification.desktop_notification:Sending desktop notification using 'notify2'
[1.232s] DEBUG:colcon.colcon_core.event_reactor:joined thread
[1.232s] INFO:colcon.colcon_core.shell:Creating prefix script '/home/seho/ros2_ws/install/local_setup.ps1'
[1.233s] INFO:colcon.colcon_core.shell:Creating prefix util module '/home/seho/ros2_ws/install/_local_setup_util_ps1.py'
[1.234s] INFO:colcon.colcon_core.shell:Creating prefix chain script '/home/seho/ros2_ws/install/setup.ps1'
[1.235s] INFO:colcon.colcon_core.shell:Creating prefix script '/home/seho/ros2_ws/install/local_setup.sh'
[1.235s] INFO:colcon.colcon_core.shell:Creating prefix util module '/home/seho/ros2_ws/install/_local_setup_util_sh.py'
[1.235s] INFO:colcon.colcon_core.shell:Creating prefix chain script '/home/seho/ros2_ws/install/setup.sh'
[1.236s] INFO:colcon.colcon_core.shell:Creating prefix script '/home/seho/ros2_ws/install/local_setup.bash'
[1.236s] INFO:colcon.colcon_core.shell:Creating prefix chain script '/home/seho/ros2_ws/install/setup.bash'
[1.237s] INFO:colcon.colcon_core.shell:Creating prefix script '/home/seho/ros2_ws/install/local_setup.zsh'
[1.237s] INFO:colcon.colcon_core.shell:Creating prefix chain script '/home/seho/ros2_ws/install/setup.zsh'
