[1.768s] Invoking command in '/home/seho/ros2_ws/src/camera_extrinsic_calibration': PYTHONPATH=/home/seho/ros2_ws/build/camera_extrinsic_calibration/prefix_override:/usr/lib/python3/dist-packages/colcon_core/task/python/colcon_distutils_commands:/home/seho/ros2_ws/install/camera_extrinsic_calibration/lib/python3.10/site-packages:${PYTHONPATH} /usr/bin/python3 -W ignore:setup.py install is deprecated setup.py egg_info --egg-base ../../build/camera_extrinsic_calibration build --build-base /home/seho/ros2_ws/build/camera_extrinsic_calibration/build install --record /home/seho/ros2_ws/build/camera_extrinsic_calibration/install.log --single-version-externally-managed install_data
[1.898s] /home/seho/.local/lib/python3.10/site-packages/setuptools/_distutils/dist.py:261: UserWarning: Unknown distribution option: 'tests_require'
[1.898s]   warnings.warn(msg)
[1.978s] running egg_info
[2.004s] writing ../../build/camera_extrinsic_calibration/camera_extrinsic_calibration.egg-info/PKG-INFO
[2.004s] writing dependency_links to ../../build/camera_extrinsic_calibration/camera_extrinsic_calibration.egg-info/dependency_links.txt
[2.004s] writing entry points to ../../build/camera_extrinsic_calibration/camera_extrinsic_calibration.egg-info/entry_points.txt
[2.004s] writing requirements to ../../build/camera_extrinsic_calibration/camera_extrinsic_calibration.egg-info/requires.txt
[2.004s] writing top-level names to ../../build/camera_extrinsic_calibration/camera_extrinsic_calibration.egg-info/top_level.txt
[2.032s] reading manifest file '../../build/camera_extrinsic_calibration/camera_extrinsic_calibration.egg-info/SOURCES.txt'
[2.035s] writing manifest file '../../build/camera_extrinsic_calibration/camera_extrinsic_calibration.egg-info/SOURCES.txt'
[2.035s] running build
[2.035s] running build_py
[2.036s] copying camera_extrinsic_calibration/camera_extrinsic_calibration_node.py -> /home/seho/ros2_ws/build/camera_extrinsic_calibration/build/lib/camera_extrinsic_calibration
[2.036s] copying camera_extrinsic_calibration/__init__.py -> /home/seho/ros2_ws/build/camera_extrinsic_calibration/build/lib/camera_extrinsic_calibration
[2.036s] running install
[2.043s] running install_lib
[2.053s] running install_data
[2.053s] copying resource/camera_extrinsic_calibration -> /home/seho/ros2_ws/install/camera_extrinsic_calibration/share/ament_index/resource_index/packages
[2.053s] copying package.xml -> /home/seho/ros2_ws/install/camera_extrinsic_calibration/share/camera_extrinsic_calibration
[2.054s] running install_egg_info
[2.070s] removing '/home/seho/ros2_ws/install/camera_extrinsic_calibration/lib/python3.10/site-packages/camera_extrinsic_calibration-0.0.0-py3.10.egg-info' (and everything under it)
[2.070s] Copying ../../build/camera_extrinsic_calibration/camera_extrinsic_calibration.egg-info to /home/seho/ros2_ws/install/camera_extrinsic_calibration/lib/python3.10/site-packages/camera_extrinsic_calibration-0.0.0-py3.10.egg-info
[2.070s] running install_scripts
[2.152s] Installing camera_extrinsic_calibration script to /home/seho/ros2_ws/install/camera_extrinsic_calibration/lib/camera_extrinsic_calibration
[2.152s] writing list of installed files to '/home/seho/ros2_ws/build/camera_extrinsic_calibration/install.log'
[2.173s] Invoked command in '/home/seho/ros2_ws/src/camera_extrinsic_calibration' returned '0': PYTHONPATH=/home/seho/ros2_ws/build/camera_extrinsic_calibration/prefix_override:/usr/lib/python3/dist-packages/colcon_core/task/python/colcon_distutils_commands:/home/seho/ros2_ws/install/camera_extrinsic_calibration/lib/python3.10/site-packages:${PYTHONPATH} /usr/bin/python3 -W ignore:setup.py install is deprecated setup.py egg_info --egg-base ../../build/camera_extrinsic_calibration build --build-base /home/seho/ros2_ws/build/camera_extrinsic_calibration/build install --record /home/seho/ros2_ws/build/camera_extrinsic_calibration/install.log --single-version-externally-managed install_data
