[1.885s] Invoking command in '/home/seho/ros2_ws/src/sensor_data_recorder': PYTHONPATH=/home/seho/ros2_ws/build/sensor_data_recorder/prefix_override:/usr/lib/python3/dist-packages/colcon_core/task/python/colcon_distutils_commands:/home/seho/ros2_ws/install/sensor_data_recorder/lib/python3.10/site-packages:${PYTHONPATH} /usr/bin/python3 -W ignore:setup.py install is deprecated setup.py egg_info --egg-base ../../build/sensor_data_recorder build --build-base /home/seho/ros2_ws/build/sensor_data_recorder/build install --record /home/seho/ros2_ws/build/sensor_data_recorder/install.log --single-version-externally-managed
[2.020s] /home/seho/.local/lib/python3.10/site-packages/setuptools/_distutils/dist.py:261: UserWarning: Unknown distribution option: 'tests_require'
[2.020s]   warnings.warn(msg)
[2.078s] running egg_info
[2.088s] writing ../../build/sensor_data_recorder/sensor_data_recorder.egg-info/PKG-INFO
[2.088s] writing dependency_links to ../../build/sensor_data_recorder/sensor_data_recorder.egg-info/dependency_links.txt
[2.088s] writing entry points to ../../build/sensor_data_recorder/sensor_data_recorder.egg-info/entry_points.txt
[2.089s] writing requirements to ../../build/sensor_data_recorder/sensor_data_recorder.egg-info/requires.txt
[2.089s] writing top-level names to ../../build/sensor_data_recorder/sensor_data_recorder.egg-info/top_level.txt
[2.109s] reading manifest file '../../build/sensor_data_recorder/sensor_data_recorder.egg-info/SOURCES.txt'
[2.110s] writing manifest file '../../build/sensor_data_recorder/sensor_data_recorder.egg-info/SOURCES.txt'
[2.110s] running build
[2.110s] running build_py
[2.110s] copying sensor_data_recorder/__init__.py -> /home/seho/ros2_ws/build/sensor_data_recorder/build/lib/sensor_data_recorder
[2.111s] copying sensor_data_recorder/sensor_data_recorder.py -> /home/seho/ros2_ws/build/sensor_data_recorder/build/lib/sensor_data_recorder
[2.111s] running install
[2.115s] running install_lib
[2.127s] byte-compiling /home/seho/ros2_ws/install/sensor_data_recorder/lib/python3.10/site-packages/sensor_data_recorder/sensor_data_recorder.py to sensor_data_recorder.cpython-310.pyc
[2.129s] running install_egg_info
[2.143s] removing '/home/seho/ros2_ws/install/sensor_data_recorder/lib/python3.10/site-packages/sensor_data_recorder-0.0.0-py3.10.egg-info' (and everything under it)
[2.143s] Copying ../../build/sensor_data_recorder/sensor_data_recorder.egg-info to /home/seho/ros2_ws/install/sensor_data_recorder/lib/python3.10/site-packages/sensor_data_recorder-0.0.0-py3.10.egg-info
[2.143s] running install_scripts
[2.225s] Installing sensor_data_recorder_node script to /home/seho/ros2_ws/install/sensor_data_recorder/lib/sensor_data_recorder
[2.225s] writing list of installed files to '/home/seho/ros2_ws/build/sensor_data_recorder/install.log'
[2.246s] Invoked command in '/home/seho/ros2_ws/src/sensor_data_recorder' returned '0': PYTHONPATH=/home/seho/ros2_ws/build/sensor_data_recorder/prefix_override:/usr/lib/python3/dist-packages/colcon_core/task/python/colcon_distutils_commands:/home/seho/ros2_ws/install/sensor_data_recorder/lib/python3.10/site-packages:${PYTHONPATH} /usr/bin/python3 -W ignore:setup.py install is deprecated setup.py egg_info --egg-base ../../build/sensor_data_recorder build --build-base /home/seho/ros2_ws/build/sensor_data_recorder/build install --record /home/seho/ros2_ws/build/sensor_data_recorder/install.log --single-version-externally-managed
