[0.360s] Invoking command in '/home/seho/ros2_ws/src/ros_flask_gps': PYTHONPATH=/home/seho/ros2_ws/build/ros_flask_gps/prefix_override:/usr/lib/python3/dist-packages/colcon_core/task/python/colcon_distutils_commands:/home/seho/ros2_ws/install/ros_flask_gps/lib/python3.10/site-packages:${PYTHONPATH} /usr/bin/python3 -W ignore:setup.py install is deprecated setup.py egg_info --egg-base ../../build/ros_flask_gps build --build-base /home/seho/ros2_ws/build/ros_flask_gps/build install --record /home/seho/ros2_ws/build/ros_flask_gps/install.log --single-version-externally-managed install_data
[0.483s] running egg_info
[0.490s] writing ../../build/ros_flask_gps/ros_flask_gps.egg-info/PKG-INFO
[0.491s] writing dependency_links to ../../build/ros_flask_gps/ros_flask_gps.egg-info/dependency_links.txt
[0.491s] writing entry points to ../../build/ros_flask_gps/ros_flask_gps.egg-info/entry_points.txt
[0.491s] writing requirements to ../../build/ros_flask_gps/ros_flask_gps.egg-info/requires.txt
[0.491s] writing top-level names to ../../build/ros_flask_gps/ros_flask_gps.egg-info/top_level.txt
[0.508s] reading manifest file '../../build/ros_flask_gps/ros_flask_gps.egg-info/SOURCES.txt'
[0.509s] writing manifest file '../../build/ros_flask_gps/ros_flask_gps.egg-info/SOURCES.txt'
[0.509s] running build
[0.510s] running build_py
[0.510s] copying ros_flask_gps/__init__.py -> /home/seho/ros2_ws/build/ros_flask_gps/build/lib/ros_flask_gps
[0.510s] copying ros_flask_gps/ros_gps_publisher.py -> /home/seho/ros2_ws/build/ros_flask_gps/build/lib/ros_flask_gps
[0.510s] running install
[0.513s] running install_lib
[0.522s] running install_data
[0.522s] copying resource/ros_flask_gps -> /home/seho/ros2_ws/install/ros_flask_gps/share/ament_index/resource_index/packages
[0.522s] copying package.xml -> /home/seho/ros2_ws/install/ros_flask_gps/share/ros_flask_gps
[0.522s] running install_egg_info
[0.531s] removing '/home/seho/ros2_ws/install/ros_flask_gps/lib/python3.10/site-packages/ros_flask_gps-0.0.0-py3.10.egg-info' (and everything under it)
[0.532s] Copying ../../build/ros_flask_gps/ros_flask_gps.egg-info to /home/seho/ros2_ws/install/ros_flask_gps/lib/python3.10/site-packages/ros_flask_gps-0.0.0-py3.10.egg-info
[0.532s] running install_scripts
[0.602s] Installing ros_gps_publisher script to /home/seho/ros2_ws/install/ros_flask_gps/bin
[0.603s] writing list of installed files to '/home/seho/ros2_ws/build/ros_flask_gps/install.log'
[0.618s] Invoked command in '/home/seho/ros2_ws/src/ros_flask_gps' returned '0': PYTHONPATH=/home/seho/ros2_ws/build/ros_flask_gps/prefix_override:/usr/lib/python3/dist-packages/colcon_core/task/python/colcon_distutils_commands:/home/seho/ros2_ws/install/ros_flask_gps/lib/python3.10/site-packages:${PYTHONPATH} /usr/bin/python3 -W ignore:setup.py install is deprecated setup.py egg_info --egg-base ../../build/ros_flask_gps build --build-base /home/seho/ros2_ws/build/ros_flask_gps/build install --record /home/seho/ros2_ws/build/ros_flask_gps/install.log --single-version-externally-managed install_data
