[1.234s] Invoking command in '/home/seho/ros2_ws/src/radar_package': PYTHONPATH=/home/seho/ros2_ws/build/radar_package/prefix_override:/usr/lib/python3/dist-packages/colcon_core/task/python/colcon_distutils_commands:/home/seho/ros2_ws/install/radar_package/lib/python3.10/site-packages:${PYTHONPATH} /usr/bin/python3 -W ignore:setup.py install is deprecated setup.py egg_info --egg-base ../../build/radar_package build --build-base /home/seho/ros2_ws/build/radar_package/build install --record /home/seho/ros2_ws/build/radar_package/install.log --single-version-externally-managed install_data
[1.392s] running egg_info
[1.400s] writing ../../build/radar_package/radar_package.egg-info/PKG-INFO
[1.400s] writing dependency_links to ../../build/radar_package/radar_package.egg-info/dependency_links.txt
[1.400s] writing entry points to ../../build/radar_package/radar_package.egg-info/entry_points.txt
[1.400s] writing requirements to ../../build/radar_package/radar_package.egg-info/requires.txt
[1.400s] writing top-level names to ../../build/radar_package/radar_package.egg-info/top_level.txt
[1.419s] reading manifest file '../../build/radar_package/radar_package.egg-info/SOURCES.txt'
[1.420s] writing manifest file '../../build/radar_package/radar_package.egg-info/SOURCES.txt'
[1.420s] running build
[1.420s] running build_py
[1.420s] copying radar_package/__init__.py -> /home/seho/ros2_ws/build/radar_package/build/lib/radar_package
[1.420s] copying radar_package/radar_node.py -> /home/seho/ros2_ws/build/radar_package/build/lib/radar_package
[1.420s] running install
[1.423s] running install_lib
[1.443s] copying /home/seho/ros2_ws/build/radar_package/build/lib/radar_package/radar_node.py -> /home/seho/ros2_ws/install/radar_package/lib/python3.10/site-packages/radar_package
[1.443s] byte-compiling /home/seho/ros2_ws/install/radar_package/lib/python3.10/site-packages/radar_package/radar_node.py to radar_node.cpython-310.pyc
[1.444s] Sorry: IndentationError: unexpected indent (radar_node.py, line 75)
[1.444s] running install_data
[1.444s] copying resource/radar_package -> /home/seho/ros2_ws/install/radar_package/share/ament_index/resource_index/packages
[1.444s] copying package.xml -> /home/seho/ros2_ws/install/radar_package/share/radar_package
[1.444s] running install_egg_info
[1.444s] removing '/home/seho/ros2_ws/install/radar_package/lib/python3.10/site-packages/radar_package-0.0.0-py3.10.egg-info' (and everything under it)
[1.444s] Copying ../../build/radar_package/radar_package.egg-info to /home/seho/ros2_ws/install/radar_package/lib/python3.10/site-packages/radar_package-0.0.0-py3.10.egg-info
[1.444s] running install_scripts
[1.532s] Installing radar_node script to /home/seho/ros2_ws/install/radar_package/lib/radar_package
[1.532s] writing list of installed files to '/home/seho/ros2_ws/build/radar_package/install.log'
[1.560s] Invoked command in '/home/seho/ros2_ws/src/radar_package' returned '0': PYTHONPATH=/home/seho/ros2_ws/build/radar_package/prefix_override:/usr/lib/python3/dist-packages/colcon_core/task/python/colcon_distutils_commands:/home/seho/ros2_ws/install/radar_package/lib/python3.10/site-packages:${PYTHONPATH} /usr/bin/python3 -W ignore:setup.py install is deprecated setup.py egg_info --egg-base ../../build/radar_package build --build-base /home/seho/ros2_ws/build/radar_package/build install --record /home/seho/ros2_ws/build/radar_package/install.log --single-version-externally-managed install_data
