[1.464s] Invoking command in '/home/seho/ros2_ws/src/camera_extrinsic_calibration': PYTHONPATH=/home/seho/ros2_ws/build/camera_extrinsic_calibration/prefix_override:/usr/lib/python3/dist-packages/colcon_core/task/python/colcon_distutils_commands:/home/seho/ros2_ws/install/camera_extrinsic_calibration/lib/python3.10/site-packages:${PYTHONPATH} /usr/bin/python3 -W ignore:setup.py install is deprecated setup.py egg_info --egg-base ../../build/camera_extrinsic_calibration build --build-base /home/seho/ros2_ws/build/camera_extrinsic_calibration/build install --record /home/seho/ros2_ws/build/camera_extrinsic_calibration/install.log --single-version-externally-managed install_data
[1.606s] running egg_info
[1.614s] writing ../../build/camera_extrinsic_calibration/camera_extrinsic_calibration.egg-info/PKG-INFO
[1.615s] writing dependency_links to ../../build/camera_extrinsic_calibration/camera_extrinsic_calibration.egg-info/dependency_links.txt
[1.616s] writing entry points to ../../build/camera_extrinsic_calibration/camera_extrinsic_calibration.egg-info/entry_points.txt
[1.616s] writing requirements to ../../build/camera_extrinsic_calibration/camera_extrinsic_calibration.egg-info/requires.txt
[1.616s] writing top-level names to ../../build/camera_extrinsic_calibration/camera_extrinsic_calibration.egg-info/top_level.txt
[1.633s] reading manifest file '../../build/camera_extrinsic_calibration/camera_extrinsic_calibration.egg-info/SOURCES.txt'
[1.635s] writing manifest file '../../build/camera_extrinsic_calibration/camera_extrinsic_calibration.egg-info/SOURCES.txt'
[1.635s] running build
[1.635s] running build_py
[1.635s] copying camera_extrinsic_calibration/camera_extrinsic_calibration_node.py -> /home/seho/ros2_ws/build/camera_extrinsic_calibration/build/lib/camera_extrinsic_calibration
[1.636s] copying camera_extrinsic_calibration/__init__.py -> /home/seho/ros2_ws/build/camera_extrinsic_calibration/build/lib/camera_extrinsic_calibration
[1.636s] running install
[1.639s] running install_lib
[1.649s] copying /home/seho/ros2_ws/build/camera_extrinsic_calibration/build/lib/camera_extrinsic_calibration/camera_extrinsic_calibration_node.py -> /home/seho/ros2_ws/install/camera_extrinsic_calibration/lib/python3.10/site-packages/camera_extrinsic_calibration
[1.649s] byte-compiling /home/seho/ros2_ws/install/camera_extrinsic_calibration/lib/python3.10/site-packages/camera_extrinsic_calibration/camera_extrinsic_calibration_node.py to camera_extrinsic_calibration_node.cpython-310.pyc
[1.650s] running install_data
[1.651s] copying resource/camera_extrinsic_calibration -> /home/seho/ros2_ws/install/camera_extrinsic_calibration/share/ament_index/resource_index/packages
[1.651s] copying package.xml -> /home/seho/ros2_ws/install/camera_extrinsic_calibration/share/camera_extrinsic_calibration
[1.651s] running install_egg_info
[1.660s] removing '/home/seho/ros2_ws/install/camera_extrinsic_calibration/lib/python3.10/site-packages/camera_extrinsic_calibration-0.0.0-py3.10.egg-info' (and everything under it)
[1.660s] Copying ../../build/camera_extrinsic_calibration/camera_extrinsic_calibration.egg-info to /home/seho/ros2_ws/install/camera_extrinsic_calibration/lib/python3.10/site-packages/camera_extrinsic_calibration-0.0.0-py3.10.egg-info
[1.661s] running install_scripts
[1.735s] Installing camera_extrinsic_calibration script to /home/seho/ros2_ws/install/camera_extrinsic_calibration/lib/camera_extrinsic_calibration
[1.736s] writing list of installed files to '/home/seho/ros2_ws/build/camera_extrinsic_calibration/install.log'
[1.790s] Invoked command in '/home/seho/ros2_ws/src/camera_extrinsic_calibration' returned '0': PYTHONPATH=/home/seho/ros2_ws/build/camera_extrinsic_calibration/prefix_override:/usr/lib/python3/dist-packages/colcon_core/task/python/colcon_distutils_commands:/home/seho/ros2_ws/install/camera_extrinsic_calibration/lib/python3.10/site-packages:${PYTHONPATH} /usr/bin/python3 -W ignore:setup.py install is deprecated setup.py egg_info --egg-base ../../build/camera_extrinsic_calibration build --build-base /home/seho/ros2_ws/build/camera_extrinsic_calibration/build install --record /home/seho/ros2_ws/build/camera_extrinsic_calibration/install.log --single-version-externally-managed install_data
