running egg_info
writing ../../build/sensor_calibration/sensor_calibration.egg-info/PKG-INFO
writing dependency_links to ../../build/sensor_calibration/sensor_calibration.egg-info/dependency_links.txt
writing entry points to ../../build/sensor_calibration/sensor_calibration.egg-info/entry_points.txt
writing requirements to ../../build/sensor_calibration/sensor_calibration.egg-info/requires.txt
writing top-level names to ../../build/sensor_calibration/sensor_calibration.egg-info/top_level.txt
reading manifest file '../../build/sensor_calibration/sensor_calibration.egg-info/SOURCES.txt'
writing manifest file '../../build/sensor_calibration/sensor_calibration.egg-info/SOURCES.txt'
running build
running build_py
copying sensor_calibration/external_calibration_node.py -> /home/seho/ros2_ws/build/sensor_calibration/build/lib/sensor_calibration
copying sensor_calibration/__init__.py -> /home/seho/ros2_ws/build/sensor_calibration/build/lib/sensor_calibration
running install
running install_lib
copying /home/seho/ros2_ws/build/sensor_calibration/build/lib/sensor_calibration/external_calibration_node.py -> /home/seho/ros2_ws/install/sensor_calibration/lib/python3.10/site-packages/sensor_calibration
byte-compiling /home/seho/ros2_ws/install/sensor_calibration/lib/python3.10/site-packages/sensor_calibration/external_calibration_node.py to external_calibration_node.cpython-310.pyc
running install_data
copying resource/sensor_calibration -> /home/seho/ros2_ws/install/sensor_calibration/share/ament_index/resource_index/packages
copying package.xml -> /home/seho/ros2_ws/install/sensor_calibration/share/sensor_calibration
running install_egg_info
removing '/home/seho/ros2_ws/install/sensor_calibration/lib/python3.10/site-packages/sensor_calibration-0.0.0-py3.10.egg-info' (and everything under it)
Copying ../../build/sensor_calibration/sensor_calibration.egg-info to /home/seho/ros2_ws/install/sensor_calibration/lib/python3.10/site-packages/sensor_calibration-0.0.0-py3.10.egg-info
running install_scripts
Installing external_calibration_node script to /home/seho/ros2_ws/install/sensor_calibration/lib/sensor_calibration
writing list of installed files to '/home/seho/ros2_ws/build/sensor_calibration/install.log'
