[1.688s] Invoking command in '/home/seho/ros2_ws/src/data_visualization': PYTHONPATH=/home/seho/ros2_ws/build/data_visualization/prefix_override:/usr/lib/python3/dist-packages/colcon_core/task/python/colcon_distutils_commands:/home/seho/ros2_ws/install/data_visualization/lib/python3.10/site-packages:${PYTHONPATH} /usr/bin/python3 -W ignore:setup.py install is deprecated setup.py egg_info --egg-base ../../build/data_visualization build --build-base /home/seho/ros2_ws/build/data_visualization/build install --record /home/seho/ros2_ws/build/data_visualization/install.log --single-version-externally-managed
[1.950s] /home/seho/.local/lib/python3.10/site-packages/setuptools/_distutils/dist.py:261: UserWarning: Unknown distribution option: 'tests_require'
[1.950s]   warnings.warn(msg)
[2.019s] running egg_info
[2.029s] writing ../../build/data_visualization/data_visualization.egg-info/PKG-INFO
[2.029s] writing dependency_links to ../../build/data_visualization/data_visualization.egg-info/dependency_links.txt
[2.031s] writing entry points to ../../build/data_visualization/data_visualization.egg-info/entry_points.txt
[2.035s] writing requirements to ../../build/data_visualization/data_visualization.egg-info/requires.txt
[2.035s] writing top-level names to ../../build/data_visualization/data_visualization.egg-info/top_level.txt
[2.054s] reading manifest file '../../build/data_visualization/data_visualization.egg-info/SOURCES.txt'
[2.055s] writing manifest file '../../build/data_visualization/data_visualization.egg-info/SOURCES.txt'
[2.055s] running build
[2.055s] running build_py
[2.055s] copying data_visualization/__init__.py -> /home/seho/ros2_ws/build/data_visualization/build/lib/data_visualization
[2.055s] copying data_visualization/data_visualization_node.py -> /home/seho/ros2_ws/build/data_visualization/build/lib/data_visualization
[2.056s] running install
[2.062s] running install_lib
[2.073s] copying /home/seho/ros2_ws/build/data_visualization/build/lib/data_visualization/data_visualization_node.py -> /home/seho/ros2_ws/install/data_visualization/lib/python3.10/site-packages/data_visualization
[2.073s] byte-compiling /home/seho/ros2_ws/install/data_visualization/lib/python3.10/site-packages/data_visualization/data_visualization_node.py to data_visualization_node.cpython-310.pyc
[2.074s] running install_egg_info
[2.084s] removing '/home/seho/ros2_ws/install/data_visualization/lib/python3.10/site-packages/data_visualization-0.0.0-py3.10.egg-info' (and everything under it)
[2.084s] Copying ../../build/data_visualization/data_visualization.egg-info to /home/seho/ros2_ws/install/data_visualization/lib/python3.10/site-packages/data_visualization-0.0.0-py3.10.egg-info
[2.085s] running install_scripts
[2.178s] Installing data_visualization script to /home/seho/ros2_ws/install/data_visualization/lib/data_visualization
[2.178s] writing list of installed files to '/home/seho/ros2_ws/build/data_visualization/install.log'
[2.202s] Invoked command in '/home/seho/ros2_ws/src/data_visualization' returned '0': PYTHONPATH=/home/seho/ros2_ws/build/data_visualization/prefix_override:/usr/lib/python3/dist-packages/colcon_core/task/python/colcon_distutils_commands:/home/seho/ros2_ws/install/data_visualization/lib/python3.10/site-packages:${PYTHONPATH} /usr/bin/python3 -W ignore:setup.py install is deprecated setup.py egg_info --egg-base ../../build/data_visualization build --build-base /home/seho/ros2_ws/build/data_visualization/build install --record /home/seho/ros2_ws/build/data_visualization/install.log --single-version-externally-managed
