[1.846s] Invoking command in '/home/seho/ros2_ws/src/ros_flask_gps': PYTHONPATH=/home/seho/ros2_ws/build/ros_flask_gps/prefix_override:/usr/lib/python3/dist-packages/colcon_core/task/python/colcon_distutils_commands:/home/seho/ros2_ws/install/ros_flask_gps/lib/python3.10/site-packages:${PYTHONPATH} /usr/bin/python3 -W ignore:setup.py install is deprecated setup.py egg_info --egg-base ../../build/ros_flask_gps build --build-base /home/seho/ros2_ws/build/ros_flask_gps/build install --record /home/seho/ros2_ws/build/ros_flask_gps/install.log --single-version-externally-managed install_data
[2.038s] running egg_info
[2.051s] writing ../../build/ros_flask_gps/ros_flask_gps.egg-info/PKG-INFO
[2.052s] writing dependency_links to ../../build/ros_flask_gps/ros_flask_gps.egg-info/dependency_links.txt
[2.052s] writing entry points to ../../build/ros_flask_gps/ros_flask_gps.egg-info/entry_points.txt
[2.052s] writing requirements to ../../build/ros_flask_gps/ros_flask_gps.egg-info/requires.txt
[2.052s] writing top-level names to ../../build/ros_flask_gps/ros_flask_gps.egg-info/top_level.txt
[2.076s] reading manifest file '../../build/ros_flask_gps/ros_flask_gps.egg-info/SOURCES.txt'
[2.077s] writing manifest file '../../build/ros_flask_gps/ros_flask_gps.egg-info/SOURCES.txt'
[2.077s] running build
[2.077s] running build_py
[2.082s] copying ros_flask_gps/__init__.py -> /home/seho/ros2_ws/build/ros_flask_gps/build/lib/ros_flask_gps
[2.082s] copying ros_flask_gps/ros_gps_publisher.py -> /home/seho/ros2_ws/build/ros_flask_gps/build/lib/ros_flask_gps
[2.083s] running install
[2.085s] running install_lib
[2.097s] running install_data
[2.099s] copying resource/ros_flask_gps -> /home/seho/ros2_ws/install/ros_flask_gps/share/ament_index/resource_index/packages
[2.099s] copying package.xml -> /home/seho/ros2_ws/install/ros_flask_gps/share/ros_flask_gps
[2.099s] running install_egg_info
[2.119s] removing '/home/seho/ros2_ws/install/ros_flask_gps/lib/python3.10/site-packages/ros_flask_gps-0.0.0-py3.10.egg-info' (and everything under it)
[2.119s] Copying ../../build/ros_flask_gps/ros_flask_gps.egg-info to /home/seho/ros2_ws/install/ros_flask_gps/lib/python3.10/site-packages/ros_flask_gps-0.0.0-py3.10.egg-info
[2.120s] running install_scripts
[2.251s] Installing ros_gps_publisher script to /home/seho/ros2_ws/install/ros_flask_gps/bin
[2.252s] writing list of installed files to '/home/seho/ros2_ws/build/ros_flask_gps/install.log'
[2.281s] Invoked command in '/home/seho/ros2_ws/src/ros_flask_gps' returned '0': PYTHONPATH=/home/seho/ros2_ws/build/ros_flask_gps/prefix_override:/usr/lib/python3/dist-packages/colcon_core/task/python/colcon_distutils_commands:/home/seho/ros2_ws/install/ros_flask_gps/lib/python3.10/site-packages:${PYTHONPATH} /usr/bin/python3 -W ignore:setup.py install is deprecated setup.py egg_info --egg-base ../../build/ros_flask_gps build --build-base /home/seho/ros2_ws/build/ros_flask_gps/build install --record /home/seho/ros2_ws/build/ros_flask_gps/install.log --single-version-externally-managed install_data
