[1.388s] Invoking command in '/home/seho/ros2_ws/src/sensor_data_recorder': PYTHONPATH=/home/seho/ros2_ws/build/sensor_data_recorder/prefix_override:/usr/lib/python3/dist-packages/colcon_core/task/python/colcon_distutils_commands:/home/seho/ros2_ws/install/sensor_data_recorder/lib/python3.10/site-packages:${PYTHONPATH} /usr/bin/python3 -W ignore:setup.py install is deprecated setup.py egg_info --egg-base ../../build/sensor_data_recorder build --build-base /home/seho/ros2_ws/build/sensor_data_recorder/build install --record /home/seho/ros2_ws/build/sensor_data_recorder/install.log --single-version-externally-managed
[1.487s] /home/seho/.local/lib/python3.10/site-packages/setuptools/_distutils/dist.py:261: UserWarning: Unknown distribution option: 'tests_require'
[1.488s]   warnings.warn(msg)
[1.544s] running egg_info
[1.547s] writing ../../build/sensor_data_recorder/sensor_data_recorder.egg-info/PKG-INFO
[1.548s] writing dependency_links to ../../build/sensor_data_recorder/sensor_data_recorder.egg-info/dependency_links.txt
[1.548s] writing entry points to ../../build/sensor_data_recorder/sensor_data_recorder.egg-info/entry_points.txt
[1.548s] writing requirements to ../../build/sensor_data_recorder/sensor_data_recorder.egg-info/requires.txt
[1.548s] writing top-level names to ../../build/sensor_data_recorder/sensor_data_recorder.egg-info/top_level.txt
[1.570s] reading manifest file '../../build/sensor_data_recorder/sensor_data_recorder.egg-info/SOURCES.txt'
[1.572s] writing manifest file '../../build/sensor_data_recorder/sensor_data_recorder.egg-info/SOURCES.txt'
[1.572s] running build
[1.572s] running build_py
[1.573s] copying sensor_data_recorder/__init__.py -> /home/seho/ros2_ws/build/sensor_data_recorder/build/lib/sensor_data_recorder
[1.573s] copying sensor_data_recorder/sensor_data_recorder.py -> /home/seho/ros2_ws/build/sensor_data_recorder/build/lib/sensor_data_recorder
[1.573s] running install
[1.577s] running install_lib
[1.587s] running install_egg_info
[1.600s] removing '/home/seho/ros2_ws/install/sensor_data_recorder/lib/python3.10/site-packages/sensor_data_recorder-0.0.0-py3.10.egg-info' (and everything under it)
[1.600s] Copying ../../build/sensor_data_recorder/sensor_data_recorder.egg-info to /home/seho/ros2_ws/install/sensor_data_recorder/lib/python3.10/site-packages/sensor_data_recorder-0.0.0-py3.10.egg-info
[1.600s] running install_scripts
[1.680s] Installing sensor_data_recorder_node script to /home/seho/ros2_ws/install/sensor_data_recorder/lib/sensor_data_recorder
[1.680s] writing list of installed files to '/home/seho/ros2_ws/build/sensor_data_recorder/install.log'
[1.701s] Invoked command in '/home/seho/ros2_ws/src/sensor_data_recorder' returned '0': PYTHONPATH=/home/seho/ros2_ws/build/sensor_data_recorder/prefix_override:/usr/lib/python3/dist-packages/colcon_core/task/python/colcon_distutils_commands:/home/seho/ros2_ws/install/sensor_data_recorder/lib/python3.10/site-packages:${PYTHONPATH} /usr/bin/python3 -W ignore:setup.py install is deprecated setup.py egg_info --egg-base ../../build/sensor_data_recorder build --build-base /home/seho/ros2_ws/build/sensor_data_recorder/build install --record /home/seho/ros2_ws/build/sensor_data_recorder/install.log --single-version-externally-managed
