running develop
/home/seho/.local/lib/python3.10/site-packages/setuptools/command/develop.py:41: EasyInstallDeprecationWarning: easy_install command is deprecated.
!!

        ********************************************************************************
        Please avoid running ``setup.py`` and ``easy_install``.
        Instead, use pypa/build, pypa/installer or other
        standards-based tools.

        See https://github.com/pypa/setuptools/issues/917 for details.
        ********************************************************************************

!!
  easy_install.initialize_options(self)
running egg_info
creating ros_flask_gps.egg-info
writing ros_flask_gps.egg-info/PKG-INFO
writing dependency_links to ros_flask_gps.egg-info/dependency_links.txt
writing entry points to ros_flask_gps.egg-info/entry_points.txt
writing requirements to ros_flask_gps.egg-info/requires.txt
writing top-level names to ros_flask_gps.egg-info/top_level.txt
writing manifest file 'ros_flask_gps.egg-info/SOURCES.txt'
reading manifest file 'ros_flask_gps.egg-info/SOURCES.txt'
writing manifest file 'ros_flask_gps.egg-info/SOURCES.txt'
running build_ext
Creating /home/seho/ros2_ws/install/ros_flask_gps/lib/python3.10/site-packages/ros-flask-gps.egg-link (link to .)
Installing ros_gps_publisher script to /home/seho/ros2_ws/install/ros_flask_gps/bin

Installed /home/seho/ros2_ws/build/ros_flask_gps
running symlink_data
creating /home/seho/ros2_ws/install/ros_flask_gps/share/ament_index/resource_index/packages
symbolically linking /home/seho/ros2_ws/build/ros_flask_gps/resource/ros_flask_gps -> /home/seho/ros2_ws/install/ros_flask_gps/share/ament_index/resource_index/packages
symbolically linking /home/seho/ros2_ws/build/ros_flask_gps/package.xml -> /home/seho/ros2_ws/install/ros_flask_gps/share/ros_flask_gps
