[0.380s] Invoking command in '/home/seho/ros2_ws/build/ros_flask_gps': PYTHONPATH=/home/seho/ros2_ws/build/ros_flask_gps/prefix_override:/usr/lib/python3/dist-packages/colcon_core/task/python/colcon_distutils_commands:/home/seho/ros2_ws/install/ros_flask_gps/lib/python3.10/site-packages:${PYTHONPATH} /usr/bin/python3 -W ignore:setup.py install is deprecated setup.py develop --editable --build-directory /home/seho/ros2_ws/build/ros_flask_gps/build --no-deps symlink_data
[0.550s] running develop
[0.550s] /home/seho/.local/lib/python3.10/site-packages/setuptools/command/develop.py:41: EasyInstallDeprecationWarning: easy_install command is deprecated.
[0.550s] !!
[0.550s] 
[0.550s]         ********************************************************************************
[0.550s]         Please avoid running ``setup.py`` and ``easy_install``.
[0.550s]         Instead, use pypa/build, pypa/installer or other
[0.550s]         standards-based tools.
[0.550s] 
[0.551s]         See https://github.com/pypa/setuptools/issues/917 for details.
[0.551s]         ********************************************************************************
[0.551s] 
[0.551s] !!
[0.551s]   easy_install.initialize_options(self)
[0.662s] running egg_info
[0.662s] creating ros_flask_gps.egg-info
[0.670s] writing ros_flask_gps.egg-info/PKG-INFO
[0.670s] writing dependency_links to ros_flask_gps.egg-info/dependency_links.txt
[0.671s] writing entry points to ros_flask_gps.egg-info/entry_points.txt
[0.671s] writing requirements to ros_flask_gps.egg-info/requires.txt
[0.671s] writing top-level names to ros_flask_gps.egg-info/top_level.txt
[0.671s] writing manifest file 'ros_flask_gps.egg-info/SOURCES.txt'
[0.688s] reading manifest file 'ros_flask_gps.egg-info/SOURCES.txt'
[0.688s] writing manifest file 'ros_flask_gps.egg-info/SOURCES.txt'
[0.697s] running build_ext
[0.697s] Creating /home/seho/ros2_ws/install/ros_flask_gps/lib/python3.10/site-packages/ros-flask-gps.egg-link (link to .)
[0.697s] Installing ros_gps_publisher script to /home/seho/ros2_ws/install/ros_flask_gps/bin
[0.698s] 
[0.698s] Installed /home/seho/ros2_ws/build/ros_flask_gps
[0.698s] running symlink_data
[0.698s] creating /home/seho/ros2_ws/install/ros_flask_gps/share/ament_index/resource_index/packages
[0.698s] symbolically linking /home/seho/ros2_ws/build/ros_flask_gps/resource/ros_flask_gps -> /home/seho/ros2_ws/install/ros_flask_gps/share/ament_index/resource_index/packages
[0.698s] symbolically linking /home/seho/ros2_ws/build/ros_flask_gps/package.xml -> /home/seho/ros2_ws/install/ros_flask_gps/share/ros_flask_gps
[0.716s] Invoked command in '/home/seho/ros2_ws/build/ros_flask_gps' returned '0': PYTHONPATH=/home/seho/ros2_ws/build/ros_flask_gps/prefix_override:/usr/lib/python3/dist-packages/colcon_core/task/python/colcon_distutils_commands:/home/seho/ros2_ws/install/ros_flask_gps/lib/python3.10/site-packages:${PYTHONPATH} /usr/bin/python3 -W ignore:setup.py install is deprecated setup.py develop --editable --build-directory /home/seho/ros2_ws/build/ros_flask_gps/build --no-deps symlink_data
