running egg_info
creating ../../build/radar_visualization_node/radar_visualization_node.egg-info
writing ../../build/radar_visualization_node/radar_visualization_node.egg-info/PKG-INFO
writing dependency_links to ../../build/radar_visualization_node/radar_visualization_node.egg-info/dependency_links.txt
writing entry points to ../../build/radar_visualization_node/radar_visualization_node.egg-info/entry_points.txt
writing requirements to ../../build/radar_visualization_node/radar_visualization_node.egg-info/requires.txt
writing top-level names to ../../build/radar_visualization_node/radar_visualization_node.egg-info/top_level.txt
writing manifest file '../../build/radar_visualization_node/radar_visualization_node.egg-info/SOURCES.txt'
reading manifest file '../../build/radar_visualization_node/radar_visualization_node.egg-info/SOURCES.txt'
writing manifest file '../../build/radar_visualization_node/radar_visualization_node.egg-info/SOURCES.txt'
running build
running build_py
creating /home/seho/ros2_ws/build/radar_visualization_node/build/lib/radar_visualization_node
copying radar_visualization_node/__init__.py -> /home/seho/ros2_ws/build/radar_visualization_node/build/lib/radar_visualization_node
copying radar_visualization_node/radar_visualization.py -> /home/seho/ros2_ws/build/radar_visualization_node/build/lib/radar_visualization_node
running install
running install_lib
creating /home/seho/ros2_ws/install/radar_visualization_node/lib/python3.10/site-packages/radar_visualization_node
copying /home/seho/ros2_ws/build/radar_visualization_node/build/lib/radar_visualization_node/__init__.py -> /home/seho/ros2_ws/install/radar_visualization_node/lib/python3.10/site-packages/radar_visualization_node
copying /home/seho/ros2_ws/build/radar_visualization_node/build/lib/radar_visualization_node/radar_visualization.py -> /home/seho/ros2_ws/install/radar_visualization_node/lib/python3.10/site-packages/radar_visualization_node
byte-compiling /home/seho/ros2_ws/install/radar_visualization_node/lib/python3.10/site-packages/radar_visualization_node/__init__.py to __init__.cpython-310.pyc
byte-compiling /home/seho/ros2_ws/install/radar_visualization_node/lib/python3.10/site-packages/radar_visualization_node/radar_visualization.py to radar_visualization.cpython-310.pyc
running install_data
creating /home/seho/ros2_ws/install/radar_visualization_node/share/ament_index/resource_index/packages
copying resource/radar_visualization_node -> /home/seho/ros2_ws/install/radar_visualization_node/share/ament_index/resource_index/packages
copying package.xml -> /home/seho/ros2_ws/install/radar_visualization_node/share/radar_visualization_node
running install_egg_info
Copying ../../build/radar_visualization_node/radar_visualization_node.egg-info to /home/seho/ros2_ws/install/radar_visualization_node/lib/python3.10/site-packages/radar_visualization_node-0.0.0-py3.10.egg-info
running install_scripts
Installing radar_visualization script to /home/seho/ros2_ws/install/radar_visualization_node/lib/radar_visualization_node
writing list of installed files to '/home/seho/ros2_ws/build/radar_visualization_node/install.log'
