running develop
Removing /home/seho/ros2_ws/install/ros_flask_gps/lib/python3.10/site-packages/ros-flask-gps.egg-link (link to .)
running egg_info
writing ../../build/ros_flask_gps/ros_flask_gps.egg-info/PKG-INFO
writing dependency_links to ../../build/ros_flask_gps/ros_flask_gps.egg-info/dependency_links.txt
writing entry points to ../../build/ros_flask_gps/ros_flask_gps.egg-info/entry_points.txt
writing requirements to ../../build/ros_flask_gps/ros_flask_gps.egg-info/requires.txt
writing top-level names to ../../build/ros_flask_gps/ros_flask_gps.egg-info/top_level.txt
reading manifest file '../../build/ros_flask_gps/ros_flask_gps.egg-info/SOURCES.txt'
writing manifest file '../../build/ros_flask_gps/ros_flask_gps.egg-info/SOURCES.txt'
running build
running build_py
creating /home/seho/ros2_ws/build/ros_flask_gps/build/lib/ros_flask_gps
copying ros_flask_gps/__init__.py -> /home/seho/ros2_ws/build/ros_flask_gps/build/lib/ros_flask_gps
copying ros_flask_gps/ros_gps_publisher.py -> /home/seho/ros2_ws/build/ros_flask_gps/build/lib/ros_flask_gps
running install
running install_lib
creating /home/seho/ros2_ws/install/ros_flask_gps/lib/python3.10/site-packages/ros_flask_gps
copying /home/seho/ros2_ws/build/ros_flask_gps/build/lib/ros_flask_gps/__init__.py -> /home/seho/ros2_ws/install/ros_flask_gps/lib/python3.10/site-packages/ros_flask_gps
copying /home/seho/ros2_ws/build/ros_flask_gps/build/lib/ros_flask_gps/ros_gps_publisher.py -> /home/seho/ros2_ws/install/ros_flask_gps/lib/python3.10/site-packages/ros_flask_gps
byte-compiling /home/seho/ros2_ws/install/ros_flask_gps/lib/python3.10/site-packages/ros_flask_gps/__init__.py to __init__.cpython-310.pyc
byte-compiling /home/seho/ros2_ws/install/ros_flask_gps/lib/python3.10/site-packages/ros_flask_gps/ros_gps_publisher.py to ros_gps_publisher.cpython-310.pyc
running install_data
copying resource/ros_flask_gps -> /home/seho/ros2_ws/install/ros_flask_gps/share/ament_index/resource_index/packages
copying package.xml -> /home/seho/ros2_ws/install/ros_flask_gps/share/ros_flask_gps
running install_egg_info
Copying ../../build/ros_flask_gps/ros_flask_gps.egg-info to /home/seho/ros2_ws/install/ros_flask_gps/lib/python3.10/site-packages/ros_flask_gps-0.0.0-py3.10.egg-info
running install_scripts
Installing ros_gps_publisher script to /home/seho/ros2_ws/install/ros_flask_gps/bin
writing list of installed files to '/home/seho/ros2_ws/build/ros_flask_gps/install.log'
