[1.529s] Invoking command in '/home/seho/ros2_ws/build/ros_flask_gps': PYTHONPATH=/home/seho/ros2_ws/build/ros_flask_gps/prefix_override:/usr/lib/python3/dist-packages/colcon_core/task/python/colcon_distutils_commands:/home/seho/ros2_ws/install/ros_flask_gps/lib/python3.10/site-packages:${PYTHONPATH} /usr/bin/python3 -W ignore:setup.py install is deprecated setup.py develop --uninstall --editable --build-directory /home/seho/ros2_ws/build/ros_flask_gps/build
[1.850s] running develop
[1.850s] Removing /home/seho/ros2_ws/install/ros_flask_gps/lib/python3.10/site-packages/ros-flask-gps.egg-link (link to .)
[1.852s] /home/seho/.local/lib/python3.10/site-packages/setuptools/command/develop.py:41: EasyInstallDeprecationWarning: easy_install command is deprecated.
[1.852s] !!
[1.852s] 
[1.852s]         ********************************************************************************
[1.852s]         Please avoid running ``setup.py`` and ``easy_install``.
[1.852s]         Instead, use pypa/build, pypa/installer or other
[1.852s]         standards-based tools.
[1.852s] 
[1.852s]         See https://github.com/pypa/setuptools/issues/917 for details.
[1.852s]         ********************************************************************************
[1.852s] 
[1.853s] !!
[1.853s]   easy_install.initialize_options(self)
[1.883s] Invoked command in '/home/seho/ros2_ws/build/ros_flask_gps' returned '0': PYTHONPATH=/home/seho/ros2_ws/build/ros_flask_gps/prefix_override:/usr/lib/python3/dist-packages/colcon_core/task/python/colcon_distutils_commands:/home/seho/ros2_ws/install/ros_flask_gps/lib/python3.10/site-packages:${PYTHONPATH} /usr/bin/python3 -W ignore:setup.py install is deprecated setup.py develop --uninstall --editable --build-directory /home/seho/ros2_ws/build/ros_flask_gps/build
[1.884s] Invoking command in '/home/seho/ros2_ws/src/ros_flask_gps': PYTHONPATH=/home/seho/ros2_ws/build/ros_flask_gps/prefix_override:/usr/lib/python3/dist-packages/colcon_core/task/python/colcon_distutils_commands:/home/seho/ros2_ws/install/ros_flask_gps/lib/python3.10/site-packages:${PYTHONPATH} /usr/bin/python3 -W ignore:setup.py install is deprecated setup.py egg_info --egg-base ../../build/ros_flask_gps build --build-base /home/seho/ros2_ws/build/ros_flask_gps/build install --record /home/seho/ros2_ws/build/ros_flask_gps/install.log --single-version-externally-managed install_data --force
[2.009s] running egg_info
[2.017s] writing ../../build/ros_flask_gps/ros_flask_gps.egg-info/PKG-INFO
[2.017s] writing dependency_links to ../../build/ros_flask_gps/ros_flask_gps.egg-info/dependency_links.txt
[2.017s] writing entry points to ../../build/ros_flask_gps/ros_flask_gps.egg-info/entry_points.txt
[2.018s] writing requirements to ../../build/ros_flask_gps/ros_flask_gps.egg-info/requires.txt
[2.018s] writing top-level names to ../../build/ros_flask_gps/ros_flask_gps.egg-info/top_level.txt
[2.035s] reading manifest file '../../build/ros_flask_gps/ros_flask_gps.egg-info/SOURCES.txt'
[2.036s] writing manifest file '../../build/ros_flask_gps/ros_flask_gps.egg-info/SOURCES.txt'
[2.036s] running build
[2.036s] running build_py
[2.036s] creating /home/seho/ros2_ws/build/ros_flask_gps/build/lib/ros_flask_gps
[2.037s] copying ros_flask_gps/__init__.py -> /home/seho/ros2_ws/build/ros_flask_gps/build/lib/ros_flask_gps
[2.037s] copying ros_flask_gps/ros_gps_publisher.py -> /home/seho/ros2_ws/build/ros_flask_gps/build/lib/ros_flask_gps
[2.037s] running install
[2.039s] running install_lib
[2.048s] creating /home/seho/ros2_ws/install/ros_flask_gps/lib/python3.10/site-packages/ros_flask_gps
[2.048s] copying /home/seho/ros2_ws/build/ros_flask_gps/build/lib/ros_flask_gps/__init__.py -> /home/seho/ros2_ws/install/ros_flask_gps/lib/python3.10/site-packages/ros_flask_gps
[2.048s] copying /home/seho/ros2_ws/build/ros_flask_gps/build/lib/ros_flask_gps/ros_gps_publisher.py -> /home/seho/ros2_ws/install/ros_flask_gps/lib/python3.10/site-packages/ros_flask_gps
[2.048s] byte-compiling /home/seho/ros2_ws/install/ros_flask_gps/lib/python3.10/site-packages/ros_flask_gps/__init__.py to __init__.cpython-310.pyc
[2.048s] byte-compiling /home/seho/ros2_ws/install/ros_flask_gps/lib/python3.10/site-packages/ros_flask_gps/ros_gps_publisher.py to ros_gps_publisher.cpython-310.pyc
[2.049s] running install_data
[2.049s] copying resource/ros_flask_gps -> /home/seho/ros2_ws/install/ros_flask_gps/share/ament_index/resource_index/packages
[2.049s] copying package.xml -> /home/seho/ros2_ws/install/ros_flask_gps/share/ros_flask_gps
[2.049s] running install_egg_info
[2.057s] Copying ../../build/ros_flask_gps/ros_flask_gps.egg-info to /home/seho/ros2_ws/install/ros_flask_gps/lib/python3.10/site-packages/ros_flask_gps-0.0.0-py3.10.egg-info
[2.058s] running install_scripts
[2.124s] Installing ros_gps_publisher script to /home/seho/ros2_ws/install/ros_flask_gps/bin
[2.125s] writing list of installed files to '/home/seho/ros2_ws/build/ros_flask_gps/install.log'
[2.138s] Invoked command in '/home/seho/ros2_ws/src/ros_flask_gps' returned '0': PYTHONPATH=/home/seho/ros2_ws/build/ros_flask_gps/prefix_override:/usr/lib/python3/dist-packages/colcon_core/task/python/colcon_distutils_commands:/home/seho/ros2_ws/install/ros_flask_gps/lib/python3.10/site-packages:${PYTHONPATH} /usr/bin/python3 -W ignore:setup.py install is deprecated setup.py egg_info --egg-base ../../build/ros_flask_gps build --build-base /home/seho/ros2_ws/build/ros_flask_gps/build install --record /home/seho/ros2_ws/build/ros_flask_gps/install.log --single-version-externally-managed install_data --force
