[1.242s] Invoking command in '/home/seho/ros2_ws/src/sensor_fusion_pkg': PYTHONPATH=/home/seho/ros2_ws/build/sensor_fusion_pkg/prefix_override:/usr/lib/python3/dist-packages/colcon_core/task/python/colcon_distutils_commands:/home/seho/ros2_ws/install/sensor_fusion_pkg/lib/python3.10/site-packages:${PYTHONPATH} /usr/bin/python3 -W ignore:setup.py install is deprecated setup.py egg_info --egg-base ../../build/sensor_fusion_pkg build --build-base /home/seho/ros2_ws/build/sensor_fusion_pkg/build install --record /home/seho/ros2_ws/build/sensor_fusion_pkg/install.log --single-version-externally-managed install_data
[1.336s] /home/seho/.local/lib/python3.10/site-packages/setuptools/_distutils/dist.py:261: UserWarning: Unknown distribution option: 'tests_require'
[1.336s]   warnings.warn(msg)
[1.391s] running egg_info
[1.400s] writing ../../build/sensor_fusion_pkg/sensor_fusion_pkg.egg-info/PKG-INFO
[1.401s] writing dependency_links to ../../build/sensor_fusion_pkg/sensor_fusion_pkg.egg-info/dependency_links.txt
[1.401s] writing entry points to ../../build/sensor_fusion_pkg/sensor_fusion_pkg.egg-info/entry_points.txt
[1.401s] writing requirements to ../../build/sensor_fusion_pkg/sensor_fusion_pkg.egg-info/requires.txt
[1.402s] writing top-level names to ../../build/sensor_fusion_pkg/sensor_fusion_pkg.egg-info/top_level.txt
[1.425s] reading manifest file '../../build/sensor_fusion_pkg/sensor_fusion_pkg.egg-info/SOURCES.txt'
[1.426s] writing manifest file '../../build/sensor_fusion_pkg/sensor_fusion_pkg.egg-info/SOURCES.txt'
[1.426s] running build
[1.426s] running build_py
[1.426s] copying sensor_fusion_pkg/__init__.py -> /home/seho/ros2_ws/build/sensor_fusion_pkg/build/lib/sensor_fusion_pkg
[1.427s] copying sensor_fusion_pkg/sensor_fusion_node.py -> /home/seho/ros2_ws/build/sensor_fusion_pkg/build/lib/sensor_fusion_pkg
[1.427s] running install
[1.430s] running install_lib
[1.439s] running install_data
[1.439s] copying resource/sensor_fusion_pkg -> /home/seho/ros2_ws/install/sensor_fusion_pkg/share/ament_index/resource_index/packages
[1.440s] copying package.xml -> /home/seho/ros2_ws/install/sensor_fusion_pkg/share/sensor_fusion_pkg
[1.440s] running install_egg_info
[1.450s] removing '/home/seho/ros2_ws/install/sensor_fusion_pkg/lib/python3.10/site-packages/sensor_fusion_pkg-0.0.0-py3.10.egg-info' (and everything under it)
[1.450s] Copying ../../build/sensor_fusion_pkg/sensor_fusion_pkg.egg-info to /home/seho/ros2_ws/install/sensor_fusion_pkg/lib/python3.10/site-packages/sensor_fusion_pkg-0.0.0-py3.10.egg-info
[1.450s] running install_scripts
[1.532s] Installing sensor_fusion_node script to /home/seho/ros2_ws/install/sensor_fusion_pkg/lib/sensor_fusion_pkg
[1.532s] Installing time_sync_node script to /home/seho/ros2_ws/install/sensor_fusion_pkg/lib/sensor_fusion_pkg
[1.532s] writing list of installed files to '/home/seho/ros2_ws/build/sensor_fusion_pkg/install.log'
[1.565s] Invoked command in '/home/seho/ros2_ws/src/sensor_fusion_pkg' returned '0': PYTHONPATH=/home/seho/ros2_ws/build/sensor_fusion_pkg/prefix_override:/usr/lib/python3/dist-packages/colcon_core/task/python/colcon_distutils_commands:/home/seho/ros2_ws/install/sensor_fusion_pkg/lib/python3.10/site-packages:${PYTHONPATH} /usr/bin/python3 -W ignore:setup.py install is deprecated setup.py egg_info --egg-base ../../build/sensor_fusion_pkg build --build-base /home/seho/ros2_ws/build/sensor_fusion_pkg/build install --record /home/seho/ros2_ws/build/sensor_fusion_pkg/install.log --single-version-externally-managed install_data
